[0.140s] DEBUG:colcon:Command line arguments: ['/usr/bin/colcon', 'build']
[0.140s] DEBUG:colcon:Parsed command line arguments: Namespace(log_base=None, log_level=None, verb_name='build', build_base='build', install_base='install', merge_install=False, symlink_install=False, test_result_base=None, continue_on_error=False, executor='parallel', parallel_workers=4, event_handlers=None, ignore_user_meta=False, metas=['./colcon.meta'], base_paths=['.'], packages_ignore=None, packages_ignore_regex=None, paths=None, packages_up_to=None, packages_up_to_regex=None, packages_above=None, packages_above_and_dependencies=None, packages_above_depth=None, packages_select_by_dep=None, packages_skip_by_dep=None, packages_skip_up_to=None, packages_select_build_failed=False, packages_skip_build_finished=False, packages_select_test_failures=False, packages_skip_test_passed=False, packages_select=None, packages_skip=None, packages_select_regex=None, packages_skip_regex=None, packages_start=None, packages_end=None, allow_overriding=[], cmake_args=None, cmake_target=None, cmake_target_skip_unavailable=False, cmake_clean_cache=False, cmake_clean_first=False, cmake_force_configure=False, ament_cmake_args=None, catkin_cmake_args=None, catkin_skip_building_tests=False, verb_parser=<colcon_defaults.argument_parser.defaults.DefaultArgumentsDecorator object at 0x733b8b222c20>, verb_extension=<colcon_core.verb.build.BuildVerb object at 0x733b8b360070>, main=<bound method BuildVerb.main of <colcon_core.verb.build.BuildVerb object at 0x733b8b360070>>)
[0.309s] Level 1:colcon.colcon_core.package_discovery:discover_packages(colcon_meta) check parameters
[0.310s] Level 1:colcon.colcon_core.package_discovery:discover_packages(recursive) check parameters
[0.310s] Level 1:colcon.colcon_core.package_discovery:discover_packages(ignore) check parameters
[0.310s] Level 1:colcon.colcon_core.package_discovery:discover_packages(path) check parameters
[0.310s] Level 1:colcon.colcon_core.package_discovery:discover_packages(colcon_meta) discover
[0.310s] Level 1:colcon.colcon_core.package_discovery:discover_packages(recursive) discover
[0.310s] INFO:colcon.colcon_core.package_discovery:Crawling recursively for packages in '/home/lyd/ROS2/chapter2_Node'
[0.310s] Level 1:colcon.colcon_core.package_identification:_identify(.) by extensions ['ignore', 'ignore_ament_install']
[0.310s] Level 1:colcon.colcon_core.package_identification:_identify(.) by extension 'ignore'
[0.310s] Level 1:colcon.colcon_core.package_identification:_identify(.) by extension 'ignore_ament_install'
[0.310s] Level 1:colcon.colcon_core.package_identification:_identify(.) by extensions ['colcon_pkg']
[0.310s] Level 1:colcon.colcon_core.package_identification:_identify(.) by extension 'colcon_pkg'
[0.310s] Level 1:colcon.colcon_core.package_identification:_identify(.) by extensions ['colcon_meta']
[0.310s] Level 1:colcon.colcon_core.package_identification:_identify(.) by extension 'colcon_meta'
[0.310s] Level 1:colcon.colcon_core.package_identification:_identify(.) by extensions ['ros']
[0.310s] Level 1:colcon.colcon_core.package_identification:_identify(.) by extension 'ros'
[0.318s] Level 1:colcon.colcon_core.package_identification:_identify(.) by extensions ['cmake', 'python']
[0.318s] Level 1:colcon.colcon_core.package_identification:_identify(.) by extension 'cmake'
[0.318s] Level 1:colcon.colcon_core.package_identification:_identify(.) by extension 'python'
[0.318s] Level 1:colcon.colcon_core.package_identification:_identify(.) by extensions ['python_setup_py']
[0.318s] Level 1:colcon.colcon_core.package_identification:_identify(.) by extension 'python_setup_py'
[0.318s] Level 1:colcon.colcon_core.package_identification:_identify(build) by extensions ['ignore', 'ignore_ament_install']
[0.318s] Level 1:colcon.colcon_core.package_identification:_identify(build) by extension 'ignore'
[0.319s] Level 1:colcon.colcon_core.package_identification:_identify(build) ignored
[0.319s] Level 1:colcon.colcon_core.package_identification:_identify(demo_cpp_pkg) by extensions ['ignore', 'ignore_ament_install']
[0.319s] Level 1:colcon.colcon_core.package_identification:_identify(demo_cpp_pkg) by extension 'ignore'
[0.319s] Level 1:colcon.colcon_core.package_identification:_identify(demo_cpp_pkg) by extension 'ignore_ament_install'
[0.319s] Level 1:colcon.colcon_core.package_identification:_identify(demo_cpp_pkg) by extensions ['colcon_pkg']
[0.319s] Level 1:colcon.colcon_core.package_identification:_identify(demo_cpp_pkg) by extension 'colcon_pkg'
[0.319s] Level 1:colcon.colcon_core.package_identification:_identify(demo_cpp_pkg) by extensions ['colcon_meta']
[0.319s] Level 1:colcon.colcon_core.package_identification:_identify(demo_cpp_pkg) by extension 'colcon_meta'
[0.319s] Level 1:colcon.colcon_core.package_identification:_identify(demo_cpp_pkg) by extensions ['ros']
[0.319s] Level 1:colcon.colcon_core.package_identification:_identify(demo_cpp_pkg) by extension 'ros'
[0.320s] DEBUG:colcon.colcon_core.package_identification:Package 'demo_cpp_pkg' with type 'ros.ament_cmake' and name 'demo_cpp_pkg'
[0.320s] Level 1:colcon.colcon_core.package_identification:_identify(demo_python_pkg) by extensions ['ignore', 'ignore_ament_install']
[0.321s] Level 1:colcon.colcon_core.package_identification:_identify(demo_python_pkg) by extension 'ignore'
[0.321s] Level 1:colcon.colcon_core.package_identification:_identify(demo_python_pkg) by extension 'ignore_ament_install'
[0.321s] Level 1:colcon.colcon_core.package_identification:_identify(demo_python_pkg) by extensions ['colcon_pkg']
[0.321s] Level 1:colcon.colcon_core.package_identification:_identify(demo_python_pkg) by extension 'colcon_pkg'
[0.321s] Level 1:colcon.colcon_core.package_identification:_identify(demo_python_pkg) by extensions ['colcon_meta']
[0.321s] Level 1:colcon.colcon_core.package_identification:_identify(demo_python_pkg) by extension 'colcon_meta'
[0.321s] Level 1:colcon.colcon_core.package_identification:_identify(demo_python_pkg) by extensions ['ros']
[0.321s] Level 1:colcon.colcon_core.package_identification:_identify(demo_python_pkg) by extension 'ros'
[0.321s] DEBUG:colcon.colcon_core.package_identification:Package 'demo_python_pkg' with type 'ros.ament_python' and name 'demo_python_pkg'
[0.321s] Level 1:colcon.colcon_core.package_identification:_identify(install) by extensions ['ignore', 'ignore_ament_install']
[0.322s] Level 1:colcon.colcon_core.package_identification:_identify(install) by extension 'ignore'
[0.322s] Level 1:colcon.colcon_core.package_identification:_identify(install) ignored
[0.322s] Level 1:colcon.colcon_core.package_identification:_identify(log) by extensions ['ignore', 'ignore_ament_install']
[0.322s] Level 1:colcon.colcon_core.package_identification:_identify(log) by extension 'ignore'
[0.322s] Level 1:colcon.colcon_core.package_identification:_identify(log) ignored
[0.322s] Level 1:colcon.colcon_core.package_discovery:discover_packages(recursive) using defaults
[0.322s] Level 1:colcon.colcon_core.package_discovery:discover_packages(ignore) discover
[0.322s] Level 1:colcon.colcon_core.package_discovery:discover_packages(ignore) using defaults
[0.322s] Level 1:colcon.colcon_core.package_discovery:discover_packages(path) discover
[0.322s] Level 1:colcon.colcon_core.package_discovery:discover_packages(path) using defaults
[0.344s] Level 1:colcon.colcon_core.package_discovery:discover_packages(prefix_path) check parameters
[0.344s] Level 1:colcon.colcon_core.package_discovery:discover_packages(prefix_path) discover
[0.347s] DEBUG:colcon.colcon_installed_package_information.package_discovery:Found 271 installed packages in /opt/ros/humble
[0.348s] Level 1:colcon.colcon_core.package_discovery:discover_packages(prefix_path) using defaults
[0.378s] Level 5:colcon.colcon_core.verb:set package 'demo_cpp_pkg' build argument 'cmake_args' from command line to 'None'
[0.378s] Level 5:colcon.colcon_core.verb:set package 'demo_cpp_pkg' build argument 'cmake_target' from command line to 'None'
[0.378s] Level 5:colcon.colcon_core.verb:set package 'demo_cpp_pkg' build argument 'cmake_target_skip_unavailable' from command line to 'False'
[0.378s] Level 5:colcon.colcon_core.verb:set package 'demo_cpp_pkg' build argument 'cmake_clean_cache' from command line to 'False'
[0.378s] Level 5:colcon.colcon_core.verb:set package 'demo_cpp_pkg' build argument 'cmake_clean_first' from command line to 'False'
[0.378s] Level 5:colcon.colcon_core.verb:set package 'demo_cpp_pkg' build argument 'cmake_force_configure' from command line to 'False'
[0.378s] Level 5:colcon.colcon_core.verb:set package 'demo_cpp_pkg' build argument 'ament_cmake_args' from command line to 'None'
[0.378s] Level 5:colcon.colcon_core.verb:set package 'demo_cpp_pkg' build argument 'catkin_cmake_args' from command line to 'None'
[0.378s] Level 5:colcon.colcon_core.verb:set package 'demo_cpp_pkg' build argument 'catkin_skip_building_tests' from command line to 'False'
[0.378s] DEBUG:colcon.colcon_core.verb:Building package 'demo_cpp_pkg' with the following arguments: {'ament_cmake_args': None, 'build_base': '/home/lyd/ROS2/chapter2_Node/build/demo_cpp_pkg', 'catkin_cmake_args': None, 'catkin_skip_building_tests': False, 'cmake_args': None, 'cmake_clean_cache': False, 'cmake_clean_first': False, 'cmake_force_configure': False, 'cmake_target': None, 'cmake_target_skip_unavailable': False, 'install_base': '/home/lyd/ROS2/chapter2_Node/install/demo_cpp_pkg', 'merge_install': False, 'path': '/home/lyd/ROS2/chapter2_Node/demo_cpp_pkg', 'symlink_install': False, 'test_result_base': None}
[0.378s] Level 5:colcon.colcon_core.verb:set package 'demo_python_pkg' build argument 'cmake_args' from command line to 'None'
[0.379s] Level 5:colcon.colcon_core.verb:set package 'demo_python_pkg' build argument 'cmake_target' from command line to 'None'
[0.379s] Level 5:colcon.colcon_core.verb:set package 'demo_python_pkg' build argument 'cmake_target_skip_unavailable' from command line to 'False'
[0.379s] Level 5:colcon.colcon_core.verb:set package 'demo_python_pkg' build argument 'cmake_clean_cache' from command line to 'False'
[0.379s] Level 5:colcon.colcon_core.verb:set package 'demo_python_pkg' build argument 'cmake_clean_first' from command line to 'False'
[0.379s] Level 5:colcon.colcon_core.verb:set package 'demo_python_pkg' build argument 'cmake_force_configure' from command line to 'False'
[0.379s] Level 5:colcon.colcon_core.verb:set package 'demo_python_pkg' build argument 'ament_cmake_args' from command line to 'None'
[0.379s] Level 5:colcon.colcon_core.verb:set package 'demo_python_pkg' build argument 'catkin_cmake_args' from command line to 'None'
[0.379s] Level 5:colcon.colcon_core.verb:set package 'demo_python_pkg' build argument 'catkin_skip_building_tests' from command line to 'False'
[0.379s] DEBUG:colcon.colcon_core.verb:Building package 'demo_python_pkg' with the following arguments: {'ament_cmake_args': None, 'build_base': '/home/lyd/ROS2/chapter2_Node/build/demo_python_pkg', 'catkin_cmake_args': None, 'catkin_skip_building_tests': False, 'cmake_args': None, 'cmake_clean_cache': False, 'cmake_clean_first': False, 'cmake_force_configure': False, 'cmake_target': None, 'cmake_target_skip_unavailable': False, 'install_base': '/home/lyd/ROS2/chapter2_Node/install/demo_python_pkg', 'merge_install': False, 'path': '/home/lyd/ROS2/chapter2_Node/demo_python_pkg', 'symlink_install': False, 'test_result_base': None}
[0.379s] INFO:colcon.colcon_core.executor:Executing jobs using 'parallel' executor
[0.379s] DEBUG:colcon.colcon_parallel_executor.executor.parallel:run_until_complete
[0.380s] INFO:colcon.colcon_ros.task.ament_cmake.build:Building ROS package in '/home/lyd/ROS2/chapter2_Node/demo_cpp_pkg' with build type 'ament_cmake'
[0.380s] INFO:colcon.colcon_cmake.task.cmake.build:Building CMake package in '/home/lyd/ROS2/chapter2_Node/demo_cpp_pkg'
[0.384s] INFO:colcon.colcon_core.plugin_system:Skipping extension 'colcon_core.shell.bat': Not used on non-Windows systems
[0.384s] INFO:colcon.colcon_core.shell:Skip shell extension 'powershell' for command environment: Not usable outside of PowerShell
[0.384s] DEBUG:colcon.colcon_core.shell:Skip shell extension 'dsv' for command environment
[0.386s] INFO:colcon.colcon_ros.task.ament_python.build:Building ROS package in '/home/lyd/ROS2/chapter2_Node/demo_python_pkg' with build type 'ament_python'
[0.386s] Level 1:colcon.colcon_core.shell:create_environment_hook('demo_python_pkg', 'ament_prefix_path')
[0.387s] INFO:colcon.colcon_core.shell:Creating environment hook '/home/lyd/ROS2/chapter2_Node/install/demo_python_pkg/share/demo_python_pkg/hook/ament_prefix_path.ps1'
[0.387s] INFO:colcon.colcon_core.shell:Creating environment descriptor '/home/lyd/ROS2/chapter2_Node/install/demo_python_pkg/share/demo_python_pkg/hook/ament_prefix_path.dsv'
[0.388s] INFO:colcon.colcon_core.shell:Creating environment hook '/home/lyd/ROS2/chapter2_Node/install/demo_python_pkg/share/demo_python_pkg/hook/ament_prefix_path.sh'
[0.389s] INFO:colcon.colcon_core.shell:Skip shell extension 'powershell' for command environment: Not usable outside of PowerShell
[0.389s] DEBUG:colcon.colcon_core.shell:Skip shell extension 'dsv' for command environment
[0.394s] DEBUG:colcon.colcon_core.event_handler.log_command:Invoking command in '/home/lyd/ROS2/chapter2_Node/build/demo_cpp_pkg': CMAKE_PREFIX_PATH=/opt/ros/humble /usr/bin/cmake /home/lyd/ROS2/chapter2_Node/demo_cpp_pkg -DCMAKE_INSTALL_PREFIX=/home/lyd/ROS2/chapter2_Node/install/demo_cpp_pkg
[0.624s] INFO:colcon.colcon_core.task.python.build:Building Python package in '/home/lyd/ROS2/chapter2_Node/demo_python_pkg'
[0.625s] INFO:colcon.colcon_core.shell:Skip shell extension 'powershell' for command environment: Not usable outside of PowerShell
[0.625s] DEBUG:colcon.colcon_core.shell:Skip shell extension 'dsv' for command environment
[0.901s] DEBUG:colcon.colcon_core.event_handler.log_command:Invoking command in '/home/lyd/ROS2/chapter2_Node/demo_python_pkg': PYTHONPATH=/home/lyd/ROS2/chapter2_Node/build/demo_python_pkg/prefix_override:/usr/lib/python3/dist-packages/colcon_core/task/python/colcon_distutils_commands:/home/lyd/ROS2/chapter2_Node/install/demo_python_pkg/lib/python3.10/site-packages:${PYTHONPATH} /usr/bin/python3 -W ignore:setup.py install is deprecated -W ignore:easy_install command is deprecated setup.py egg_info --egg-base ../build/demo_python_pkg build --build-base /home/lyd/ROS2/chapter2_Node/build/demo_python_pkg/build install --record /home/lyd/ROS2/chapter2_Node/build/demo_python_pkg/install.log --single-version-externally-managed install_data
[1.104s] DEBUG:colcon.colcon_core.event_handler.log_command:Invoked command in '/home/lyd/ROS2/chapter2_Node/demo_python_pkg' returned '0': PYTHONPATH=/home/lyd/ROS2/chapter2_Node/build/demo_python_pkg/prefix_override:/usr/lib/python3/dist-packages/colcon_core/task/python/colcon_distutils_commands:/home/lyd/ROS2/chapter2_Node/install/demo_python_pkg/lib/python3.10/site-packages:${PYTHONPATH} /usr/bin/python3 -W ignore:setup.py install is deprecated -W ignore:easy_install command is deprecated setup.py egg_info --egg-base ../build/demo_python_pkg build --build-base /home/lyd/ROS2/chapter2_Node/build/demo_python_pkg/build install --record /home/lyd/ROS2/chapter2_Node/build/demo_python_pkg/install.log --single-version-externally-managed install_data
[1.111s] Level 1:colcon.colcon_core.environment:checking '/home/lyd/ROS2/chapter2_Node/install/demo_python_pkg' for CMake module files
[1.111s] Level 1:colcon.colcon_core.environment:checking '/home/lyd/ROS2/chapter2_Node/install/demo_python_pkg' for CMake config files
[1.112s] Level 1:colcon.colcon_core.environment:checking '/home/lyd/ROS2/chapter2_Node/install/demo_python_pkg/lib'
[1.112s] Level 1:colcon.colcon_core.environment:checking '/home/lyd/ROS2/chapter2_Node/install/demo_python_pkg/bin'
[1.112s] Level 1:colcon.colcon_core.environment:checking '/home/lyd/ROS2/chapter2_Node/install/demo_python_pkg/lib/pkgconfig/demo_python_pkg.pc'
[1.112s] Level 1:colcon.colcon_core.environment:checking '/home/lyd/ROS2/chapter2_Node/install/demo_python_pkg/lib/python3.10/site-packages'
[1.112s] Level 1:colcon.colcon_core.shell:create_environment_hook('demo_python_pkg', 'pythonpath')
[1.113s] INFO:colcon.colcon_core.shell:Creating environment hook '/home/lyd/ROS2/chapter2_Node/install/demo_python_pkg/share/demo_python_pkg/hook/pythonpath.ps1'
[1.113s] INFO:colcon.colcon_core.shell:Creating environment descriptor '/home/lyd/ROS2/chapter2_Node/install/demo_python_pkg/share/demo_python_pkg/hook/pythonpath.dsv'
[1.115s] INFO:colcon.colcon_core.shell:Creating environment hook '/home/lyd/ROS2/chapter2_Node/install/demo_python_pkg/share/demo_python_pkg/hook/pythonpath.sh'
[1.115s] Level 1:colcon.colcon_core.environment:checking '/home/lyd/ROS2/chapter2_Node/install/demo_python_pkg/bin'
[1.115s] Level 1:colcon.colcon_core.environment:create_environment_scripts_only(demo_python_pkg)
[1.115s] INFO:colcon.colcon_core.shell:Creating package script '/home/lyd/ROS2/chapter2_Node/install/demo_python_pkg/share/demo_python_pkg/package.ps1'
[1.117s] INFO:colcon.colcon_core.shell:Creating package descriptor '/home/lyd/ROS2/chapter2_Node/install/demo_python_pkg/share/demo_python_pkg/package.dsv'
[1.118s] INFO:colcon.colcon_core.shell:Creating package script '/home/lyd/ROS2/chapter2_Node/install/demo_python_pkg/share/demo_python_pkg/package.sh'
[1.120s] INFO:colcon.colcon_core.shell:Creating package script '/home/lyd/ROS2/chapter2_Node/install/demo_python_pkg/share/demo_python_pkg/package.bash'
[1.122s] INFO:colcon.colcon_core.shell:Creating package script '/home/lyd/ROS2/chapter2_Node/install/demo_python_pkg/share/demo_python_pkg/package.zsh'
[1.124s] Level 1:colcon.colcon_core.environment:create_file_with_runtime_dependencies(/home/lyd/ROS2/chapter2_Node/install/demo_python_pkg/share/colcon-core/packages/demo_python_pkg)
[1.347s] DEBUG:colcon.colcon_core.event_handler.log_command:Invoked command in '/home/lyd/ROS2/chapter2_Node/build/demo_cpp_pkg' returned '0': CMAKE_PREFIX_PATH=/opt/ros/humble /usr/bin/cmake /home/lyd/ROS2/chapter2_Node/demo_cpp_pkg -DCMAKE_INSTALL_PREFIX=/home/lyd/ROS2/chapter2_Node/install/demo_cpp_pkg
[1.350s] DEBUG:colcon.colcon_core.event_handler.log_command:Invoking command in '/home/lyd/ROS2/chapter2_Node/build/demo_cpp_pkg': CMAKE_PREFIX_PATH=/opt/ros/humble /usr/bin/cmake --build /home/lyd/ROS2/chapter2_Node/build/demo_cpp_pkg -- -j4 -l4
[3.535s] DEBUG:colcon.colcon_core.event_handler.log_command:Invoked command in '/home/lyd/ROS2/chapter2_Node/build/demo_cpp_pkg' returned '0': CMAKE_PREFIX_PATH=/opt/ros/humble /usr/bin/cmake --build /home/lyd/ROS2/chapter2_Node/build/demo_cpp_pkg -- -j4 -l4
[3.538s] DEBUG:colcon.colcon_core.event_handler.log_command:Invoking command in '/home/lyd/ROS2/chapter2_Node/build/demo_cpp_pkg': CMAKE_PREFIX_PATH=/opt/ros/humble /usr/bin/cmake --install /home/lyd/ROS2/chapter2_Node/build/demo_cpp_pkg
[3.547s] Level 1:colcon.colcon_core.environment:create_environment_scripts_only(demo_cpp_pkg)
[3.548s] Level 1:colcon.colcon_core.environment:checking '/home/lyd/ROS2/chapter2_Node/install/demo_cpp_pkg' for CMake module files
[3.548s] DEBUG:colcon.colcon_core.event_handler.log_command:Invoked command in '/home/lyd/ROS2/chapter2_Node/build/demo_cpp_pkg' returned '0': CMAKE_PREFIX_PATH=/opt/ros/humble /usr/bin/cmake --install /home/lyd/ROS2/chapter2_Node/build/demo_cpp_pkg
[3.549s] Level 1:colcon.colcon_core.environment:checking '/home/lyd/ROS2/chapter2_Node/install/demo_cpp_pkg' for CMake config files
[3.549s] Level 1:colcon.colcon_core.shell:create_environment_hook('demo_cpp_pkg', 'cmake_prefix_path')
[3.550s] INFO:colcon.colcon_core.shell:Creating environment hook '/home/lyd/ROS2/chapter2_Node/install/demo_cpp_pkg/share/demo_cpp_pkg/hook/cmake_prefix_path.ps1'
[3.550s] INFO:colcon.colcon_core.shell:Creating environment descriptor '/home/lyd/ROS2/chapter2_Node/install/demo_cpp_pkg/share/demo_cpp_pkg/hook/cmake_prefix_path.dsv'
[3.550s] INFO:colcon.colcon_core.shell:Creating environment hook '/home/lyd/ROS2/chapter2_Node/install/demo_cpp_pkg/share/demo_cpp_pkg/hook/cmake_prefix_path.sh'
[3.551s] Level 1:colcon.colcon_core.environment:checking '/home/lyd/ROS2/chapter2_Node/install/demo_cpp_pkg/bin'
[3.551s] Level 1:colcon.colcon_core.environment:checking '/home/lyd/ROS2/chapter2_Node/install/demo_cpp_pkg/lib/pkgconfig/demo_cpp_pkg.pc'
[3.551s] Level 1:colcon.colcon_core.environment:checking '/home/lyd/ROS2/chapter2_Node/install/demo_cpp_pkg/lib/python3.10/site-packages'
[3.551s] Level 1:colcon.colcon_core.environment:checking '/home/lyd/ROS2/chapter2_Node/install/demo_cpp_pkg/bin'
[3.551s] INFO:colcon.colcon_core.shell:Creating package script '/home/lyd/ROS2/chapter2_Node/install/demo_cpp_pkg/share/demo_cpp_pkg/package.ps1'
[3.551s] INFO:colcon.colcon_core.shell:Creating package descriptor '/home/lyd/ROS2/chapter2_Node/install/demo_cpp_pkg/share/demo_cpp_pkg/package.dsv'
[3.552s] INFO:colcon.colcon_core.shell:Creating package script '/home/lyd/ROS2/chapter2_Node/install/demo_cpp_pkg/share/demo_cpp_pkg/package.sh'
[3.552s] INFO:colcon.colcon_core.shell:Creating package script '/home/lyd/ROS2/chapter2_Node/install/demo_cpp_pkg/share/demo_cpp_pkg/package.bash'
[3.552s] INFO:colcon.colcon_core.shell:Creating package script '/home/lyd/ROS2/chapter2_Node/install/demo_cpp_pkg/share/demo_cpp_pkg/package.zsh'
[3.552s] Level 1:colcon.colcon_core.environment:create_file_with_runtime_dependencies(/home/lyd/ROS2/chapter2_Node/install/demo_cpp_pkg/share/colcon-core/packages/demo_cpp_pkg)
[3.553s] Level 1:colcon.colcon_core.environment:create_environment_scripts_only(demo_cpp_pkg)
[3.553s] Level 1:colcon.colcon_core.environment:checking '/home/lyd/ROS2/chapter2_Node/install/demo_cpp_pkg' for CMake module files
[3.553s] Level 1:colcon.colcon_core.environment:checking '/home/lyd/ROS2/chapter2_Node/install/demo_cpp_pkg' for CMake config files
[3.553s] Level 1:colcon.colcon_core.shell:create_environment_hook('demo_cpp_pkg', 'cmake_prefix_path')
[3.554s] INFO:colcon.colcon_core.shell:Creating environment hook '/home/lyd/ROS2/chapter2_Node/install/demo_cpp_pkg/share/demo_cpp_pkg/hook/cmake_prefix_path.ps1'
[3.554s] INFO:colcon.colcon_core.shell:Creating environment descriptor '/home/lyd/ROS2/chapter2_Node/install/demo_cpp_pkg/share/demo_cpp_pkg/hook/cmake_prefix_path.dsv'
[3.554s] INFO:colcon.colcon_core.shell:Creating environment hook '/home/lyd/ROS2/chapter2_Node/install/demo_cpp_pkg/share/demo_cpp_pkg/hook/cmake_prefix_path.sh'
[3.555s] Level 1:colcon.colcon_core.environment:checking '/home/lyd/ROS2/chapter2_Node/install/demo_cpp_pkg/bin'
[3.555s] Level 1:colcon.colcon_core.environment:checking '/home/lyd/ROS2/chapter2_Node/install/demo_cpp_pkg/lib/pkgconfig/demo_cpp_pkg.pc'
[3.555s] Level 1:colcon.colcon_core.environment:checking '/home/lyd/ROS2/chapter2_Node/install/demo_cpp_pkg/lib/python3.10/site-packages'
[3.555s] Level 1:colcon.colcon_core.environment:checking '/home/lyd/ROS2/chapter2_Node/install/demo_cpp_pkg/bin'
[3.555s] INFO:colcon.colcon_core.shell:Creating package script '/home/lyd/ROS2/chapter2_Node/install/demo_cpp_pkg/share/demo_cpp_pkg/package.ps1'
[3.555s] INFO:colcon.colcon_core.shell:Creating package descriptor '/home/lyd/ROS2/chapter2_Node/install/demo_cpp_pkg/share/demo_cpp_pkg/package.dsv'
[3.556s] INFO:colcon.colcon_core.shell:Creating package script '/home/lyd/ROS2/chapter2_Node/install/demo_cpp_pkg/share/demo_cpp_pkg/package.sh'
[3.556s] INFO:colcon.colcon_core.shell:Creating package script '/home/lyd/ROS2/chapter2_Node/install/demo_cpp_pkg/share/demo_cpp_pkg/package.bash'
[3.556s] INFO:colcon.colcon_core.shell:Creating package script '/home/lyd/ROS2/chapter2_Node/install/demo_cpp_pkg/share/demo_cpp_pkg/package.zsh'
[3.557s] Level 1:colcon.colcon_core.environment:create_file_with_runtime_dependencies(/home/lyd/ROS2/chapter2_Node/install/demo_cpp_pkg/share/colcon-core/packages/demo_cpp_pkg)
[3.557s] DEBUG:colcon.colcon_parallel_executor.executor.parallel:closing loop
[3.557s] DEBUG:colcon.colcon_parallel_executor.executor.parallel:loop closed
[3.557s] DEBUG:colcon.colcon_parallel_executor.executor.parallel:run_until_complete finished with '0'
[3.557s] DEBUG:colcon.colcon_core.event_reactor:joining thread
[3.563s] INFO:colcon.colcon_core.plugin_system:Skipping extension 'colcon_notification.desktop_notification.terminal_notifier': Not used on non-Darwin systems
[3.563s] INFO:colcon.colcon_core.plugin_system:Skipping extension 'colcon_notification.desktop_notification.win32': Not used on non-Windows systems
[3.563s] INFO:colcon.colcon_notification.desktop_notification:Sending desktop notification using 'notify2'
[3.578s] DEBUG:colcon.colcon_core.event_reactor:joined thread
[3.578s] INFO:colcon.colcon_core.shell:Creating prefix script '/home/lyd/ROS2/chapter2_Node/install/local_setup.ps1'
[3.579s] INFO:colcon.colcon_core.shell:Creating prefix util module '/home/lyd/ROS2/chapter2_Node/install/_local_setup_util_ps1.py'
[3.581s] INFO:colcon.colcon_core.shell:Creating prefix chain script '/home/lyd/ROS2/chapter2_Node/install/setup.ps1'
[3.584s] INFO:colcon.colcon_core.shell:Creating prefix script '/home/lyd/ROS2/chapter2_Node/install/local_setup.sh'
[3.585s] INFO:colcon.colcon_core.shell:Creating prefix util module '/home/lyd/ROS2/chapter2_Node/install/_local_setup_util_sh.py'
[3.585s] INFO:colcon.colcon_core.shell:Creating prefix chain script '/home/lyd/ROS2/chapter2_Node/install/setup.sh'
[3.586s] INFO:colcon.colcon_core.shell:Creating prefix script '/home/lyd/ROS2/chapter2_Node/install/local_setup.bash'
[3.587s] INFO:colcon.colcon_core.shell:Creating prefix chain script '/home/lyd/ROS2/chapter2_Node/install/setup.bash'
[3.590s] INFO:colcon.colcon_core.shell:Creating prefix script '/home/lyd/ROS2/chapter2_Node/install/local_setup.zsh'
[3.590s] INFO:colcon.colcon_core.shell:Creating prefix chain script '/home/lyd/ROS2/chapter2_Node/install/setup.zsh'
