[0.106s] DEBUG:colcon:Command line arguments: ['/usr/bin/colcon', 'build']
[0.106s] DEBUG:colcon:Parsed command line arguments: Namespace(log_base=None, log_level=None, verb_name='build', build_base='build', install_base='install', merge_install=False, symlink_install=False, test_result_base=None, continue_on_error=False, executor='parallel', parallel_workers=4, event_handlers=None, ignore_user_meta=False, metas=['./colcon.meta'], base_paths=['.'], packages_ignore=None, packages_ignore_regex=None, paths=None, packages_up_to=None, packages_up_to_regex=None, packages_above=None, packages_above_and_dependencies=None, packages_above_depth=None, packages_select_by_dep=None, packages_skip_by_dep=None, packages_skip_up_to=None, packages_select_build_failed=False, packages_skip_build_finished=False, packages_select_test_failures=False, packages_skip_test_passed=False, packages_select=None, packages_skip=None, packages_select_regex=None, packages_skip_regex=None, packages_start=None, packages_end=None, allow_overriding=[], cmake_args=None, cmake_target=None, cmake_target_skip_unavailable=False, cmake_clean_cache=False, cmake_clean_first=False, cmake_force_configure=False, ament_cmake_args=None, catkin_cmake_args=None, catkin_skip_building_tests=False, verb_parser=<colcon_defaults.argument_parser.defaults.DefaultArgumentsDecorator object at 0x70b8cbc1f1c0>, verb_extension=<colcon_core.verb.build.BuildVerb object at 0x70b8cbd60610>, main=<bound method BuildVerb.main of <colcon_core.verb.build.BuildVerb object at 0x70b8cbd60610>>)
[0.251s] Level 1:colcon.colcon_core.package_discovery:discover_packages(colcon_meta) check parameters
[0.251s] Level 1:colcon.colcon_core.package_discovery:discover_packages(recursive) check parameters
[0.251s] Level 1:colcon.colcon_core.package_discovery:discover_packages(ignore) check parameters
[0.251s] Level 1:colcon.colcon_core.package_discovery:discover_packages(path) check parameters
[0.251s] Level 1:colcon.colcon_core.package_discovery:discover_packages(colcon_meta) discover
[0.251s] Level 1:colcon.colcon_core.package_discovery:discover_packages(recursive) discover
[0.251s] INFO:colcon.colcon_core.package_discovery:Crawling recursively for packages in '/home/lyd/ROS2/chapter5_Tools/chapt5_ws'
[0.251s] Level 1:colcon.colcon_core.package_identification:_identify(.) by extensions ['ignore', 'ignore_ament_install']
[0.251s] Level 1:colcon.colcon_core.package_identification:_identify(.) by extension 'ignore'
[0.251s] Level 1:colcon.colcon_core.package_identification:_identify(.) by extension 'ignore_ament_install'
[0.251s] Level 1:colcon.colcon_core.package_identification:_identify(.) by extensions ['colcon_pkg']
[0.251s] Level 1:colcon.colcon_core.package_identification:_identify(.) by extension 'colcon_pkg'
[0.251s] Level 1:colcon.colcon_core.package_identification:_identify(.) by extensions ['colcon_meta']
[0.251s] Level 1:colcon.colcon_core.package_identification:_identify(.) by extension 'colcon_meta'
[0.251s] Level 1:colcon.colcon_core.package_identification:_identify(.) by extensions ['ros']
[0.251s] Level 1:colcon.colcon_core.package_identification:_identify(.) by extension 'ros'
[0.261s] Level 1:colcon.colcon_core.package_identification:_identify(.) by extensions ['cmake', 'python']
[0.261s] Level 1:colcon.colcon_core.package_identification:_identify(.) by extension 'cmake'
[0.261s] Level 1:colcon.colcon_core.package_identification:_identify(.) by extension 'python'
[0.261s] Level 1:colcon.colcon_core.package_identification:_identify(.) by extensions ['python_setup_py']
[0.261s] Level 1:colcon.colcon_core.package_identification:_identify(.) by extension 'python_setup_py'
[0.262s] Level 1:colcon.colcon_core.package_identification:_identify(build) by extensions ['ignore', 'ignore_ament_install']
[0.263s] Level 1:colcon.colcon_core.package_identification:_identify(build) by extension 'ignore'
[0.263s] Level 1:colcon.colcon_core.package_identification:_identify(build) ignored
[0.263s] Level 1:colcon.colcon_core.package_identification:_identify(install) by extensions ['ignore', 'ignore_ament_install']
[0.263s] Level 1:colcon.colcon_core.package_identification:_identify(install) by extension 'ignore'
[0.263s] Level 1:colcon.colcon_core.package_identification:_identify(install) ignored
[0.263s] Level 1:colcon.colcon_core.package_identification:_identify(log) by extensions ['ignore', 'ignore_ament_install']
[0.263s] Level 1:colcon.colcon_core.package_identification:_identify(log) by extension 'ignore'
[0.263s] Level 1:colcon.colcon_core.package_identification:_identify(log) ignored
[0.263s] Level 1:colcon.colcon_core.package_identification:_identify(src) by extensions ['ignore', 'ignore_ament_install']
[0.263s] Level 1:colcon.colcon_core.package_identification:_identify(src) by extension 'ignore'
[0.263s] Level 1:colcon.colcon_core.package_identification:_identify(src) by extension 'ignore_ament_install'
[0.263s] Level 1:colcon.colcon_core.package_identification:_identify(src) by extensions ['colcon_pkg']
[0.263s] Level 1:colcon.colcon_core.package_identification:_identify(src) by extension 'colcon_pkg'
[0.263s] Level 1:colcon.colcon_core.package_identification:_identify(src) by extensions ['colcon_meta']
[0.263s] Level 1:colcon.colcon_core.package_identification:_identify(src) by extension 'colcon_meta'
[0.263s] Level 1:colcon.colcon_core.package_identification:_identify(src) by extensions ['ros']
[0.263s] Level 1:colcon.colcon_core.package_identification:_identify(src) by extension 'ros'
[0.263s] Level 1:colcon.colcon_core.package_identification:_identify(src) by extensions ['cmake', 'python']
[0.263s] Level 1:colcon.colcon_core.package_identification:_identify(src) by extension 'cmake'
[0.263s] Level 1:colcon.colcon_core.package_identification:_identify(src) by extension 'python'
[0.264s] Level 1:colcon.colcon_core.package_identification:_identify(src) by extensions ['python_setup_py']
[0.264s] Level 1:colcon.colcon_core.package_identification:_identify(src) by extension 'python_setup_py'
[0.264s] Level 1:colcon.colcon_core.package_identification:_identify(src/demo_cpp_tf) by extensions ['ignore', 'ignore_ament_install']
[0.264s] Level 1:colcon.colcon_core.package_identification:_identify(src/demo_cpp_tf) by extension 'ignore'
[0.264s] Level 1:colcon.colcon_core.package_identification:_identify(src/demo_cpp_tf) by extension 'ignore_ament_install'
[0.264s] Level 1:colcon.colcon_core.package_identification:_identify(src/demo_cpp_tf) by extensions ['colcon_pkg']
[0.264s] Level 1:colcon.colcon_core.package_identification:_identify(src/demo_cpp_tf) by extension 'colcon_pkg'
[0.264s] Level 1:colcon.colcon_core.package_identification:_identify(src/demo_cpp_tf) by extensions ['colcon_meta']
[0.264s] Level 1:colcon.colcon_core.package_identification:_identify(src/demo_cpp_tf) by extension 'colcon_meta'
[0.264s] Level 1:colcon.colcon_core.package_identification:_identify(src/demo_cpp_tf) by extensions ['ros']
[0.264s] Level 1:colcon.colcon_core.package_identification:_identify(src/demo_cpp_tf) by extension 'ros'
[0.266s] DEBUG:colcon.colcon_core.package_identification:Package 'src/demo_cpp_tf' with type 'ros.ament_cmake' and name 'demo_cpp_tf'
[0.266s] Level 1:colcon.colcon_core.package_identification:_identify(src/demo_python_tf) by extensions ['ignore', 'ignore_ament_install']
[0.267s] Level 1:colcon.colcon_core.package_identification:_identify(src/demo_python_tf) by extension 'ignore'
[0.267s] Level 1:colcon.colcon_core.package_identification:_identify(src/demo_python_tf) by extension 'ignore_ament_install'
[0.267s] Level 1:colcon.colcon_core.package_identification:_identify(src/demo_python_tf) by extensions ['colcon_pkg']
[0.267s] Level 1:colcon.colcon_core.package_identification:_identify(src/demo_python_tf) by extension 'colcon_pkg'
[0.267s] Level 1:colcon.colcon_core.package_identification:_identify(src/demo_python_tf) by extensions ['colcon_meta']
[0.267s] Level 1:colcon.colcon_core.package_identification:_identify(src/demo_python_tf) by extension 'colcon_meta'
[0.267s] Level 1:colcon.colcon_core.package_identification:_identify(src/demo_python_tf) by extensions ['ros']
[0.267s] Level 1:colcon.colcon_core.package_identification:_identify(src/demo_python_tf) by extension 'ros'
[0.268s] DEBUG:colcon.colcon_core.package_identification:Package 'src/demo_python_tf' with type 'ros.ament_python' and name 'demo_python_tf'
[0.268s] Level 1:colcon.colcon_core.package_discovery:discover_packages(recursive) using defaults
[0.268s] Level 1:colcon.colcon_core.package_discovery:discover_packages(ignore) discover
[0.268s] Level 1:colcon.colcon_core.package_discovery:discover_packages(ignore) using defaults
[0.268s] Level 1:colcon.colcon_core.package_discovery:discover_packages(path) discover
[0.268s] Level 1:colcon.colcon_core.package_discovery:discover_packages(path) using defaults
[0.284s] Level 1:colcon.colcon_core.package_discovery:discover_packages(prefix_path) check parameters
[0.285s] Level 1:colcon.colcon_core.package_discovery:discover_packages(prefix_path) discover
[0.287s] DEBUG:colcon.colcon_installed_package_information.package_discovery:Found 272 installed packages in /opt/ros/humble
[0.288s] Level 1:colcon.colcon_core.package_discovery:discover_packages(prefix_path) using defaults
[0.320s] Level 5:colcon.colcon_core.verb:set package 'demo_cpp_tf' build argument 'cmake_args' from command line to 'None'
[0.320s] Level 5:colcon.colcon_core.verb:set package 'demo_cpp_tf' build argument 'cmake_target' from command line to 'None'
[0.320s] Level 5:colcon.colcon_core.verb:set package 'demo_cpp_tf' build argument 'cmake_target_skip_unavailable' from command line to 'False'
[0.320s] Level 5:colcon.colcon_core.verb:set package 'demo_cpp_tf' build argument 'cmake_clean_cache' from command line to 'False'
[0.320s] Level 5:colcon.colcon_core.verb:set package 'demo_cpp_tf' build argument 'cmake_clean_first' from command line to 'False'
[0.320s] Level 5:colcon.colcon_core.verb:set package 'demo_cpp_tf' build argument 'cmake_force_configure' from command line to 'False'
[0.321s] Level 5:colcon.colcon_core.verb:set package 'demo_cpp_tf' build argument 'ament_cmake_args' from command line to 'None'
[0.321s] Level 5:colcon.colcon_core.verb:set package 'demo_cpp_tf' build argument 'catkin_cmake_args' from command line to 'None'
[0.321s] Level 5:colcon.colcon_core.verb:set package 'demo_cpp_tf' build argument 'catkin_skip_building_tests' from command line to 'False'
[0.321s] DEBUG:colcon.colcon_core.verb:Building package 'demo_cpp_tf' with the following arguments: {'ament_cmake_args': None, 'build_base': '/home/lyd/ROS2/chapter5_Tools/chapt5_ws/build/demo_cpp_tf', 'catkin_cmake_args': None, 'catkin_skip_building_tests': False, 'cmake_args': None, 'cmake_clean_cache': False, 'cmake_clean_first': False, 'cmake_force_configure': False, 'cmake_target': None, 'cmake_target_skip_unavailable': False, 'install_base': '/home/lyd/ROS2/chapter5_Tools/chapt5_ws/install/demo_cpp_tf', 'merge_install': False, 'path': '/home/lyd/ROS2/chapter5_Tools/chapt5_ws/src/demo_cpp_tf', 'symlink_install': False, 'test_result_base': None}
[0.321s] Level 5:colcon.colcon_core.verb:set package 'demo_python_tf' build argument 'cmake_args' from command line to 'None'
[0.321s] Level 5:colcon.colcon_core.verb:set package 'demo_python_tf' build argument 'cmake_target' from command line to 'None'
[0.321s] Level 5:colcon.colcon_core.verb:set package 'demo_python_tf' build argument 'cmake_target_skip_unavailable' from command line to 'False'
[0.321s] Level 5:colcon.colcon_core.verb:set package 'demo_python_tf' build argument 'cmake_clean_cache' from command line to 'False'
[0.321s] Level 5:colcon.colcon_core.verb:set package 'demo_python_tf' build argument 'cmake_clean_first' from command line to 'False'
[0.321s] Level 5:colcon.colcon_core.verb:set package 'demo_python_tf' build argument 'cmake_force_configure' from command line to 'False'
[0.321s] Level 5:colcon.colcon_core.verb:set package 'demo_python_tf' build argument 'ament_cmake_args' from command line to 'None'
[0.321s] Level 5:colcon.colcon_core.verb:set package 'demo_python_tf' build argument 'catkin_cmake_args' from command line to 'None'
[0.321s] Level 5:colcon.colcon_core.verb:set package 'demo_python_tf' build argument 'catkin_skip_building_tests' from command line to 'False'
[0.321s] DEBUG:colcon.colcon_core.verb:Building package 'demo_python_tf' with the following arguments: {'ament_cmake_args': None, 'build_base': '/home/lyd/ROS2/chapter5_Tools/chapt5_ws/build/demo_python_tf', 'catkin_cmake_args': None, 'catkin_skip_building_tests': False, 'cmake_args': None, 'cmake_clean_cache': False, 'cmake_clean_first': False, 'cmake_force_configure': False, 'cmake_target': None, 'cmake_target_skip_unavailable': False, 'install_base': '/home/lyd/ROS2/chapter5_Tools/chapt5_ws/install/demo_python_tf', 'merge_install': False, 'path': '/home/lyd/ROS2/chapter5_Tools/chapt5_ws/src/demo_python_tf', 'symlink_install': False, 'test_result_base': None}
[0.321s] INFO:colcon.colcon_core.executor:Executing jobs using 'parallel' executor
[0.322s] DEBUG:colcon.colcon_parallel_executor.executor.parallel:run_until_complete
[0.322s] INFO:colcon.colcon_ros.task.ament_cmake.build:Building ROS package in '/home/lyd/ROS2/chapter5_Tools/chapt5_ws/src/demo_cpp_tf' with build type 'ament_cmake'
[0.322s] INFO:colcon.colcon_cmake.task.cmake.build:Building CMake package in '/home/lyd/ROS2/chapter5_Tools/chapt5_ws/src/demo_cpp_tf'
[0.325s] INFO:colcon.colcon_core.plugin_system:Skipping extension 'colcon_core.shell.bat': Not used on non-Windows systems
[0.325s] INFO:colcon.colcon_core.shell:Skip shell extension 'powershell' for command environment: Not usable outside of PowerShell
[0.325s] DEBUG:colcon.colcon_core.shell:Skip shell extension 'dsv' for command environment
[0.328s] INFO:colcon.colcon_ros.task.ament_python.build:Building ROS package in '/home/lyd/ROS2/chapter5_Tools/chapt5_ws/src/demo_python_tf' with build type 'ament_python'
[0.328s] Level 1:colcon.colcon_core.shell:create_environment_hook('demo_python_tf', 'ament_prefix_path')
[0.328s] INFO:colcon.colcon_core.shell:Creating environment hook '/home/lyd/ROS2/chapter5_Tools/chapt5_ws/install/demo_python_tf/share/demo_python_tf/hook/ament_prefix_path.ps1'
[0.330s] INFO:colcon.colcon_core.shell:Creating environment descriptor '/home/lyd/ROS2/chapter5_Tools/chapt5_ws/install/demo_python_tf/share/demo_python_tf/hook/ament_prefix_path.dsv'
[0.330s] INFO:colcon.colcon_core.shell:Creating environment hook '/home/lyd/ROS2/chapter5_Tools/chapt5_ws/install/demo_python_tf/share/demo_python_tf/hook/ament_prefix_path.sh'
[0.331s] INFO:colcon.colcon_core.shell:Skip shell extension 'powershell' for command environment: Not usable outside of PowerShell
[0.331s] DEBUG:colcon.colcon_core.shell:Skip shell extension 'dsv' for command environment
[0.337s] DEBUG:colcon.colcon_core.event_handler.log_command:Invoking command in '/home/lyd/ROS2/chapter5_Tools/chapt5_ws/build/demo_cpp_tf': CMAKE_PREFIX_PATH=/opt/ros/humble /usr/bin/cmake /home/lyd/ROS2/chapter5_Tools/chapt5_ws/src/demo_cpp_tf -DCMAKE_INSTALL_PREFIX=/home/lyd/ROS2/chapter5_Tools/chapt5_ws/install/demo_cpp_tf
[0.514s] INFO:colcon.colcon_core.task.python.build:Building Python package in '/home/lyd/ROS2/chapter5_Tools/chapt5_ws/src/demo_python_tf'
[0.515s] INFO:colcon.colcon_core.shell:Skip shell extension 'powershell' for command environment: Not usable outside of PowerShell
[0.515s] DEBUG:colcon.colcon_core.shell:Skip shell extension 'dsv' for command environment
[0.793s] DEBUG:colcon.colcon_core.event_handler.log_command:Invoking command in '/home/lyd/ROS2/chapter5_Tools/chapt5_ws/src/demo_python_tf': PYTHONPATH=/home/lyd/ROS2/chapter5_Tools/chapt5_ws/build/demo_python_tf/prefix_override:/usr/lib/python3/dist-packages/colcon_core/task/python/colcon_distutils_commands:/home/lyd/ROS2/chapter5_Tools/chapt5_ws/install/demo_python_tf/lib/python3.10/site-packages:${PYTHONPATH} /usr/bin/python3 -W ignore:setup.py install is deprecated -W ignore:easy_install command is deprecated setup.py egg_info --egg-base ../../build/demo_python_tf build --build-base /home/lyd/ROS2/chapter5_Tools/chapt5_ws/build/demo_python_tf/build install --record /home/lyd/ROS2/chapter5_Tools/chapt5_ws/build/demo_python_tf/install.log --single-version-externally-managed install_data
[1.004s] DEBUG:colcon.colcon_core.event_handler.log_command:Invoked command in '/home/lyd/ROS2/chapter5_Tools/chapt5_ws/src/demo_python_tf' returned '0': PYTHONPATH=/home/lyd/ROS2/chapter5_Tools/chapt5_ws/build/demo_python_tf/prefix_override:/usr/lib/python3/dist-packages/colcon_core/task/python/colcon_distutils_commands:/home/lyd/ROS2/chapter5_Tools/chapt5_ws/install/demo_python_tf/lib/python3.10/site-packages:${PYTHONPATH} /usr/bin/python3 -W ignore:setup.py install is deprecated -W ignore:easy_install command is deprecated setup.py egg_info --egg-base ../../build/demo_python_tf build --build-base /home/lyd/ROS2/chapter5_Tools/chapt5_ws/build/demo_python_tf/build install --record /home/lyd/ROS2/chapter5_Tools/chapt5_ws/build/demo_python_tf/install.log --single-version-externally-managed install_data
[1.008s] Level 1:colcon.colcon_core.environment:checking '/home/lyd/ROS2/chapter5_Tools/chapt5_ws/install/demo_python_tf' for CMake module files
[1.008s] Level 1:colcon.colcon_core.environment:checking '/home/lyd/ROS2/chapter5_Tools/chapt5_ws/install/demo_python_tf' for CMake config files
[1.009s] Level 1:colcon.colcon_core.environment:checking '/home/lyd/ROS2/chapter5_Tools/chapt5_ws/install/demo_python_tf/lib'
[1.009s] Level 1:colcon.colcon_core.environment:checking '/home/lyd/ROS2/chapter5_Tools/chapt5_ws/install/demo_python_tf/bin'
[1.009s] Level 1:colcon.colcon_core.environment:checking '/home/lyd/ROS2/chapter5_Tools/chapt5_ws/install/demo_python_tf/lib/pkgconfig/demo_python_tf.pc'
[1.009s] Level 1:colcon.colcon_core.environment:checking '/home/lyd/ROS2/chapter5_Tools/chapt5_ws/install/demo_python_tf/lib/python3.10/site-packages'
[1.009s] Level 1:colcon.colcon_core.shell:create_environment_hook('demo_python_tf', 'pythonpath')
[1.009s] INFO:colcon.colcon_core.shell:Creating environment hook '/home/lyd/ROS2/chapter5_Tools/chapt5_ws/install/demo_python_tf/share/demo_python_tf/hook/pythonpath.ps1'
[1.010s] INFO:colcon.colcon_core.shell:Creating environment descriptor '/home/lyd/ROS2/chapter5_Tools/chapt5_ws/install/demo_python_tf/share/demo_python_tf/hook/pythonpath.dsv'
[1.010s] INFO:colcon.colcon_core.shell:Creating environment hook '/home/lyd/ROS2/chapter5_Tools/chapt5_ws/install/demo_python_tf/share/demo_python_tf/hook/pythonpath.sh'
[1.010s] Level 1:colcon.colcon_core.environment:checking '/home/lyd/ROS2/chapter5_Tools/chapt5_ws/install/demo_python_tf/bin'
[1.010s] Level 1:colcon.colcon_core.environment:create_environment_scripts_only(demo_python_tf)
[1.010s] INFO:colcon.colcon_core.shell:Creating package script '/home/lyd/ROS2/chapter5_Tools/chapt5_ws/install/demo_python_tf/share/demo_python_tf/package.ps1'
[1.011s] INFO:colcon.colcon_core.shell:Creating package descriptor '/home/lyd/ROS2/chapter5_Tools/chapt5_ws/install/demo_python_tf/share/demo_python_tf/package.dsv'
[1.012s] INFO:colcon.colcon_core.shell:Creating package script '/home/lyd/ROS2/chapter5_Tools/chapt5_ws/install/demo_python_tf/share/demo_python_tf/package.sh'
[1.013s] INFO:colcon.colcon_core.shell:Creating package script '/home/lyd/ROS2/chapter5_Tools/chapt5_ws/install/demo_python_tf/share/demo_python_tf/package.bash'
[1.013s] INFO:colcon.colcon_core.shell:Creating package script '/home/lyd/ROS2/chapter5_Tools/chapt5_ws/install/demo_python_tf/share/demo_python_tf/package.zsh'
[1.014s] Level 1:colcon.colcon_core.environment:create_file_with_runtime_dependencies(/home/lyd/ROS2/chapter5_Tools/chapt5_ws/install/demo_python_tf/share/colcon-core/packages/demo_python_tf)
[1.697s] DEBUG:colcon.colcon_core.event_handler.log_command:Invoked command in '/home/lyd/ROS2/chapter5_Tools/chapt5_ws/build/demo_cpp_tf' returned '0': CMAKE_PREFIX_PATH=/opt/ros/humble /usr/bin/cmake /home/lyd/ROS2/chapter5_Tools/chapt5_ws/src/demo_cpp_tf -DCMAKE_INSTALL_PREFIX=/home/lyd/ROS2/chapter5_Tools/chapt5_ws/install/demo_cpp_tf
[1.699s] DEBUG:colcon.colcon_core.event_handler.log_command:Invoking command in '/home/lyd/ROS2/chapter5_Tools/chapt5_ws/build/demo_cpp_tf': CMAKE_PREFIX_PATH=/opt/ros/humble /usr/bin/cmake --build /home/lyd/ROS2/chapter5_Tools/chapt5_ws/build/demo_cpp_tf -- -j4 -l4
[12.544s] DEBUG:colcon.colcon_core.event_handler.log_command:Invoked command in '/home/lyd/ROS2/chapter5_Tools/chapt5_ws/build/demo_cpp_tf' returned '0': CMAKE_PREFIX_PATH=/opt/ros/humble /usr/bin/cmake --build /home/lyd/ROS2/chapter5_Tools/chapt5_ws/build/demo_cpp_tf -- -j4 -l4
[12.553s] DEBUG:colcon.colcon_core.event_handler.log_command:Invoking command in '/home/lyd/ROS2/chapter5_Tools/chapt5_ws/build/demo_cpp_tf': CMAKE_PREFIX_PATH=/opt/ros/humble /usr/bin/cmake --install /home/lyd/ROS2/chapter5_Tools/chapt5_ws/build/demo_cpp_tf
[12.568s] Level 1:colcon.colcon_core.environment:create_environment_scripts_only(demo_cpp_tf)
[12.568s] Level 1:colcon.colcon_core.environment:checking '/home/lyd/ROS2/chapter5_Tools/chapt5_ws/install/demo_cpp_tf' for CMake module files
[12.568s] DEBUG:colcon.colcon_core.event_handler.log_command:Invoked command in '/home/lyd/ROS2/chapter5_Tools/chapt5_ws/build/demo_cpp_tf' returned '0': CMAKE_PREFIX_PATH=/opt/ros/humble /usr/bin/cmake --install /home/lyd/ROS2/chapter5_Tools/chapt5_ws/build/demo_cpp_tf
[12.569s] Level 1:colcon.colcon_core.environment:checking '/home/lyd/ROS2/chapter5_Tools/chapt5_ws/install/demo_cpp_tf' for CMake config files
[12.569s] Level 1:colcon.colcon_core.shell:create_environment_hook('demo_cpp_tf', 'cmake_prefix_path')
[12.569s] INFO:colcon.colcon_core.shell:Creating environment hook '/home/lyd/ROS2/chapter5_Tools/chapt5_ws/install/demo_cpp_tf/share/demo_cpp_tf/hook/cmake_prefix_path.ps1'
[12.569s] INFO:colcon.colcon_core.shell:Creating environment descriptor '/home/lyd/ROS2/chapter5_Tools/chapt5_ws/install/demo_cpp_tf/share/demo_cpp_tf/hook/cmake_prefix_path.dsv'
[12.570s] INFO:colcon.colcon_core.shell:Creating environment hook '/home/lyd/ROS2/chapter5_Tools/chapt5_ws/install/demo_cpp_tf/share/demo_cpp_tf/hook/cmake_prefix_path.sh'
[12.570s] Level 1:colcon.colcon_core.environment:checking '/home/lyd/ROS2/chapter5_Tools/chapt5_ws/install/demo_cpp_tf/lib'
[12.570s] Level 1:colcon.colcon_core.environment:checking '/home/lyd/ROS2/chapter5_Tools/chapt5_ws/install/demo_cpp_tf/bin'
[12.570s] Level 1:colcon.colcon_core.environment:checking '/home/lyd/ROS2/chapter5_Tools/chapt5_ws/install/demo_cpp_tf/lib/pkgconfig/demo_cpp_tf.pc'
[12.570s] Level 1:colcon.colcon_core.environment:checking '/home/lyd/ROS2/chapter5_Tools/chapt5_ws/install/demo_cpp_tf/lib/python3.10/site-packages'
[12.570s] Level 1:colcon.colcon_core.environment:checking '/home/lyd/ROS2/chapter5_Tools/chapt5_ws/install/demo_cpp_tf/bin'
[12.571s] INFO:colcon.colcon_core.shell:Creating package script '/home/lyd/ROS2/chapter5_Tools/chapt5_ws/install/demo_cpp_tf/share/demo_cpp_tf/package.ps1'
[12.571s] INFO:colcon.colcon_core.shell:Creating package descriptor '/home/lyd/ROS2/chapter5_Tools/chapt5_ws/install/demo_cpp_tf/share/demo_cpp_tf/package.dsv'
[12.571s] INFO:colcon.colcon_core.shell:Creating package script '/home/lyd/ROS2/chapter5_Tools/chapt5_ws/install/demo_cpp_tf/share/demo_cpp_tf/package.sh'
[12.572s] INFO:colcon.colcon_core.shell:Creating package script '/home/lyd/ROS2/chapter5_Tools/chapt5_ws/install/demo_cpp_tf/share/demo_cpp_tf/package.bash'
[12.572s] INFO:colcon.colcon_core.shell:Creating package script '/home/lyd/ROS2/chapter5_Tools/chapt5_ws/install/demo_cpp_tf/share/demo_cpp_tf/package.zsh'
[12.572s] Level 1:colcon.colcon_core.environment:create_file_with_runtime_dependencies(/home/lyd/ROS2/chapter5_Tools/chapt5_ws/install/demo_cpp_tf/share/colcon-core/packages/demo_cpp_tf)
[12.573s] Level 1:colcon.colcon_core.environment:create_environment_scripts_only(demo_cpp_tf)
[12.573s] Level 1:colcon.colcon_core.environment:checking '/home/lyd/ROS2/chapter5_Tools/chapt5_ws/install/demo_cpp_tf' for CMake module files
[12.573s] Level 1:colcon.colcon_core.environment:checking '/home/lyd/ROS2/chapter5_Tools/chapt5_ws/install/demo_cpp_tf' for CMake config files
[12.573s] Level 1:colcon.colcon_core.shell:create_environment_hook('demo_cpp_tf', 'cmake_prefix_path')
[12.573s] INFO:colcon.colcon_core.shell:Creating environment hook '/home/lyd/ROS2/chapter5_Tools/chapt5_ws/install/demo_cpp_tf/share/demo_cpp_tf/hook/cmake_prefix_path.ps1'
[12.574s] INFO:colcon.colcon_core.shell:Creating environment descriptor '/home/lyd/ROS2/chapter5_Tools/chapt5_ws/install/demo_cpp_tf/share/demo_cpp_tf/hook/cmake_prefix_path.dsv'
[12.574s] INFO:colcon.colcon_core.shell:Creating environment hook '/home/lyd/ROS2/chapter5_Tools/chapt5_ws/install/demo_cpp_tf/share/demo_cpp_tf/hook/cmake_prefix_path.sh'
[12.574s] Level 1:colcon.colcon_core.environment:checking '/home/lyd/ROS2/chapter5_Tools/chapt5_ws/install/demo_cpp_tf/lib'
[12.574s] Level 1:colcon.colcon_core.environment:checking '/home/lyd/ROS2/chapter5_Tools/chapt5_ws/install/demo_cpp_tf/bin'
[12.575s] Level 1:colcon.colcon_core.environment:checking '/home/lyd/ROS2/chapter5_Tools/chapt5_ws/install/demo_cpp_tf/lib/pkgconfig/demo_cpp_tf.pc'
[12.575s] Level 1:colcon.colcon_core.environment:checking '/home/lyd/ROS2/chapter5_Tools/chapt5_ws/install/demo_cpp_tf/lib/python3.10/site-packages'
[12.575s] Level 1:colcon.colcon_core.environment:checking '/home/lyd/ROS2/chapter5_Tools/chapt5_ws/install/demo_cpp_tf/bin'
[12.575s] INFO:colcon.colcon_core.shell:Creating package script '/home/lyd/ROS2/chapter5_Tools/chapt5_ws/install/demo_cpp_tf/share/demo_cpp_tf/package.ps1'
[12.576s] INFO:colcon.colcon_core.shell:Creating package descriptor '/home/lyd/ROS2/chapter5_Tools/chapt5_ws/install/demo_cpp_tf/share/demo_cpp_tf/package.dsv'
[12.576s] INFO:colcon.colcon_core.shell:Creating package script '/home/lyd/ROS2/chapter5_Tools/chapt5_ws/install/demo_cpp_tf/share/demo_cpp_tf/package.sh'
[12.576s] INFO:colcon.colcon_core.shell:Creating package script '/home/lyd/ROS2/chapter5_Tools/chapt5_ws/install/demo_cpp_tf/share/demo_cpp_tf/package.bash'
[12.577s] INFO:colcon.colcon_core.shell:Creating package script '/home/lyd/ROS2/chapter5_Tools/chapt5_ws/install/demo_cpp_tf/share/demo_cpp_tf/package.zsh'
[12.577s] Level 1:colcon.colcon_core.environment:create_file_with_runtime_dependencies(/home/lyd/ROS2/chapter5_Tools/chapt5_ws/install/demo_cpp_tf/share/colcon-core/packages/demo_cpp_tf)
[12.577s] DEBUG:colcon.colcon_parallel_executor.executor.parallel:closing loop
[12.578s] DEBUG:colcon.colcon_parallel_executor.executor.parallel:loop closed
[12.578s] DEBUG:colcon.colcon_parallel_executor.executor.parallel:run_until_complete finished with '0'
[12.578s] DEBUG:colcon.colcon_core.event_reactor:joining thread
[12.584s] INFO:colcon.colcon_core.plugin_system:Skipping extension 'colcon_notification.desktop_notification.terminal_notifier': Not used on non-Darwin systems
[12.584s] INFO:colcon.colcon_core.plugin_system:Skipping extension 'colcon_notification.desktop_notification.win32': Not used on non-Windows systems
[12.584s] INFO:colcon.colcon_notification.desktop_notification:Sending desktop notification using 'notify2'
[12.600s] DEBUG:colcon.colcon_core.event_reactor:joined thread
[12.601s] INFO:colcon.colcon_core.shell:Creating prefix script '/home/lyd/ROS2/chapter5_Tools/chapt5_ws/install/local_setup.ps1'
[12.602s] INFO:colcon.colcon_core.shell:Creating prefix util module '/home/lyd/ROS2/chapter5_Tools/chapt5_ws/install/_local_setup_util_ps1.py'
[12.604s] INFO:colcon.colcon_core.shell:Creating prefix chain script '/home/lyd/ROS2/chapter5_Tools/chapt5_ws/install/setup.ps1'
[12.608s] INFO:colcon.colcon_core.shell:Creating prefix script '/home/lyd/ROS2/chapter5_Tools/chapt5_ws/install/local_setup.sh'
[12.609s] INFO:colcon.colcon_core.shell:Creating prefix util module '/home/lyd/ROS2/chapter5_Tools/chapt5_ws/install/_local_setup_util_sh.py'
[12.609s] INFO:colcon.colcon_core.shell:Creating prefix chain script '/home/lyd/ROS2/chapter5_Tools/chapt5_ws/install/setup.sh'
[12.610s] INFO:colcon.colcon_core.shell:Creating prefix script '/home/lyd/ROS2/chapter5_Tools/chapt5_ws/install/local_setup.bash'
[12.611s] INFO:colcon.colcon_core.shell:Creating prefix chain script '/home/lyd/ROS2/chapter5_Tools/chapt5_ws/install/setup.bash'
[12.612s] INFO:colcon.colcon_core.shell:Creating prefix script '/home/lyd/ROS2/chapter5_Tools/chapt5_ws/install/local_setup.zsh'
[12.613s] INFO:colcon.colcon_core.shell:Creating prefix chain script '/home/lyd/ROS2/chapter5_Tools/chapt5_ws/install/setup.zsh'
