[0.450s] Invoking command in '/home/lyd/ROS2/chapter2_Node/demo_python_pkg': PYTHONPATH=/home/lyd/ROS2/chapter2_Node/build/demo_python_pkg/prefix_override:/usr/lib/python3/dist-packages/colcon_core/task/python/colcon_distutils_commands:/home/lyd/ROS2/chapter2_Node/install/demo_python_pkg/lib/python3.10/site-packages:${PYTHONPATH} /usr/bin/python3 -W ignore:setup.py install is deprecated -W ignore:easy_install command is deprecated setup.py egg_info --egg-base ../build/demo_python_pkg build --build-base /home/lyd/ROS2/chapter2_Node/build/demo_python_pkg/build install --record /home/lyd/ROS2/chapter2_Node/build/demo_python_pkg/install.log --single-version-externally-managed install_data
[0.618s] running egg_info
[0.618s] creating ../build/demo_python_pkg/demo_python_pkg.egg-info
[0.618s] writing ../build/demo_python_pkg/demo_python_pkg.egg-info/PKG-INFO
[0.618s] writing dependency_links to ../build/demo_python_pkg/demo_python_pkg.egg-info/dependency_links.txt
[0.618s] writing entry points to ../build/demo_python_pkg/demo_python_pkg.egg-info/entry_points.txt
[0.618s] writing requirements to ../build/demo_python_pkg/demo_python_pkg.egg-info/requires.txt
[0.618s] writing top-level names to ../build/demo_python_pkg/demo_python_pkg.egg-info/top_level.txt
[0.618s] writing manifest file '../build/demo_python_pkg/demo_python_pkg.egg-info/SOURCES.txt'
[0.618s] reading manifest file '../build/demo_python_pkg/demo_python_pkg.egg-info/SOURCES.txt'
[0.618s] adding license file 'LICENSE'
[0.618s] writing manifest file '../build/demo_python_pkg/demo_python_pkg.egg-info/SOURCES.txt'
[0.618s] running build
[0.618s] running build_py
[0.619s] creating /home/lyd/ROS2/chapter2_Node/build/demo_python_pkg/build
[0.619s] creating /home/lyd/ROS2/chapter2_Node/build/demo_python_pkg/build/lib
[0.619s] creating /home/lyd/ROS2/chapter2_Node/build/demo_python_pkg/build/lib/demo_python_pkg
[0.619s] copying demo_python_pkg/__init__.py -> /home/lyd/ROS2/chapter2_Node/build/demo_python_pkg/build/lib/demo_python_pkg
[0.619s] copying demo_python_pkg/python_node.py -> /home/lyd/ROS2/chapter2_Node/build/demo_python_pkg/build/lib/demo_python_pkg
[0.619s] running install
[0.619s] running install_lib
[0.619s] creating /home/lyd/ROS2/chapter2_Node/install/demo_python_pkg/lib/python3.10/site-packages/demo_python_pkg
[0.620s] copying /home/lyd/ROS2/chapter2_Node/build/demo_python_pkg/build/lib/demo_python_pkg/__init__.py -> /home/lyd/ROS2/chapter2_Node/install/demo_python_pkg/lib/python3.10/site-packages/demo_python_pkg
[0.620s] copying /home/lyd/ROS2/chapter2_Node/build/demo_python_pkg/build/lib/demo_python_pkg/python_node.py -> /home/lyd/ROS2/chapter2_Node/install/demo_python_pkg/lib/python3.10/site-packages/demo_python_pkg
[0.620s] byte-compiling /home/lyd/ROS2/chapter2_Node/install/demo_python_pkg/lib/python3.10/site-packages/demo_python_pkg/__init__.py to __init__.cpython-310.pyc
[0.620s] byte-compiling /home/lyd/ROS2/chapter2_Node/install/demo_python_pkg/lib/python3.10/site-packages/demo_python_pkg/python_node.py to python_node.cpython-310.pyc
[0.620s] running install_data
[0.620s] creating /home/lyd/ROS2/chapter2_Node/install/demo_python_pkg/share/ament_index
[0.620s] creating /home/lyd/ROS2/chapter2_Node/install/demo_python_pkg/share/ament_index/resource_index
[0.620s] creating /home/lyd/ROS2/chapter2_Node/install/demo_python_pkg/share/ament_index/resource_index/packages
[0.620s] copying resource/demo_python_pkg -> /home/lyd/ROS2/chapter2_Node/install/demo_python_pkg/share/ament_index/resource_index/packages
[0.620s] copying package.xml -> /home/lyd/ROS2/chapter2_Node/install/demo_python_pkg/share/demo_python_pkg
[0.620s] running install_egg_info
[0.621s] Copying ../build/demo_python_pkg/demo_python_pkg.egg-info to /home/lyd/ROS2/chapter2_Node/install/demo_python_pkg/lib/python3.10/site-packages/demo_python_pkg-0.0.0-py3.10.egg-info
[0.622s] running install_scripts
[0.636s] Installing python_node script to /home/lyd/ROS2/chapter2_Node/install/demo_python_pkg/lib/demo_python_pkg
[0.637s] writing list of installed files to '/home/lyd/ROS2/chapter2_Node/build/demo_python_pkg/install.log'
[0.658s] Invoked command in '/home/lyd/ROS2/chapter2_Node/demo_python_pkg' returned '0': PYTHONPATH=/home/lyd/ROS2/chapter2_Node/build/demo_python_pkg/prefix_override:/usr/lib/python3/dist-packages/colcon_core/task/python/colcon_distutils_commands:/home/lyd/ROS2/chapter2_Node/install/demo_python_pkg/lib/python3.10/site-packages:${PYTHONPATH} /usr/bin/python3 -W ignore:setup.py install is deprecated -W ignore:easy_install command is deprecated setup.py egg_info --egg-base ../build/demo_python_pkg build --build-base /home/lyd/ROS2/chapter2_Node/build/demo_python_pkg/build install --record /home/lyd/ROS2/chapter2_Node/build/demo_python_pkg/install.log --single-version-externally-managed install_data
