[0.077s] DEBUG:colcon:Command line arguments: ['/usr/bin/colcon', 'build']
[0.077s] DEBUG:colcon:Parsed command line arguments: Namespace(log_base=None, log_level=None, verb_name='build', build_base='build', install_base='install', merge_install=False, symlink_install=False, test_result_base=None, continue_on_error=False, executor='parallel', parallel_workers=4, event_handlers=None, ignore_user_meta=False, metas=['./colcon.meta'], base_paths=['.'], packages_ignore=None, packages_ignore_regex=None, paths=None, packages_up_to=None, packages_up_to_regex=None, packages_above=None, packages_above_and_dependencies=None, packages_above_depth=None, packages_select_by_dep=None, packages_skip_by_dep=None, packages_skip_up_to=None, packages_select_build_failed=False, packages_skip_build_finished=False, packages_select_test_failures=False, packages_skip_test_passed=False, packages_select=None, packages_skip=None, packages_select_regex=None, packages_skip_regex=None, packages_start=None, packages_end=None, allow_overriding=[], cmake_args=None, cmake_target=None, cmake_target_skip_unavailable=False, cmake_clean_cache=False, cmake_clean_first=False, cmake_force_configure=False, ament_cmake_args=None, catkin_cmake_args=None, catkin_skip_building_tests=False, verb_parser=<colcon_defaults.argument_parser.defaults.DefaultArgumentsDecorator object at 0x79a20561f670>, verb_extension=<colcon_core.verb.build.BuildVerb object at 0x79a20575c910>, main=<bound method BuildVerb.main of <colcon_core.verb.build.BuildVerb object at 0x79a20575c910>>)
[0.182s] Level 1:colcon.colcon_core.package_discovery:discover_packages(colcon_meta) check parameters
[0.182s] Level 1:colcon.colcon_core.package_discovery:discover_packages(recursive) check parameters
[0.182s] Level 1:colcon.colcon_core.package_discovery:discover_packages(ignore) check parameters
[0.182s] Level 1:colcon.colcon_core.package_discovery:discover_packages(path) check parameters
[0.182s] Level 1:colcon.colcon_core.package_discovery:discover_packages(colcon_meta) discover
[0.182s] Level 1:colcon.colcon_core.package_discovery:discover_packages(recursive) discover
[0.182s] INFO:colcon.colcon_core.package_discovery:Crawling recursively for packages in '/home/lyd/ROS2/chapter4_Service/Service_ws'
[0.182s] Level 1:colcon.colcon_core.package_identification:_identify(.) by extensions ['ignore', 'ignore_ament_install']
[0.182s] Level 1:colcon.colcon_core.package_identification:_identify(.) by extension 'ignore'
[0.182s] Level 1:colcon.colcon_core.package_identification:_identify(.) by extension 'ignore_ament_install'
[0.183s] Level 1:colcon.colcon_core.package_identification:_identify(.) by extensions ['colcon_pkg']
[0.183s] Level 1:colcon.colcon_core.package_identification:_identify(.) by extension 'colcon_pkg'
[0.183s] Level 1:colcon.colcon_core.package_identification:_identify(.) by extensions ['colcon_meta']
[0.183s] Level 1:colcon.colcon_core.package_identification:_identify(.) by extension 'colcon_meta'
[0.183s] Level 1:colcon.colcon_core.package_identification:_identify(.) by extensions ['ros']
[0.183s] Level 1:colcon.colcon_core.package_identification:_identify(.) by extension 'ros'
[0.191s] Level 1:colcon.colcon_core.package_identification:_identify(.) by extensions ['cmake', 'python']
[0.191s] Level 1:colcon.colcon_core.package_identification:_identify(.) by extension 'cmake'
[0.191s] Level 1:colcon.colcon_core.package_identification:_identify(.) by extension 'python'
[0.191s] Level 1:colcon.colcon_core.package_identification:_identify(.) by extensions ['python_setup_py']
[0.191s] Level 1:colcon.colcon_core.package_identification:_identify(.) by extension 'python_setup_py'
[0.191s] Level 1:colcon.colcon_core.package_identification:_identify(build) by extensions ['ignore', 'ignore_ament_install']
[0.191s] Level 1:colcon.colcon_core.package_identification:_identify(build) by extension 'ignore'
[0.191s] Level 1:colcon.colcon_core.package_identification:_identify(build) ignored
[0.191s] Level 1:colcon.colcon_core.package_identification:_identify(install) by extensions ['ignore', 'ignore_ament_install']
[0.191s] Level 1:colcon.colcon_core.package_identification:_identify(install) by extension 'ignore'
[0.191s] Level 1:colcon.colcon_core.package_identification:_identify(install) ignored
[0.191s] Level 1:colcon.colcon_core.package_identification:_identify(log) by extensions ['ignore', 'ignore_ament_install']
[0.191s] Level 1:colcon.colcon_core.package_identification:_identify(log) by extension 'ignore'
[0.191s] Level 1:colcon.colcon_core.package_identification:_identify(log) ignored
[0.191s] Level 1:colcon.colcon_core.package_identification:_identify(src) by extensions ['ignore', 'ignore_ament_install']
[0.191s] Level 1:colcon.colcon_core.package_identification:_identify(src) by extension 'ignore'
[0.191s] Level 1:colcon.colcon_core.package_identification:_identify(src) by extension 'ignore_ament_install'
[0.191s] Level 1:colcon.colcon_core.package_identification:_identify(src) by extensions ['colcon_pkg']
[0.192s] Level 1:colcon.colcon_core.package_identification:_identify(src) by extension 'colcon_pkg'
[0.192s] Level 1:colcon.colcon_core.package_identification:_identify(src) by extensions ['colcon_meta']
[0.192s] Level 1:colcon.colcon_core.package_identification:_identify(src) by extension 'colcon_meta'
[0.192s] Level 1:colcon.colcon_core.package_identification:_identify(src) by extensions ['ros']
[0.192s] Level 1:colcon.colcon_core.package_identification:_identify(src) by extension 'ros'
[0.192s] Level 1:colcon.colcon_core.package_identification:_identify(src) by extensions ['cmake', 'python']
[0.192s] Level 1:colcon.colcon_core.package_identification:_identify(src) by extension 'cmake'
[0.192s] Level 1:colcon.colcon_core.package_identification:_identify(src) by extension 'python'
[0.192s] Level 1:colcon.colcon_core.package_identification:_identify(src) by extensions ['python_setup_py']
[0.192s] Level 1:colcon.colcon_core.package_identification:_identify(src) by extension 'python_setup_py'
[0.192s] Level 1:colcon.colcon_core.package_identification:_identify(src/chapt4_interfaces) by extensions ['ignore', 'ignore_ament_install']
[0.192s] Level 1:colcon.colcon_core.package_identification:_identify(src/chapt4_interfaces) by extension 'ignore'
[0.192s] Level 1:colcon.colcon_core.package_identification:_identify(src/chapt4_interfaces) by extension 'ignore_ament_install'
[0.192s] Level 1:colcon.colcon_core.package_identification:_identify(src/chapt4_interfaces) by extensions ['colcon_pkg']
[0.192s] Level 1:colcon.colcon_core.package_identification:_identify(src/chapt4_interfaces) by extension 'colcon_pkg'
[0.192s] Level 1:colcon.colcon_core.package_identification:_identify(src/chapt4_interfaces) by extensions ['colcon_meta']
[0.192s] Level 1:colcon.colcon_core.package_identification:_identify(src/chapt4_interfaces) by extension 'colcon_meta'
[0.192s] Level 1:colcon.colcon_core.package_identification:_identify(src/chapt4_interfaces) by extensions ['ros']
[0.192s] Level 1:colcon.colcon_core.package_identification:_identify(src/chapt4_interfaces) by extension 'ros'
[0.194s] DEBUG:colcon.colcon_core.package_identification:Package 'src/chapt4_interfaces' with type 'ros.ament_cmake' and name 'chapt4_interfaces'
[0.194s] Level 1:colcon.colcon_core.package_identification:_identify(src/demo_cpp_service) by extensions ['ignore', 'ignore_ament_install']
[0.194s] Level 1:colcon.colcon_core.package_identification:_identify(src/demo_cpp_service) by extension 'ignore'
[0.194s] Level 1:colcon.colcon_core.package_identification:_identify(src/demo_cpp_service) by extension 'ignore_ament_install'
[0.194s] Level 1:colcon.colcon_core.package_identification:_identify(src/demo_cpp_service) by extensions ['colcon_pkg']
[0.194s] Level 1:colcon.colcon_core.package_identification:_identify(src/demo_cpp_service) by extension 'colcon_pkg'
[0.194s] Level 1:colcon.colcon_core.package_identification:_identify(src/demo_cpp_service) by extensions ['colcon_meta']
[0.194s] Level 1:colcon.colcon_core.package_identification:_identify(src/demo_cpp_service) by extension 'colcon_meta'
[0.194s] Level 1:colcon.colcon_core.package_identification:_identify(src/demo_cpp_service) by extensions ['ros']
[0.194s] Level 1:colcon.colcon_core.package_identification:_identify(src/demo_cpp_service) by extension 'ros'
[0.195s] DEBUG:colcon.colcon_core.package_identification:Package 'src/demo_cpp_service' with type 'ros.ament_cmake' and name 'demo_cpp_service'
[0.195s] Level 1:colcon.colcon_core.package_identification:_identify(src/demo_python_service) by extensions ['ignore', 'ignore_ament_install']
[0.195s] Level 1:colcon.colcon_core.package_identification:_identify(src/demo_python_service) by extension 'ignore'
[0.195s] Level 1:colcon.colcon_core.package_identification:_identify(src/demo_python_service) by extension 'ignore_ament_install'
[0.195s] Level 1:colcon.colcon_core.package_identification:_identify(src/demo_python_service) by extensions ['colcon_pkg']
[0.195s] Level 1:colcon.colcon_core.package_identification:_identify(src/demo_python_service) by extension 'colcon_pkg'
[0.195s] Level 1:colcon.colcon_core.package_identification:_identify(src/demo_python_service) by extensions ['colcon_meta']
[0.195s] Level 1:colcon.colcon_core.package_identification:_identify(src/demo_python_service) by extension 'colcon_meta'
[0.195s] Level 1:colcon.colcon_core.package_identification:_identify(src/demo_python_service) by extensions ['ros']
[0.195s] Level 1:colcon.colcon_core.package_identification:_identify(src/demo_python_service) by extension 'ros'
[0.195s] DEBUG:colcon.colcon_core.package_identification:Package 'src/demo_python_service' with type 'ros.ament_python' and name 'demo_python_service'
[0.195s] Level 1:colcon.colcon_core.package_discovery:discover_packages(recursive) using defaults
[0.196s] Level 1:colcon.colcon_core.package_discovery:discover_packages(ignore) discover
[0.196s] Level 1:colcon.colcon_core.package_discovery:discover_packages(ignore) using defaults
[0.196s] Level 1:colcon.colcon_core.package_discovery:discover_packages(path) discover
[0.196s] Level 1:colcon.colcon_core.package_discovery:discover_packages(path) using defaults
[0.209s] Level 1:colcon.colcon_core.package_discovery:discover_packages(prefix_path) check parameters
[0.209s] Level 1:colcon.colcon_core.package_discovery:discover_packages(prefix_path) discover
[0.210s] DEBUG:colcon.colcon_installed_package_information.package_discovery:Found 3 installed packages in /home/lyd/ROS2/chapter4_Service/Service_ws/install
[0.211s] DEBUG:colcon.colcon_installed_package_information.package_discovery:Found 271 installed packages in /opt/ros/humble
[0.213s] Level 1:colcon.colcon_core.package_discovery:discover_packages(prefix_path) using defaults
[0.243s] Level 5:colcon.colcon_core.verb:set package 'chapt4_interfaces' build argument 'cmake_args' from command line to 'None'
[0.243s] Level 5:colcon.colcon_core.verb:set package 'chapt4_interfaces' build argument 'cmake_target' from command line to 'None'
[0.243s] Level 5:colcon.colcon_core.verb:set package 'chapt4_interfaces' build argument 'cmake_target_skip_unavailable' from command line to 'False'
[0.243s] Level 5:colcon.colcon_core.verb:set package 'chapt4_interfaces' build argument 'cmake_clean_cache' from command line to 'False'
[0.243s] Level 5:colcon.colcon_core.verb:set package 'chapt4_interfaces' build argument 'cmake_clean_first' from command line to 'False'
[0.243s] Level 5:colcon.colcon_core.verb:set package 'chapt4_interfaces' build argument 'cmake_force_configure' from command line to 'False'
[0.243s] Level 5:colcon.colcon_core.verb:set package 'chapt4_interfaces' build argument 'ament_cmake_args' from command line to 'None'
[0.243s] Level 5:colcon.colcon_core.verb:set package 'chapt4_interfaces' build argument 'catkin_cmake_args' from command line to 'None'
[0.243s] Level 5:colcon.colcon_core.verb:set package 'chapt4_interfaces' build argument 'catkin_skip_building_tests' from command line to 'False'
[0.243s] DEBUG:colcon.colcon_core.verb:Building package 'chapt4_interfaces' with the following arguments: {'ament_cmake_args': None, 'build_base': '/home/lyd/ROS2/chapter4_Service/Service_ws/build/chapt4_interfaces', 'catkin_cmake_args': None, 'catkin_skip_building_tests': False, 'cmake_args': None, 'cmake_clean_cache': False, 'cmake_clean_first': False, 'cmake_force_configure': False, 'cmake_target': None, 'cmake_target_skip_unavailable': False, 'install_base': '/home/lyd/ROS2/chapter4_Service/Service_ws/install/chapt4_interfaces', 'merge_install': False, 'path': '/home/lyd/ROS2/chapter4_Service/Service_ws/src/chapt4_interfaces', 'symlink_install': False, 'test_result_base': None}
[0.243s] Level 5:colcon.colcon_core.verb:set package 'demo_cpp_service' build argument 'cmake_args' from command line to 'None'
[0.244s] Level 5:colcon.colcon_core.verb:set package 'demo_cpp_service' build argument 'cmake_target' from command line to 'None'
[0.244s] Level 5:colcon.colcon_core.verb:set package 'demo_cpp_service' build argument 'cmake_target_skip_unavailable' from command line to 'False'
[0.244s] Level 5:colcon.colcon_core.verb:set package 'demo_cpp_service' build argument 'cmake_clean_cache' from command line to 'False'
[0.244s] Level 5:colcon.colcon_core.verb:set package 'demo_cpp_service' build argument 'cmake_clean_first' from command line to 'False'
[0.244s] Level 5:colcon.colcon_core.verb:set package 'demo_cpp_service' build argument 'cmake_force_configure' from command line to 'False'
[0.244s] Level 5:colcon.colcon_core.verb:set package 'demo_cpp_service' build argument 'ament_cmake_args' from command line to 'None'
[0.244s] Level 5:colcon.colcon_core.verb:set package 'demo_cpp_service' build argument 'catkin_cmake_args' from command line to 'None'
[0.244s] Level 5:colcon.colcon_core.verb:set package 'demo_cpp_service' build argument 'catkin_skip_building_tests' from command line to 'False'
[0.244s] DEBUG:colcon.colcon_core.verb:Building package 'demo_cpp_service' with the following arguments: {'ament_cmake_args': None, 'build_base': '/home/lyd/ROS2/chapter4_Service/Service_ws/build/demo_cpp_service', 'catkin_cmake_args': None, 'catkin_skip_building_tests': False, 'cmake_args': None, 'cmake_clean_cache': False, 'cmake_clean_first': False, 'cmake_force_configure': False, 'cmake_target': None, 'cmake_target_skip_unavailable': False, 'install_base': '/home/lyd/ROS2/chapter4_Service/Service_ws/install/demo_cpp_service', 'merge_install': False, 'path': '/home/lyd/ROS2/chapter4_Service/Service_ws/src/demo_cpp_service', 'symlink_install': False, 'test_result_base': None}
[0.244s] Level 5:colcon.colcon_core.verb:set package 'demo_python_service' build argument 'cmake_args' from command line to 'None'
[0.244s] Level 5:colcon.colcon_core.verb:set package 'demo_python_service' build argument 'cmake_target' from command line to 'None'
[0.244s] Level 5:colcon.colcon_core.verb:set package 'demo_python_service' build argument 'cmake_target_skip_unavailable' from command line to 'False'
[0.244s] Level 5:colcon.colcon_core.verb:set package 'demo_python_service' build argument 'cmake_clean_cache' from command line to 'False'
[0.244s] Level 5:colcon.colcon_core.verb:set package 'demo_python_service' build argument 'cmake_clean_first' from command line to 'False'
[0.244s] Level 5:colcon.colcon_core.verb:set package 'demo_python_service' build argument 'cmake_force_configure' from command line to 'False'
[0.244s] Level 5:colcon.colcon_core.verb:set package 'demo_python_service' build argument 'ament_cmake_args' from command line to 'None'
[0.244s] Level 5:colcon.colcon_core.verb:set package 'demo_python_service' build argument 'catkin_cmake_args' from command line to 'None'
[0.244s] Level 5:colcon.colcon_core.verb:set package 'demo_python_service' build argument 'catkin_skip_building_tests' from command line to 'False'
[0.244s] DEBUG:colcon.colcon_core.verb:Building package 'demo_python_service' with the following arguments: {'ament_cmake_args': None, 'build_base': '/home/lyd/ROS2/chapter4_Service/Service_ws/build/demo_python_service', 'catkin_cmake_args': None, 'catkin_skip_building_tests': False, 'cmake_args': None, 'cmake_clean_cache': False, 'cmake_clean_first': False, 'cmake_force_configure': False, 'cmake_target': None, 'cmake_target_skip_unavailable': False, 'install_base': '/home/lyd/ROS2/chapter4_Service/Service_ws/install/demo_python_service', 'merge_install': False, 'path': '/home/lyd/ROS2/chapter4_Service/Service_ws/src/demo_python_service', 'symlink_install': False, 'test_result_base': None}
[0.244s] INFO:colcon.colcon_core.executor:Executing jobs using 'parallel' executor
[0.245s] DEBUG:colcon.colcon_parallel_executor.executor.parallel:run_until_complete
[0.245s] INFO:colcon.colcon_ros.task.ament_cmake.build:Building ROS package in '/home/lyd/ROS2/chapter4_Service/Service_ws/src/chapt4_interfaces' with build type 'ament_cmake'
[0.245s] INFO:colcon.colcon_cmake.task.cmake.build:Building CMake package in '/home/lyd/ROS2/chapter4_Service/Service_ws/src/chapt4_interfaces'
[0.246s] INFO:colcon.colcon_core.plugin_system:Skipping extension 'colcon_core.shell.bat': Not used on non-Windows systems
[0.247s] INFO:colcon.colcon_core.shell:Skip shell extension 'powershell' for command environment: Not usable outside of PowerShell
[0.247s] DEBUG:colcon.colcon_core.shell:Skip shell extension 'dsv' for command environment
[0.253s] DEBUG:colcon.colcon_core.event_handler.log_command:Invoking command in '/home/lyd/ROS2/chapter4_Service/Service_ws/build/chapt4_interfaces': CMAKE_PREFIX_PATH=${CMAKE_PREFIX_PATH}:/home/lyd/ROS2/chapter4_Service/Service_ws/install/demo_python_service:/opt/ros/humble /usr/bin/cmake --build /home/lyd/ROS2/chapter4_Service/Service_ws/build/chapt4_interfaces -- -j4 -l4
[0.540s] DEBUG:colcon.colcon_core.event_handler.log_command:Invoked command in '/home/lyd/ROS2/chapter4_Service/Service_ws/build/chapt4_interfaces' returned '0': CMAKE_PREFIX_PATH=${CMAKE_PREFIX_PATH}:/home/lyd/ROS2/chapter4_Service/Service_ws/install/demo_python_service:/opt/ros/humble /usr/bin/cmake --build /home/lyd/ROS2/chapter4_Service/Service_ws/build/chapt4_interfaces -- -j4 -l4
[0.548s] DEBUG:colcon.colcon_core.event_handler.log_command:Invoking command in '/home/lyd/ROS2/chapter4_Service/Service_ws/build/chapt4_interfaces': CMAKE_PREFIX_PATH=${CMAKE_PREFIX_PATH}:/home/lyd/ROS2/chapter4_Service/Service_ws/install/demo_python_service:/opt/ros/humble /usr/bin/cmake --install /home/lyd/ROS2/chapter4_Service/Service_ws/build/chapt4_interfaces
[0.590s] Level 1:colcon.colcon_core.environment:create_environment_scripts_only(chapt4_interfaces)
[0.592s] Level 1:colcon.colcon_core.environment:checking '/home/lyd/ROS2/chapter4_Service/Service_ws/install/chapt4_interfaces' for CMake module files
[0.593s] Level 1:colcon.colcon_core.environment:checking '/home/lyd/ROS2/chapter4_Service/Service_ws/install/chapt4_interfaces' for CMake config files
[0.593s] DEBUG:colcon.colcon_core.event_handler.log_command:Invoked command in '/home/lyd/ROS2/chapter4_Service/Service_ws/build/chapt4_interfaces' returned '0': CMAKE_PREFIX_PATH=${CMAKE_PREFIX_PATH}:/home/lyd/ROS2/chapter4_Service/Service_ws/install/demo_python_service:/opt/ros/humble /usr/bin/cmake --install /home/lyd/ROS2/chapter4_Service/Service_ws/build/chapt4_interfaces
[0.593s] Level 1:colcon.colcon_core.shell:create_environment_hook('chapt4_interfaces', 'cmake_prefix_path')
[0.593s] INFO:colcon.colcon_core.shell:Creating environment hook '/home/lyd/ROS2/chapter4_Service/Service_ws/install/chapt4_interfaces/share/chapt4_interfaces/hook/cmake_prefix_path.ps1'
[0.594s] INFO:colcon.colcon_core.shell:Creating environment descriptor '/home/lyd/ROS2/chapter4_Service/Service_ws/install/chapt4_interfaces/share/chapt4_interfaces/hook/cmake_prefix_path.dsv'
[0.594s] INFO:colcon.colcon_core.shell:Creating environment hook '/home/lyd/ROS2/chapter4_Service/Service_ws/install/chapt4_interfaces/share/chapt4_interfaces/hook/cmake_prefix_path.sh'
[0.595s] Level 1:colcon.colcon_core.environment:checking '/home/lyd/ROS2/chapter4_Service/Service_ws/install/chapt4_interfaces/lib'
[0.595s] Level 1:colcon.colcon_core.shell:create_environment_hook('chapt4_interfaces', 'ld_library_path_lib')
[0.595s] INFO:colcon.colcon_core.shell:Creating environment hook '/home/lyd/ROS2/chapter4_Service/Service_ws/install/chapt4_interfaces/share/chapt4_interfaces/hook/ld_library_path_lib.ps1'
[0.596s] INFO:colcon.colcon_core.shell:Creating environment descriptor '/home/lyd/ROS2/chapter4_Service/Service_ws/install/chapt4_interfaces/share/chapt4_interfaces/hook/ld_library_path_lib.dsv'
[0.596s] INFO:colcon.colcon_core.shell:Creating environment hook '/home/lyd/ROS2/chapter4_Service/Service_ws/install/chapt4_interfaces/share/chapt4_interfaces/hook/ld_library_path_lib.sh'
[0.596s] Level 1:colcon.colcon_core.environment:checking '/home/lyd/ROS2/chapter4_Service/Service_ws/install/chapt4_interfaces/bin'
[0.596s] Level 1:colcon.colcon_core.environment:checking '/home/lyd/ROS2/chapter4_Service/Service_ws/install/chapt4_interfaces/lib/pkgconfig/chapt4_interfaces.pc'
[0.597s] Level 1:colcon.colcon_core.environment:checking '/home/lyd/ROS2/chapter4_Service/Service_ws/install/chapt4_interfaces/lib/python3.10/site-packages'
[0.597s] Level 1:colcon.colcon_core.environment:checking '/home/lyd/ROS2/chapter4_Service/Service_ws/install/chapt4_interfaces/bin'
[0.597s] INFO:colcon.colcon_core.shell:Creating package script '/home/lyd/ROS2/chapter4_Service/Service_ws/install/chapt4_interfaces/share/chapt4_interfaces/package.ps1'
[0.597s] INFO:colcon.colcon_core.shell:Creating package descriptor '/home/lyd/ROS2/chapter4_Service/Service_ws/install/chapt4_interfaces/share/chapt4_interfaces/package.dsv'
[0.598s] INFO:colcon.colcon_core.shell:Creating package script '/home/lyd/ROS2/chapter4_Service/Service_ws/install/chapt4_interfaces/share/chapt4_interfaces/package.sh'
[0.598s] INFO:colcon.colcon_core.shell:Creating package script '/home/lyd/ROS2/chapter4_Service/Service_ws/install/chapt4_interfaces/share/chapt4_interfaces/package.bash'
[0.600s] INFO:colcon.colcon_core.shell:Creating package script '/home/lyd/ROS2/chapter4_Service/Service_ws/install/chapt4_interfaces/share/chapt4_interfaces/package.zsh'
[0.600s] Level 1:colcon.colcon_core.environment:create_file_with_runtime_dependencies(/home/lyd/ROS2/chapter4_Service/Service_ws/install/chapt4_interfaces/share/colcon-core/packages/chapt4_interfaces)
[0.601s] Level 1:colcon.colcon_core.environment:create_environment_scripts_only(chapt4_interfaces)
[0.601s] Level 1:colcon.colcon_core.environment:checking '/home/lyd/ROS2/chapter4_Service/Service_ws/install/chapt4_interfaces' for CMake module files
[0.601s] Level 1:colcon.colcon_core.environment:checking '/home/lyd/ROS2/chapter4_Service/Service_ws/install/chapt4_interfaces' for CMake config files
[0.602s] Level 1:colcon.colcon_core.shell:create_environment_hook('chapt4_interfaces', 'cmake_prefix_path')
[0.602s] INFO:colcon.colcon_core.shell:Creating environment hook '/home/lyd/ROS2/chapter4_Service/Service_ws/install/chapt4_interfaces/share/chapt4_interfaces/hook/cmake_prefix_path.ps1'
[0.602s] INFO:colcon.colcon_core.shell:Creating environment descriptor '/home/lyd/ROS2/chapter4_Service/Service_ws/install/chapt4_interfaces/share/chapt4_interfaces/hook/cmake_prefix_path.dsv'
[0.603s] INFO:colcon.colcon_core.shell:Creating environment hook '/home/lyd/ROS2/chapter4_Service/Service_ws/install/chapt4_interfaces/share/chapt4_interfaces/hook/cmake_prefix_path.sh'
[0.603s] Level 1:colcon.colcon_core.environment:checking '/home/lyd/ROS2/chapter4_Service/Service_ws/install/chapt4_interfaces/lib'
[0.603s] Level 1:colcon.colcon_core.shell:create_environment_hook('chapt4_interfaces', 'ld_library_path_lib')
[0.603s] INFO:colcon.colcon_core.shell:Creating environment hook '/home/lyd/ROS2/chapter4_Service/Service_ws/install/chapt4_interfaces/share/chapt4_interfaces/hook/ld_library_path_lib.ps1'
[0.604s] INFO:colcon.colcon_core.shell:Creating environment descriptor '/home/lyd/ROS2/chapter4_Service/Service_ws/install/chapt4_interfaces/share/chapt4_interfaces/hook/ld_library_path_lib.dsv'
[0.604s] INFO:colcon.colcon_core.shell:Creating environment hook '/home/lyd/ROS2/chapter4_Service/Service_ws/install/chapt4_interfaces/share/chapt4_interfaces/hook/ld_library_path_lib.sh'
[0.604s] Level 1:colcon.colcon_core.environment:checking '/home/lyd/ROS2/chapter4_Service/Service_ws/install/chapt4_interfaces/bin'
[0.604s] Level 1:colcon.colcon_core.environment:checking '/home/lyd/ROS2/chapter4_Service/Service_ws/install/chapt4_interfaces/lib/pkgconfig/chapt4_interfaces.pc'
[0.604s] Level 1:colcon.colcon_core.environment:checking '/home/lyd/ROS2/chapter4_Service/Service_ws/install/chapt4_interfaces/lib/python3.10/site-packages'
[0.605s] Level 1:colcon.colcon_core.environment:checking '/home/lyd/ROS2/chapter4_Service/Service_ws/install/chapt4_interfaces/bin'
[0.605s] INFO:colcon.colcon_core.shell:Creating package script '/home/lyd/ROS2/chapter4_Service/Service_ws/install/chapt4_interfaces/share/chapt4_interfaces/package.ps1'
[0.605s] INFO:colcon.colcon_core.shell:Creating package descriptor '/home/lyd/ROS2/chapter4_Service/Service_ws/install/chapt4_interfaces/share/chapt4_interfaces/package.dsv'
[0.606s] INFO:colcon.colcon_core.shell:Creating package script '/home/lyd/ROS2/chapter4_Service/Service_ws/install/chapt4_interfaces/share/chapt4_interfaces/package.sh'
[0.606s] INFO:colcon.colcon_core.shell:Creating package script '/home/lyd/ROS2/chapter4_Service/Service_ws/install/chapt4_interfaces/share/chapt4_interfaces/package.bash'
[0.606s] INFO:colcon.colcon_core.shell:Creating package script '/home/lyd/ROS2/chapter4_Service/Service_ws/install/chapt4_interfaces/share/chapt4_interfaces/package.zsh'
[0.607s] Level 1:colcon.colcon_core.environment:create_file_with_runtime_dependencies(/home/lyd/ROS2/chapter4_Service/Service_ws/install/chapt4_interfaces/share/colcon-core/packages/chapt4_interfaces)
[0.608s] INFO:colcon.colcon_ros.task.ament_cmake.build:Building ROS package in '/home/lyd/ROS2/chapter4_Service/Service_ws/src/demo_cpp_service' with build type 'ament_cmake'
[0.608s] INFO:colcon.colcon_cmake.task.cmake.build:Building CMake package in '/home/lyd/ROS2/chapter4_Service/Service_ws/src/demo_cpp_service'
[0.608s] INFO:colcon.colcon_core.shell:Skip shell extension 'powershell' for command environment: Not usable outside of PowerShell
[0.608s] DEBUG:colcon.colcon_core.shell:Skip shell extension 'dsv' for command environment
[0.611s] INFO:colcon.colcon_ros.task.ament_python.build:Building ROS package in '/home/lyd/ROS2/chapter4_Service/Service_ws/src/demo_python_service' with build type 'ament_python'
[0.611s] Level 1:colcon.colcon_core.shell:create_environment_hook('demo_python_service', 'ament_prefix_path')
[0.611s] INFO:colcon.colcon_core.shell:Creating environment hook '/home/lyd/ROS2/chapter4_Service/Service_ws/install/demo_python_service/share/demo_python_service/hook/ament_prefix_path.ps1'
[0.612s] INFO:colcon.colcon_core.shell:Creating environment descriptor '/home/lyd/ROS2/chapter4_Service/Service_ws/install/demo_python_service/share/demo_python_service/hook/ament_prefix_path.dsv'
[0.612s] INFO:colcon.colcon_core.shell:Creating environment hook '/home/lyd/ROS2/chapter4_Service/Service_ws/install/demo_python_service/share/demo_python_service/hook/ament_prefix_path.sh'
[0.612s] INFO:colcon.colcon_core.shell:Skip shell extension 'powershell' for command environment: Not usable outside of PowerShell
[0.612s] DEBUG:colcon.colcon_core.shell:Skip shell extension 'dsv' for command environment
[0.618s] DEBUG:colcon.colcon_core.event_handler.log_command:Invoking command in '/home/lyd/ROS2/chapter4_Service/Service_ws/build/demo_cpp_service': CMAKE_PREFIX_PATH=/home/lyd/ROS2/chapter4_Service/Service_ws/install/chapt4_interfaces:/home/lyd/ROS2/chapter4_Service/Service_ws/install/demo_cpp_service:/home/lyd/ROS2/chapter4_Service/Service_ws/install/demo_python_service:/opt/ros/humble /usr/bin/cmake --build /home/lyd/ROS2/chapter4_Service/Service_ws/build/demo_cpp_service -- -j4 -l4
[0.820s] INFO:colcon.colcon_core.task.python.build:Building Python package in '/home/lyd/ROS2/chapter4_Service/Service_ws/src/demo_python_service'
[0.821s] INFO:colcon.colcon_core.shell:Skip shell extension 'powershell' for command environment: Not usable outside of PowerShell
[0.821s] DEBUG:colcon.colcon_core.shell:Skip shell extension 'dsv' for command environment
[0.825s] DEBUG:colcon.colcon_core.event_handler.log_command:Invoked command in '/home/lyd/ROS2/chapter4_Service/Service_ws/build/demo_cpp_service' returned '0': CMAKE_PREFIX_PATH=/home/lyd/ROS2/chapter4_Service/Service_ws/install/chapt4_interfaces:/home/lyd/ROS2/chapter4_Service/Service_ws/install/demo_cpp_service:/home/lyd/ROS2/chapter4_Service/Service_ws/install/demo_python_service:/opt/ros/humble /usr/bin/cmake --build /home/lyd/ROS2/chapter4_Service/Service_ws/build/demo_cpp_service -- -j4 -l4
[0.826s] DEBUG:colcon.colcon_core.event_handler.log_command:Invoking command in '/home/lyd/ROS2/chapter4_Service/Service_ws/build/demo_cpp_service': CMAKE_PREFIX_PATH=/home/lyd/ROS2/chapter4_Service/Service_ws/install/chapt4_interfaces:/home/lyd/ROS2/chapter4_Service/Service_ws/install/demo_cpp_service:/home/lyd/ROS2/chapter4_Service/Service_ws/install/demo_python_service:/opt/ros/humble /usr/bin/cmake --install /home/lyd/ROS2/chapter4_Service/Service_ws/build/demo_cpp_service
[0.834s] Level 1:colcon.colcon_core.environment:create_environment_scripts_only(demo_cpp_service)
[0.834s] DEBUG:colcon.colcon_core.event_handler.log_command:Invoked command in '/home/lyd/ROS2/chapter4_Service/Service_ws/build/demo_cpp_service' returned '0': CMAKE_PREFIX_PATH=/home/lyd/ROS2/chapter4_Service/Service_ws/install/chapt4_interfaces:/home/lyd/ROS2/chapter4_Service/Service_ws/install/demo_cpp_service:/home/lyd/ROS2/chapter4_Service/Service_ws/install/demo_python_service:/opt/ros/humble /usr/bin/cmake --install /home/lyd/ROS2/chapter4_Service/Service_ws/build/demo_cpp_service
[0.834s] Level 1:colcon.colcon_core.environment:checking '/home/lyd/ROS2/chapter4_Service/Service_ws/install/demo_cpp_service' for CMake module files
[0.835s] Level 1:colcon.colcon_core.environment:checking '/home/lyd/ROS2/chapter4_Service/Service_ws/install/demo_cpp_service' for CMake config files
[0.835s] Level 1:colcon.colcon_core.shell:create_environment_hook('demo_cpp_service', 'cmake_prefix_path')
[0.835s] INFO:colcon.colcon_core.shell:Creating environment hook '/home/lyd/ROS2/chapter4_Service/Service_ws/install/demo_cpp_service/share/demo_cpp_service/hook/cmake_prefix_path.ps1'
[0.835s] INFO:colcon.colcon_core.shell:Creating environment descriptor '/home/lyd/ROS2/chapter4_Service/Service_ws/install/demo_cpp_service/share/demo_cpp_service/hook/cmake_prefix_path.dsv'
[0.836s] INFO:colcon.colcon_core.shell:Creating environment hook '/home/lyd/ROS2/chapter4_Service/Service_ws/install/demo_cpp_service/share/demo_cpp_service/hook/cmake_prefix_path.sh'
[0.836s] Level 1:colcon.colcon_core.environment:checking '/home/lyd/ROS2/chapter4_Service/Service_ws/install/demo_cpp_service/lib'
[0.836s] Level 1:colcon.colcon_core.environment:checking '/home/lyd/ROS2/chapter4_Service/Service_ws/install/demo_cpp_service/bin'
[0.836s] Level 1:colcon.colcon_core.environment:checking '/home/lyd/ROS2/chapter4_Service/Service_ws/install/demo_cpp_service/lib/pkgconfig/demo_cpp_service.pc'
[0.836s] Level 1:colcon.colcon_core.environment:checking '/home/lyd/ROS2/chapter4_Service/Service_ws/install/demo_cpp_service/lib/python3.10/site-packages'
[0.836s] Level 1:colcon.colcon_core.environment:checking '/home/lyd/ROS2/chapter4_Service/Service_ws/install/demo_cpp_service/bin'
[0.837s] INFO:colcon.colcon_core.shell:Creating package script '/home/lyd/ROS2/chapter4_Service/Service_ws/install/demo_cpp_service/share/demo_cpp_service/package.ps1'
[0.837s] INFO:colcon.colcon_core.shell:Creating package descriptor '/home/lyd/ROS2/chapter4_Service/Service_ws/install/demo_cpp_service/share/demo_cpp_service/package.dsv'
[0.837s] INFO:colcon.colcon_core.shell:Creating package script '/home/lyd/ROS2/chapter4_Service/Service_ws/install/demo_cpp_service/share/demo_cpp_service/package.sh'
[0.838s] INFO:colcon.colcon_core.shell:Creating package script '/home/lyd/ROS2/chapter4_Service/Service_ws/install/demo_cpp_service/share/demo_cpp_service/package.bash'
[0.838s] INFO:colcon.colcon_core.shell:Creating package script '/home/lyd/ROS2/chapter4_Service/Service_ws/install/demo_cpp_service/share/demo_cpp_service/package.zsh'
[0.838s] Level 1:colcon.colcon_core.environment:create_file_with_runtime_dependencies(/home/lyd/ROS2/chapter4_Service/Service_ws/install/demo_cpp_service/share/colcon-core/packages/demo_cpp_service)
[0.839s] Level 1:colcon.colcon_core.environment:create_environment_scripts_only(demo_cpp_service)
[0.839s] Level 1:colcon.colcon_core.environment:checking '/home/lyd/ROS2/chapter4_Service/Service_ws/install/demo_cpp_service' for CMake module files
[0.839s] Level 1:colcon.colcon_core.environment:checking '/home/lyd/ROS2/chapter4_Service/Service_ws/install/demo_cpp_service' for CMake config files
[0.839s] Level 1:colcon.colcon_core.shell:create_environment_hook('demo_cpp_service', 'cmake_prefix_path')
[0.839s] INFO:colcon.colcon_core.shell:Creating environment hook '/home/lyd/ROS2/chapter4_Service/Service_ws/install/demo_cpp_service/share/demo_cpp_service/hook/cmake_prefix_path.ps1'
[0.840s] INFO:colcon.colcon_core.shell:Creating environment descriptor '/home/lyd/ROS2/chapter4_Service/Service_ws/install/demo_cpp_service/share/demo_cpp_service/hook/cmake_prefix_path.dsv'
[0.840s] INFO:colcon.colcon_core.shell:Creating environment hook '/home/lyd/ROS2/chapter4_Service/Service_ws/install/demo_cpp_service/share/demo_cpp_service/hook/cmake_prefix_path.sh'
[0.840s] Level 1:colcon.colcon_core.environment:checking '/home/lyd/ROS2/chapter4_Service/Service_ws/install/demo_cpp_service/lib'
[0.840s] Level 1:colcon.colcon_core.environment:checking '/home/lyd/ROS2/chapter4_Service/Service_ws/install/demo_cpp_service/bin'
[0.840s] Level 1:colcon.colcon_core.environment:checking '/home/lyd/ROS2/chapter4_Service/Service_ws/install/demo_cpp_service/lib/pkgconfig/demo_cpp_service.pc'
[0.841s] Level 1:colcon.colcon_core.environment:checking '/home/lyd/ROS2/chapter4_Service/Service_ws/install/demo_cpp_service/lib/python3.10/site-packages'
[0.841s] Level 1:colcon.colcon_core.environment:checking '/home/lyd/ROS2/chapter4_Service/Service_ws/install/demo_cpp_service/bin'
[0.841s] INFO:colcon.colcon_core.shell:Creating package script '/home/lyd/ROS2/chapter4_Service/Service_ws/install/demo_cpp_service/share/demo_cpp_service/package.ps1'
[0.841s] INFO:colcon.colcon_core.shell:Creating package descriptor '/home/lyd/ROS2/chapter4_Service/Service_ws/install/demo_cpp_service/share/demo_cpp_service/package.dsv'
[0.842s] INFO:colcon.colcon_core.shell:Creating package script '/home/lyd/ROS2/chapter4_Service/Service_ws/install/demo_cpp_service/share/demo_cpp_service/package.sh'
[0.842s] INFO:colcon.colcon_core.shell:Creating package script '/home/lyd/ROS2/chapter4_Service/Service_ws/install/demo_cpp_service/share/demo_cpp_service/package.bash'
[0.842s] INFO:colcon.colcon_core.shell:Creating package script '/home/lyd/ROS2/chapter4_Service/Service_ws/install/demo_cpp_service/share/demo_cpp_service/package.zsh'
[0.843s] Level 1:colcon.colcon_core.environment:create_file_with_runtime_dependencies(/home/lyd/ROS2/chapter4_Service/Service_ws/install/demo_cpp_service/share/colcon-core/packages/demo_cpp_service)
[1.057s] DEBUG:colcon.colcon_core.event_handler.log_command:Invoking command in '/home/lyd/ROS2/chapter4_Service/Service_ws/src/demo_python_service': CMAKE_PREFIX_PATH=/home/lyd/ROS2/chapter4_Service/Service_ws/install/chapt4_interfaces:/home/lyd/ROS2/chapter4_Service/Service_ws/install/demo_cpp_service PYTHONPATH=/home/lyd/ROS2/chapter4_Service/Service_ws/build/demo_python_service/prefix_override:/usr/lib/python3/dist-packages/colcon_core/task/python/colcon_distutils_commands:/home/lyd/ROS2/chapter4_Service/Service_ws/install/demo_python_service/lib/python3.10/site-packages:${PYTHONPATH} /usr/bin/python3 -W ignore:setup.py install is deprecated -W ignore:easy_install command is deprecated setup.py egg_info --egg-base ../../build/demo_python_service build --build-base /home/lyd/ROS2/chapter4_Service/Service_ws/build/demo_python_service/build install --record /home/lyd/ROS2/chapter4_Service/Service_ws/build/demo_python_service/install.log --single-version-externally-managed install_data
[1.248s] Level 1:colcon.colcon_core.environment:checking '/home/lyd/ROS2/chapter4_Service/Service_ws/install/demo_python_service' for CMake module files
[1.249s] DEBUG:colcon.colcon_core.event_handler.log_command:Invoked command in '/home/lyd/ROS2/chapter4_Service/Service_ws/src/demo_python_service' returned '0': CMAKE_PREFIX_PATH=/home/lyd/ROS2/chapter4_Service/Service_ws/install/chapt4_interfaces:/home/lyd/ROS2/chapter4_Service/Service_ws/install/demo_cpp_service PYTHONPATH=/home/lyd/ROS2/chapter4_Service/Service_ws/build/demo_python_service/prefix_override:/usr/lib/python3/dist-packages/colcon_core/task/python/colcon_distutils_commands:/home/lyd/ROS2/chapter4_Service/Service_ws/install/demo_python_service/lib/python3.10/site-packages:${PYTHONPATH} /usr/bin/python3 -W ignore:setup.py install is deprecated -W ignore:easy_install command is deprecated setup.py egg_info --egg-base ../../build/demo_python_service build --build-base /home/lyd/ROS2/chapter4_Service/Service_ws/build/demo_python_service/build install --record /home/lyd/ROS2/chapter4_Service/Service_ws/build/demo_python_service/install.log --single-version-externally-managed install_data
[1.249s] Level 1:colcon.colcon_core.environment:checking '/home/lyd/ROS2/chapter4_Service/Service_ws/install/demo_python_service' for CMake config files
[1.249s] Level 1:colcon.colcon_core.environment:checking '/home/lyd/ROS2/chapter4_Service/Service_ws/install/demo_python_service/lib'
[1.250s] Level 1:colcon.colcon_core.environment:checking '/home/lyd/ROS2/chapter4_Service/Service_ws/install/demo_python_service/bin'
[1.250s] Level 1:colcon.colcon_core.environment:checking '/home/lyd/ROS2/chapter4_Service/Service_ws/install/demo_python_service/lib/pkgconfig/demo_python_service.pc'
[1.250s] Level 1:colcon.colcon_core.environment:checking '/home/lyd/ROS2/chapter4_Service/Service_ws/install/demo_python_service/lib/python3.10/site-packages'
[1.250s] Level 1:colcon.colcon_core.shell:create_environment_hook('demo_python_service', 'pythonpath')
[1.250s] INFO:colcon.colcon_core.shell:Creating environment hook '/home/lyd/ROS2/chapter4_Service/Service_ws/install/demo_python_service/share/demo_python_service/hook/pythonpath.ps1'
[1.250s] INFO:colcon.colcon_core.shell:Creating environment descriptor '/home/lyd/ROS2/chapter4_Service/Service_ws/install/demo_python_service/share/demo_python_service/hook/pythonpath.dsv'
[1.251s] INFO:colcon.colcon_core.shell:Creating environment hook '/home/lyd/ROS2/chapter4_Service/Service_ws/install/demo_python_service/share/demo_python_service/hook/pythonpath.sh'
[1.251s] Level 1:colcon.colcon_core.environment:checking '/home/lyd/ROS2/chapter4_Service/Service_ws/install/demo_python_service/bin'
[1.251s] Level 1:colcon.colcon_core.environment:create_environment_scripts_only(demo_python_service)
[1.251s] INFO:colcon.colcon_core.shell:Creating package script '/home/lyd/ROS2/chapter4_Service/Service_ws/install/demo_python_service/share/demo_python_service/package.ps1'
[1.252s] INFO:colcon.colcon_core.shell:Creating package descriptor '/home/lyd/ROS2/chapter4_Service/Service_ws/install/demo_python_service/share/demo_python_service/package.dsv'
[1.252s] INFO:colcon.colcon_core.shell:Creating package script '/home/lyd/ROS2/chapter4_Service/Service_ws/install/demo_python_service/share/demo_python_service/package.sh'
[1.253s] INFO:colcon.colcon_core.shell:Creating package script '/home/lyd/ROS2/chapter4_Service/Service_ws/install/demo_python_service/share/demo_python_service/package.bash'
[1.253s] INFO:colcon.colcon_core.shell:Creating package script '/home/lyd/ROS2/chapter4_Service/Service_ws/install/demo_python_service/share/demo_python_service/package.zsh'
[1.253s] Level 1:colcon.colcon_core.environment:create_file_with_runtime_dependencies(/home/lyd/ROS2/chapter4_Service/Service_ws/install/demo_python_service/share/colcon-core/packages/demo_python_service)
[1.254s] DEBUG:colcon.colcon_parallel_executor.executor.parallel:closing loop
[1.254s] DEBUG:colcon.colcon_parallel_executor.executor.parallel:loop closed
[1.254s] DEBUG:colcon.colcon_parallel_executor.executor.parallel:run_until_complete finished with '0'
[1.254s] DEBUG:colcon.colcon_core.event_reactor:joining thread
[1.258s] INFO:colcon.colcon_core.plugin_system:Skipping extension 'colcon_notification.desktop_notification.terminal_notifier': Not used on non-Darwin systems
[1.258s] INFO:colcon.colcon_core.plugin_system:Skipping extension 'colcon_notification.desktop_notification.win32': Not used on non-Windows systems
[1.258s] INFO:colcon.colcon_notification.desktop_notification:Sending desktop notification using 'notify2'
[1.268s] DEBUG:colcon.colcon_core.event_reactor:joined thread
[1.268s] INFO:colcon.colcon_core.shell:Creating prefix script '/home/lyd/ROS2/chapter4_Service/Service_ws/install/local_setup.ps1'
[1.269s] INFO:colcon.colcon_core.shell:Creating prefix util module '/home/lyd/ROS2/chapter4_Service/Service_ws/install/_local_setup_util_ps1.py'
[1.270s] INFO:colcon.colcon_core.shell:Creating prefix chain script '/home/lyd/ROS2/chapter4_Service/Service_ws/install/setup.ps1'
[1.271s] INFO:colcon.colcon_core.shell:Creating prefix script '/home/lyd/ROS2/chapter4_Service/Service_ws/install/local_setup.sh'
[1.273s] INFO:colcon.colcon_core.shell:Creating prefix util module '/home/lyd/ROS2/chapter4_Service/Service_ws/install/_local_setup_util_sh.py'
[1.273s] INFO:colcon.colcon_core.shell:Creating prefix chain script '/home/lyd/ROS2/chapter4_Service/Service_ws/install/setup.sh'
[1.274s] INFO:colcon.colcon_core.shell:Creating prefix script '/home/lyd/ROS2/chapter4_Service/Service_ws/install/local_setup.bash'
[1.274s] INFO:colcon.colcon_core.shell:Creating prefix chain script '/home/lyd/ROS2/chapter4_Service/Service_ws/install/setup.bash'
[1.275s] INFO:colcon.colcon_core.shell:Creating prefix script '/home/lyd/ROS2/chapter4_Service/Service_ws/install/local_setup.zsh'
[1.276s] INFO:colcon.colcon_core.shell:Creating prefix chain script '/home/lyd/ROS2/chapter4_Service/Service_ws/install/setup.zsh'
