-- Found ament_cmake: 1.3.11 (/opt/ros/humble/share/ament_cmake/cmake)
-- Found rclcpp: 16.0.12 (/opt/ros/humble/share/rclcpp/cmake)
-- Found rosidl_generator_c: 3.1.6 (/opt/ros/humble/share/rosidl_generator_c/cmake)
-- Found rosidl_adapter: 3.1.6 (/opt/ros/humble/share/rosidl_adapter/cmake)
-- Found rosidl_generator_cpp: 3.1.6 (/opt/ros/humble/share/rosidl_generator_cpp/cmake)
-- Using all available rosidl_typesupport_c: rosidl_typesupport_fastrtps_c;rosidl_typesupport_introspection_c
-- Using all available rosidl_typesupport_cpp: rosidl_typesupport_fastrtps_cpp;rosidl_typesupport_introspection_cpp
-- Found rmw_implementation_cmake: 6.1.2 (/opt/ros/humble/share/rmw_implementation_cmake/cmake)
-- Found rmw_fastrtps_cpp: 6.2.7 (/opt/ros/humble/share/rmw_fastrtps_cpp/cmake)
-- Using RMW implementation 'rmw_fastrtps_cpp' as default
-- Found ament_lint_auto: 0.12.12 (/opt/ros/humble/share/ament_lint_auto/cmake)
-- Added test 'cppcheck' to perform static code analysis on C / C++ code
-- Configured cppcheck include dirs: /home/lyd/ROS2/chapter2_Node/chapter2_workspace/src/demo_cpp_pkg/include
-- Configured cppcheck exclude dirs and/or files: 
-- Added test 'flake8' to check Python code syntax and style conventions
-- Added test 'lint_cmake' to check CMake code style
-- Added test 'pep257' to check Python code against some of the docstring style conventions in PEP 257
-- Added test 'uncrustify' to check C / C++ code style
-- Configured uncrustify additional arguments: 
-- Added test 'xmllint' to check XML markup files
-- Configuring done
-- Generating done
-- Build files have been written to: /home/lyd/ROS2/chapter2_Node/chapter2_workspace/build/demo_cpp_pkg
[35m[1mConsolidate compiler generated dependencies of target auto_test[0m
[35m[1mConsolidate compiler generated dependencies of target shared_ptr_test[0m
[35m[1mConsolidate compiler generated dependencies of target person_node[0m
[35m[1mConsolidate compiler generated dependencies of target cpp_node[0m
[  7%] [32mBuilding CXX object CMakeFiles/auto_test.dir/src/auto_test.cpp.o[0m
[ 21%] [32mBuilding CXX object CMakeFiles/cpp_node.dir/src/cpp_node.cpp.o[0m
[ 21%] [32mBuilding CXX object CMakeFiles/shared_ptr_test.dir/src/shared_ptr_test.cpp.o[0m
[ 28%] [32mBuilding CXX object CMakeFiles/person_node.dir/src/class_node.cpp.o[0m
[ 35%] [32m[1mLinking CXX executable auto_test[0m
[ 42%] [32m[1mLinking CXX executable shared_ptr_test[0m
[ 42%] Built target shared_ptr_test
[35m[1mConsolidate compiler generated dependencies of target lambda_test[0m
[ 42%] Built target auto_test
[ 50%] [32mBuilding CXX object CMakeFiles/lambda_test.dir/src/lambda_test.cpp.o[0m
[35m[1mConsolidate compiler generated dependencies of target funcational_test[0m
[ 57%] [32mBuilding CXX object CMakeFiles/funcational_test.dir/src/funcational_test.cpp.o[0m
[ 64%] [32m[1mLinking CXX executable lambda_test[0m
[ 64%] Built target lambda_test
[ 71%] [32mBuilding CXX object CMakeFiles/thread_test.dir/src/thread_test.cpp.o[0m
[ 78%] [32m[1mLinking CXX executable funcational_test[0m
[ 78%] Built target funcational_test
[ 85%] [32m[1mLinking CXX executable cpp_node[0m
[ 92%] [32m[1mLinking CXX executable person_node[0m
[ 92%] Built target cpp_node
[ 92%] Built target person_node
[100%] [32m[1mLinking CXX executable thread_test[0m
[100%] Built target thread_test
-- Install configuration: ""
-- Installing: /home/lyd/ROS2/chapter2_Node/chapter2_workspace/install/demo_cpp_pkg/lib/demo_cpp_pkg/cpp_node
-- Set runtime path of "/home/lyd/ROS2/chapter2_Node/chapter2_workspace/install/demo_cpp_pkg/lib/demo_cpp_pkg/cpp_node" to ""
-- Installing: /home/lyd/ROS2/chapter2_Node/chapter2_workspace/install/demo_cpp_pkg/lib/demo_cpp_pkg/person_node
-- Set runtime path of "/home/lyd/ROS2/chapter2_Node/chapter2_workspace/install/demo_cpp_pkg/lib/demo_cpp_pkg/person_node" to ""
-- Installing: /home/lyd/ROS2/chapter2_Node/chapter2_workspace/install/demo_cpp_pkg/lib/demo_cpp_pkg/auto_test
-- Set runtime path of "/home/lyd/ROS2/chapter2_Node/chapter2_workspace/install/demo_cpp_pkg/lib/demo_cpp_pkg/auto_test" to ""
-- Installing: /home/lyd/ROS2/chapter2_Node/chapter2_workspace/install/demo_cpp_pkg/lib/demo_cpp_pkg/shared_ptr_test
-- Installing: /home/lyd/ROS2/chapter2_Node/chapter2_workspace/install/demo_cpp_pkg/lib/demo_cpp_pkg/lambda_test
-- Installing: /home/lyd/ROS2/chapter2_Node/chapter2_workspace/install/demo_cpp_pkg/lib/demo_cpp_pkg/funcational_test
-- Up-to-date: /home/lyd/ROS2/chapter2_Node/chapter2_workspace/install/demo_cpp_pkg/share/ament_index/resource_index/package_run_dependencies/demo_cpp_pkg
-- Installing: /home/lyd/ROS2/chapter2_Node/chapter2_workspace/install/demo_cpp_pkg/share/ament_index/resource_index/parent_prefix_path/demo_cpp_pkg
-- Up-to-date: /home/lyd/ROS2/chapter2_Node/chapter2_workspace/install/demo_cpp_pkg/share/demo_cpp_pkg/environment/ament_prefix_path.sh
-- Installing: /home/lyd/ROS2/chapter2_Node/chapter2_workspace/install/demo_cpp_pkg/share/demo_cpp_pkg/environment/ament_prefix_path.dsv
-- Up-to-date: /home/lyd/ROS2/chapter2_Node/chapter2_workspace/install/demo_cpp_pkg/share/demo_cpp_pkg/environment/path.sh
-- Installing: /home/lyd/ROS2/chapter2_Node/chapter2_workspace/install/demo_cpp_pkg/share/demo_cpp_pkg/environment/path.dsv
-- Up-to-date: /home/lyd/ROS2/chapter2_Node/chapter2_workspace/install/demo_cpp_pkg/share/demo_cpp_pkg/local_setup.bash
-- Up-to-date: /home/lyd/ROS2/chapter2_Node/chapter2_workspace/install/demo_cpp_pkg/share/demo_cpp_pkg/local_setup.sh
-- Up-to-date: /home/lyd/ROS2/chapter2_Node/chapter2_workspace/install/demo_cpp_pkg/share/demo_cpp_pkg/local_setup.zsh
-- Installing: /home/lyd/ROS2/chapter2_Node/chapter2_workspace/install/demo_cpp_pkg/share/demo_cpp_pkg/local_setup.dsv
-- Installing: /home/lyd/ROS2/chapter2_Node/chapter2_workspace/install/demo_cpp_pkg/share/demo_cpp_pkg/package.dsv
-- Up-to-date: /home/lyd/ROS2/chapter2_Node/chapter2_workspace/install/demo_cpp_pkg/share/ament_index/resource_index/packages/demo_cpp_pkg
-- Up-to-date: /home/lyd/ROS2/chapter2_Node/chapter2_workspace/install/demo_cpp_pkg/share/demo_cpp_pkg/cmake/demo_cpp_pkgConfig.cmake
-- Up-to-date: /home/lyd/ROS2/chapter2_Node/chapter2_workspace/install/demo_cpp_pkg/share/demo_cpp_pkg/cmake/demo_cpp_pkgConfig-version.cmake
-- Up-to-date: /home/lyd/ROS2/chapter2_Node/chapter2_workspace/install/demo_cpp_pkg/share/demo_cpp_pkg/package.xml
