[0.914s] Invoking command in '/home/lyd/ROS2/chapter4_Service/Service_ws/src/demo_python_service': CMAKE_PREFIX_PATH=/home/lyd/ROS2/chapter4_Service/install/chapt4_interfaces:/home/lyd/ROS2/chapter4_Service/install/demo_cpp_service PYTHONPATH=/home/lyd/ROS2/chapter4_Service/build/demo_python_service/prefix_override:/usr/lib/python3/dist-packages/colcon_core/task/python/colcon_distutils_commands:/home/lyd/ROS2/chapter4_Service/install/demo_python_service/lib/python3.10/site-packages:${PYTHONPATH} /usr/bin/python3 -W ignore:setup.py install is deprecated -W ignore:easy_install command is deprecated setup.py egg_info --egg-base ../../../build/demo_python_service build --build-base /home/lyd/ROS2/chapter4_Service/build/demo_python_service/build install --record /home/lyd/ROS2/chapter4_Service/build/demo_python_service/install.log --single-version-externally-managed install_data
[1.195s] running egg_info
[1.198s] writing ../../../build/demo_python_service/demo_python_service.egg-info/PKG-INFO
[1.198s] writing dependency_links to ../../../build/demo_python_service/demo_python_service.egg-info/dependency_links.txt
[1.200s] writing entry points to ../../../build/demo_python_service/demo_python_service.egg-info/entry_points.txt
[1.202s] writing requirements to ../../../build/demo_python_service/demo_python_service.egg-info/requires.txt
[1.202s] writing top-level names to ../../../build/demo_python_service/demo_python_service.egg-info/top_level.txt
[1.211s] reading manifest file '../../../build/demo_python_service/demo_python_service.egg-info/SOURCES.txt'
[1.211s] adding license file 'LICENSE'
[1.211s] writing manifest file '../../../build/demo_python_service/demo_python_service.egg-info/SOURCES.txt'
[1.211s] running build
[1.211s] running build_py
[1.212s] running install
[1.212s] running install_lib
[1.213s] running install_data
[1.213s] running install_egg_info
[1.219s] removing '/home/lyd/ROS2/chapter4_Service/install/demo_python_service/lib/python3.10/site-packages/demo_python_service-0.0.0-py3.10.egg-info' (and everything under it)
[1.219s] Copying ../../../build/demo_python_service/demo_python_service.egg-info to /home/lyd/ROS2/chapter4_Service/install/demo_python_service/lib/python3.10/site-packages/demo_python_service-0.0.0-py3.10.egg-info
[1.219s] running install_scripts
[1.260s] Installing face_detect_client_node script to /home/lyd/ROS2/chapter4_Service/install/demo_python_service/lib/demo_python_service
[1.260s] Installing face_detect_node script to /home/lyd/ROS2/chapter4_Service/install/demo_python_service/lib/demo_python_service
[1.260s] Installing learn_face_detect script to /home/lyd/ROS2/chapter4_Service/install/demo_python_service/lib/demo_python_service
[1.261s] writing list of installed files to '/home/lyd/ROS2/chapter4_Service/build/demo_python_service/install.log'
[1.296s] Invoked command in '/home/lyd/ROS2/chapter4_Service/Service_ws/src/demo_python_service' returned '0': CMAKE_PREFIX_PATH=/home/lyd/ROS2/chapter4_Service/install/chapt4_interfaces:/home/lyd/ROS2/chapter4_Service/install/demo_cpp_service PYTHONPATH=/home/lyd/ROS2/chapter4_Service/build/demo_python_service/prefix_override:/usr/lib/python3/dist-packages/colcon_core/task/python/colcon_distutils_commands:/home/lyd/ROS2/chapter4_Service/install/demo_python_service/lib/python3.10/site-packages:${PYTHONPATH} /usr/bin/python3 -W ignore:setup.py install is deprecated -W ignore:easy_install command is deprecated setup.py egg_info --egg-base ../../../build/demo_python_service build --build-base /home/lyd/ROS2/chapter4_Service/build/demo_python_service/build install --record /home/lyd/ROS2/chapter4_Service/build/demo_python_service/install.log --single-version-externally-managed install_data
