[0.000000] (-) TimerEvent: {}
[0.000657] (fishbot_description) JobQueued: {'identifier': 'fishbot_description', 'dependencies': OrderedDict()}
[0.000696] (fishbot_description) JobStarted: {'identifier': 'fishbot_description'}
[0.007564] (fishbot_description) JobProgress: {'identifier': 'fishbot_description', 'progress': 'cmake'}
[0.008345] (fishbot_description) JobProgress: {'identifier': 'fishbot_description', 'progress': 'build'}
[0.008876] (fishbot_description) Command: {'cmd': ['/usr/bin/cmake', '--build', '/home/lyd/ROS2/chapter6_Simulation/chapt6_ws/build/fishbot_description', '--', '-j4', '-l4'], 'cwd': '/home/lyd/ROS2/chapter6_Simulation/chapt6_ws/build/fishbot_description', 'env': OrderedDict([('LANGUAGE', 'zh_CN:zh'), ('USER', 'lyd'), ('XDG_SESSION_TYPE', 'wayland'), ('GIT_ASKPASS', '/usr/share/code/resources/app/extensions/git/dist/askpass.sh'), ('SHLVL', '1'), ('LD_LIBRARY_PATH', '/opt/ros/humble/opt/rviz_ogre_vendor/lib:/opt/ros/humble/lib/x86_64-linux-gnu:/opt/ros/humble/lib'), ('HOME', '/home/lyd'), ('CHROME_DESKTOP', 'code.desktop'), ('TERM_PROGRAM_VERSION', '1.100.0'), ('DESKTOP_SESSION', 'ubuntu'), ('GIO_LAUNCHED_DESKTOP_FILE', '/usr/share/applications/code.desktop'), ('ROS_PYTHON_VERSION', '3'), ('GNOME_SHELL_SESSION_MODE', 'ubuntu'), ('GTK_MODULES', 'gail:atk-bridge'), ('VSCODE_GIT_ASKPASS_MAIN', '/usr/share/code/resources/app/extensions/git/dist/askpass-main.js'), ('VSCODE_GIT_ASKPASS_NODE', '/usr/share/code/code'), ('MANAGERPID', '2387'), ('DBUS_STARTER_BUS_TYPE', 'session'), ('SYSTEMD_EXEC_PID', '2546'), ('IM_CONFIG_CHECK_ENV', '1'), ('DBUS_SESSION_BUS_ADDRESS', 'unix:path=/run/user/1000/bus,guid=ae3fd952e89687405725aaae685c182e'), ('COLORTERM', 'truecolor'), ('GIO_LAUNCHED_DESKTOP_FILE_PID', '6219'), ('IM_CONFIG_PHASE', '1'), ('WAYLAND_DISPLAY', 'wayland-0'), ('ROS_DISTRO', 'humble'), ('LOGNAME', 'lyd'), ('JOURNAL_STREAM', '8:12918'), ('_', '/usr/bin/colcon'), ('ROS_VERSION', '2'), ('XDG_SESSION_CLASS', 'user'), ('USERNAME', 'lyd'), ('TERM', 'xterm-256color'), ('GNOME_DESKTOP_SESSION_ID', 'this-is-deprecated'), ('ROS_LOCALHOST_ONLY', '0'), ('PATH', '/opt/ros/humble/bin:/usr/local/sbin:/usr/local/bin:/usr/sbin:/usr/bin:/sbin:/bin:/usr/games:/usr/local/games:/snap/bin:/snap/bin'), ('SESSION_MANAGER', 'local/lyd-VirtualBox:@/tmp/.ICE-unix/2546,unix/lyd-VirtualBox:/tmp/.ICE-unix/2546'), ('INVOCATION_ID', '8f6cb0086d064b038919c8bc0a0e75c3'), ('XDG_MENU_PREFIX', 'gnome-'), ('GNOME_SETUP_DISPLAY', ':1'), ('XDG_RUNTIME_DIR', '/run/user/1000'), ('GDK_BACKEND', 'x11'), ('DISPLAY', ':0'), ('LANG', 'zh_CN.UTF-8'), ('XDG_CURRENT_DESKTOP', 'Unity'), ('XMODIFIERS', '@im=ibus'), ('XDG_SESSION_DESKTOP', 'ubuntu'), ('XAUTHORITY', '/run/user/1000/.mutter-Xwaylandauth.4IIA82'), ('VSCODE_GIT_IPC_HANDLE', '/run/user/1000/vscode-git-536089e836.sock'), ('TERM_PROGRAM', 'vscode'), ('SSH_AGENT_LAUNCHER', 'gnome-keyring'), ('SSH_AUTH_SOCK', '/run/user/1000/keyring/ssh'), ('AMENT_PREFIX_PATH', '/opt/ros/humble'), ('ORIGINAL_XDG_CURRENT_DESKTOP', 'ubuntu:GNOME'), ('SHELL', '/bin/bash'), ('QT_ACCESSIBILITY', '1'), ('GDMSESSION', 'ubuntu'), ('VSCODE_GIT_ASKPASS_EXTRA_ARGS', ''), ('QT_IM_MODULE', 'ibus'), ('PWD', '/home/lyd/ROS2/chapter6_Simulation/chapt6_ws/build/fishbot_description'), ('XDG_CONFIG_DIRS', '/etc/xdg/xdg-ubuntu:/etc/xdg'), ('DBUS_STARTER_ADDRESS', 'unix:path=/run/user/1000/bus,guid=ae3fd952e89687405725aaae685c182e'), ('XDG_DATA_DIRS', '/usr/share/ubuntu:/usr/local/share/:/usr/share/:/var/lib/snapd/desktop'), ('PYTHONPATH', '/opt/ros/humble/lib/python3.10/site-packages:/opt/ros/humble/local/lib/python3.10/dist-packages'), ('COLCON', '1'), ('CMAKE_PREFIX_PATH', '/opt/ros/humble')]), 'shell': False}
[0.062194] (fishbot_description) CommandEnded: {'returncode': 0}
[0.063579] (fishbot_description) JobProgress: {'identifier': 'fishbot_description', 'progress': 'install'}
[0.070790] (fishbot_description) Command: {'cmd': ['/usr/bin/cmake', '--install', '/home/lyd/ROS2/chapter6_Simulation/chapt6_ws/build/fishbot_description'], 'cwd': '/home/lyd/ROS2/chapter6_Simulation/chapt6_ws/build/fishbot_description', 'env': OrderedDict([('LANGUAGE', 'zh_CN:zh'), ('USER', 'lyd'), ('XDG_SESSION_TYPE', 'wayland'), ('GIT_ASKPASS', '/usr/share/code/resources/app/extensions/git/dist/askpass.sh'), ('SHLVL', '1'), ('LD_LIBRARY_PATH', '/opt/ros/humble/opt/rviz_ogre_vendor/lib:/opt/ros/humble/lib/x86_64-linux-gnu:/opt/ros/humble/lib'), ('HOME', '/home/lyd'), ('CHROME_DESKTOP', 'code.desktop'), ('TERM_PROGRAM_VERSION', '1.100.0'), ('DESKTOP_SESSION', 'ubuntu'), ('GIO_LAUNCHED_DESKTOP_FILE', '/usr/share/applications/code.desktop'), ('ROS_PYTHON_VERSION', '3'), ('GNOME_SHELL_SESSION_MODE', 'ubuntu'), ('GTK_MODULES', 'gail:atk-bridge'), ('VSCODE_GIT_ASKPASS_MAIN', '/usr/share/code/resources/app/extensions/git/dist/askpass-main.js'), ('VSCODE_GIT_ASKPASS_NODE', '/usr/share/code/code'), ('MANAGERPID', '2387'), ('DBUS_STARTER_BUS_TYPE', 'session'), ('SYSTEMD_EXEC_PID', '2546'), ('IM_CONFIG_CHECK_ENV', '1'), ('DBUS_SESSION_BUS_ADDRESS', 'unix:path=/run/user/1000/bus,guid=ae3fd952e89687405725aaae685c182e'), ('COLORTERM', 'truecolor'), ('GIO_LAUNCHED_DESKTOP_FILE_PID', '6219'), ('IM_CONFIG_PHASE', '1'), ('WAYLAND_DISPLAY', 'wayland-0'), ('ROS_DISTRO', 'humble'), ('LOGNAME', 'lyd'), ('JOURNAL_STREAM', '8:12918'), ('_', '/usr/bin/colcon'), ('ROS_VERSION', '2'), ('XDG_SESSION_CLASS', 'user'), ('USERNAME', 'lyd'), ('TERM', 'xterm-256color'), ('GNOME_DESKTOP_SESSION_ID', 'this-is-deprecated'), ('ROS_LOCALHOST_ONLY', '0'), ('PATH', '/opt/ros/humble/bin:/usr/local/sbin:/usr/local/bin:/usr/sbin:/usr/bin:/sbin:/bin:/usr/games:/usr/local/games:/snap/bin:/snap/bin'), ('SESSION_MANAGER', 'local/lyd-VirtualBox:@/tmp/.ICE-unix/2546,unix/lyd-VirtualBox:/tmp/.ICE-unix/2546'), ('INVOCATION_ID', '8f6cb0086d064b038919c8bc0a0e75c3'), ('XDG_MENU_PREFIX', 'gnome-'), ('GNOME_SETUP_DISPLAY', ':1'), ('XDG_RUNTIME_DIR', '/run/user/1000'), ('GDK_BACKEND', 'x11'), ('DISPLAY', ':0'), ('LANG', 'zh_CN.UTF-8'), ('XDG_CURRENT_DESKTOP', 'Unity'), ('XMODIFIERS', '@im=ibus'), ('XDG_SESSION_DESKTOP', 'ubuntu'), ('XAUTHORITY', '/run/user/1000/.mutter-Xwaylandauth.4IIA82'), ('VSCODE_GIT_IPC_HANDLE', '/run/user/1000/vscode-git-536089e836.sock'), ('TERM_PROGRAM', 'vscode'), ('SSH_AGENT_LAUNCHER', 'gnome-keyring'), ('SSH_AUTH_SOCK', '/run/user/1000/keyring/ssh'), ('AMENT_PREFIX_PATH', '/opt/ros/humble'), ('ORIGINAL_XDG_CURRENT_DESKTOP', 'ubuntu:GNOME'), ('SHELL', '/bin/bash'), ('QT_ACCESSIBILITY', '1'), ('GDMSESSION', 'ubuntu'), ('VSCODE_GIT_ASKPASS_EXTRA_ARGS', ''), ('QT_IM_MODULE', 'ibus'), ('PWD', '/home/lyd/ROS2/chapter6_Simulation/chapt6_ws/build/fishbot_description'), ('XDG_CONFIG_DIRS', '/etc/xdg/xdg-ubuntu:/etc/xdg'), ('DBUS_STARTER_ADDRESS', 'unix:path=/run/user/1000/bus,guid=ae3fd952e89687405725aaae685c182e'), ('XDG_DATA_DIRS', '/usr/share/ubuntu:/usr/local/share/:/usr/share/:/var/lib/snapd/desktop'), ('PYTHONPATH', '/opt/ros/humble/lib/python3.10/site-packages:/opt/ros/humble/local/lib/python3.10/dist-packages'), ('COLCON', '1'), ('CMAKE_PREFIX_PATH', '/opt/ros/humble')]), 'shell': False}
[0.077206] (fishbot_description) StdoutLine: {'line': b'-- Install configuration: ""\n'}
[0.077755] (fishbot_description) StdoutLine: {'line': b'-- Up-to-date: /home/lyd/ROS2/chapter6_Simulation/chapt6_ws/install/fishbot_description/share/fishbot_description/launch\n'}
[0.077837] (fishbot_description) StdoutLine: {'line': b'-- Up-to-date: /home/lyd/ROS2/chapter6_Simulation/chapt6_ws/install/fishbot_description/share/fishbot_description/launch/__pycache__\n'}
[0.077878] (fishbot_description) StdoutLine: {'line': b'-- Installing: /home/lyd/ROS2/chapter6_Simulation/chapt6_ws/install/fishbot_description/share/fishbot_description/launch/__pycache__/display_robot.launch.cpython-310.pyc\n'}
[0.078873] (fishbot_description) StdoutLine: {'line': b'-- Up-to-date: /home/lyd/ROS2/chapter6_Simulation/chapt6_ws/install/fishbot_description/share/fishbot_description/launch/gazebo_sim.launch.py\n'}
[0.078936] (fishbot_description) StdoutLine: {'line': b'-- Installing: /home/lyd/ROS2/chapter6_Simulation/chapt6_ws/install/fishbot_description/share/fishbot_description/launch/display_robot.launch.py\n'}
[0.078976] (fishbot_description) StdoutLine: {'line': b'-- Up-to-date: /home/lyd/ROS2/chapter6_Simulation/chapt6_ws/install/fishbot_description/share/fishbot_description/urdf\n'}
[0.079021] (fishbot_description) StdoutLine: {'line': b'-- Installing: /home/lyd/ROS2/chapter6_Simulation/chapt6_ws/install/fishbot_description/share/fishbot_description/urdf/first_robot.xacro\n'}
[0.079059] (fishbot_description) StdoutLine: {'line': b'-- Up-to-date: /home/lyd/ROS2/chapter6_Simulation/chapt6_ws/install/fishbot_description/share/fishbot_description/urdf/first_robot.urdf\n'}
[0.079098] (fishbot_description) StdoutLine: {'line': b'-- Up-to-date: /home/lyd/ROS2/chapter6_Simulation/chapt6_ws/install/fishbot_description/share/fishbot_description/urdf/first_robot.gv\n'}
[0.079134] (fishbot_description) StdoutLine: {'line': b'-- Up-to-date: /home/lyd/ROS2/chapter6_Simulation/chapt6_ws/install/fishbot_description/share/fishbot_description/urdf/first_robot.pdf\n'}
[0.079170] (fishbot_description) StdoutLine: {'line': b'-- Up-to-date: /home/lyd/ROS2/chapter6_Simulation/chapt6_ws/install/fishbot_description/share/fishbot_description/urdf/fishbot\n'}
[0.079207] (fishbot_description) StdoutLine: {'line': b'-- Up-to-date: /home/lyd/ROS2/chapter6_Simulation/chapt6_ws/install/fishbot_description/share/fishbot_description/urdf/fishbot/plugins\n'}
[0.079243] (fishbot_description) StdoutLine: {'line': b'-- Up-to-date: /home/lyd/ROS2/chapter6_Simulation/chapt6_ws/install/fishbot_description/share/fishbot_description/urdf/fishbot/plugins/gazebo_control_plugin.xacro\n'}
[0.079284] (fishbot_description) StdoutLine: {'line': b'-- Up-to-date: /home/lyd/ROS2/chapter6_Simulation/chapt6_ws/install/fishbot_description/share/fishbot_description/urdf/fishbot/plugins/gazebo_sensor_plugin.xacro\n'}
[0.079322] (fishbot_description) StdoutLine: {'line': b'-- Up-to-date: /home/lyd/ROS2/chapter6_Simulation/chapt6_ws/install/fishbot_description/share/fishbot_description/urdf/fishbot/common_inertia.xacro\n'}
[0.079360] (fishbot_description) StdoutLine: {'line': b'-- Up-to-date: /home/lyd/ROS2/chapter6_Simulation/chapt6_ws/install/fishbot_description/share/fishbot_description/urdf/fishbot/base.urdf.xacro\n'}
[0.079398] (fishbot_description) StdoutLine: {'line': b'-- Up-to-date: /home/lyd/ROS2/chapter6_Simulation/chapt6_ws/install/fishbot_description/share/fishbot_description/urdf/fishbot/fishbot.urdf.xacro\n'}
[0.079437] (fishbot_description) StdoutLine: {'line': b'-- Up-to-date: /home/lyd/ROS2/chapter6_Simulation/chapt6_ws/install/fishbot_description/share/fishbot_description/urdf/fishbot/fishbot.ros2_control.xacro\n'}
[0.079474] (fishbot_description) StdoutLine: {'line': b'-- Up-to-date: /home/lyd/ROS2/chapter6_Simulation/chapt6_ws/install/fishbot_description/share/fishbot_description/urdf/fishbot/sensor\n'}
[0.079541] (fishbot_description) StdoutLine: {'line': b'-- Up-to-date: /home/lyd/ROS2/chapter6_Simulation/chapt6_ws/install/fishbot_description/share/fishbot_description/urdf/fishbot/sensor/camera.urdf.xacro\n'}
[0.079627] (fishbot_description) StdoutLine: {'line': b'-- Up-to-date: /home/lyd/ROS2/chapter6_Simulation/chapt6_ws/install/fishbot_description/share/fishbot_description/urdf/fishbot/sensor/imu.urdf.xacro\n'}
[0.079673] (fishbot_description) StdoutLine: {'line': b'-- Up-to-date: /home/lyd/ROS2/chapter6_Simulation/chapt6_ws/install/fishbot_description/share/fishbot_description/urdf/fishbot/sensor/laser.urdf.xacro\n'}
[0.079716] (fishbot_description) StdoutLine: {'line': b'-- Up-to-date: /home/lyd/ROS2/chapter6_Simulation/chapt6_ws/install/fishbot_description/share/fishbot_description/urdf/fishbot/actuator\n'}
[0.079754] (fishbot_description) StdoutLine: {'line': b'-- Up-to-date: /home/lyd/ROS2/chapter6_Simulation/chapt6_ws/install/fishbot_description/share/fishbot_description/urdf/fishbot/actuator/wheel.urdf.xacro\n'}
[0.079792] (fishbot_description) StdoutLine: {'line': b'-- Up-to-date: /home/lyd/ROS2/chapter6_Simulation/chapt6_ws/install/fishbot_description/share/fishbot_description/urdf/fishbot/actuator/caster.urdf.xacro\n'}
[0.079828] (fishbot_description) StdoutLine: {'line': b'-- Up-to-date: /home/lyd/ROS2/chapter6_Simulation/chapt6_ws/install/fishbot_description/share/fishbot_description/config\n'}
[0.079867] (fishbot_description) StdoutLine: {'line': b'-- Up-to-date: /home/lyd/ROS2/chapter6_Simulation/chapt6_ws/install/fishbot_description/share/fishbot_description/config/fishbot_ros2_controller.yaml\n'}
[0.079904] (fishbot_description) StdoutLine: {'line': b'-- Up-to-date: /home/lyd/ROS2/chapter6_Simulation/chapt6_ws/install/fishbot_description/share/fishbot_description/config/rviz\n'}
[0.079940] (fishbot_description) StdoutLine: {'line': b'-- Up-to-date: /home/lyd/ROS2/chapter6_Simulation/chapt6_ws/install/fishbot_description/share/fishbot_description/config/rviz/dispaly_robot_model.rviz\n'}
[0.080012] (fishbot_description) StdoutLine: {'line': b'-- Up-to-date: /home/lyd/ROS2/chapter6_Simulation/chapt6_ws/install/fishbot_description/share/fishbot_description/config/rviz/dispaly_model.rviz\n'}
[0.080059] (fishbot_description) StdoutLine: {'line': b'-- Up-to-date: /home/lyd/ROS2/chapter6_Simulation/chapt6_ws/install/fishbot_description/share/fishbot_description/world\n'}
[0.080105] (fishbot_description) StdoutLine: {'line': b'-- Up-to-date: /home/lyd/ROS2/chapter6_Simulation/chapt6_ws/install/fishbot_description/share/fishbot_description/world/room\n'}
[0.080150] (fishbot_description) StdoutLine: {'line': b'-- Up-to-date: /home/lyd/ROS2/chapter6_Simulation/chapt6_ws/install/fishbot_description/share/fishbot_description/world/room/model.config\n'}
[0.080327] (fishbot_description) StdoutLine: {'line': b'-- Up-to-date: /home/lyd/ROS2/chapter6_Simulation/chapt6_ws/install/fishbot_description/share/fishbot_description/world/room/model.sdf\n'}
[0.080369] (fishbot_description) StdoutLine: {'line': b'-- Up-to-date: /home/lyd/ROS2/chapter6_Simulation/chapt6_ws/install/fishbot_description/share/fishbot_description/world/custom_room.world\n'}
[0.080406] (fishbot_description) StdoutLine: {'line': b'-- Up-to-date: /home/lyd/ROS2/chapter6_Simulation/chapt6_ws/install/fishbot_description/share/ament_index/resource_index/package_run_dependencies/fishbot_description\n'}
[0.080444] (fishbot_description) StdoutLine: {'line': b'-- Up-to-date: /home/lyd/ROS2/chapter6_Simulation/chapt6_ws/install/fishbot_description/share/ament_index/resource_index/parent_prefix_path/fishbot_description\n'}
[0.080483] (fishbot_description) StdoutLine: {'line': b'-- Up-to-date: /home/lyd/ROS2/chapter6_Simulation/chapt6_ws/install/fishbot_description/share/fishbot_description/environment/ament_prefix_path.sh\n'}
[0.080519] (fishbot_description) StdoutLine: {'line': b'-- Up-to-date: /home/lyd/ROS2/chapter6_Simulation/chapt6_ws/install/fishbot_description/share/fishbot_description/environment/ament_prefix_path.dsv\n'}
[0.080569] (fishbot_description) StdoutLine: {'line': b'-- Up-to-date: /home/lyd/ROS2/chapter6_Simulation/chapt6_ws/install/fishbot_description/share/fishbot_description/environment/path.sh\n'}
[0.080608] (fishbot_description) StdoutLine: {'line': b'-- Up-to-date: /home/lyd/ROS2/chapter6_Simulation/chapt6_ws/install/fishbot_description/share/fishbot_description/environment/path.dsv\n'}
[0.080644] (fishbot_description) StdoutLine: {'line': b'-- Up-to-date: /home/lyd/ROS2/chapter6_Simulation/chapt6_ws/install/fishbot_description/share/fishbot_description/local_setup.bash\n'}
[0.080681] (fishbot_description) StdoutLine: {'line': b'-- Up-to-date: /home/lyd/ROS2/chapter6_Simulation/chapt6_ws/install/fishbot_description/share/fishbot_description/local_setup.sh\n'}
[0.080718] (fishbot_description) StdoutLine: {'line': b'-- Up-to-date: /home/lyd/ROS2/chapter6_Simulation/chapt6_ws/install/fishbot_description/share/fishbot_description/local_setup.zsh\n'}
[0.080754] (fishbot_description) StdoutLine: {'line': b'-- Up-to-date: /home/lyd/ROS2/chapter6_Simulation/chapt6_ws/install/fishbot_description/share/fishbot_description/local_setup.dsv\n'}
[0.080790] (fishbot_description) StdoutLine: {'line': b'-- Installing: /home/lyd/ROS2/chapter6_Simulation/chapt6_ws/install/fishbot_description/share/fishbot_description/package.dsv\n'}
[0.080826] (fishbot_description) StdoutLine: {'line': b'-- Up-to-date: /home/lyd/ROS2/chapter6_Simulation/chapt6_ws/install/fishbot_description/share/ament_index/resource_index/packages/fishbot_description\n'}
[0.080867] (fishbot_description) StdoutLine: {'line': b'-- Up-to-date: /home/lyd/ROS2/chapter6_Simulation/chapt6_ws/install/fishbot_description/share/fishbot_description/cmake/fishbot_descriptionConfig.cmake\n'}
[0.080903] (fishbot_description) StdoutLine: {'line': b'-- Up-to-date: /home/lyd/ROS2/chapter6_Simulation/chapt6_ws/install/fishbot_description/share/fishbot_description/cmake/fishbot_descriptionConfig-version.cmake\n'}
[0.080939] (fishbot_description) StdoutLine: {'line': b'-- Up-to-date: /home/lyd/ROS2/chapter6_Simulation/chapt6_ws/install/fishbot_description/share/fishbot_description/package.xml\n'}
[0.081716] (fishbot_description) CommandEnded: {'returncode': 0}
[0.097116] (fishbot_description) JobEnded: {'identifier': 'fishbot_description', 'rc': 0}
[0.098023] (-) EventReactorShutdown: {}
