[0.015s] Invoking command in '/home/lyd/ROS2/chapter3_Topic/topic_practice_ws/build/status_interfaces': CMAKE_PREFIX_PATH=/opt/ros/humble /usr/bin/cmake --build /home/lyd/ROS2/chapter3_Topic/topic_practice_ws/build/status_interfaces -- -j4 -l4
[0.082s] [ 12%] Built target status_interfaces__rosidl_generator_c
[0.083s] [ 12%] Built target status_interfaces__cpp
[0.096s] [ 12%] Built target ament_cmake_python_copy_status_interfaces
[0.111s] [ 22%] Built target status_interfaces__rosidl_typesupport_cpp
[0.111s] [ 32%] Built target status_interfaces__rosidl_typesupport_fastrtps_c
[0.112s] [ 41%] Built target status_interfaces__rosidl_typesupport_introspection_c
[0.120s] [ 51%] Built target status_interfaces__rosidl_typesupport_c
[0.135s] [ 61%] Built target status_interfaces__rosidl_typesupport_fastrtps_cpp
[0.140s] [ 70%] Built target status_interfaces__rosidl_typesupport_introspection_cpp
[0.156s] [ 70%] Built target status_interfaces
[0.173s] [ 74%] Built target status_interfaces__py
[0.192s] [ 80%] Built target status_interfaces__rosidl_generator_py
[0.213s] [ 87%] Built target status_interfaces__rosidl_typesupport_fastrtps_c__pyext
[0.215s] [ 93%] Built target status_interfaces__rosidl_typesupport_c__pyext
[0.222s] [100%] Built target status_interfaces__rosidl_typesupport_introspection_c__pyext
[0.298s] running egg_info
[0.299s] writing status_interfaces.egg-info/PKG-INFO
[0.299s] writing dependency_links to status_interfaces.egg-info/dependency_links.txt
[0.299s] writing top-level names to status_interfaces.egg-info/top_level.txt
[0.301s] reading manifest file 'status_interfaces.egg-info/SOURCES.txt'
[0.302s] writing manifest file 'status_interfaces.egg-info/SOURCES.txt'
[0.324s] [100%] Built target ament_cmake_python_build_status_interfaces_egg
[0.336s] Invoked command in '/home/lyd/ROS2/chapter3_Topic/topic_practice_ws/build/status_interfaces' returned '0': CMAKE_PREFIX_PATH=/opt/ros/humble /usr/bin/cmake --build /home/lyd/ROS2/chapter3_Topic/topic_practice_ws/build/status_interfaces -- -j4 -l4
[0.347s] Invoking command in '/home/lyd/ROS2/chapter3_Topic/topic_practice_ws/build/status_interfaces': CMAKE_PREFIX_PATH=/opt/ros/humble /usr/bin/cmake --install /home/lyd/ROS2/chapter3_Topic/topic_practice_ws/build/status_interfaces
[0.354s] -- Install configuration: ""
[0.355s] -- Up-to-date: /home/lyd/ROS2/chapter3_Topic/topic_practice_ws/install/status_interfaces/share/ament_index/resource_index/rosidl_interfaces/status_interfaces
[0.355s] -- Up-to-date: /home/lyd/ROS2/chapter3_Topic/topic_practice_ws/install/status_interfaces/include/status_interfaces/status_interfaces
[0.355s] -- Up-to-date: /home/lyd/ROS2/chapter3_Topic/topic_practice_ws/install/status_interfaces/include/status_interfaces/status_interfaces/msg
[0.355s] -- Up-to-date: /home/lyd/ROS2/chapter3_Topic/topic_practice_ws/install/status_interfaces/include/status_interfaces/status_interfaces/msg/detail
[0.355s] -- Up-to-date: /home/lyd/ROS2/chapter3_Topic/topic_practice_ws/install/status_interfaces/include/status_interfaces/status_interfaces/msg/detail/system_status__struct.h
[0.355s] -- Up-to-date: /home/lyd/ROS2/chapter3_Topic/topic_practice_ws/install/status_interfaces/include/status_interfaces/status_interfaces/msg/detail/system_status__functions.c
[0.355s] -- Up-to-date: /home/lyd/ROS2/chapter3_Topic/topic_practice_ws/install/status_interfaces/include/status_interfaces/status_interfaces/msg/detail/system_status__functions.h
[0.358s] -- Up-to-date: /home/lyd/ROS2/chapter3_Topic/topic_practice_ws/install/status_interfaces/include/status_interfaces/status_interfaces/msg/detail/system_status__type_support.h
[0.358s] -- Up-to-date: /home/lyd/ROS2/chapter3_Topic/topic_practice_ws/install/status_interfaces/include/status_interfaces/status_interfaces/msg/system_status.h
[0.358s] -- Up-to-date: /home/lyd/ROS2/chapter3_Topic/topic_practice_ws/install/status_interfaces/include/status_interfaces/status_interfaces/msg/rosidl_generator_c__visibility_control.h
[0.358s] -- Up-to-date: /home/lyd/ROS2/chapter3_Topic/topic_practice_ws/install/status_interfaces/share/status_interfaces/environment/library_path.sh
[0.358s] -- Up-to-date: /home/lyd/ROS2/chapter3_Topic/topic_practice_ws/install/status_interfaces/share/status_interfaces/environment/library_path.dsv
[0.358s] -- Up-to-date: /home/lyd/ROS2/chapter3_Topic/topic_practice_ws/install/status_interfaces/lib/libstatus_interfaces__rosidl_generator_c.so
[0.358s] -- Up-to-date: /home/lyd/ROS2/chapter3_Topic/topic_practice_ws/install/status_interfaces/include/status_interfaces/status_interfaces
[0.358s] -- Up-to-date: /home/lyd/ROS2/chapter3_Topic/topic_practice_ws/install/status_interfaces/include/status_interfaces/status_interfaces/msg
[0.358s] -- Up-to-date: /home/lyd/ROS2/chapter3_Topic/topic_practice_ws/install/status_interfaces/include/status_interfaces/status_interfaces/msg/rosidl_typesupport_fastrtps_c__visibility_control.h
[0.358s] -- Up-to-date: /home/lyd/ROS2/chapter3_Topic/topic_practice_ws/install/status_interfaces/include/status_interfaces/status_interfaces/msg/detail
[0.358s] -- Up-to-date: /home/lyd/ROS2/chapter3_Topic/topic_practice_ws/install/status_interfaces/include/status_interfaces/status_interfaces/msg/detail/system_status__rosidl_typesupport_fastrtps_c.h
[0.358s] -- Up-to-date: /home/lyd/ROS2/chapter3_Topic/topic_practice_ws/install/status_interfaces/lib/libstatus_interfaces__rosidl_typesupport_fastrtps_c.so
[0.358s] -- Up-to-date: /home/lyd/ROS2/chapter3_Topic/topic_practice_ws/install/status_interfaces/include/status_interfaces/status_interfaces
[0.358s] -- Up-to-date: /home/lyd/ROS2/chapter3_Topic/topic_practice_ws/install/status_interfaces/include/status_interfaces/status_interfaces/msg
[0.358s] -- Up-to-date: /home/lyd/ROS2/chapter3_Topic/topic_practice_ws/install/status_interfaces/include/status_interfaces/status_interfaces/msg/detail
[0.358s] -- Up-to-date: /home/lyd/ROS2/chapter3_Topic/topic_practice_ws/install/status_interfaces/include/status_interfaces/status_interfaces/msg/detail/system_status__type_support.c
[0.358s] -- Up-to-date: /home/lyd/ROS2/chapter3_Topic/topic_practice_ws/install/status_interfaces/include/status_interfaces/status_interfaces/msg/detail/system_status__rosidl_typesupport_introspection_c.h
[0.358s] -- Up-to-date: /home/lyd/ROS2/chapter3_Topic/topic_practice_ws/install/status_interfaces/include/status_interfaces/status_interfaces/msg/rosidl_typesupport_introspection_c__visibility_control.h
[0.358s] -- Up-to-date: /home/lyd/ROS2/chapter3_Topic/topic_practice_ws/install/status_interfaces/lib/libstatus_interfaces__rosidl_typesupport_introspection_c.so
[0.358s] -- Up-to-date: /home/lyd/ROS2/chapter3_Topic/topic_practice_ws/install/status_interfaces/lib/libstatus_interfaces__rosidl_typesupport_c.so
[0.358s] -- Up-to-date: /home/lyd/ROS2/chapter3_Topic/topic_practice_ws/install/status_interfaces/include/status_interfaces/status_interfaces
[0.359s] -- Up-to-date: /home/lyd/ROS2/chapter3_Topic/topic_practice_ws/install/status_interfaces/include/status_interfaces/status_interfaces/msg
[0.359s] -- Up-to-date: /home/lyd/ROS2/chapter3_Topic/topic_practice_ws/install/status_interfaces/include/status_interfaces/status_interfaces/msg/detail
[0.359s] -- Up-to-date: /home/lyd/ROS2/chapter3_Topic/topic_practice_ws/install/status_interfaces/include/status_interfaces/status_interfaces/msg/detail/system_status__struct.hpp
[0.359s] -- Up-to-date: /home/lyd/ROS2/chapter3_Topic/topic_practice_ws/install/status_interfaces/include/status_interfaces/status_interfaces/msg/detail/system_status__builder.hpp
[0.359s] -- Up-to-date: /home/lyd/ROS2/chapter3_Topic/topic_practice_ws/install/status_interfaces/include/status_interfaces/status_interfaces/msg/detail/system_status__type_support.hpp
[0.359s] -- Up-to-date: /home/lyd/ROS2/chapter3_Topic/topic_practice_ws/install/status_interfaces/include/status_interfaces/status_interfaces/msg/detail/system_status__traits.hpp
[0.359s] -- Up-to-date: /home/lyd/ROS2/chapter3_Topic/topic_practice_ws/install/status_interfaces/include/status_interfaces/status_interfaces/msg/rosidl_generator_cpp__visibility_control.hpp
[0.359s] -- Up-to-date: /home/lyd/ROS2/chapter3_Topic/topic_practice_ws/install/status_interfaces/include/status_interfaces/status_interfaces/msg/system_status.hpp
[0.359s] -- Up-to-date: /home/lyd/ROS2/chapter3_Topic/topic_practice_ws/install/status_interfaces/include/status_interfaces/status_interfaces
[0.359s] -- Up-to-date: /home/lyd/ROS2/chapter3_Topic/topic_practice_ws/install/status_interfaces/include/status_interfaces/status_interfaces/msg
[0.359s] -- Up-to-date: /home/lyd/ROS2/chapter3_Topic/topic_practice_ws/install/status_interfaces/include/status_interfaces/status_interfaces/msg/detail
[0.359s] -- Up-to-date: /home/lyd/ROS2/chapter3_Topic/topic_practice_ws/install/status_interfaces/include/status_interfaces/status_interfaces/msg/detail/dds_fastrtps
[0.359s] -- Up-to-date: /home/lyd/ROS2/chapter3_Topic/topic_practice_ws/install/status_interfaces/include/status_interfaces/status_interfaces/msg/detail/system_status__rosidl_typesupport_fastrtps_cpp.hpp
[0.359s] -- Up-to-date: /home/lyd/ROS2/chapter3_Topic/topic_practice_ws/install/status_interfaces/include/status_interfaces/status_interfaces/msg/rosidl_typesupport_fastrtps_cpp__visibility_control.h
[0.359s] -- Up-to-date: /home/lyd/ROS2/chapter3_Topic/topic_practice_ws/install/status_interfaces/lib/libstatus_interfaces__rosidl_typesupport_fastrtps_cpp.so
[0.359s] -- Up-to-date: /home/lyd/ROS2/chapter3_Topic/topic_practice_ws/install/status_interfaces/include/status_interfaces/status_interfaces
[0.359s] -- Up-to-date: /home/lyd/ROS2/chapter3_Topic/topic_practice_ws/install/status_interfaces/include/status_interfaces/status_interfaces/msg
[0.359s] -- Up-to-date: /home/lyd/ROS2/chapter3_Topic/topic_practice_ws/install/status_interfaces/include/status_interfaces/status_interfaces/msg/detail
[0.359s] -- Up-to-date: /home/lyd/ROS2/chapter3_Topic/topic_practice_ws/install/status_interfaces/include/status_interfaces/status_interfaces/msg/detail/system_status__type_support.cpp
[0.359s] -- Up-to-date: /home/lyd/ROS2/chapter3_Topic/topic_practice_ws/install/status_interfaces/include/status_interfaces/status_interfaces/msg/detail/system_status__rosidl_typesupport_introspection_cpp.hpp
[0.359s] -- Up-to-date: /home/lyd/ROS2/chapter3_Topic/topic_practice_ws/install/status_interfaces/lib/libstatus_interfaces__rosidl_typesupport_introspection_cpp.so
[0.359s] -- Up-to-date: /home/lyd/ROS2/chapter3_Topic/topic_practice_ws/install/status_interfaces/lib/libstatus_interfaces__rosidl_typesupport_cpp.so
[0.359s] -- Up-to-date: /home/lyd/ROS2/chapter3_Topic/topic_practice_ws/install/status_interfaces/share/status_interfaces/environment/pythonpath.sh
[0.359s] -- Up-to-date: /home/lyd/ROS2/chapter3_Topic/topic_practice_ws/install/status_interfaces/share/status_interfaces/environment/pythonpath.dsv
[0.359s] -- Up-to-date: /home/lyd/ROS2/chapter3_Topic/topic_practice_ws/install/status_interfaces/local/lib/python3.10/dist-packages/status_interfaces-0.0.0-py3.10.egg-info
[0.359s] -- Installing: /home/lyd/ROS2/chapter3_Topic/topic_practice_ws/install/status_interfaces/local/lib/python3.10/dist-packages/status_interfaces-0.0.0-py3.10.egg-info/PKG-INFO
[0.360s] -- Installing: /home/lyd/ROS2/chapter3_Topic/topic_practice_ws/install/status_interfaces/local/lib/python3.10/dist-packages/status_interfaces-0.0.0-py3.10.egg-info/dependency_links.txt
[0.360s] -- Installing: /home/lyd/ROS2/chapter3_Topic/topic_practice_ws/install/status_interfaces/local/lib/python3.10/dist-packages/status_interfaces-0.0.0-py3.10.egg-info/top_level.txt
[0.360s] -- Installing: /home/lyd/ROS2/chapter3_Topic/topic_practice_ws/install/status_interfaces/local/lib/python3.10/dist-packages/status_interfaces-0.0.0-py3.10.egg-info/SOURCES.txt
[0.360s] -- Up-to-date: /home/lyd/ROS2/chapter3_Topic/topic_practice_ws/install/status_interfaces/local/lib/python3.10/dist-packages/status_interfaces
[0.361s] -- Up-to-date: /home/lyd/ROS2/chapter3_Topic/topic_practice_ws/install/status_interfaces/local/lib/python3.10/dist-packages/status_interfaces/libstatus_interfaces__rosidl_generator_py.so
[0.361s] -- Up-to-date: /home/lyd/ROS2/chapter3_Topic/topic_practice_ws/install/status_interfaces/local/lib/python3.10/dist-packages/status_interfaces/status_interfaces_s__rosidl_typesupport_fastrtps_c.cpython-310-x86_64-linux-gnu.so
[0.361s] -- Up-to-date: /home/lyd/ROS2/chapter3_Topic/topic_practice_ws/install/status_interfaces/local/lib/python3.10/dist-packages/status_interfaces/_status_interfaces_s.ep.rosidl_typesupport_c.c
[0.361s] -- Up-to-date: /home/lyd/ROS2/chapter3_Topic/topic_practice_ws/install/status_interfaces/local/lib/python3.10/dist-packages/status_interfaces/status_interfaces_s__rosidl_typesupport_c.cpython-310-x86_64-linux-gnu.so
[0.361s] -- Up-to-date: /home/lyd/ROS2/chapter3_Topic/topic_practice_ws/install/status_interfaces/local/lib/python3.10/dist-packages/status_interfaces/_status_interfaces_s.ep.rosidl_typesupport_introspection_c.c
[0.361s] -- Up-to-date: /home/lyd/ROS2/chapter3_Topic/topic_practice_ws/install/status_interfaces/local/lib/python3.10/dist-packages/status_interfaces/__init__.py
[0.361s] -- Up-to-date: /home/lyd/ROS2/chapter3_Topic/topic_practice_ws/install/status_interfaces/local/lib/python3.10/dist-packages/status_interfaces/_status_interfaces_s.ep.rosidl_typesupport_fastrtps_c.c
[0.362s] -- Up-to-date: /home/lyd/ROS2/chapter3_Topic/topic_practice_ws/install/status_interfaces/local/lib/python3.10/dist-packages/status_interfaces/msg
[0.362s] -- Up-to-date: /home/lyd/ROS2/chapter3_Topic/topic_practice_ws/install/status_interfaces/local/lib/python3.10/dist-packages/status_interfaces/msg/_system_status.py
[0.362s] -- Up-to-date: /home/lyd/ROS2/chapter3_Topic/topic_practice_ws/install/status_interfaces/local/lib/python3.10/dist-packages/status_interfaces/msg/__init__.py
[0.362s] -- Up-to-date: /home/lyd/ROS2/chapter3_Topic/topic_practice_ws/install/status_interfaces/local/lib/python3.10/dist-packages/status_interfaces/msg/_system_status_s.c
[0.362s] -- Up-to-date: /home/lyd/ROS2/chapter3_Topic/topic_practice_ws/install/status_interfaces/local/lib/python3.10/dist-packages/status_interfaces/status_interfaces_s__rosidl_typesupport_introspection_c.cpython-310-x86_64-linux-gnu.so
[0.395s] Listing '/home/lyd/ROS2/chapter3_Topic/topic_practice_ws/install/status_interfaces/local/lib/python3.10/dist-packages/status_interfaces'...
[0.395s] Listing '/home/lyd/ROS2/chapter3_Topic/topic_practice_ws/install/status_interfaces/local/lib/python3.10/dist-packages/status_interfaces/msg'...
[0.396s] -- Up-to-date: /home/lyd/ROS2/chapter3_Topic/topic_practice_ws/install/status_interfaces/local/lib/python3.10/dist-packages/status_interfaces/status_interfaces_s__rosidl_typesupport_fastrtps_c.cpython-310-x86_64-linux-gnu.so
[0.397s] -- Up-to-date: /home/lyd/ROS2/chapter3_Topic/topic_practice_ws/install/status_interfaces/local/lib/python3.10/dist-packages/status_interfaces/status_interfaces_s__rosidl_typesupport_introspection_c.cpython-310-x86_64-linux-gnu.so
[0.397s] -- Up-to-date: /home/lyd/ROS2/chapter3_Topic/topic_practice_ws/install/status_interfaces/local/lib/python3.10/dist-packages/status_interfaces/status_interfaces_s__rosidl_typesupport_c.cpython-310-x86_64-linux-gnu.so
[0.397s] -- Up-to-date: /home/lyd/ROS2/chapter3_Topic/topic_practice_ws/install/status_interfaces/lib/libstatus_interfaces__rosidl_generator_py.so
[0.397s] -- Up-to-date: /home/lyd/ROS2/chapter3_Topic/topic_practice_ws/install/status_interfaces/share/status_interfaces/msg/SystemStatus.idl
[0.397s] -- Up-to-date: /home/lyd/ROS2/chapter3_Topic/topic_practice_ws/install/status_interfaces/share/status_interfaces/msg/SystemStatus.msg
[0.397s] -- Up-to-date: /home/lyd/ROS2/chapter3_Topic/topic_practice_ws/install/status_interfaces/share/ament_index/resource_index/package_run_dependencies/status_interfaces
[0.397s] -- Up-to-date: /home/lyd/ROS2/chapter3_Topic/topic_practice_ws/install/status_interfaces/share/ament_index/resource_index/parent_prefix_path/status_interfaces
[0.397s] -- Up-to-date: /home/lyd/ROS2/chapter3_Topic/topic_practice_ws/install/status_interfaces/share/status_interfaces/environment/ament_prefix_path.sh
[0.397s] -- Up-to-date: /home/lyd/ROS2/chapter3_Topic/topic_practice_ws/install/status_interfaces/share/status_interfaces/environment/ament_prefix_path.dsv
[0.397s] -- Up-to-date: /home/lyd/ROS2/chapter3_Topic/topic_practice_ws/install/status_interfaces/share/status_interfaces/environment/path.sh
[0.397s] -- Up-to-date: /home/lyd/ROS2/chapter3_Topic/topic_practice_ws/install/status_interfaces/share/status_interfaces/environment/path.dsv
[0.397s] -- Up-to-date: /home/lyd/ROS2/chapter3_Topic/topic_practice_ws/install/status_interfaces/share/status_interfaces/local_setup.bash
[0.398s] -- Up-to-date: /home/lyd/ROS2/chapter3_Topic/topic_practice_ws/install/status_interfaces/share/status_interfaces/local_setup.sh
[0.398s] -- Up-to-date: /home/lyd/ROS2/chapter3_Topic/topic_practice_ws/install/status_interfaces/share/status_interfaces/local_setup.zsh
[0.398s] -- Up-to-date: /home/lyd/ROS2/chapter3_Topic/topic_practice_ws/install/status_interfaces/share/status_interfaces/local_setup.dsv
[0.398s] -- Installing: /home/lyd/ROS2/chapter3_Topic/topic_practice_ws/install/status_interfaces/share/status_interfaces/package.dsv
[0.398s] -- Up-to-date: /home/lyd/ROS2/chapter3_Topic/topic_practice_ws/install/status_interfaces/share/ament_index/resource_index/packages/status_interfaces
[0.398s] -- Up-to-date: /home/lyd/ROS2/chapter3_Topic/topic_practice_ws/install/status_interfaces/share/status_interfaces/cmake/export_status_interfaces__rosidl_generator_cExport.cmake
[0.398s] -- Up-to-date: /home/lyd/ROS2/chapter3_Topic/topic_practice_ws/install/status_interfaces/share/status_interfaces/cmake/export_status_interfaces__rosidl_generator_cExport-noconfig.cmake
[0.398s] -- Up-to-date: /home/lyd/ROS2/chapter3_Topic/topic_practice_ws/install/status_interfaces/share/status_interfaces/cmake/export_status_interfaces__rosidl_typesupport_fastrtps_cExport.cmake
[0.399s] -- Up-to-date: /home/lyd/ROS2/chapter3_Topic/topic_practice_ws/install/status_interfaces/share/status_interfaces/cmake/export_status_interfaces__rosidl_typesupport_fastrtps_cExport-noconfig.cmake
[0.399s] -- Up-to-date: /home/lyd/ROS2/chapter3_Topic/topic_practice_ws/install/status_interfaces/share/status_interfaces/cmake/status_interfaces__rosidl_typesupport_introspection_cExport.cmake
[0.399s] -- Up-to-date: /home/lyd/ROS2/chapter3_Topic/topic_practice_ws/install/status_interfaces/share/status_interfaces/cmake/status_interfaces__rosidl_typesupport_introspection_cExport-noconfig.cmake
[0.399s] -- Up-to-date: /home/lyd/ROS2/chapter3_Topic/topic_practice_ws/install/status_interfaces/share/status_interfaces/cmake/status_interfaces__rosidl_typesupport_cExport.cmake
[0.399s] -- Up-to-date: /home/lyd/ROS2/chapter3_Topic/topic_practice_ws/install/status_interfaces/share/status_interfaces/cmake/status_interfaces__rosidl_typesupport_cExport-noconfig.cmake
[0.399s] -- Up-to-date: /home/lyd/ROS2/chapter3_Topic/topic_practice_ws/install/status_interfaces/share/status_interfaces/cmake/export_status_interfaces__rosidl_generator_cppExport.cmake
[0.400s] -- Up-to-date: /home/lyd/ROS2/chapter3_Topic/topic_practice_ws/install/status_interfaces/share/status_interfaces/cmake/export_status_interfaces__rosidl_typesupport_fastrtps_cppExport.cmake
[0.400s] -- Up-to-date: /home/lyd/ROS2/chapter3_Topic/topic_practice_ws/install/status_interfaces/share/status_interfaces/cmake/export_status_interfaces__rosidl_typesupport_fastrtps_cppExport-noconfig.cmake
[0.400s] -- Up-to-date: /home/lyd/ROS2/chapter3_Topic/topic_practice_ws/install/status_interfaces/share/status_interfaces/cmake/status_interfaces__rosidl_typesupport_introspection_cppExport.cmake
[0.400s] -- Up-to-date: /home/lyd/ROS2/chapter3_Topic/topic_practice_ws/install/status_interfaces/share/status_interfaces/cmake/status_interfaces__rosidl_typesupport_introspection_cppExport-noconfig.cmake
[0.400s] -- Up-to-date: /home/lyd/ROS2/chapter3_Topic/topic_practice_ws/install/status_interfaces/share/status_interfaces/cmake/status_interfaces__rosidl_typesupport_cppExport.cmake
[0.401s] -- Up-to-date: /home/lyd/ROS2/chapter3_Topic/topic_practice_ws/install/status_interfaces/share/status_interfaces/cmake/status_interfaces__rosidl_typesupport_cppExport-noconfig.cmake
[0.401s] -- Up-to-date: /home/lyd/ROS2/chapter3_Topic/topic_practice_ws/install/status_interfaces/share/status_interfaces/cmake/export_status_interfaces__rosidl_generator_pyExport.cmake
[0.401s] -- Up-to-date: /home/lyd/ROS2/chapter3_Topic/topic_practice_ws/install/status_interfaces/share/status_interfaces/cmake/export_status_interfaces__rosidl_generator_pyExport-noconfig.cmake
[0.401s] -- Up-to-date: /home/lyd/ROS2/chapter3_Topic/topic_practice_ws/install/status_interfaces/share/status_interfaces/cmake/rosidl_cmake-extras.cmake
[0.401s] -- Up-to-date: /home/lyd/ROS2/chapter3_Topic/topic_practice_ws/install/status_interfaces/share/status_interfaces/cmake/ament_cmake_export_dependencies-extras.cmake
[0.401s] -- Up-to-date: /home/lyd/ROS2/chapter3_Topic/topic_practice_ws/install/status_interfaces/share/status_interfaces/cmake/ament_cmake_export_include_directories-extras.cmake
[0.401s] -- Up-to-date: /home/lyd/ROS2/chapter3_Topic/topic_practice_ws/install/status_interfaces/share/status_interfaces/cmake/ament_cmake_export_libraries-extras.cmake
[0.401s] -- Up-to-date: /home/lyd/ROS2/chapter3_Topic/topic_practice_ws/install/status_interfaces/share/status_interfaces/cmake/ament_cmake_export_targets-extras.cmake
[0.401s] -- Up-to-date: /home/lyd/ROS2/chapter3_Topic/topic_practice_ws/install/status_interfaces/share/status_interfaces/cmake/rosidl_cmake_export_typesupport_targets-extras.cmake
[0.402s] -- Up-to-date: /home/lyd/ROS2/chapter3_Topic/topic_practice_ws/install/status_interfaces/share/status_interfaces/cmake/rosidl_cmake_export_typesupport_libraries-extras.cmake
[0.402s] -- Up-to-date: /home/lyd/ROS2/chapter3_Topic/topic_practice_ws/install/status_interfaces/share/status_interfaces/cmake/status_interfacesConfig.cmake
[0.402s] -- Up-to-date: /home/lyd/ROS2/chapter3_Topic/topic_practice_ws/install/status_interfaces/share/status_interfaces/cmake/status_interfacesConfig-version.cmake
[0.402s] -- Up-to-date: /home/lyd/ROS2/chapter3_Topic/topic_practice_ws/install/status_interfaces/share/status_interfaces/package.xml
[0.404s] Invoked command in '/home/lyd/ROS2/chapter3_Topic/topic_practice_ws/build/status_interfaces' returned '0': CMAKE_PREFIX_PATH=/opt/ros/humble /usr/bin/cmake --install /home/lyd/ROS2/chapter3_Topic/topic_practice_ws/build/status_interfaces
