[0.880s] Invoking command in '/home/lyd/ROS2/chapter2_Node/chapter2_workspace/src/demo_python_pkg': PYTHONPATH=/home/lyd/ROS2/chapter2_Node/chapter2_workspace/build/demo_python_pkg/prefix_override:/usr/lib/python3/dist-packages/colcon_core/task/python/colcon_distutils_commands:/home/lyd/ROS2/chapter2_Node/chapter2_workspace/install/demo_python_pkg/lib/python3.10/site-packages:${PYTHONPATH} /usr/bin/python3 -W ignore:setup.py install is deprecated -W ignore:easy_install command is deprecated setup.py egg_info --egg-base ../../build/demo_python_pkg build --build-base /home/lyd/ROS2/chapter2_Node/chapter2_workspace/build/demo_python_pkg/build install --record /home/lyd/ROS2/chapter2_Node/chapter2_workspace/build/demo_python_pkg/install.log --single-version-externally-managed install_data
[1.175s] running egg_info
[1.176s] writing ../../build/demo_python_pkg/demo_python_pkg.egg-info/PKG-INFO
[1.176s] writing dependency_links to ../../build/demo_python_pkg/demo_python_pkg.egg-info/dependency_links.txt
[1.176s] writing entry points to ../../build/demo_python_pkg/demo_python_pkg.egg-info/entry_points.txt
[1.176s] writing requirements to ../../build/demo_python_pkg/demo_python_pkg.egg-info/requires.txt
[1.176s] writing top-level names to ../../build/demo_python_pkg/demo_python_pkg.egg-info/top_level.txt
[1.181s] reading manifest file '../../build/demo_python_pkg/demo_python_pkg.egg-info/SOURCES.txt'
[1.182s] adding license file 'LICENSE'
[1.182s] writing manifest file '../../build/demo_python_pkg/demo_python_pkg.egg-info/SOURCES.txt'
[1.182s] running build
[1.182s] running build_py
[1.182s] running install
[1.182s] running install_lib
[1.182s] running install_data
[1.182s] running install_egg_info
[1.188s] removing '/home/lyd/ROS2/chapter2_Node/chapter2_workspace/install/demo_python_pkg/lib/python3.10/site-packages/demo_python_pkg-0.0.0-py3.10.egg-info' (and everything under it)
[1.188s] Copying ../../build/demo_python_pkg/demo_python_pkg.egg-info to /home/lyd/ROS2/chapter2_Node/chapter2_workspace/install/demo_python_pkg/lib/python3.10/site-packages/demo_python_pkg-0.0.0-py3.10.egg-info
[1.191s] running install_scripts
[1.212s] Installing class_node script to /home/lyd/ROS2/chapter2_Node/chapter2_workspace/install/demo_python_pkg/lib/demo_python_pkg
[1.212s] Installing inheritance_node script to /home/lyd/ROS2/chapter2_Node/chapter2_workspace/install/demo_python_pkg/lib/demo_python_pkg
[1.212s] Installing python_node script to /home/lyd/ROS2/chapter2_Node/chapter2_workspace/install/demo_python_pkg/lib/demo_python_pkg
[1.212s] writing list of installed files to '/home/lyd/ROS2/chapter2_Node/chapter2_workspace/build/demo_python_pkg/install.log'
[1.278s] Invoked command in '/home/lyd/ROS2/chapter2_Node/chapter2_workspace/src/demo_python_pkg' returned '0': PYTHONPATH=/home/lyd/ROS2/chapter2_Node/chapter2_workspace/build/demo_python_pkg/prefix_override:/usr/lib/python3/dist-packages/colcon_core/task/python/colcon_distutils_commands:/home/lyd/ROS2/chapter2_Node/chapter2_workspace/install/demo_python_pkg/lib/python3.10/site-packages:${PYTHONPATH} /usr/bin/python3 -W ignore:setup.py install is deprecated -W ignore:easy_install command is deprecated setup.py egg_info --egg-base ../../build/demo_python_pkg build --build-base /home/lyd/ROS2/chapter2_Node/chapter2_workspace/build/demo_python_pkg/build install --record /home/lyd/ROS2/chapter2_Node/chapter2_workspace/build/demo_python_pkg/install.log --single-version-externally-managed install_data
