[0.016s] Invoking command in '/home/lyd/ROS2/chapter5_Tools/build/demo_cpp_tf': CMAKE_PREFIX_PATH=/opt/ros/humble /usr/bin/cmake /home/lyd/ROS2/chapter5_Tools/chapt5_ws/src/demo_cpp_tf -DCMAKE_INSTALL_PREFIX=/home/lyd/ROS2/chapter5_Tools/install/demo_cpp_tf
[0.205s] -- The C compiler identification is GNU 11.4.0
[0.206s] -- The CXX compiler identification is GNU 11.4.0
[0.206s] -- Detecting C compiler ABI info
[0.259s] -- Detecting C compiler ABI info - done
[0.264s] -- Check for working C compiler: /usr/bin/cc - skipped
[0.265s] -- Detecting C compile features
[0.266s] -- Detecting C compile features - done
[0.269s] -- Detecting CXX compiler ABI info
[0.341s] -- Detecting CXX compiler ABI info - done
[0.346s] -- Check for working CXX compiler: /usr/bin/c++ - skipped
[0.346s] -- Detecting CXX compile features
[0.346s] -- Detecting CXX compile features - done
[0.356s] -- Found ament_cmake: 1.3.11 (/opt/ros/humble/share/ament_cmake/cmake)
[0.495s] -- Found Python3: /usr/bin/python3 (found version "3.10.12") found components: Interpreter 
[0.586s] -- Found rclcpp: 16.0.12 (/opt/ros/humble/share/rclcpp/cmake)
[0.638s] -- Found rosidl_generator_c: 3.1.6 (/opt/ros/humble/share/rosidl_generator_c/cmake)
[0.645s] -- Found rosidl_adapter: 3.1.6 (/opt/ros/humble/share/rosidl_adapter/cmake)
[0.657s] -- Found rosidl_generator_cpp: 3.1.6 (/opt/ros/humble/share/rosidl_generator_cpp/cmake)
[0.671s] -- Using all available rosidl_typesupport_c: rosidl_typesupport_fastrtps_c;rosidl_typesupport_introspection_c
[0.689s] -- Using all available rosidl_typesupport_cpp: rosidl_typesupport_fastrtps_cpp;rosidl_typesupport_introspection_cpp
[0.748s] -- Found rmw_implementation_cmake: 6.1.2 (/opt/ros/humble/share/rmw_implementation_cmake/cmake)
[0.752s] -- Found rmw_fastrtps_cpp: 6.2.7 (/opt/ros/humble/share/rmw_fastrtps_cpp/cmake)
[0.829s] -- Found OpenSSL: /usr/lib/x86_64-linux-gnu/libcrypto.so (found version "3.0.2")  
[0.851s] -- Found FastRTPS: /opt/ros/humble/include  
[0.881s] -- Using RMW implementation 'rmw_fastrtps_cpp' as default
[0.893s] -- Looking for pthread.h
[0.977s] -- Looking for pthread.h - found
[0.977s] -- Performing Test CMAKE_HAVE_LIBC_PTHREAD
[1.036s] -- Performing Test CMAKE_HAVE_LIBC_PTHREAD - Success
[1.037s] -- Found Threads: TRUE  
[1.097s] -- Found tf2: 0.25.12 (/opt/ros/humble/share/tf2/cmake)
[1.123s] -- Found tf2_ros: 0.25.12 (/opt/ros/humble/share/tf2_ros/cmake)
[1.220s] -- Found tf2_geometry_msgs: 0.25.12 (/opt/ros/humble/share/tf2_geometry_msgs/cmake)
[1.236s] -- Found eigen3_cmake_module: 0.1.1 (/opt/ros/humble/share/eigen3_cmake_module/cmake)
[1.237s] -- Found Eigen3: TRUE (found version "3.4.0") 
[1.237s] -- Ensuring Eigen3 include directory is part of orocos-kdl CMake target
[1.242s] -- Found ament_lint_auto: 0.12.12 (/opt/ros/humble/share/ament_lint_auto/cmake)
[1.310s] -- Added test 'cppcheck' to perform static code analysis on C / C++ code
[1.310s] -- Configured cppcheck include dirs: 
[1.310s] -- Configured cppcheck exclude dirs and/or files: 
[1.311s] -- Added test 'lint_cmake' to check CMake code style
[1.312s] -- Added test 'uncrustify' to check C / C++ code style
[1.312s] -- Configured uncrustify additional arguments: 
[1.313s] -- Added test 'xmllint' to check XML markup files
[1.314s] -- Configuring done
[1.329s] -- Generating done
[1.334s] -- Build files have been written to: /home/lyd/ROS2/chapter5_Tools/build/demo_cpp_tf
[1.343s] Invoked command in '/home/lyd/ROS2/chapter5_Tools/build/demo_cpp_tf' returned '0': CMAKE_PREFIX_PATH=/opt/ros/humble /usr/bin/cmake /home/lyd/ROS2/chapter5_Tools/chapt5_ws/src/demo_cpp_tf -DCMAKE_INSTALL_PREFIX=/home/lyd/ROS2/chapter5_Tools/install/demo_cpp_tf
[1.344s] Invoking command in '/home/lyd/ROS2/chapter5_Tools/build/demo_cpp_tf': CMAKE_PREFIX_PATH=/opt/ros/humble /usr/bin/cmake --build /home/lyd/ROS2/chapter5_Tools/build/demo_cpp_tf -- -j4 -l4
[1.383s] [ 16%] [32mBuilding CXX object CMakeFiles/static_tf_broadcaster.dir/src/static_tf_broadcaster.cpp.o[0m
[1.383s] [ 50%] [32mBuilding CXX object CMakeFiles/dynamic_tf_broadcaster.dir/src/dynamic_tf_broadcaster.cpp.o[0m
[1.383s] [ 50%] [32mBuilding CXX object CMakeFiles/tf_listener.dir/src/tf_listener.cpp.o[0m
[6.755s] [ 66%] [32m[1mLinking CXX executable static_tf_broadcaster[0m
[6.835s] [ 83%] [32m[1mLinking CXX executable dynamic_tf_broadcaster[0m
[6.980s] [ 83%] Built target static_tf_broadcaster
[7.007s] [ 83%] Built target dynamic_tf_broadcaster
[10.438s] [100%] [32m[1mLinking CXX executable tf_listener[0m
[10.762s] [100%] Built target tf_listener
[10.772s] Invoked command in '/home/lyd/ROS2/chapter5_Tools/build/demo_cpp_tf' returned '0': CMAKE_PREFIX_PATH=/opt/ros/humble /usr/bin/cmake --build /home/lyd/ROS2/chapter5_Tools/build/demo_cpp_tf -- -j4 -l4
[10.779s] Invoking command in '/home/lyd/ROS2/chapter5_Tools/build/demo_cpp_tf': CMAKE_PREFIX_PATH=/opt/ros/humble /usr/bin/cmake --install /home/lyd/ROS2/chapter5_Tools/build/demo_cpp_tf
[10.784s] -- Install configuration: ""
[10.785s] -- Installing: /home/lyd/ROS2/chapter5_Tools/install/demo_cpp_tf/lib/demo_cpp_tf/tf_listener
[10.787s] -- Set runtime path of "/home/lyd/ROS2/chapter5_Tools/install/demo_cpp_tf/lib/demo_cpp_tf/tf_listener" to ""
[10.787s] -- Installing: /home/lyd/ROS2/chapter5_Tools/install/demo_cpp_tf/lib/demo_cpp_tf/static_tf_broadcaster
[10.788s] -- Set runtime path of "/home/lyd/ROS2/chapter5_Tools/install/demo_cpp_tf/lib/demo_cpp_tf/static_tf_broadcaster" to ""
[10.788s] -- Installing: /home/lyd/ROS2/chapter5_Tools/install/demo_cpp_tf/lib/demo_cpp_tf/dynamic_tf_broadcaster
[10.788s] -- Set runtime path of "/home/lyd/ROS2/chapter5_Tools/install/demo_cpp_tf/lib/demo_cpp_tf/dynamic_tf_broadcaster" to ""
[10.789s] -- Installing: /home/lyd/ROS2/chapter5_Tools/install/demo_cpp_tf/share/ament_index/resource_index/package_run_dependencies/demo_cpp_tf
[10.789s] -- Installing: /home/lyd/ROS2/chapter5_Tools/install/demo_cpp_tf/share/ament_index/resource_index/parent_prefix_path/demo_cpp_tf
[10.789s] -- Installing: /home/lyd/ROS2/chapter5_Tools/install/demo_cpp_tf/share/demo_cpp_tf/environment/ament_prefix_path.sh
[10.789s] -- Installing: /home/lyd/ROS2/chapter5_Tools/install/demo_cpp_tf/share/demo_cpp_tf/environment/ament_prefix_path.dsv
[10.789s] -- Installing: /home/lyd/ROS2/chapter5_Tools/install/demo_cpp_tf/share/demo_cpp_tf/environment/path.sh
[10.789s] -- Installing: /home/lyd/ROS2/chapter5_Tools/install/demo_cpp_tf/share/demo_cpp_tf/environment/path.dsv
[10.789s] -- Installing: /home/lyd/ROS2/chapter5_Tools/install/demo_cpp_tf/share/demo_cpp_tf/local_setup.bash
[10.790s] -- Installing: /home/lyd/ROS2/chapter5_Tools/install/demo_cpp_tf/share/demo_cpp_tf/local_setup.sh
[10.790s] -- Installing: /home/lyd/ROS2/chapter5_Tools/install/demo_cpp_tf/share/demo_cpp_tf/local_setup.zsh
[10.791s] -- Installing: /home/lyd/ROS2/chapter5_Tools/install/demo_cpp_tf/share/demo_cpp_tf/local_setup.dsv
[10.791s] -- Installing: /home/lyd/ROS2/chapter5_Tools/install/demo_cpp_tf/share/demo_cpp_tf/package.dsv
[10.791s] -- Installing: /home/lyd/ROS2/chapter5_Tools/install/demo_cpp_tf/share/ament_index/resource_index/packages/demo_cpp_tf
[10.791s] -- Installing: /home/lyd/ROS2/chapter5_Tools/install/demo_cpp_tf/share/demo_cpp_tf/cmake/demo_cpp_tfConfig.cmake
[10.791s] -- Installing: /home/lyd/ROS2/chapter5_Tools/install/demo_cpp_tf/share/demo_cpp_tf/cmake/demo_cpp_tfConfig-version.cmake
[10.791s] -- Installing: /home/lyd/ROS2/chapter5_Tools/install/demo_cpp_tf/share/demo_cpp_tf/package.xml
[10.792s] Invoked command in '/home/lyd/ROS2/chapter5_Tools/build/demo_cpp_tf' returned '0': CMAKE_PREFIX_PATH=/opt/ros/humble /usr/bin/cmake --install /home/lyd/ROS2/chapter5_Tools/build/demo_cpp_tf
