[0.611s] Invoking command in '/home/lyd/ROS2/chapter3_Topic/Topic_ws/src/demo_python_topic': PYTHONPATH=/home/lyd/ROS2/chapter3_Topic/Topic_ws/build/demo_python_topic/prefix_override:/usr/lib/python3/dist-packages/colcon_core/task/python/colcon_distutils_commands:/home/lyd/ROS2/chapter3_Topic/Topic_ws/install/demo_python_topic/lib/python3.10/site-packages:${PYTHONPATH} /usr/bin/python3 -W ignore:setup.py install is deprecated -W ignore:easy_install command is deprecated setup.py egg_info --egg-base ../../build/demo_python_topic build --build-base /home/lyd/ROS2/chapter3_Topic/Topic_ws/build/demo_python_topic/build install --record /home/lyd/ROS2/chapter3_Topic/Topic_ws/build/demo_python_topic/install.log --single-version-externally-managed install_data
[0.831s] running egg_info
[0.831s] writing ../../build/demo_python_topic/demo_python_topic.egg-info/PKG-INFO
[0.831s] writing dependency_links to ../../build/demo_python_topic/demo_python_topic.egg-info/dependency_links.txt
[0.831s] writing entry points to ../../build/demo_python_topic/demo_python_topic.egg-info/entry_points.txt
[0.831s] writing requirements to ../../build/demo_python_topic/demo_python_topic.egg-info/requires.txt
[0.831s] writing top-level names to ../../build/demo_python_topic/demo_python_topic.egg-info/top_level.txt
[0.831s] reading manifest file '../../build/demo_python_topic/demo_python_topic.egg-info/SOURCES.txt'
[0.831s] adding license file 'LICENSE'
[0.833s] writing manifest file '../../build/demo_python_topic/demo_python_topic.egg-info/SOURCES.txt'
[0.833s] running build
[0.833s] running build_py
[0.833s] running install
[0.833s] running install_lib
[0.833s] running install_data
[0.833s] running install_egg_info
[0.835s] removing '/home/lyd/ROS2/chapter3_Topic/Topic_ws/install/demo_python_topic/lib/python3.10/site-packages/demo_python_topic-0.0.0-py3.10.egg-info' (and everything under it)
[0.839s] Copying ../../build/demo_python_topic/demo_python_topic.egg-info to /home/lyd/ROS2/chapter3_Topic/Topic_ws/install/demo_python_topic/lib/python3.10/site-packages/demo_python_topic-0.0.0-py3.10.egg-info
[0.839s] running install_scripts
[0.856s] Installing novel_pub_node script to /home/lyd/ROS2/chapter3_Topic/Topic_ws/install/demo_python_topic/lib/demo_python_topic
[0.857s] Installing novel_sub_node script to /home/lyd/ROS2/chapter3_Topic/Topic_ws/install/demo_python_topic/lib/demo_python_topic
[0.857s] writing list of installed files to '/home/lyd/ROS2/chapter3_Topic/Topic_ws/build/demo_python_topic/install.log'
[0.878s] Invoked command in '/home/lyd/ROS2/chapter3_Topic/Topic_ws/src/demo_python_topic' returned '0': PYTHONPATH=/home/lyd/ROS2/chapter3_Topic/Topic_ws/build/demo_python_topic/prefix_override:/usr/lib/python3/dist-packages/colcon_core/task/python/colcon_distutils_commands:/home/lyd/ROS2/chapter3_Topic/Topic_ws/install/demo_python_topic/lib/python3.10/site-packages:${PYTHONPATH} /usr/bin/python3 -W ignore:setup.py install is deprecated -W ignore:easy_install command is deprecated setup.py egg_info --egg-base ../../build/demo_python_topic build --build-base /home/lyd/ROS2/chapter3_Topic/Topic_ws/build/demo_python_topic/build install --record /home/lyd/ROS2/chapter3_Topic/Topic_ws/build/demo_python_topic/install.log --single-version-externally-managed install_data
