[0.465s] Invoking command in '/home/lyd/ROS2/chapter5_Tools/chapt5_ws/src/demo_python_tf': PYTHONPATH=/home/lyd/ROS2/chapter5_Tools/chapt5_ws/build/demo_python_tf/prefix_override:/usr/lib/python3/dist-packages/colcon_core/task/python/colcon_distutils_commands:/home/lyd/ROS2/chapter5_Tools/chapt5_ws/install/demo_python_tf/lib/python3.10/site-packages:${PYTHONPATH} /usr/bin/python3 -W ignore:setup.py install is deprecated -W ignore:easy_install command is deprecated setup.py egg_info --egg-base ../../build/demo_python_tf build --build-base /home/lyd/ROS2/chapter5_Tools/chapt5_ws/build/demo_python_tf/build install --record /home/lyd/ROS2/chapter5_Tools/chapt5_ws/build/demo_python_tf/install.log --single-version-externally-managed install_data
[0.639s] running egg_info
[0.639s] creating ../../build/demo_python_tf/demo_python_tf.egg-info
[0.639s] writing ../../build/demo_python_tf/demo_python_tf.egg-info/PKG-INFO
[0.639s] writing dependency_links to ../../build/demo_python_tf/demo_python_tf.egg-info/dependency_links.txt
[0.639s] writing entry points to ../../build/demo_python_tf/demo_python_tf.egg-info/entry_points.txt
[0.639s] writing requirements to ../../build/demo_python_tf/demo_python_tf.egg-info/requires.txt
[0.639s] writing top-level names to ../../build/demo_python_tf/demo_python_tf.egg-info/top_level.txt
[0.639s] writing manifest file '../../build/demo_python_tf/demo_python_tf.egg-info/SOURCES.txt'
[0.639s] reading manifest file '../../build/demo_python_tf/demo_python_tf.egg-info/SOURCES.txt'
[0.639s] adding license file 'LICENSE'
[0.639s] writing manifest file '../../build/demo_python_tf/demo_python_tf.egg-info/SOURCES.txt'
[0.639s] running build
[0.639s] running build_py
[0.641s] creating /home/lyd/ROS2/chapter5_Tools/chapt5_ws/build/demo_python_tf/build
[0.641s] creating /home/lyd/ROS2/chapter5_Tools/chapt5_ws/build/demo_python_tf/build/lib
[0.641s] creating /home/lyd/ROS2/chapter5_Tools/chapt5_ws/build/demo_python_tf/build/lib/demo_python_tf
[0.641s] copying demo_python_tf/tf_listener.py -> /home/lyd/ROS2/chapter5_Tools/chapt5_ws/build/demo_python_tf/build/lib/demo_python_tf
[0.641s] copying demo_python_tf/__init__.py -> /home/lyd/ROS2/chapter5_Tools/chapt5_ws/build/demo_python_tf/build/lib/demo_python_tf
[0.642s] copying demo_python_tf/dynamic_tf_broadcaster.py -> /home/lyd/ROS2/chapter5_Tools/chapt5_ws/build/demo_python_tf/build/lib/demo_python_tf
[0.642s] copying demo_python_tf/static_tf_broadcaster.py -> /home/lyd/ROS2/chapter5_Tools/chapt5_ws/build/demo_python_tf/build/lib/demo_python_tf
[0.642s] running install
[0.642s] running install_lib
[0.642s] creating /home/lyd/ROS2/chapter5_Tools/chapt5_ws/install/demo_python_tf/lib/python3.10/site-packages/demo_python_tf
[0.642s] copying /home/lyd/ROS2/chapter5_Tools/chapt5_ws/build/demo_python_tf/build/lib/demo_python_tf/tf_listener.py -> /home/lyd/ROS2/chapter5_Tools/chapt5_ws/install/demo_python_tf/lib/python3.10/site-packages/demo_python_tf
[0.642s] copying /home/lyd/ROS2/chapter5_Tools/chapt5_ws/build/demo_python_tf/build/lib/demo_python_tf/__init__.py -> /home/lyd/ROS2/chapter5_Tools/chapt5_ws/install/demo_python_tf/lib/python3.10/site-packages/demo_python_tf
[0.642s] copying /home/lyd/ROS2/chapter5_Tools/chapt5_ws/build/demo_python_tf/build/lib/demo_python_tf/dynamic_tf_broadcaster.py -> /home/lyd/ROS2/chapter5_Tools/chapt5_ws/install/demo_python_tf/lib/python3.10/site-packages/demo_python_tf
[0.642s] copying /home/lyd/ROS2/chapter5_Tools/chapt5_ws/build/demo_python_tf/build/lib/demo_python_tf/static_tf_broadcaster.py -> /home/lyd/ROS2/chapter5_Tools/chapt5_ws/install/demo_python_tf/lib/python3.10/site-packages/demo_python_tf
[0.642s] byte-compiling /home/lyd/ROS2/chapter5_Tools/chapt5_ws/install/demo_python_tf/lib/python3.10/site-packages/demo_python_tf/tf_listener.py to tf_listener.cpython-310.pyc
[0.642s] byte-compiling /home/lyd/ROS2/chapter5_Tools/chapt5_ws/install/demo_python_tf/lib/python3.10/site-packages/demo_python_tf/__init__.py to __init__.cpython-310.pyc
[0.642s] byte-compiling /home/lyd/ROS2/chapter5_Tools/chapt5_ws/install/demo_python_tf/lib/python3.10/site-packages/demo_python_tf/dynamic_tf_broadcaster.py to dynamic_tf_broadcaster.cpython-310.pyc
[0.642s] byte-compiling /home/lyd/ROS2/chapter5_Tools/chapt5_ws/install/demo_python_tf/lib/python3.10/site-packages/demo_python_tf/static_tf_broadcaster.py to static_tf_broadcaster.cpython-310.pyc
[0.642s] running install_data
[0.642s] creating /home/lyd/ROS2/chapter5_Tools/chapt5_ws/install/demo_python_tf/share/ament_index
[0.642s] creating /home/lyd/ROS2/chapter5_Tools/chapt5_ws/install/demo_python_tf/share/ament_index/resource_index
[0.643s] creating /home/lyd/ROS2/chapter5_Tools/chapt5_ws/install/demo_python_tf/share/ament_index/resource_index/packages
[0.643s] copying resource/demo_python_tf -> /home/lyd/ROS2/chapter5_Tools/chapt5_ws/install/demo_python_tf/share/ament_index/resource_index/packages
[0.643s] copying package.xml -> /home/lyd/ROS2/chapter5_Tools/chapt5_ws/install/demo_python_tf/share/demo_python_tf
[0.643s] running install_egg_info
[0.644s] Copying ../../build/demo_python_tf/demo_python_tf.egg-info to /home/lyd/ROS2/chapter5_Tools/chapt5_ws/install/demo_python_tf/lib/python3.10/site-packages/demo_python_tf-0.0.0-py3.10.egg-info
[0.644s] running install_scripts
[0.660s] Installing dynamic_tf_broadcaster script to /home/lyd/ROS2/chapter5_Tools/chapt5_ws/install/demo_python_tf/lib/demo_python_tf
[0.660s] Installing static_tf_broadcaster script to /home/lyd/ROS2/chapter5_Tools/chapt5_ws/install/demo_python_tf/lib/demo_python_tf
[0.660s] Installing tf_listener script to /home/lyd/ROS2/chapter5_Tools/chapt5_ws/install/demo_python_tf/lib/demo_python_tf
[0.661s] writing list of installed files to '/home/lyd/ROS2/chapter5_Tools/chapt5_ws/build/demo_python_tf/install.log'
[0.676s] Invoked command in '/home/lyd/ROS2/chapter5_Tools/chapt5_ws/src/demo_python_tf' returned '0': PYTHONPATH=/home/lyd/ROS2/chapter5_Tools/chapt5_ws/build/demo_python_tf/prefix_override:/usr/lib/python3/dist-packages/colcon_core/task/python/colcon_distutils_commands:/home/lyd/ROS2/chapter5_Tools/chapt5_ws/install/demo_python_tf/lib/python3.10/site-packages:${PYTHONPATH} /usr/bin/python3 -W ignore:setup.py install is deprecated -W ignore:easy_install command is deprecated setup.py egg_info --egg-base ../../build/demo_python_tf build --build-base /home/lyd/ROS2/chapter5_Tools/chapt5_ws/build/demo_python_tf/build install --record /home/lyd/ROS2/chapter5_Tools/chapt5_ws/build/demo_python_tf/install.log --single-version-externally-managed install_data
