[0.013s] Invoking command in '/home/lyd/ROS2/chapter5_Tools/build/demo_cpp_tf': CMAKE_PREFIX_PATH=${CMAKE_PREFIX_PATH}:/home/lyd/ROS2/chapter5_Tools/install/demo_python_tf:/opt/ros/humble /usr/bin/cmake --build /home/lyd/ROS2/chapter5_Tools/build/demo_cpp_tf -- -j4 -l4
[0.061s] [35m[1mConsolidate compiler generated dependencies of target static_tf_broadcaster[0m
[0.080s] [ 16%] [32mBuilding CXX object CMakeFiles/tf_listener.dir/src/tf_listener.cpp.o[0m
[0.084s] [ 50%] Built target dynamic_tf_broadcaster
[0.090s] [ 83%] Built target static_tf_broadcaster
[7.744s] [100%] [32m[1mLinking CXX executable tf_listener[0m
[8.072s] [100%] Built target tf_listener
[8.082s] Invoked command in '/home/lyd/ROS2/chapter5_Tools/build/demo_cpp_tf' returned '0': CMAKE_PREFIX_PATH=${CMAKE_PREFIX_PATH}:/home/lyd/ROS2/chapter5_Tools/install/demo_python_tf:/opt/ros/humble /usr/bin/cmake --build /home/lyd/ROS2/chapter5_Tools/build/demo_cpp_tf -- -j4 -l4
[8.093s] Invoking command in '/home/lyd/ROS2/chapter5_Tools/build/demo_cpp_tf': CMAKE_PREFIX_PATH=${CMAKE_PREFIX_PATH}:/home/lyd/ROS2/chapter5_Tools/install/demo_python_tf:/opt/ros/humble /usr/bin/cmake --install /home/lyd/ROS2/chapter5_Tools/build/demo_cpp_tf
[8.103s] -- Install configuration: ""
[8.103s] -- Installing: /home/lyd/ROS2/chapter5_Tools/install/demo_cpp_tf/lib/demo_cpp_tf/tf_listener
[8.106s] -- Set runtime path of "/home/lyd/ROS2/chapter5_Tools/install/demo_cpp_tf/lib/demo_cpp_tf/tf_listener" to ""
[8.106s] -- Up-to-date: /home/lyd/ROS2/chapter5_Tools/install/demo_cpp_tf/lib/demo_cpp_tf/static_tf_broadcaster
[8.106s] -- Up-to-date: /home/lyd/ROS2/chapter5_Tools/install/demo_cpp_tf/lib/demo_cpp_tf/dynamic_tf_broadcaster
[8.106s] -- Up-to-date: /home/lyd/ROS2/chapter5_Tools/install/demo_cpp_tf/share/ament_index/resource_index/package_run_dependencies/demo_cpp_tf
[8.107s] -- Up-to-date: /home/lyd/ROS2/chapter5_Tools/install/demo_cpp_tf/share/ament_index/resource_index/parent_prefix_path/demo_cpp_tf
[8.107s] -- Up-to-date: /home/lyd/ROS2/chapter5_Tools/install/demo_cpp_tf/share/demo_cpp_tf/environment/ament_prefix_path.sh
[8.107s] -- Up-to-date: /home/lyd/ROS2/chapter5_Tools/install/demo_cpp_tf/share/demo_cpp_tf/environment/ament_prefix_path.dsv
[8.107s] -- Up-to-date: /home/lyd/ROS2/chapter5_Tools/install/demo_cpp_tf/share/demo_cpp_tf/environment/path.sh
[8.107s] -- Up-to-date: /home/lyd/ROS2/chapter5_Tools/install/demo_cpp_tf/share/demo_cpp_tf/environment/path.dsv
[8.107s] -- Up-to-date: /home/lyd/ROS2/chapter5_Tools/install/demo_cpp_tf/share/demo_cpp_tf/local_setup.bash
[8.108s] -- Up-to-date: /home/lyd/ROS2/chapter5_Tools/install/demo_cpp_tf/share/demo_cpp_tf/local_setup.sh
[8.108s] -- Up-to-date: /home/lyd/ROS2/chapter5_Tools/install/demo_cpp_tf/share/demo_cpp_tf/local_setup.zsh
[8.112s] -- Up-to-date: /home/lyd/ROS2/chapter5_Tools/install/demo_cpp_tf/share/demo_cpp_tf/local_setup.dsv
[8.112s] -- Installing: /home/lyd/ROS2/chapter5_Tools/install/demo_cpp_tf/share/demo_cpp_tf/package.dsv
[8.112s] -- Up-to-date: /home/lyd/ROS2/chapter5_Tools/install/demo_cpp_tf/share/ament_index/resource_index/packages/demo_cpp_tf
[8.112s] -- Up-to-date: /home/lyd/ROS2/chapter5_Tools/install/demo_cpp_tf/share/demo_cpp_tf/cmake/demo_cpp_tfConfig.cmake
[8.112s] -- Up-to-date: /home/lyd/ROS2/chapter5_Tools/install/demo_cpp_tf/share/demo_cpp_tf/cmake/demo_cpp_tfConfig-version.cmake
[8.112s] -- Up-to-date: /home/lyd/ROS2/chapter5_Tools/install/demo_cpp_tf/share/demo_cpp_tf/package.xml
[8.113s] Invoked command in '/home/lyd/ROS2/chapter5_Tools/build/demo_cpp_tf' returned '0': CMAKE_PREFIX_PATH=${CMAKE_PREFIX_PATH}:/home/lyd/ROS2/chapter5_Tools/install/demo_python_tf:/opt/ros/humble /usr/bin/cmake --install /home/lyd/ROS2/chapter5_Tools/build/demo_cpp_tf
