[0.016s] Invoking command in '/home/lyd/ROS2/chapter3_Topic/Topic_ws/build/demo_cpp_topic': CMAKE_PREFIX_PATH=/opt/ros/humble /usr/bin/cmake --build /home/lyd/ROS2/chapter3_Topic/Topic_ws/build/demo_cpp_topic -- -j4 -l4
[0.052s] -- Found ament_cmake: 1.3.11 (/opt/ros/humble/share/ament_cmake/cmake)
[0.180s] -- Found rclcpp: 16.0.12 (/opt/ros/humble/share/rclcpp/cmake)
[0.202s] -- Found rosidl_generator_c: 3.1.6 (/opt/ros/humble/share/rosidl_generator_c/cmake)
[0.204s] -- Found rosidl_adapter: 3.1.6 (/opt/ros/humble/share/rosidl_adapter/cmake)
[0.208s] -- Found rosidl_generator_cpp: 3.1.6 (/opt/ros/humble/share/rosidl_generator_cpp/cmake)
[0.226s] -- Using all available rosidl_typesupport_c: rosidl_typesupport_fastrtps_c;rosidl_typesupport_introspection_c
[0.237s] -- Using all available rosidl_typesupport_cpp: rosidl_typesupport_fastrtps_cpp;rosidl_typesupport_introspection_cpp
[0.269s] -- Found rmw_implementation_cmake: 6.1.2 (/opt/ros/humble/share/rmw_implementation_cmake/cmake)
[0.270s] -- Found rmw_fastrtps_cpp: 6.2.7 (/opt/ros/humble/share/rmw_fastrtps_cpp/cmake)
[0.354s] -- Using RMW implementation 'rmw_fastrtps_cpp' as default
[0.394s] -- Found geometry_msgs: 4.8.0 (/opt/ros/humble/share/geometry_msgs/cmake)
[0.404s] -- Found turtlesim: 1.4.2 (/opt/ros/humble/share/turtlesim/cmake)
[0.432s] -- Found ament_lint_auto: 0.12.12 (/opt/ros/humble/share/ament_lint_auto/cmake)
[0.495s] -- Added test 'cppcheck' to perform static code analysis on C / C++ code
[0.495s] -- Configured cppcheck include dirs: 
[0.495s] -- Configured cppcheck exclude dirs and/or files: 
[0.495s] -- Added test 'lint_cmake' to check CMake code style
[0.495s] -- Added test 'uncrustify' to check C / C++ code style
[0.495s] -- Configured uncrustify additional arguments: 
[0.495s] -- Added test 'xmllint' to check XML markup files
[0.495s] -- Configuring done
[0.506s] -- Generating done
[0.512s] -- Build files have been written to: /home/lyd/ROS2/chapter3_Topic/Topic_ws/build/demo_cpp_topic
[0.540s] [35m[1mConsolidate compiler generated dependencies of target turtle_circle[0m
[0.557s] [ 50%] Built target turtle_circle
[0.568s] [ 75%] [32mBuilding CXX object CMakeFiles/turtle_control.dir/src/turtle_control.cpp.o[0m
[8.077s] [100%] [32m[1mLinking CXX executable turtle_control[0m
[8.556s] [100%] Built target turtle_control
[8.566s] Invoked command in '/home/lyd/ROS2/chapter3_Topic/Topic_ws/build/demo_cpp_topic' returned '0': CMAKE_PREFIX_PATH=/opt/ros/humble /usr/bin/cmake --build /home/lyd/ROS2/chapter3_Topic/Topic_ws/build/demo_cpp_topic -- -j4 -l4
[8.575s] Invoking command in '/home/lyd/ROS2/chapter3_Topic/Topic_ws/build/demo_cpp_topic': CMAKE_PREFIX_PATH=/opt/ros/humble /usr/bin/cmake --install /home/lyd/ROS2/chapter3_Topic/Topic_ws/build/demo_cpp_topic
[8.583s] -- Install configuration: ""
[8.585s] -- Up-to-date: /home/lyd/ROS2/chapter3_Topic/Topic_ws/install/demo_cpp_topic/lib/demo_cpp_topic/turtle_circle
[8.586s] -- Installing: /home/lyd/ROS2/chapter3_Topic/Topic_ws/install/demo_cpp_topic/lib/demo_cpp_topic/turtle_control
[8.589s] -- Set runtime path of "/home/lyd/ROS2/chapter3_Topic/Topic_ws/install/demo_cpp_topic/lib/demo_cpp_topic/turtle_control" to ""
[8.589s] -- Up-to-date: /home/lyd/ROS2/chapter3_Topic/Topic_ws/install/demo_cpp_topic/share/ament_index/resource_index/package_run_dependencies/demo_cpp_topic
[8.589s] -- Up-to-date: /home/lyd/ROS2/chapter3_Topic/Topic_ws/install/demo_cpp_topic/share/ament_index/resource_index/parent_prefix_path/demo_cpp_topic
[8.589s] -- Up-to-date: /home/lyd/ROS2/chapter3_Topic/Topic_ws/install/demo_cpp_topic/share/demo_cpp_topic/environment/ament_prefix_path.sh
[8.589s] -- Installing: /home/lyd/ROS2/chapter3_Topic/Topic_ws/install/demo_cpp_topic/share/demo_cpp_topic/environment/ament_prefix_path.dsv
[8.589s] -- Up-to-date: /home/lyd/ROS2/chapter3_Topic/Topic_ws/install/demo_cpp_topic/share/demo_cpp_topic/environment/path.sh
[8.589s] -- Installing: /home/lyd/ROS2/chapter3_Topic/Topic_ws/install/demo_cpp_topic/share/demo_cpp_topic/environment/path.dsv
[8.589s] -- Up-to-date: /home/lyd/ROS2/chapter3_Topic/Topic_ws/install/demo_cpp_topic/share/demo_cpp_topic/local_setup.bash
[8.589s] -- Up-to-date: /home/lyd/ROS2/chapter3_Topic/Topic_ws/install/demo_cpp_topic/share/demo_cpp_topic/local_setup.sh
[8.590s] -- Up-to-date: /home/lyd/ROS2/chapter3_Topic/Topic_ws/install/demo_cpp_topic/share/demo_cpp_topic/local_setup.zsh
[8.590s] -- Installing: /home/lyd/ROS2/chapter3_Topic/Topic_ws/install/demo_cpp_topic/share/demo_cpp_topic/local_setup.dsv
[8.590s] -- Installing: /home/lyd/ROS2/chapter3_Topic/Topic_ws/install/demo_cpp_topic/share/demo_cpp_topic/package.dsv
[8.591s] -- Up-to-date: /home/lyd/ROS2/chapter3_Topic/Topic_ws/install/demo_cpp_topic/share/ament_index/resource_index/packages/demo_cpp_topic
[8.591s] -- Up-to-date: /home/lyd/ROS2/chapter3_Topic/Topic_ws/install/demo_cpp_topic/share/demo_cpp_topic/cmake/demo_cpp_topicConfig.cmake
[8.591s] -- Up-to-date: /home/lyd/ROS2/chapter3_Topic/Topic_ws/install/demo_cpp_topic/share/demo_cpp_topic/cmake/demo_cpp_topicConfig-version.cmake
[8.591s] -- Up-to-date: /home/lyd/ROS2/chapter3_Topic/Topic_ws/install/demo_cpp_topic/share/demo_cpp_topic/package.xml
[8.594s] Invoked command in '/home/lyd/ROS2/chapter3_Topic/Topic_ws/build/demo_cpp_topic' returned '0': CMAKE_PREFIX_PATH=/opt/ros/humble /usr/bin/cmake --install /home/lyd/ROS2/chapter3_Topic/Topic_ws/build/demo_cpp_topic
