[0.010s] Invoking command in '/home/lyd/ROS2/chapter2_Node/chapter2_workspace/build/demo_cpp_pkg': CMAKE_PREFIX_PATH=${CMAKE_PREFIX_PATH}:/home/lyd/ROS2/chapter2_Node/chapter2_workspace/install/demo_python_pkg:/opt/ros/humble /usr/bin/cmake --build /home/lyd/ROS2/chapter2_Node/chapter2_workspace/build/demo_cpp_pkg -- -j4 -l4
[0.068s] [ 16%] Built target auto_test
[0.068s] [ 33%] Built target person_node
[0.072s] [ 50%] Built target cpp_node
[0.074s] [ 66%] Built target shared_ptr_test
[0.090s] [ 91%] Built target lambda_test
[0.090s] [100%] Built target funcational_test
[0.207s] Invoked command in '/home/lyd/ROS2/chapter2_Node/chapter2_workspace/build/demo_cpp_pkg' returned '0': CMAKE_PREFIX_PATH=${CMAKE_PREFIX_PATH}:/home/lyd/ROS2/chapter2_Node/chapter2_workspace/install/demo_python_pkg:/opt/ros/humble /usr/bin/cmake --build /home/lyd/ROS2/chapter2_Node/chapter2_workspace/build/demo_cpp_pkg -- -j4 -l4
[0.216s] Invoking command in '/home/lyd/ROS2/chapter2_Node/chapter2_workspace/build/demo_cpp_pkg': CMAKE_PREFIX_PATH=${CMAKE_PREFIX_PATH}:/home/lyd/ROS2/chapter2_Node/chapter2_workspace/install/demo_python_pkg:/opt/ros/humble /usr/bin/cmake --install /home/lyd/ROS2/chapter2_Node/chapter2_workspace/build/demo_cpp_pkg
[0.225s] -- Install configuration: ""
[0.225s] -- Up-to-date: /home/lyd/ROS2/chapter2_Node/chapter2_workspace/install/demo_cpp_pkg/lib/demo_cpp_pkg/cpp_node
[0.225s] -- Up-to-date: /home/lyd/ROS2/chapter2_Node/chapter2_workspace/install/demo_cpp_pkg/lib/demo_cpp_pkg/person_node
[0.226s] -- Up-to-date: /home/lyd/ROS2/chapter2_Node/chapter2_workspace/install/demo_cpp_pkg/lib/demo_cpp_pkg/auto_test
[0.226s] -- Up-to-date: /home/lyd/ROS2/chapter2_Node/chapter2_workspace/install/demo_cpp_pkg/lib/demo_cpp_pkg/shared_ptr_test
[0.226s] -- Up-to-date: /home/lyd/ROS2/chapter2_Node/chapter2_workspace/install/demo_cpp_pkg/lib/demo_cpp_pkg/lambda_test
[0.226s] -- Up-to-date: /home/lyd/ROS2/chapter2_Node/chapter2_workspace/install/demo_cpp_pkg/lib/demo_cpp_pkg/funcational_test
[0.226s] -- Up-to-date: /home/lyd/ROS2/chapter2_Node/chapter2_workspace/install/demo_cpp_pkg/share/ament_index/resource_index/package_run_dependencies/demo_cpp_pkg
[0.226s] -- Up-to-date: /home/lyd/ROS2/chapter2_Node/chapter2_workspace/install/demo_cpp_pkg/share/ament_index/resource_index/parent_prefix_path/demo_cpp_pkg
[0.226s] -- Up-to-date: /home/lyd/ROS2/chapter2_Node/chapter2_workspace/install/demo_cpp_pkg/share/demo_cpp_pkg/environment/ament_prefix_path.sh
[0.226s] -- Up-to-date: /home/lyd/ROS2/chapter2_Node/chapter2_workspace/install/demo_cpp_pkg/share/demo_cpp_pkg/environment/ament_prefix_path.dsv
[0.227s] -- Up-to-date: /home/lyd/ROS2/chapter2_Node/chapter2_workspace/install/demo_cpp_pkg/share/demo_cpp_pkg/environment/path.sh
[0.227s] -- Up-to-date: /home/lyd/ROS2/chapter2_Node/chapter2_workspace/install/demo_cpp_pkg/share/demo_cpp_pkg/environment/path.dsv
[0.227s] -- Up-to-date: /home/lyd/ROS2/chapter2_Node/chapter2_workspace/install/demo_cpp_pkg/share/demo_cpp_pkg/local_setup.bash
[0.227s] -- Up-to-date: /home/lyd/ROS2/chapter2_Node/chapter2_workspace/install/demo_cpp_pkg/share/demo_cpp_pkg/local_setup.sh
[0.227s] -- Up-to-date: /home/lyd/ROS2/chapter2_Node/chapter2_workspace/install/demo_cpp_pkg/share/demo_cpp_pkg/local_setup.zsh
[0.227s] -- Up-to-date: /home/lyd/ROS2/chapter2_Node/chapter2_workspace/install/demo_cpp_pkg/share/demo_cpp_pkg/local_setup.dsv
[0.227s] -- Installing: /home/lyd/ROS2/chapter2_Node/chapter2_workspace/install/demo_cpp_pkg/share/demo_cpp_pkg/package.dsv
[0.227s] -- Up-to-date: /home/lyd/ROS2/chapter2_Node/chapter2_workspace/install/demo_cpp_pkg/share/ament_index/resource_index/packages/demo_cpp_pkg
[0.227s] -- Up-to-date: /home/lyd/ROS2/chapter2_Node/chapter2_workspace/install/demo_cpp_pkg/share/demo_cpp_pkg/cmake/demo_cpp_pkgConfig.cmake
[0.227s] -- Up-to-date: /home/lyd/ROS2/chapter2_Node/chapter2_workspace/install/demo_cpp_pkg/share/demo_cpp_pkg/cmake/demo_cpp_pkgConfig-version.cmake
[0.227s] -- Up-to-date: /home/lyd/ROS2/chapter2_Node/chapter2_workspace/install/demo_cpp_pkg/share/demo_cpp_pkg/package.xml
[0.227s] Invoked command in '/home/lyd/ROS2/chapter2_Node/chapter2_workspace/build/demo_cpp_pkg' returned '0': CMAKE_PREFIX_PATH=${CMAKE_PREFIX_PATH}:/home/lyd/ROS2/chapter2_Node/chapter2_workspace/install/demo_python_pkg:/opt/ros/humble /usr/bin/cmake --install /home/lyd/ROS2/chapter2_Node/chapter2_workspace/build/demo_cpp_pkg
