[0.528s] Invoking command in '/home/lyd/ROS2/chapter3_Topic/Topic_ws/src/demo_python_topic': PYTHONPATH=/home/lyd/ROS2/chapter3_Topic/Topic_ws/build/demo_python_topic/prefix_override:/usr/lib/python3/dist-packages/colcon_core/task/python/colcon_distutils_commands:/home/lyd/ROS2/chapter3_Topic/Topic_ws/install/demo_python_topic/lib/python3.10/site-packages:${PYTHONPATH} /usr/bin/python3 -W ignore:setup.py install is deprecated -W ignore:easy_install command is deprecated setup.py egg_info --egg-base ../../build/demo_python_topic build --build-base /home/lyd/ROS2/chapter3_Topic/Topic_ws/build/demo_python_topic/build install --record /home/lyd/ROS2/chapter3_Topic/Topic_ws/build/demo_python_topic/install.log --single-version-externally-managed install_data
[0.692s] running egg_info
[0.693s] writing ../../build/demo_python_topic/demo_python_topic.egg-info/PKG-INFO
[0.693s] writing dependency_links to ../../build/demo_python_topic/demo_python_topic.egg-info/dependency_links.txt
[0.693s] writing entry points to ../../build/demo_python_topic/demo_python_topic.egg-info/entry_points.txt
[0.693s] writing requirements to ../../build/demo_python_topic/demo_python_topic.egg-info/requires.txt
[0.693s] writing top-level names to ../../build/demo_python_topic/demo_python_topic.egg-info/top_level.txt
[0.694s] reading manifest file '../../build/demo_python_topic/demo_python_topic.egg-info/SOURCES.txt'
[0.694s] adding license file 'LICENSE'
[0.696s] writing manifest file '../../build/demo_python_topic/demo_python_topic.egg-info/SOURCES.txt'
[0.696s] running build
[0.696s] running build_py
[0.696s] copying demo_python_topic/novel_sub_node.py -> /home/lyd/ROS2/chapter3_Topic/Topic_ws/build/demo_python_topic/build/lib/demo_python_topic
[0.696s] running install
[0.696s] running install_lib
[0.696s] copying /home/lyd/ROS2/chapter3_Topic/Topic_ws/build/demo_python_topic/build/lib/demo_python_topic/novel_sub_node.py -> /home/lyd/ROS2/chapter3_Topic/Topic_ws/install/demo_python_topic/lib/python3.10/site-packages/demo_python_topic
[0.697s] byte-compiling /home/lyd/ROS2/chapter3_Topic/Topic_ws/install/demo_python_topic/lib/python3.10/site-packages/demo_python_topic/novel_sub_node.py to novel_sub_node.cpython-310.pyc
[0.698s] running install_data
[0.698s] running install_egg_info
[0.699s] removing '/home/lyd/ROS2/chapter3_Topic/Topic_ws/install/demo_python_topic/lib/python3.10/site-packages/demo_python_topic-0.0.0-py3.10.egg-info' (and everything under it)
[0.700s] Copying ../../build/demo_python_topic/demo_python_topic.egg-info to /home/lyd/ROS2/chapter3_Topic/Topic_ws/install/demo_python_topic/lib/python3.10/site-packages/demo_python_topic-0.0.0-py3.10.egg-info
[0.702s] running install_scripts
[0.717s] Installing novel_pub_node script to /home/lyd/ROS2/chapter3_Topic/Topic_ws/install/demo_python_topic/lib/demo_python_topic
[0.717s] Installing novel_sub_node script to /home/lyd/ROS2/chapter3_Topic/Topic_ws/install/demo_python_topic/lib/demo_python_topic
[0.717s] writing list of installed files to '/home/lyd/ROS2/chapter3_Topic/Topic_ws/build/demo_python_topic/install.log'
[0.734s] Invoked command in '/home/lyd/ROS2/chapter3_Topic/Topic_ws/src/demo_python_topic' returned '0': PYTHONPATH=/home/lyd/ROS2/chapter3_Topic/Topic_ws/build/demo_python_topic/prefix_override:/usr/lib/python3/dist-packages/colcon_core/task/python/colcon_distutils_commands:/home/lyd/ROS2/chapter3_Topic/Topic_ws/install/demo_python_topic/lib/python3.10/site-packages:${PYTHONPATH} /usr/bin/python3 -W ignore:setup.py install is deprecated -W ignore:easy_install command is deprecated setup.py egg_info --egg-base ../../build/demo_python_topic build --build-base /home/lyd/ROS2/chapter3_Topic/Topic_ws/build/demo_python_topic/build install --record /home/lyd/ROS2/chapter3_Topic/Topic_ws/build/demo_python_topic/install.log --single-version-externally-managed install_data
