[0.022s] Invoking command in '/home/lyd/ROS2/chapter4_Service/build/demo_cpp_service': CMAKE_PREFIX_PATH=/home/lyd/ROS2/chapter4_Service/install/chapt4_interfaces:/home/lyd/ROS2/chapter4_Service/install/demo_cpp_service:/home/lyd/ROS2/chapter4_Service/install/demo_python_service:/opt/ros/humble /usr/bin/cmake --build /home/lyd/ROS2/chapter4_Service/build/demo_cpp_service -- -j4 -l4
[0.069s] [35m[1mConsolidate compiler generated dependencies of target patrol_client[0m
[0.086s] [ 50%] Built target turtle_control
[0.092s] [ 75%] [32mBuilding CXX object CMakeFiles/patrol_client.dir/src/patrol_client.cpp.o[0m
[3.783s] [100%] [32m[1mLinking CXX executable patrol_client[0m
[3.964s] [100%] Built target patrol_client
[3.977s] Invoked command in '/home/lyd/ROS2/chapter4_Service/build/demo_cpp_service' returned '0': CMAKE_PREFIX_PATH=/home/lyd/ROS2/chapter4_Service/install/chapt4_interfaces:/home/lyd/ROS2/chapter4_Service/install/demo_cpp_service:/home/lyd/ROS2/chapter4_Service/install/demo_python_service:/opt/ros/humble /usr/bin/cmake --build /home/lyd/ROS2/chapter4_Service/build/demo_cpp_service -- -j4 -l4
[3.979s] Invoking command in '/home/lyd/ROS2/chapter4_Service/build/demo_cpp_service': CMAKE_PREFIX_PATH=/home/lyd/ROS2/chapter4_Service/install/chapt4_interfaces:/home/lyd/ROS2/chapter4_Service/install/demo_cpp_service:/home/lyd/ROS2/chapter4_Service/install/demo_python_service:/opt/ros/humble /usr/bin/cmake --install /home/lyd/ROS2/chapter4_Service/build/demo_cpp_service
[3.987s] -- Install configuration: ""
[3.987s] -- Up-to-date: /home/lyd/ROS2/chapter4_Service/install/demo_cpp_service/lib/demo_cpp_service/turtle_control
[3.987s] -- Installing: /home/lyd/ROS2/chapter4_Service/install/demo_cpp_service/lib/demo_cpp_service/patrol_client
[3.990s] -- Set runtime path of "/home/lyd/ROS2/chapter4_Service/install/demo_cpp_service/lib/demo_cpp_service/patrol_client" to ""
[3.990s] -- Up-to-date: /home/lyd/ROS2/chapter4_Service/install/demo_cpp_service/share/demo_cpp_service/launch
[3.990s] -- Up-to-date: /home/lyd/ROS2/chapter4_Service/install/demo_cpp_service/share/demo_cpp_service/launch/demo.launch.py
[3.990s] -- Up-to-date: /home/lyd/ROS2/chapter4_Service/install/demo_cpp_service/share/ament_index/resource_index/package_run_dependencies/demo_cpp_service
[3.990s] -- Up-to-date: /home/lyd/ROS2/chapter4_Service/install/demo_cpp_service/share/ament_index/resource_index/parent_prefix_path/demo_cpp_service
[3.990s] -- Up-to-date: /home/lyd/ROS2/chapter4_Service/install/demo_cpp_service/share/demo_cpp_service/environment/ament_prefix_path.sh
[3.990s] -- Up-to-date: /home/lyd/ROS2/chapter4_Service/install/demo_cpp_service/share/demo_cpp_service/environment/ament_prefix_path.dsv
[3.991s] -- Up-to-date: /home/lyd/ROS2/chapter4_Service/install/demo_cpp_service/share/demo_cpp_service/environment/path.sh
[3.991s] -- Up-to-date: /home/lyd/ROS2/chapter4_Service/install/demo_cpp_service/share/demo_cpp_service/environment/path.dsv
[3.991s] -- Up-to-date: /home/lyd/ROS2/chapter4_Service/install/demo_cpp_service/share/demo_cpp_service/local_setup.bash
[3.991s] -- Up-to-date: /home/lyd/ROS2/chapter4_Service/install/demo_cpp_service/share/demo_cpp_service/local_setup.sh
[3.991s] -- Up-to-date: /home/lyd/ROS2/chapter4_Service/install/demo_cpp_service/share/demo_cpp_service/local_setup.zsh
[3.992s] -- Up-to-date: /home/lyd/ROS2/chapter4_Service/install/demo_cpp_service/share/demo_cpp_service/local_setup.dsv
[3.992s] -- Installing: /home/lyd/ROS2/chapter4_Service/install/demo_cpp_service/share/demo_cpp_service/package.dsv
[3.992s] -- Up-to-date: /home/lyd/ROS2/chapter4_Service/install/demo_cpp_service/share/ament_index/resource_index/packages/demo_cpp_service
[3.994s] -- Up-to-date: /home/lyd/ROS2/chapter4_Service/install/demo_cpp_service/share/demo_cpp_service/cmake/demo_cpp_serviceConfig.cmake
[3.994s] -- Up-to-date: /home/lyd/ROS2/chapter4_Service/install/demo_cpp_service/share/demo_cpp_service/cmake/demo_cpp_serviceConfig-version.cmake
[3.994s] -- Up-to-date: /home/lyd/ROS2/chapter4_Service/install/demo_cpp_service/share/demo_cpp_service/package.xml
[3.996s] Invoked command in '/home/lyd/ROS2/chapter4_Service/build/demo_cpp_service' returned '0': CMAKE_PREFIX_PATH=/home/lyd/ROS2/chapter4_Service/install/chapt4_interfaces:/home/lyd/ROS2/chapter4_Service/install/demo_cpp_service:/home/lyd/ROS2/chapter4_Service/install/demo_python_service:/opt/ros/humble /usr/bin/cmake --install /home/lyd/ROS2/chapter4_Service/build/demo_cpp_service
