[0.008s] Invoking command in '/home/lyd/ROS2/chapter4_Service/build/demo_cpp_service': AMENT_PREFIX_PATH=/home/lyd/ROS2/chapter4_Service/install/chapt4_interfaces:${AMENT_PREFIX_PATH} CMAKE_PREFIX_PATH=/home/lyd/ROS2/chapter4_Service/install/chapt4_interfaces:/opt/ros/humble LD_LIBRARY_PATH=/home/lyd/ROS2/chapter4_Service/install/chapt4_interfaces/lib:${LD_LIBRARY_PATH} PYTHONPATH=/home/lyd/ROS2/chapter4_Service/install/chapt4_interfaces/local/lib/python3.10/dist-packages:${PYTHONPATH} /usr/bin/cmake /home/lyd/ROS2/chapter4_Service/Service_ws/src/demo_cpp_service -DCMAKE_INSTALL_PREFIX=/home/lyd/ROS2/chapter4_Service/install/demo_cpp_service
[0.075s] -- The C compiler identification is GNU 11.4.0
[0.123s] -- The CXX compiler identification is GNU 11.4.0
[0.134s] -- Detecting C compiler ABI info
[0.209s] -- Detecting C compiler ABI info - done
[0.218s] -- Check for working C compiler: /usr/bin/cc - skipped
[0.219s] -- Detecting C compile features
[0.219s] -- Detecting C compile features - done
[0.220s] -- Detecting CXX compiler ABI info
[0.312s] -- Detecting CXX compiler ABI info - done
[0.315s] -- Check for working CXX compiler: /usr/bin/c++ - skipped
[0.315s] -- Detecting CXX compile features
[0.315s] -- Detecting CXX compile features - done
[0.317s] -- Found ament_cmake: 1.3.11 (/opt/ros/humble/share/ament_cmake/cmake)
[0.461s] -- Found Python3: /usr/bin/python3 (found version "3.10.12") found components: Interpreter 
[0.531s] -- Found chapt4_interfaces: 0.0.0 (/home/lyd/ROS2/chapter4_Service/install/chapt4_interfaces/share/chapt4_interfaces/cmake)
[0.554s] -- Found rosidl_generator_c: 3.1.6 (/opt/ros/humble/share/rosidl_generator_c/cmake)
[0.557s] -- Found rosidl_adapter: 3.1.6 (/opt/ros/humble/share/rosidl_adapter/cmake)
[0.565s] -- Found rosidl_generator_cpp: 3.1.6 (/opt/ros/humble/share/rosidl_generator_cpp/cmake)
[0.571s] -- Using all available rosidl_typesupport_c: rosidl_typesupport_fastrtps_c;rosidl_typesupport_introspection_c
[0.582s] -- Using all available rosidl_typesupport_cpp: rosidl_typesupport_fastrtps_cpp;rosidl_typesupport_introspection_cpp
[0.638s] -- Found rclcpp: 16.0.12 (/opt/ros/humble/share/rclcpp/cmake)
[0.684s] -- Found rmw_implementation_cmake: 6.1.2 (/opt/ros/humble/share/rmw_implementation_cmake/cmake)
[0.688s] -- Found rmw_fastrtps_cpp: 6.2.7 (/opt/ros/humble/share/rmw_fastrtps_cpp/cmake)
[0.769s] -- Found OpenSSL: /usr/lib/x86_64-linux-gnu/libcrypto.so (found version "3.0.2")  
[0.790s] -- Found FastRTPS: /opt/ros/humble/include  
[0.822s] -- Using RMW implementation 'rmw_fastrtps_cpp' as default
[0.836s] -- Looking for pthread.h
[0.905s] -- Looking for pthread.h - found
[0.905s] -- Performing Test CMAKE_HAVE_LIBC_PTHREAD
[0.970s] -- Performing Test CMAKE_HAVE_LIBC_PTHREAD - Success
[0.970s] -- Found Threads: TRUE  
[1.018s] -- Found turtlesim: 1.4.2 (/opt/ros/humble/share/turtlesim/cmake)
[1.068s] -- Found ament_lint_auto: 0.12.12 (/opt/ros/humble/share/ament_lint_auto/cmake)
[1.128s] -- Added test 'cppcheck' to perform static code analysis on C / C++ code
[1.128s] -- Configured cppcheck include dirs: 
[1.128s] -- Configured cppcheck exclude dirs and/or files: 
[1.128s] -- Added test 'flake8' to check Python code syntax and style conventions
[1.130s] -- Added test 'lint_cmake' to check CMake code style
[1.130s] -- Added test 'pep257' to check Python code against some of the docstring style conventions in PEP 257
[1.130s] -- Added test 'uncrustify' to check C / C++ code style
[1.130s] -- Configured uncrustify additional arguments: 
[1.130s] -- Added test 'xmllint' to check XML markup files
[1.133s] -- Configuring done
[1.144s] -- Generating done
[1.149s] -- Build files have been written to: /home/lyd/ROS2/chapter4_Service/build/demo_cpp_service
[1.158s] Invoked command in '/home/lyd/ROS2/chapter4_Service/build/demo_cpp_service' returned '0': AMENT_PREFIX_PATH=/home/lyd/ROS2/chapter4_Service/install/chapt4_interfaces:${AMENT_PREFIX_PATH} CMAKE_PREFIX_PATH=/home/lyd/ROS2/chapter4_Service/install/chapt4_interfaces:/opt/ros/humble LD_LIBRARY_PATH=/home/lyd/ROS2/chapter4_Service/install/chapt4_interfaces/lib:${LD_LIBRARY_PATH} PYTHONPATH=/home/lyd/ROS2/chapter4_Service/install/chapt4_interfaces/local/lib/python3.10/dist-packages:${PYTHONPATH} /usr/bin/cmake /home/lyd/ROS2/chapter4_Service/Service_ws/src/demo_cpp_service -DCMAKE_INSTALL_PREFIX=/home/lyd/ROS2/chapter4_Service/install/demo_cpp_service
[1.159s] Invoking command in '/home/lyd/ROS2/chapter4_Service/build/demo_cpp_service': AMENT_PREFIX_PATH=/home/lyd/ROS2/chapter4_Service/install/chapt4_interfaces:${AMENT_PREFIX_PATH} CMAKE_PREFIX_PATH=/home/lyd/ROS2/chapter4_Service/install/chapt4_interfaces:/opt/ros/humble LD_LIBRARY_PATH=/home/lyd/ROS2/chapter4_Service/install/chapt4_interfaces/lib:${LD_LIBRARY_PATH} PYTHONPATH=/home/lyd/ROS2/chapter4_Service/install/chapt4_interfaces/local/lib/python3.10/dist-packages:${PYTHONPATH} /usr/bin/cmake --build /home/lyd/ROS2/chapter4_Service/build/demo_cpp_service -- -j4 -l4
[1.200s] [ 25%] [32mBuilding CXX object CMakeFiles/turtle_control.dir/src/turtle_control.cpp.o[0m
[1.200s] [ 50%] [32mBuilding CXX object CMakeFiles/patrol_client.dir/src/patrol_client.cpp.o[0m
[4.809s] [ 75%] [32m[1mLinking CXX executable patrol_client[0m
[5.051s] [ 75%] Built target patrol_client
[8.483s] [100%] [32m[1mLinking CXX executable turtle_control[0m
[8.848s] [100%] Built target turtle_control
[8.859s] Invoked command in '/home/lyd/ROS2/chapter4_Service/build/demo_cpp_service' returned '0': AMENT_PREFIX_PATH=/home/lyd/ROS2/chapter4_Service/install/chapt4_interfaces:${AMENT_PREFIX_PATH} CMAKE_PREFIX_PATH=/home/lyd/ROS2/chapter4_Service/install/chapt4_interfaces:/opt/ros/humble LD_LIBRARY_PATH=/home/lyd/ROS2/chapter4_Service/install/chapt4_interfaces/lib:${LD_LIBRARY_PATH} PYTHONPATH=/home/lyd/ROS2/chapter4_Service/install/chapt4_interfaces/local/lib/python3.10/dist-packages:${PYTHONPATH} /usr/bin/cmake --build /home/lyd/ROS2/chapter4_Service/build/demo_cpp_service -- -j4 -l4
[8.861s] Invoking command in '/home/lyd/ROS2/chapter4_Service/build/demo_cpp_service': AMENT_PREFIX_PATH=/home/lyd/ROS2/chapter4_Service/install/chapt4_interfaces:${AMENT_PREFIX_PATH} CMAKE_PREFIX_PATH=/home/lyd/ROS2/chapter4_Service/install/chapt4_interfaces:/opt/ros/humble LD_LIBRARY_PATH=/home/lyd/ROS2/chapter4_Service/install/chapt4_interfaces/lib:${LD_LIBRARY_PATH} PYTHONPATH=/home/lyd/ROS2/chapter4_Service/install/chapt4_interfaces/local/lib/python3.10/dist-packages:${PYTHONPATH} /usr/bin/cmake --install /home/lyd/ROS2/chapter4_Service/build/demo_cpp_service
[8.867s] -- Install configuration: ""
[8.868s] -- Installing: /home/lyd/ROS2/chapter4_Service/install/demo_cpp_service/lib/demo_cpp_service/turtle_control
[8.870s] -- Set runtime path of "/home/lyd/ROS2/chapter4_Service/install/demo_cpp_service/lib/demo_cpp_service/turtle_control" to ""
[8.871s] -- Installing: /home/lyd/ROS2/chapter4_Service/install/demo_cpp_service/lib/demo_cpp_service/patrol_client
[8.873s] -- Set runtime path of "/home/lyd/ROS2/chapter4_Service/install/demo_cpp_service/lib/demo_cpp_service/patrol_client" to ""
[8.873s] -- Installing: /home/lyd/ROS2/chapter4_Service/install/demo_cpp_service/share/demo_cpp_service/launch
[8.874s] -- Installing: /home/lyd/ROS2/chapter4_Service/install/demo_cpp_service/share/demo_cpp_service/launch/demo.launch.py
[8.874s] -- Installing: /home/lyd/ROS2/chapter4_Service/install/demo_cpp_service/share/ament_index/resource_index/package_run_dependencies/demo_cpp_service
[8.874s] -- Installing: /home/lyd/ROS2/chapter4_Service/install/demo_cpp_service/share/ament_index/resource_index/parent_prefix_path/demo_cpp_service
[8.874s] -- Installing: /home/lyd/ROS2/chapter4_Service/install/demo_cpp_service/share/demo_cpp_service/environment/ament_prefix_path.sh
[8.874s] -- Installing: /home/lyd/ROS2/chapter4_Service/install/demo_cpp_service/share/demo_cpp_service/environment/ament_prefix_path.dsv
[8.875s] -- Installing: /home/lyd/ROS2/chapter4_Service/install/demo_cpp_service/share/demo_cpp_service/environment/path.sh
[8.875s] -- Installing: /home/lyd/ROS2/chapter4_Service/install/demo_cpp_service/share/demo_cpp_service/environment/path.dsv
[8.875s] -- Installing: /home/lyd/ROS2/chapter4_Service/install/demo_cpp_service/share/demo_cpp_service/local_setup.bash
[8.875s] -- Installing: /home/lyd/ROS2/chapter4_Service/install/demo_cpp_service/share/demo_cpp_service/local_setup.sh
[8.875s] -- Installing: /home/lyd/ROS2/chapter4_Service/install/demo_cpp_service/share/demo_cpp_service/local_setup.zsh
[8.875s] -- Installing: /home/lyd/ROS2/chapter4_Service/install/demo_cpp_service/share/demo_cpp_service/local_setup.dsv
[8.875s] -- Installing: /home/lyd/ROS2/chapter4_Service/install/demo_cpp_service/share/demo_cpp_service/package.dsv
[8.875s] -- Installing: /home/lyd/ROS2/chapter4_Service/install/demo_cpp_service/share/ament_index/resource_index/packages/demo_cpp_service
[8.875s] -- Installing: /home/lyd/ROS2/chapter4_Service/install/demo_cpp_service/share/demo_cpp_service/cmake/demo_cpp_serviceConfig.cmake
[8.875s] -- Installing: /home/lyd/ROS2/chapter4_Service/install/demo_cpp_service/share/demo_cpp_service/cmake/demo_cpp_serviceConfig-version.cmake
[8.875s] -- Installing: /home/lyd/ROS2/chapter4_Service/install/demo_cpp_service/share/demo_cpp_service/package.xml
[8.876s] Invoked command in '/home/lyd/ROS2/chapter4_Service/build/demo_cpp_service' returned '0': AMENT_PREFIX_PATH=/home/lyd/ROS2/chapter4_Service/install/chapt4_interfaces:${AMENT_PREFIX_PATH} CMAKE_PREFIX_PATH=/home/lyd/ROS2/chapter4_Service/install/chapt4_interfaces:/opt/ros/humble LD_LIBRARY_PATH=/home/lyd/ROS2/chapter4_Service/install/chapt4_interfaces/lib:${LD_LIBRARY_PATH} PYTHONPATH=/home/lyd/ROS2/chapter4_Service/install/chapt4_interfaces/local/lib/python3.10/dist-packages:${PYTHONPATH} /usr/bin/cmake --install /home/lyd/ROS2/chapter4_Service/build/demo_cpp_service
