[0.632s] Invoking command in '/home/lyd/ROS2/chapter4_Service/Service_ws/src/demo_python_service': AMENT_PREFIX_PATH=/home/lyd/ROS2/chapter4_Service/Service_ws/install/chapt4_interfaces:${AMENT_PREFIX_PATH} CMAKE_PREFIX_PATH=/home/lyd/ROS2/chapter4_Service/Service_ws/install/chapt4_interfaces LD_LIBRARY_PATH=/home/lyd/ROS2/chapter4_Service/Service_ws/install/chapt4_interfaces/lib:${LD_LIBRARY_PATH} PYTHONPATH=/home/lyd/ROS2/chapter4_Service/Service_ws/build/demo_python_service/prefix_override:/usr/lib/python3/dist-packages/colcon_core/task/python/colcon_distutils_commands:/home/lyd/ROS2/chapter4_Service/Service_ws/install/demo_python_service/lib/python3.10/site-packages:/home/lyd/ROS2/chapter4_Service/Service_ws/install/chapt4_interfaces/local/lib/python3.10/dist-packages:${PYTHONPATH} /usr/bin/python3 -W ignore:setup.py install is deprecated -W ignore:easy_install command is deprecated setup.py egg_info --egg-base ../../build/demo_python_service build --build-base /home/lyd/ROS2/chapter4_Service/Service_ws/build/demo_python_service/build install --record /home/lyd/ROS2/chapter4_Service/Service_ws/build/demo_python_service/install.log --single-version-externally-managed install_data
[0.830s] running egg_info
[0.831s] writing ../../build/demo_python_service/demo_python_service.egg-info/PKG-INFO
[0.831s] writing dependency_links to ../../build/demo_python_service/demo_python_service.egg-info/dependency_links.txt
[0.831s] writing entry points to ../../build/demo_python_service/demo_python_service.egg-info/entry_points.txt
[0.832s] writing requirements to ../../build/demo_python_service/demo_python_service.egg-info/requires.txt
[0.833s] writing top-level names to ../../build/demo_python_service/demo_python_service.egg-info/top_level.txt
[0.834s] reading manifest file '../../build/demo_python_service/demo_python_service.egg-info/SOURCES.txt'
[0.834s] adding license file 'LICENSE'
[0.839s] writing manifest file '../../build/demo_python_service/demo_python_service.egg-info/SOURCES.txt'
[0.839s] running build
[0.839s] running build_py
[0.839s] copying demo_python_service/face_detect_node.py -> /home/lyd/ROS2/chapter4_Service/Service_ws/build/demo_python_service/build/lib/demo_python_service
[0.839s] running install
[0.839s] running install_lib
[0.839s] copying /home/lyd/ROS2/chapter4_Service/Service_ws/build/demo_python_service/build/lib/demo_python_service/face_detect_node.py -> /home/lyd/ROS2/chapter4_Service/Service_ws/install/demo_python_service/lib/python3.10/site-packages/demo_python_service
[0.839s] byte-compiling /home/lyd/ROS2/chapter4_Service/Service_ws/install/demo_python_service/lib/python3.10/site-packages/demo_python_service/face_detect_node.py to face_detect_node.cpython-310.pyc
[0.839s] running install_data
[0.839s] copying resource/test1.jpg -> /home/lyd/ROS2/chapter4_Service/Service_ws/install/demo_python_service/share/demo_python_service/resource
[0.839s] running install_egg_info
[0.841s] removing '/home/lyd/ROS2/chapter4_Service/Service_ws/install/demo_python_service/lib/python3.10/site-packages/demo_python_service-0.0.0-py3.10.egg-info' (and everything under it)
[0.843s] Copying ../../build/demo_python_service/demo_python_service.egg-info to /home/lyd/ROS2/chapter4_Service/Service_ws/install/demo_python_service/lib/python3.10/site-packages/demo_python_service-0.0.0-py3.10.egg-info
[0.844s] running install_scripts
[0.863s] Installing face_detect_client_node script to /home/lyd/ROS2/chapter4_Service/Service_ws/install/demo_python_service/lib/demo_python_service
[0.863s] Installing face_detect_node script to /home/lyd/ROS2/chapter4_Service/Service_ws/install/demo_python_service/lib/demo_python_service
[0.863s] Installing learn_face_detect script to /home/lyd/ROS2/chapter4_Service/Service_ws/install/demo_python_service/lib/demo_python_service
[0.865s] writing list of installed files to '/home/lyd/ROS2/chapter4_Service/Service_ws/build/demo_python_service/install.log'
[0.884s] Invoked command in '/home/lyd/ROS2/chapter4_Service/Service_ws/src/demo_python_service' returned '0': AMENT_PREFIX_PATH=/home/lyd/ROS2/chapter4_Service/Service_ws/install/chapt4_interfaces:${AMENT_PREFIX_PATH} CMAKE_PREFIX_PATH=/home/lyd/ROS2/chapter4_Service/Service_ws/install/chapt4_interfaces LD_LIBRARY_PATH=/home/lyd/ROS2/chapter4_Service/Service_ws/install/chapt4_interfaces/lib:${LD_LIBRARY_PATH} PYTHONPATH=/home/lyd/ROS2/chapter4_Service/Service_ws/build/demo_python_service/prefix_override:/usr/lib/python3/dist-packages/colcon_core/task/python/colcon_distutils_commands:/home/lyd/ROS2/chapter4_Service/Service_ws/install/demo_python_service/lib/python3.10/site-packages:/home/lyd/ROS2/chapter4_Service/Service_ws/install/chapt4_interfaces/local/lib/python3.10/dist-packages:${PYTHONPATH} /usr/bin/python3 -W ignore:setup.py install is deprecated -W ignore:easy_install command is deprecated setup.py egg_info --egg-base ../../build/demo_python_service build --build-base /home/lyd/ROS2/chapter4_Service/Service_ws/build/demo_python_service/build install --record /home/lyd/ROS2/chapter4_Service/Service_ws/build/demo_python_service/install.log --single-version-externally-managed install_data
