[0.024s] Invoking command in '/home/lyd/ROS2/chapter4_Service/build/chapt4_interfaces': CMAKE_PREFIX_PATH=/opt/ros/humble /usr/bin/cmake --build /home/lyd/ROS2/chapter4_Service/build/chapt4_interfaces -- -j4 -l4
[0.151s] [  2%] Built target chapt4_interfaces__cpp
[0.153s] [ 12%] Built target chapt4_interfaces__rosidl_generator_c
[0.183s] [ 12%] Built target ament_cmake_python_copy_chapt4_interfaces
[0.217s] [ 23%] Built target chapt4_interfaces__rosidl_typesupport_cpp
[0.217s] [ 33%] Built target chapt4_interfaces__rosidl_typesupport_introspection_cpp
[0.225s] [ 43%] Built target chapt4_interfaces__rosidl_typesupport_fastrtps_c
[0.228s] [ 53%] Built target chapt4_interfaces__rosidl_typesupport_fastrtps_cpp
[0.270s] [ 64%] Built target chapt4_interfaces__rosidl_typesupport_introspection_c
[0.271s] [ 74%] Built target chapt4_interfaces__rosidl_typesupport_c
[0.339s] [ 74%] Built target chapt4_interfaces
[0.388s] [ 76%] Built target chapt4_interfaces__py
[0.438s] [ 84%] Built target chapt4_interfaces__rosidl_generator_py
[0.512s] [ 89%] Built target chapt4_interfaces__rosidl_typesupport_introspection_c__pyext
[0.517s] [ 94%] Built target chapt4_interfaces__rosidl_typesupport_c__pyext
[0.517s] [100%] Built target chapt4_interfaces__rosidl_typesupport_fastrtps_c__pyext
[0.606s] running egg_info
[0.607s] writing chapt4_interfaces.egg-info/PKG-INFO
[0.607s] writing dependency_links to chapt4_interfaces.egg-info/dependency_links.txt
[0.607s] writing top-level names to chapt4_interfaces.egg-info/top_level.txt
[0.613s] reading manifest file 'chapt4_interfaces.egg-info/SOURCES.txt'
[0.613s] writing manifest file 'chapt4_interfaces.egg-info/SOURCES.txt'
[0.643s] [100%] Built target ament_cmake_python_build_chapt4_interfaces_egg
[0.663s] Invoked command in '/home/lyd/ROS2/chapter4_Service/build/chapt4_interfaces' returned '0': CMAKE_PREFIX_PATH=/opt/ros/humble /usr/bin/cmake --build /home/lyd/ROS2/chapter4_Service/build/chapt4_interfaces -- -j4 -l4
[0.679s] Invoking command in '/home/lyd/ROS2/chapter4_Service/build/chapt4_interfaces': CMAKE_PREFIX_PATH=/opt/ros/humble /usr/bin/cmake --install /home/lyd/ROS2/chapter4_Service/build/chapt4_interfaces
[0.690s] -- Install configuration: ""
[0.691s] -- Up-to-date: /home/lyd/ROS2/chapter4_Service/install/chapt4_interfaces/share/ament_index/resource_index/rosidl_interfaces/chapt4_interfaces
[0.691s] -- Up-to-date: /home/lyd/ROS2/chapter4_Service/install/chapt4_interfaces/include/chapt4_interfaces/chapt4_interfaces
[0.691s] -- Up-to-date: /home/lyd/ROS2/chapter4_Service/install/chapt4_interfaces/include/chapt4_interfaces/chapt4_interfaces/srv
[0.691s] -- Up-to-date: /home/lyd/ROS2/chapter4_Service/install/chapt4_interfaces/include/chapt4_interfaces/chapt4_interfaces/srv/detail
[0.691s] -- Up-to-date: /home/lyd/ROS2/chapter4_Service/install/chapt4_interfaces/include/chapt4_interfaces/chapt4_interfaces/srv/detail/face_detector__functions.c
[0.691s] -- Up-to-date: /home/lyd/ROS2/chapter4_Service/install/chapt4_interfaces/include/chapt4_interfaces/chapt4_interfaces/srv/detail/face_detector__struct.h
[0.691s] -- Up-to-date: /home/lyd/ROS2/chapter4_Service/install/chapt4_interfaces/include/chapt4_interfaces/chapt4_interfaces/srv/detail/patrol__type_support.h
[0.693s] -- Up-to-date: /home/lyd/ROS2/chapter4_Service/install/chapt4_interfaces/include/chapt4_interfaces/chapt4_interfaces/srv/detail/patrol__struct.h
[0.693s] -- Up-to-date: /home/lyd/ROS2/chapter4_Service/install/chapt4_interfaces/include/chapt4_interfaces/chapt4_interfaces/srv/detail/face_detector__type_support.h
[0.694s] -- Up-to-date: /home/lyd/ROS2/chapter4_Service/install/chapt4_interfaces/include/chapt4_interfaces/chapt4_interfaces/srv/detail/patrol__functions.h
[0.694s] -- Up-to-date: /home/lyd/ROS2/chapter4_Service/install/chapt4_interfaces/include/chapt4_interfaces/chapt4_interfaces/srv/detail/face_detector__functions.h
[0.694s] -- Up-to-date: /home/lyd/ROS2/chapter4_Service/install/chapt4_interfaces/include/chapt4_interfaces/chapt4_interfaces/srv/detail/patrol__functions.c
[0.694s] -- Up-to-date: /home/lyd/ROS2/chapter4_Service/install/chapt4_interfaces/include/chapt4_interfaces/chapt4_interfaces/srv/face_detector.h
[0.694s] -- Up-to-date: /home/lyd/ROS2/chapter4_Service/install/chapt4_interfaces/include/chapt4_interfaces/chapt4_interfaces/srv/patrol.h
[0.694s] -- Up-to-date: /home/lyd/ROS2/chapter4_Service/install/chapt4_interfaces/include/chapt4_interfaces/chapt4_interfaces/msg
[0.694s] -- Up-to-date: /home/lyd/ROS2/chapter4_Service/install/chapt4_interfaces/include/chapt4_interfaces/chapt4_interfaces/msg/rosidl_generator_c__visibility_control.h
[0.694s] -- Up-to-date: /home/lyd/ROS2/chapter4_Service/install/chapt4_interfaces/share/chapt4_interfaces/environment/library_path.sh
[0.694s] -- Up-to-date: /home/lyd/ROS2/chapter4_Service/install/chapt4_interfaces/share/chapt4_interfaces/environment/library_path.dsv
[0.696s] -- Up-to-date: /home/lyd/ROS2/chapter4_Service/install/chapt4_interfaces/lib/libchapt4_interfaces__rosidl_generator_c.so
[0.696s] -- Up-to-date: /home/lyd/ROS2/chapter4_Service/install/chapt4_interfaces/include/chapt4_interfaces/chapt4_interfaces
[0.696s] -- Up-to-date: /home/lyd/ROS2/chapter4_Service/install/chapt4_interfaces/include/chapt4_interfaces/chapt4_interfaces/srv
[0.696s] -- Up-to-date: /home/lyd/ROS2/chapter4_Service/install/chapt4_interfaces/include/chapt4_interfaces/chapt4_interfaces/srv/detail
[0.696s] -- Up-to-date: /home/lyd/ROS2/chapter4_Service/install/chapt4_interfaces/include/chapt4_interfaces/chapt4_interfaces/srv/detail/face_detector__rosidl_typesupport_fastrtps_c.h
[0.696s] -- Up-to-date: /home/lyd/ROS2/chapter4_Service/install/chapt4_interfaces/include/chapt4_interfaces/chapt4_interfaces/srv/detail/patrol__rosidl_typesupport_fastrtps_c.h
[0.696s] -- Up-to-date: /home/lyd/ROS2/chapter4_Service/install/chapt4_interfaces/include/chapt4_interfaces/chapt4_interfaces/msg
[0.696s] -- Up-to-date: /home/lyd/ROS2/chapter4_Service/install/chapt4_interfaces/include/chapt4_interfaces/chapt4_interfaces/msg/rosidl_typesupport_fastrtps_c__visibility_control.h
[0.696s] -- Up-to-date: /home/lyd/ROS2/chapter4_Service/install/chapt4_interfaces/lib/libchapt4_interfaces__rosidl_typesupport_fastrtps_c.so
[0.697s] -- Up-to-date: /home/lyd/ROS2/chapter4_Service/install/chapt4_interfaces/include/chapt4_interfaces/chapt4_interfaces
[0.698s] -- Up-to-date: /home/lyd/ROS2/chapter4_Service/install/chapt4_interfaces/include/chapt4_interfaces/chapt4_interfaces/srv
[0.698s] -- Up-to-date: /home/lyd/ROS2/chapter4_Service/install/chapt4_interfaces/include/chapt4_interfaces/chapt4_interfaces/srv/detail
[0.698s] -- Up-to-date: /home/lyd/ROS2/chapter4_Service/install/chapt4_interfaces/include/chapt4_interfaces/chapt4_interfaces/srv/detail/patrol__rosidl_typesupport_introspection_c.h
[0.698s] -- Up-to-date: /home/lyd/ROS2/chapter4_Service/install/chapt4_interfaces/include/chapt4_interfaces/chapt4_interfaces/srv/detail/face_detector__rosidl_typesupport_introspection_c.h
[0.698s] -- Up-to-date: /home/lyd/ROS2/chapter4_Service/install/chapt4_interfaces/include/chapt4_interfaces/chapt4_interfaces/srv/detail/face_detector__type_support.c
[0.698s] -- Up-to-date: /home/lyd/ROS2/chapter4_Service/install/chapt4_interfaces/include/chapt4_interfaces/chapt4_interfaces/srv/detail/patrol__type_support.c
[0.698s] -- Up-to-date: /home/lyd/ROS2/chapter4_Service/install/chapt4_interfaces/include/chapt4_interfaces/chapt4_interfaces/msg
[0.698s] -- Up-to-date: /home/lyd/ROS2/chapter4_Service/install/chapt4_interfaces/include/chapt4_interfaces/chapt4_interfaces/msg/rosidl_typesupport_introspection_c__visibility_control.h
[0.698s] -- Up-to-date: /home/lyd/ROS2/chapter4_Service/install/chapt4_interfaces/lib/libchapt4_interfaces__rosidl_typesupport_introspection_c.so
[0.698s] -- Up-to-date: /home/lyd/ROS2/chapter4_Service/install/chapt4_interfaces/lib/libchapt4_interfaces__rosidl_typesupport_c.so
[0.698s] -- Up-to-date: /home/lyd/ROS2/chapter4_Service/install/chapt4_interfaces/include/chapt4_interfaces/chapt4_interfaces
[0.698s] -- Up-to-date: /home/lyd/ROS2/chapter4_Service/install/chapt4_interfaces/include/chapt4_interfaces/chapt4_interfaces/srv
[0.698s] -- Up-to-date: /home/lyd/ROS2/chapter4_Service/install/chapt4_interfaces/include/chapt4_interfaces/chapt4_interfaces/srv/detail
[0.699s] -- Up-to-date: /home/lyd/ROS2/chapter4_Service/install/chapt4_interfaces/include/chapt4_interfaces/chapt4_interfaces/srv/detail/patrol__struct.hpp
[0.699s] -- Up-to-date: /home/lyd/ROS2/chapter4_Service/install/chapt4_interfaces/include/chapt4_interfaces/chapt4_interfaces/srv/detail/face_detector__traits.hpp
[0.699s] -- Up-to-date: /home/lyd/ROS2/chapter4_Service/install/chapt4_interfaces/include/chapt4_interfaces/chapt4_interfaces/srv/detail/patrol__traits.hpp
[0.699s] -- Up-to-date: /home/lyd/ROS2/chapter4_Service/install/chapt4_interfaces/include/chapt4_interfaces/chapt4_interfaces/srv/detail/face_detector__struct.hpp
[0.699s] -- Up-to-date: /home/lyd/ROS2/chapter4_Service/install/chapt4_interfaces/include/chapt4_interfaces/chapt4_interfaces/srv/detail/face_detector__builder.hpp
[0.699s] -- Up-to-date: /home/lyd/ROS2/chapter4_Service/install/chapt4_interfaces/include/chapt4_interfaces/chapt4_interfaces/srv/detail/patrol__type_support.hpp
[0.699s] -- Up-to-date: /home/lyd/ROS2/chapter4_Service/install/chapt4_interfaces/include/chapt4_interfaces/chapt4_interfaces/srv/detail/face_detector__type_support.hpp
[0.699s] -- Up-to-date: /home/lyd/ROS2/chapter4_Service/install/chapt4_interfaces/include/chapt4_interfaces/chapt4_interfaces/srv/detail/patrol__builder.hpp
[0.699s] -- Up-to-date: /home/lyd/ROS2/chapter4_Service/install/chapt4_interfaces/include/chapt4_interfaces/chapt4_interfaces/srv/face_detector.hpp
[0.699s] -- Up-to-date: /home/lyd/ROS2/chapter4_Service/install/chapt4_interfaces/include/chapt4_interfaces/chapt4_interfaces/srv/patrol.hpp
[0.699s] -- Up-to-date: /home/lyd/ROS2/chapter4_Service/install/chapt4_interfaces/include/chapt4_interfaces/chapt4_interfaces/msg
[0.699s] -- Up-to-date: /home/lyd/ROS2/chapter4_Service/install/chapt4_interfaces/include/chapt4_interfaces/chapt4_interfaces/msg/rosidl_generator_cpp__visibility_control.hpp
[0.702s] -- Up-to-date: /home/lyd/ROS2/chapter4_Service/install/chapt4_interfaces/include/chapt4_interfaces/chapt4_interfaces
[0.702s] -- Up-to-date: /home/lyd/ROS2/chapter4_Service/install/chapt4_interfaces/include/chapt4_interfaces/chapt4_interfaces/srv
[0.702s] -- Up-to-date: /home/lyd/ROS2/chapter4_Service/install/chapt4_interfaces/include/chapt4_interfaces/chapt4_interfaces/srv/detail
[0.702s] -- Up-to-date: /home/lyd/ROS2/chapter4_Service/install/chapt4_interfaces/include/chapt4_interfaces/chapt4_interfaces/srv/detail/dds_fastrtps
[0.702s] -- Up-to-date: /home/lyd/ROS2/chapter4_Service/install/chapt4_interfaces/include/chapt4_interfaces/chapt4_interfaces/srv/detail/patrol__rosidl_typesupport_fastrtps_cpp.hpp
[0.702s] -- Up-to-date: /home/lyd/ROS2/chapter4_Service/install/chapt4_interfaces/include/chapt4_interfaces/chapt4_interfaces/srv/detail/face_detector__rosidl_typesupport_fastrtps_cpp.hpp
[0.702s] -- Up-to-date: /home/lyd/ROS2/chapter4_Service/install/chapt4_interfaces/include/chapt4_interfaces/chapt4_interfaces/msg
[0.702s] -- Up-to-date: /home/lyd/ROS2/chapter4_Service/install/chapt4_interfaces/include/chapt4_interfaces/chapt4_interfaces/msg/rosidl_typesupport_fastrtps_cpp__visibility_control.h
[0.702s] -- Up-to-date: /home/lyd/ROS2/chapter4_Service/install/chapt4_interfaces/lib/libchapt4_interfaces__rosidl_typesupport_fastrtps_cpp.so
[0.702s] -- Up-to-date: /home/lyd/ROS2/chapter4_Service/install/chapt4_interfaces/include/chapt4_interfaces/chapt4_interfaces
[0.702s] -- Up-to-date: /home/lyd/ROS2/chapter4_Service/install/chapt4_interfaces/include/chapt4_interfaces/chapt4_interfaces/srv
[0.702s] -- Up-to-date: /home/lyd/ROS2/chapter4_Service/install/chapt4_interfaces/include/chapt4_interfaces/chapt4_interfaces/srv/detail
[0.702s] -- Up-to-date: /home/lyd/ROS2/chapter4_Service/install/chapt4_interfaces/include/chapt4_interfaces/chapt4_interfaces/srv/detail/patrol__rosidl_typesupport_introspection_cpp.hpp
[0.702s] -- Up-to-date: /home/lyd/ROS2/chapter4_Service/install/chapt4_interfaces/include/chapt4_interfaces/chapt4_interfaces/srv/detail/face_detector__type_support.cpp
[0.702s] -- Up-to-date: /home/lyd/ROS2/chapter4_Service/install/chapt4_interfaces/include/chapt4_interfaces/chapt4_interfaces/srv/detail/patrol__type_support.cpp
[0.703s] -- Up-to-date: /home/lyd/ROS2/chapter4_Service/install/chapt4_interfaces/include/chapt4_interfaces/chapt4_interfaces/srv/detail/face_detector__rosidl_typesupport_introspection_cpp.hpp
[0.703s] -- Up-to-date: /home/lyd/ROS2/chapter4_Service/install/chapt4_interfaces/lib/libchapt4_interfaces__rosidl_typesupport_introspection_cpp.so
[0.709s] -- Up-to-date: /home/lyd/ROS2/chapter4_Service/install/chapt4_interfaces/lib/libchapt4_interfaces__rosidl_typesupport_cpp.so
[0.709s] -- Up-to-date: /home/lyd/ROS2/chapter4_Service/install/chapt4_interfaces/share/chapt4_interfaces/environment/pythonpath.sh
[0.709s] -- Up-to-date: /home/lyd/ROS2/chapter4_Service/install/chapt4_interfaces/share/chapt4_interfaces/environment/pythonpath.dsv
[0.709s] -- Up-to-date: /home/lyd/ROS2/chapter4_Service/install/chapt4_interfaces/local/lib/python3.10/dist-packages/chapt4_interfaces-0.0.0-py3.10.egg-info
[0.709s] -- Installing: /home/lyd/ROS2/chapter4_Service/install/chapt4_interfaces/local/lib/python3.10/dist-packages/chapt4_interfaces-0.0.0-py3.10.egg-info/PKG-INFO
[0.709s] -- Installing: /home/lyd/ROS2/chapter4_Service/install/chapt4_interfaces/local/lib/python3.10/dist-packages/chapt4_interfaces-0.0.0-py3.10.egg-info/dependency_links.txt
[0.709s] -- Installing: /home/lyd/ROS2/chapter4_Service/install/chapt4_interfaces/local/lib/python3.10/dist-packages/chapt4_interfaces-0.0.0-py3.10.egg-info/top_level.txt
[0.709s] -- Installing: /home/lyd/ROS2/chapter4_Service/install/chapt4_interfaces/local/lib/python3.10/dist-packages/chapt4_interfaces-0.0.0-py3.10.egg-info/SOURCES.txt
[0.709s] -- Up-to-date: /home/lyd/ROS2/chapter4_Service/install/chapt4_interfaces/local/lib/python3.10/dist-packages/chapt4_interfaces
[0.710s] -- Up-to-date: /home/lyd/ROS2/chapter4_Service/install/chapt4_interfaces/local/lib/python3.10/dist-packages/chapt4_interfaces/chapt4_interfaces_s__rosidl_typesupport_c.cpython-310-x86_64-linux-gnu.so
[0.710s] -- Up-to-date: /home/lyd/ROS2/chapter4_Service/install/chapt4_interfaces/local/lib/python3.10/dist-packages/chapt4_interfaces/srv
[0.710s] -- Up-to-date: /home/lyd/ROS2/chapter4_Service/install/chapt4_interfaces/local/lib/python3.10/dist-packages/chapt4_interfaces/srv/_patrol.py
[0.710s] -- Up-to-date: /home/lyd/ROS2/chapter4_Service/install/chapt4_interfaces/local/lib/python3.10/dist-packages/chapt4_interfaces/srv/_face_detector.py
[0.710s] -- Up-to-date: /home/lyd/ROS2/chapter4_Service/install/chapt4_interfaces/local/lib/python3.10/dist-packages/chapt4_interfaces/srv/__init__.py
[0.710s] -- Up-to-date: /home/lyd/ROS2/chapter4_Service/install/chapt4_interfaces/local/lib/python3.10/dist-packages/chapt4_interfaces/srv/_patrol_s.c
[0.710s] -- Up-to-date: /home/lyd/ROS2/chapter4_Service/install/chapt4_interfaces/local/lib/python3.10/dist-packages/chapt4_interfaces/srv/_face_detector_s.c
[0.710s] -- Up-to-date: /home/lyd/ROS2/chapter4_Service/install/chapt4_interfaces/local/lib/python3.10/dist-packages/chapt4_interfaces/_chapt4_interfaces_s.ep.rosidl_typesupport_fastrtps_c.c
[0.710s] -- Up-to-date: /home/lyd/ROS2/chapter4_Service/install/chapt4_interfaces/local/lib/python3.10/dist-packages/chapt4_interfaces/chapt4_interfaces_s__rosidl_typesupport_introspection_c.cpython-310-x86_64-linux-gnu.so
[0.710s] -- Up-to-date: /home/lyd/ROS2/chapter4_Service/install/chapt4_interfaces/local/lib/python3.10/dist-packages/chapt4_interfaces/_chapt4_interfaces_s.ep.rosidl_typesupport_introspection_c.c
[0.710s] -- Up-to-date: /home/lyd/ROS2/chapter4_Service/install/chapt4_interfaces/local/lib/python3.10/dist-packages/chapt4_interfaces/__init__.py
[0.710s] -- Up-to-date: /home/lyd/ROS2/chapter4_Service/install/chapt4_interfaces/local/lib/python3.10/dist-packages/chapt4_interfaces/libchapt4_interfaces__rosidl_generator_py.so
[0.710s] -- Up-to-date: /home/lyd/ROS2/chapter4_Service/install/chapt4_interfaces/local/lib/python3.10/dist-packages/chapt4_interfaces/chapt4_interfaces_s__rosidl_typesupport_fastrtps_c.cpython-310-x86_64-linux-gnu.so
[0.710s] -- Up-to-date: /home/lyd/ROS2/chapter4_Service/install/chapt4_interfaces/local/lib/python3.10/dist-packages/chapt4_interfaces/_chapt4_interfaces_s.ep.rosidl_typesupport_c.c
[0.757s] Listing '/home/lyd/ROS2/chapter4_Service/install/chapt4_interfaces/local/lib/python3.10/dist-packages/chapt4_interfaces'...
[0.757s] Listing '/home/lyd/ROS2/chapter4_Service/install/chapt4_interfaces/local/lib/python3.10/dist-packages/chapt4_interfaces/srv'...
[0.759s] -- Up-to-date: /home/lyd/ROS2/chapter4_Service/install/chapt4_interfaces/local/lib/python3.10/dist-packages/chapt4_interfaces/chapt4_interfaces_s__rosidl_typesupport_fastrtps_c.cpython-310-x86_64-linux-gnu.so
[0.762s] -- Up-to-date: /home/lyd/ROS2/chapter4_Service/install/chapt4_interfaces/local/lib/python3.10/dist-packages/chapt4_interfaces/chapt4_interfaces_s__rosidl_typesupport_introspection_c.cpython-310-x86_64-linux-gnu.so
[0.763s] -- Up-to-date: /home/lyd/ROS2/chapter4_Service/install/chapt4_interfaces/local/lib/python3.10/dist-packages/chapt4_interfaces/chapt4_interfaces_s__rosidl_typesupport_c.cpython-310-x86_64-linux-gnu.so
[0.765s] -- Up-to-date: /home/lyd/ROS2/chapter4_Service/install/chapt4_interfaces/lib/libchapt4_interfaces__rosidl_generator_py.so
[0.765s] -- Up-to-date: /home/lyd/ROS2/chapter4_Service/install/chapt4_interfaces/share/chapt4_interfaces/srv/FaceDetector.idl
[0.765s] -- Up-to-date: /home/lyd/ROS2/chapter4_Service/install/chapt4_interfaces/share/chapt4_interfaces/srv/Patrol.idl
[0.765s] -- Up-to-date: /home/lyd/ROS2/chapter4_Service/install/chapt4_interfaces/share/chapt4_interfaces/srv/FaceDetector.srv
[0.765s] -- Up-to-date: /home/lyd/ROS2/chapter4_Service/install/chapt4_interfaces/share/chapt4_interfaces/srv/FaceDetector_Request.msg
[0.765s] -- Up-to-date: /home/lyd/ROS2/chapter4_Service/install/chapt4_interfaces/share/chapt4_interfaces/srv/FaceDetector_Response.msg
[0.765s] -- Up-to-date: /home/lyd/ROS2/chapter4_Service/install/chapt4_interfaces/share/chapt4_interfaces/srv/Patrol.srv
[0.765s] -- Up-to-date: /home/lyd/ROS2/chapter4_Service/install/chapt4_interfaces/share/chapt4_interfaces/srv/Patrol_Request.msg
[0.765s] -- Up-to-date: /home/lyd/ROS2/chapter4_Service/install/chapt4_interfaces/share/chapt4_interfaces/srv/Patrol_Response.msg
[0.765s] -- Up-to-date: /home/lyd/ROS2/chapter4_Service/install/chapt4_interfaces/share/ament_index/resource_index/package_run_dependencies/chapt4_interfaces
[0.765s] -- Up-to-date: /home/lyd/ROS2/chapter4_Service/install/chapt4_interfaces/share/ament_index/resource_index/parent_prefix_path/chapt4_interfaces
[0.765s] -- Up-to-date: /home/lyd/ROS2/chapter4_Service/install/chapt4_interfaces/share/chapt4_interfaces/environment/ament_prefix_path.sh
[0.765s] -- Up-to-date: /home/lyd/ROS2/chapter4_Service/install/chapt4_interfaces/share/chapt4_interfaces/environment/ament_prefix_path.dsv
[0.765s] -- Up-to-date: /home/lyd/ROS2/chapter4_Service/install/chapt4_interfaces/share/chapt4_interfaces/environment/path.sh
[0.766s] -- Up-to-date: /home/lyd/ROS2/chapter4_Service/install/chapt4_interfaces/share/chapt4_interfaces/environment/path.dsv
[0.766s] -- Up-to-date: /home/lyd/ROS2/chapter4_Service/install/chapt4_interfaces/share/chapt4_interfaces/local_setup.bash
[0.766s] -- Up-to-date: /home/lyd/ROS2/chapter4_Service/install/chapt4_interfaces/share/chapt4_interfaces/local_setup.sh
[0.766s] -- Up-to-date: /home/lyd/ROS2/chapter4_Service/install/chapt4_interfaces/share/chapt4_interfaces/local_setup.zsh
[0.766s] -- Up-to-date: /home/lyd/ROS2/chapter4_Service/install/chapt4_interfaces/share/chapt4_interfaces/local_setup.dsv
[0.766s] -- Installing: /home/lyd/ROS2/chapter4_Service/install/chapt4_interfaces/share/chapt4_interfaces/package.dsv
[0.769s] -- Up-to-date: /home/lyd/ROS2/chapter4_Service/install/chapt4_interfaces/share/ament_index/resource_index/packages/chapt4_interfaces
[0.769s] -- Up-to-date: /home/lyd/ROS2/chapter4_Service/install/chapt4_interfaces/share/chapt4_interfaces/cmake/export_chapt4_interfaces__rosidl_generator_cExport.cmake
[0.769s] -- Up-to-date: /home/lyd/ROS2/chapter4_Service/install/chapt4_interfaces/share/chapt4_interfaces/cmake/export_chapt4_interfaces__rosidl_generator_cExport-noconfig.cmake
[0.771s] -- Up-to-date: /home/lyd/ROS2/chapter4_Service/install/chapt4_interfaces/share/chapt4_interfaces/cmake/export_chapt4_interfaces__rosidl_typesupport_fastrtps_cExport.cmake
[0.771s] -- Up-to-date: /home/lyd/ROS2/chapter4_Service/install/chapt4_interfaces/share/chapt4_interfaces/cmake/export_chapt4_interfaces__rosidl_typesupport_fastrtps_cExport-noconfig.cmake
[0.772s] -- Up-to-date: /home/lyd/ROS2/chapter4_Service/install/chapt4_interfaces/share/chapt4_interfaces/cmake/chapt4_interfaces__rosidl_typesupport_introspection_cExport.cmake
[0.772s] -- Up-to-date: /home/lyd/ROS2/chapter4_Service/install/chapt4_interfaces/share/chapt4_interfaces/cmake/chapt4_interfaces__rosidl_typesupport_introspection_cExport-noconfig.cmake
[0.773s] -- Up-to-date: /home/lyd/ROS2/chapter4_Service/install/chapt4_interfaces/share/chapt4_interfaces/cmake/chapt4_interfaces__rosidl_typesupport_cExport.cmake
[0.773s] -- Up-to-date: /home/lyd/ROS2/chapter4_Service/install/chapt4_interfaces/share/chapt4_interfaces/cmake/chapt4_interfaces__rosidl_typesupport_cExport-noconfig.cmake
[0.774s] -- Up-to-date: /home/lyd/ROS2/chapter4_Service/install/chapt4_interfaces/share/chapt4_interfaces/cmake/export_chapt4_interfaces__rosidl_generator_cppExport.cmake
[0.774s] -- Up-to-date: /home/lyd/ROS2/chapter4_Service/install/chapt4_interfaces/share/chapt4_interfaces/cmake/export_chapt4_interfaces__rosidl_typesupport_fastrtps_cppExport.cmake
[0.774s] -- Up-to-date: /home/lyd/ROS2/chapter4_Service/install/chapt4_interfaces/share/chapt4_interfaces/cmake/export_chapt4_interfaces__rosidl_typesupport_fastrtps_cppExport-noconfig.cmake
[0.775s] -- Up-to-date: /home/lyd/ROS2/chapter4_Service/install/chapt4_interfaces/share/chapt4_interfaces/cmake/chapt4_interfaces__rosidl_typesupport_introspection_cppExport.cmake
[0.775s] -- Up-to-date: /home/lyd/ROS2/chapter4_Service/install/chapt4_interfaces/share/chapt4_interfaces/cmake/chapt4_interfaces__rosidl_typesupport_introspection_cppExport-noconfig.cmake
[0.776s] -- Up-to-date: /home/lyd/ROS2/chapter4_Service/install/chapt4_interfaces/share/chapt4_interfaces/cmake/chapt4_interfaces__rosidl_typesupport_cppExport.cmake
[0.776s] -- Up-to-date: /home/lyd/ROS2/chapter4_Service/install/chapt4_interfaces/share/chapt4_interfaces/cmake/chapt4_interfaces__rosidl_typesupport_cppExport-noconfig.cmake
[0.777s] -- Up-to-date: /home/lyd/ROS2/chapter4_Service/install/chapt4_interfaces/share/chapt4_interfaces/cmake/export_chapt4_interfaces__rosidl_generator_pyExport.cmake
[0.777s] -- Up-to-date: /home/lyd/ROS2/chapter4_Service/install/chapt4_interfaces/share/chapt4_interfaces/cmake/export_chapt4_interfaces__rosidl_generator_pyExport-noconfig.cmake
[0.777s] -- Up-to-date: /home/lyd/ROS2/chapter4_Service/install/chapt4_interfaces/share/chapt4_interfaces/cmake/rosidl_cmake-extras.cmake
[0.777s] -- Up-to-date: /home/lyd/ROS2/chapter4_Service/install/chapt4_interfaces/share/chapt4_interfaces/cmake/ament_cmake_export_dependencies-extras.cmake
[0.777s] -- Up-to-date: /home/lyd/ROS2/chapter4_Service/install/chapt4_interfaces/share/chapt4_interfaces/cmake/ament_cmake_export_include_directories-extras.cmake
[0.777s] -- Up-to-date: /home/lyd/ROS2/chapter4_Service/install/chapt4_interfaces/share/chapt4_interfaces/cmake/ament_cmake_export_libraries-extras.cmake
[0.777s] -- Up-to-date: /home/lyd/ROS2/chapter4_Service/install/chapt4_interfaces/share/chapt4_interfaces/cmake/ament_cmake_export_targets-extras.cmake
[0.778s] -- Up-to-date: /home/lyd/ROS2/chapter4_Service/install/chapt4_interfaces/share/chapt4_interfaces/cmake/rosidl_cmake_export_typesupport_targets-extras.cmake
[0.778s] -- Up-to-date: /home/lyd/ROS2/chapter4_Service/install/chapt4_interfaces/share/chapt4_interfaces/cmake/rosidl_cmake_export_typesupport_libraries-extras.cmake
[0.778s] -- Up-to-date: /home/lyd/ROS2/chapter4_Service/install/chapt4_interfaces/share/chapt4_interfaces/cmake/chapt4_interfacesConfig.cmake
[0.778s] -- Up-to-date: /home/lyd/ROS2/chapter4_Service/install/chapt4_interfaces/share/chapt4_interfaces/cmake/chapt4_interfacesConfig-version.cmake
[0.778s] -- Up-to-date: /home/lyd/ROS2/chapter4_Service/install/chapt4_interfaces/share/chapt4_interfaces/package.xml
[0.781s] Invoked command in '/home/lyd/ROS2/chapter4_Service/build/chapt4_interfaces' returned '0': CMAKE_PREFIX_PATH=/opt/ros/humble /usr/bin/cmake --install /home/lyd/ROS2/chapter4_Service/build/chapt4_interfaces
