[0.010s] Invoking command in '/home/lyd/ROS2/chapter6_Simulation/chapt6_ws/build/demo_cpp_topic': CMAKE_PREFIX_PATH=${CMAKE_PREFIX_PATH}:/opt/ros/humble /usr/bin/cmake --build /home/lyd/ROS2/chapter6_Simulation/chapt6_ws/build/demo_cpp_topic -- -j4 -l4
[0.060s] [100%] Built target circle_motion
[0.077s] Invoked command in '/home/lyd/ROS2/chapter6_Simulation/chapt6_ws/build/demo_cpp_topic' returned '0': CMAKE_PREFIX_PATH=${CMAKE_PREFIX_PATH}:/opt/ros/humble /usr/bin/cmake --build /home/lyd/ROS2/chapter6_Simulation/chapt6_ws/build/demo_cpp_topic -- -j4 -l4
[0.078s] Invoking command in '/home/lyd/ROS2/chapter6_Simulation/chapt6_ws/build/demo_cpp_topic': CMAKE_PREFIX_PATH=${CMAKE_PREFIX_PATH}:/opt/ros/humble /usr/bin/cmake --install /home/lyd/ROS2/chapter6_Simulation/chapt6_ws/build/demo_cpp_topic
[0.087s] -- Install configuration: ""
[0.087s] -- Up-to-date: /home/lyd/ROS2/chapter6_Simulation/chapt6_ws/install/demo_cpp_topic/lib/demo_cpp_topic/circle_motion
[0.087s] -- Up-to-date: /home/lyd/ROS2/chapter6_Simulation/chapt6_ws/install/demo_cpp_topic/share/ament_index/resource_index/package_run_dependencies/demo_cpp_topic
[0.087s] -- Up-to-date: /home/lyd/ROS2/chapter6_Simulation/chapt6_ws/install/demo_cpp_topic/share/ament_index/resource_index/parent_prefix_path/demo_cpp_topic
[0.087s] -- Up-to-date: /home/lyd/ROS2/chapter6_Simulation/chapt6_ws/install/demo_cpp_topic/share/demo_cpp_topic/environment/ament_prefix_path.sh
[0.088s] -- Up-to-date: /home/lyd/ROS2/chapter6_Simulation/chapt6_ws/install/demo_cpp_topic/share/demo_cpp_topic/environment/ament_prefix_path.dsv
[0.088s] -- Up-to-date: /home/lyd/ROS2/chapter6_Simulation/chapt6_ws/install/demo_cpp_topic/share/demo_cpp_topic/environment/path.sh
[0.088s] -- Up-to-date: /home/lyd/ROS2/chapter6_Simulation/chapt6_ws/install/demo_cpp_topic/share/demo_cpp_topic/environment/path.dsv
[0.089s] -- Up-to-date: /home/lyd/ROS2/chapter6_Simulation/chapt6_ws/install/demo_cpp_topic/share/demo_cpp_topic/local_setup.bash
[0.090s] -- Up-to-date: /home/lyd/ROS2/chapter6_Simulation/chapt6_ws/install/demo_cpp_topic/share/demo_cpp_topic/local_setup.sh
[0.090s] -- Up-to-date: /home/lyd/ROS2/chapter6_Simulation/chapt6_ws/install/demo_cpp_topic/share/demo_cpp_topic/local_setup.zsh
[0.092s] -- Up-to-date: /home/lyd/ROS2/chapter6_Simulation/chapt6_ws/install/demo_cpp_topic/share/demo_cpp_topic/local_setup.dsv
[0.092s] -- Installing: /home/lyd/ROS2/chapter6_Simulation/chapt6_ws/install/demo_cpp_topic/share/demo_cpp_topic/package.dsv
[0.092s] -- Up-to-date: /home/lyd/ROS2/chapter6_Simulation/chapt6_ws/install/demo_cpp_topic/share/ament_index/resource_index/packages/demo_cpp_topic
[0.092s] -- Up-to-date: /home/lyd/ROS2/chapter6_Simulation/chapt6_ws/install/demo_cpp_topic/share/demo_cpp_topic/cmake/demo_cpp_topicConfig.cmake
[0.092s] -- Up-to-date: /home/lyd/ROS2/chapter6_Simulation/chapt6_ws/install/demo_cpp_topic/share/demo_cpp_topic/cmake/demo_cpp_topicConfig-version.cmake
[0.092s] -- Up-to-date: /home/lyd/ROS2/chapter6_Simulation/chapt6_ws/install/demo_cpp_topic/share/demo_cpp_topic/package.xml
[0.096s] Invoked command in '/home/lyd/ROS2/chapter6_Simulation/chapt6_ws/build/demo_cpp_topic' returned '0': CMAKE_PREFIX_PATH=${CMAKE_PREFIX_PATH}:/opt/ros/humble /usr/bin/cmake --install /home/lyd/ROS2/chapter6_Simulation/chapt6_ws/build/demo_cpp_topic
