[0.128s] DEBUG:colcon:Command line arguments: ['/usr/bin/colcon', 'build']
[0.128s] DEBUG:colcon:Parsed command line arguments: Namespace(log_base=None, log_level=None, verb_name='build', build_base='build', install_base='install', merge_install=False, symlink_install=False, test_result_base=None, continue_on_error=False, executor='parallel', parallel_workers=4, event_handlers=None, ignore_user_meta=False, metas=['./colcon.meta'], base_paths=['.'], packages_ignore=None, packages_ignore_regex=None, paths=None, packages_up_to=None, packages_up_to_regex=None, packages_above=None, packages_above_and_dependencies=None, packages_above_depth=None, packages_select_by_dep=None, packages_skip_by_dep=None, packages_skip_up_to=None, packages_select_build_failed=False, packages_skip_build_finished=False, packages_select_test_failures=False, packages_skip_test_passed=False, packages_select=None, packages_skip=None, packages_select_regex=None, packages_skip_regex=None, packages_start=None, packages_end=None, allow_overriding=[], cmake_args=None, cmake_target=None, cmake_target_skip_unavailable=False, cmake_clean_cache=False, cmake_clean_first=False, cmake_force_configure=False, ament_cmake_args=None, catkin_cmake_args=None, catkin_skip_building_tests=False, verb_parser=<colcon_defaults.argument_parser.defaults.DefaultArgumentsDecorator object at 0x773992b9f0d0>, verb_extension=<colcon_core.verb.build.BuildVerb object at 0x773992d64520>, main=<bound method BuildVerb.main of <colcon_core.verb.build.BuildVerb object at 0x773992d64520>>)
[0.311s] Level 1:colcon.colcon_core.package_discovery:discover_packages(colcon_meta) check parameters
[0.311s] Level 1:colcon.colcon_core.package_discovery:discover_packages(recursive) check parameters
[0.311s] Level 1:colcon.colcon_core.package_discovery:discover_packages(ignore) check parameters
[0.311s] Level 1:colcon.colcon_core.package_discovery:discover_packages(path) check parameters
[0.311s] Level 1:colcon.colcon_core.package_discovery:discover_packages(colcon_meta) discover
[0.311s] Level 1:colcon.colcon_core.package_discovery:discover_packages(recursive) discover
[0.311s] INFO:colcon.colcon_core.package_discovery:Crawling recursively for packages in '/home/lyd/ROS2/chapter5_Tools'
[0.311s] Level 1:colcon.colcon_core.package_identification:_identify(.) by extensions ['ignore', 'ignore_ament_install']
[0.311s] Level 1:colcon.colcon_core.package_identification:_identify(.) by extension 'ignore'
[0.311s] Level 1:colcon.colcon_core.package_identification:_identify(.) by extension 'ignore_ament_install'
[0.311s] Level 1:colcon.colcon_core.package_identification:_identify(.) by extensions ['colcon_pkg']
[0.311s] Level 1:colcon.colcon_core.package_identification:_identify(.) by extension 'colcon_pkg'
[0.311s] Level 1:colcon.colcon_core.package_identification:_identify(.) by extensions ['colcon_meta']
[0.311s] Level 1:colcon.colcon_core.package_identification:_identify(.) by extension 'colcon_meta'
[0.311s] Level 1:colcon.colcon_core.package_identification:_identify(.) by extensions ['ros']
[0.312s] Level 1:colcon.colcon_core.package_identification:_identify(.) by extension 'ros'
[0.320s] Level 1:colcon.colcon_core.package_identification:_identify(.) by extensions ['cmake', 'python']
[0.320s] Level 1:colcon.colcon_core.package_identification:_identify(.) by extension 'cmake'
[0.320s] Level 1:colcon.colcon_core.package_identification:_identify(.) by extension 'python'
[0.320s] Level 1:colcon.colcon_core.package_identification:_identify(.) by extensions ['python_setup_py']
[0.320s] Level 1:colcon.colcon_core.package_identification:_identify(.) by extension 'python_setup_py'
[0.320s] Level 1:colcon.colcon_core.package_identification:_identify(build) by extensions ['ignore', 'ignore_ament_install']
[0.321s] Level 1:colcon.colcon_core.package_identification:_identify(build) by extension 'ignore'
[0.321s] Level 1:colcon.colcon_core.package_identification:_identify(build) ignored
[0.321s] Level 1:colcon.colcon_core.package_identification:_identify(chapt5_ws) by extensions ['ignore', 'ignore_ament_install']
[0.321s] Level 1:colcon.colcon_core.package_identification:_identify(chapt5_ws) by extension 'ignore'
[0.321s] Level 1:colcon.colcon_core.package_identification:_identify(chapt5_ws) by extension 'ignore_ament_install'
[0.321s] Level 1:colcon.colcon_core.package_identification:_identify(chapt5_ws) by extensions ['colcon_pkg']
[0.321s] Level 1:colcon.colcon_core.package_identification:_identify(chapt5_ws) by extension 'colcon_pkg'
[0.321s] Level 1:colcon.colcon_core.package_identification:_identify(chapt5_ws) by extensions ['colcon_meta']
[0.321s] Level 1:colcon.colcon_core.package_identification:_identify(chapt5_ws) by extension 'colcon_meta'
[0.321s] Level 1:colcon.colcon_core.package_identification:_identify(chapt5_ws) by extensions ['ros']
[0.321s] Level 1:colcon.colcon_core.package_identification:_identify(chapt5_ws) by extension 'ros'
[0.321s] Level 1:colcon.colcon_core.package_identification:_identify(chapt5_ws) by extensions ['cmake', 'python']
[0.321s] Level 1:colcon.colcon_core.package_identification:_identify(chapt5_ws) by extension 'cmake'
[0.321s] Level 1:colcon.colcon_core.package_identification:_identify(chapt5_ws) by extension 'python'
[0.321s] Level 1:colcon.colcon_core.package_identification:_identify(chapt5_ws) by extensions ['python_setup_py']
[0.321s] Level 1:colcon.colcon_core.package_identification:_identify(chapt5_ws) by extension 'python_setup_py'
[0.321s] Level 1:colcon.colcon_core.package_identification:_identify(chapt5_ws/build) by extensions ['ignore', 'ignore_ament_install']
[0.321s] Level 1:colcon.colcon_core.package_identification:_identify(chapt5_ws/build) by extension 'ignore'
[0.321s] Level 1:colcon.colcon_core.package_identification:_identify(chapt5_ws/build) ignored
[0.321s] Level 1:colcon.colcon_core.package_identification:_identify(chapt5_ws/install) by extensions ['ignore', 'ignore_ament_install']
[0.321s] Level 1:colcon.colcon_core.package_identification:_identify(chapt5_ws/install) by extension 'ignore'
[0.321s] Level 1:colcon.colcon_core.package_identification:_identify(chapt5_ws/install) ignored
[0.321s] Level 1:colcon.colcon_core.package_identification:_identify(chapt5_ws/log) by extensions ['ignore', 'ignore_ament_install']
[0.321s] Level 1:colcon.colcon_core.package_identification:_identify(chapt5_ws/log) by extension 'ignore'
[0.322s] Level 1:colcon.colcon_core.package_identification:_identify(chapt5_ws/log) ignored
[0.322s] Level 1:colcon.colcon_core.package_identification:_identify(chapt5_ws/src) by extensions ['ignore', 'ignore_ament_install']
[0.322s] Level 1:colcon.colcon_core.package_identification:_identify(chapt5_ws/src) by extension 'ignore'
[0.322s] Level 1:colcon.colcon_core.package_identification:_identify(chapt5_ws/src) by extension 'ignore_ament_install'
[0.322s] Level 1:colcon.colcon_core.package_identification:_identify(chapt5_ws/src) by extensions ['colcon_pkg']
[0.322s] Level 1:colcon.colcon_core.package_identification:_identify(chapt5_ws/src) by extension 'colcon_pkg'
[0.322s] Level 1:colcon.colcon_core.package_identification:_identify(chapt5_ws/src) by extensions ['colcon_meta']
[0.322s] Level 1:colcon.colcon_core.package_identification:_identify(chapt5_ws/src) by extension 'colcon_meta'
[0.322s] Level 1:colcon.colcon_core.package_identification:_identify(chapt5_ws/src) by extensions ['ros']
[0.322s] Level 1:colcon.colcon_core.package_identification:_identify(chapt5_ws/src) by extension 'ros'
[0.322s] Level 1:colcon.colcon_core.package_identification:_identify(chapt5_ws/src) by extensions ['cmake', 'python']
[0.322s] Level 1:colcon.colcon_core.package_identification:_identify(chapt5_ws/src) by extension 'cmake'
[0.322s] Level 1:colcon.colcon_core.package_identification:_identify(chapt5_ws/src) by extension 'python'
[0.322s] Level 1:colcon.colcon_core.package_identification:_identify(chapt5_ws/src) by extensions ['python_setup_py']
[0.322s] Level 1:colcon.colcon_core.package_identification:_identify(chapt5_ws/src) by extension 'python_setup_py'
[0.322s] Level 1:colcon.colcon_core.package_identification:_identify(chapt5_ws/src/demo_cpp_tf) by extensions ['ignore', 'ignore_ament_install']
[0.322s] Level 1:colcon.colcon_core.package_identification:_identify(chapt5_ws/src/demo_cpp_tf) by extension 'ignore'
[0.322s] Level 1:colcon.colcon_core.package_identification:_identify(chapt5_ws/src/demo_cpp_tf) by extension 'ignore_ament_install'
[0.322s] Level 1:colcon.colcon_core.package_identification:_identify(chapt5_ws/src/demo_cpp_tf) by extensions ['colcon_pkg']
[0.322s] Level 1:colcon.colcon_core.package_identification:_identify(chapt5_ws/src/demo_cpp_tf) by extension 'colcon_pkg'
[0.322s] Level 1:colcon.colcon_core.package_identification:_identify(chapt5_ws/src/demo_cpp_tf) by extensions ['colcon_meta']
[0.322s] Level 1:colcon.colcon_core.package_identification:_identify(chapt5_ws/src/demo_cpp_tf) by extension 'colcon_meta'
[0.322s] Level 1:colcon.colcon_core.package_identification:_identify(chapt5_ws/src/demo_cpp_tf) by extensions ['ros']
[0.322s] Level 1:colcon.colcon_core.package_identification:_identify(chapt5_ws/src/demo_cpp_tf) by extension 'ros'
[0.325s] DEBUG:colcon.colcon_core.package_identification:Package 'chapt5_ws/src/demo_cpp_tf' with type 'ros.ament_cmake' and name 'demo_cpp_tf'
[0.325s] Level 1:colcon.colcon_core.package_identification:_identify(chapt5_ws/src/demo_python_tf) by extensions ['ignore', 'ignore_ament_install']
[0.325s] Level 1:colcon.colcon_core.package_identification:_identify(chapt5_ws/src/demo_python_tf) by extension 'ignore'
[0.325s] Level 1:colcon.colcon_core.package_identification:_identify(chapt5_ws/src/demo_python_tf) by extension 'ignore_ament_install'
[0.325s] Level 1:colcon.colcon_core.package_identification:_identify(chapt5_ws/src/demo_python_tf) by extensions ['colcon_pkg']
[0.325s] Level 1:colcon.colcon_core.package_identification:_identify(chapt5_ws/src/demo_python_tf) by extension 'colcon_pkg'
[0.325s] Level 1:colcon.colcon_core.package_identification:_identify(chapt5_ws/src/demo_python_tf) by extensions ['colcon_meta']
[0.325s] Level 1:colcon.colcon_core.package_identification:_identify(chapt5_ws/src/demo_python_tf) by extension 'colcon_meta'
[0.325s] Level 1:colcon.colcon_core.package_identification:_identify(chapt5_ws/src/demo_python_tf) by extensions ['ros']
[0.325s] Level 1:colcon.colcon_core.package_identification:_identify(chapt5_ws/src/demo_python_tf) by extension 'ros'
[0.326s] DEBUG:colcon.colcon_core.package_identification:Package 'chapt5_ws/src/demo_python_tf' with type 'ros.ament_python' and name 'demo_python_tf'
[0.326s] Level 1:colcon.colcon_core.package_identification:_identify(install) by extensions ['ignore', 'ignore_ament_install']
[0.327s] Level 1:colcon.colcon_core.package_identification:_identify(install) by extension 'ignore'
[0.327s] Level 1:colcon.colcon_core.package_identification:_identify(install) ignored
[0.327s] Level 1:colcon.colcon_core.package_identification:_identify(log) by extensions ['ignore', 'ignore_ament_install']
[0.327s] Level 1:colcon.colcon_core.package_identification:_identify(log) by extension 'ignore'
[0.327s] Level 1:colcon.colcon_core.package_identification:_identify(log) ignored
[0.327s] Level 1:colcon.colcon_core.package_discovery:discover_packages(recursive) using defaults
[0.327s] Level 1:colcon.colcon_core.package_discovery:discover_packages(ignore) discover
[0.327s] Level 1:colcon.colcon_core.package_discovery:discover_packages(ignore) using defaults
[0.327s] Level 1:colcon.colcon_core.package_discovery:discover_packages(path) discover
[0.327s] Level 1:colcon.colcon_core.package_discovery:discover_packages(path) using defaults
[0.346s] Level 1:colcon.colcon_core.package_discovery:discover_packages(prefix_path) check parameters
[0.346s] Level 1:colcon.colcon_core.package_discovery:discover_packages(prefix_path) discover
[0.349s] DEBUG:colcon.colcon_installed_package_information.package_discovery:Found 272 installed packages in /opt/ros/humble
[0.351s] Level 1:colcon.colcon_core.package_discovery:discover_packages(prefix_path) using defaults
[0.383s] Level 5:colcon.colcon_core.verb:set package 'demo_cpp_tf' build argument 'cmake_args' from command line to 'None'
[0.383s] Level 5:colcon.colcon_core.verb:set package 'demo_cpp_tf' build argument 'cmake_target' from command line to 'None'
[0.383s] Level 5:colcon.colcon_core.verb:set package 'demo_cpp_tf' build argument 'cmake_target_skip_unavailable' from command line to 'False'
[0.383s] Level 5:colcon.colcon_core.verb:set package 'demo_cpp_tf' build argument 'cmake_clean_cache' from command line to 'False'
[0.383s] Level 5:colcon.colcon_core.verb:set package 'demo_cpp_tf' build argument 'cmake_clean_first' from command line to 'False'
[0.383s] Level 5:colcon.colcon_core.verb:set package 'demo_cpp_tf' build argument 'cmake_force_configure' from command line to 'False'
[0.383s] Level 5:colcon.colcon_core.verb:set package 'demo_cpp_tf' build argument 'ament_cmake_args' from command line to 'None'
[0.383s] Level 5:colcon.colcon_core.verb:set package 'demo_cpp_tf' build argument 'catkin_cmake_args' from command line to 'None'
[0.383s] Level 5:colcon.colcon_core.verb:set package 'demo_cpp_tf' build argument 'catkin_skip_building_tests' from command line to 'False'
[0.383s] DEBUG:colcon.colcon_core.verb:Building package 'demo_cpp_tf' with the following arguments: {'ament_cmake_args': None, 'build_base': '/home/lyd/ROS2/chapter5_Tools/build/demo_cpp_tf', 'catkin_cmake_args': None, 'catkin_skip_building_tests': False, 'cmake_args': None, 'cmake_clean_cache': False, 'cmake_clean_first': False, 'cmake_force_configure': False, 'cmake_target': None, 'cmake_target_skip_unavailable': False, 'install_base': '/home/lyd/ROS2/chapter5_Tools/install/demo_cpp_tf', 'merge_install': False, 'path': '/home/lyd/ROS2/chapter5_Tools/chapt5_ws/src/demo_cpp_tf', 'symlink_install': False, 'test_result_base': None}
[0.384s] Level 5:colcon.colcon_core.verb:set package 'demo_python_tf' build argument 'cmake_args' from command line to 'None'
[0.384s] Level 5:colcon.colcon_core.verb:set package 'demo_python_tf' build argument 'cmake_target' from command line to 'None'
[0.384s] Level 5:colcon.colcon_core.verb:set package 'demo_python_tf' build argument 'cmake_target_skip_unavailable' from command line to 'False'
[0.384s] Level 5:colcon.colcon_core.verb:set package 'demo_python_tf' build argument 'cmake_clean_cache' from command line to 'False'
[0.384s] Level 5:colcon.colcon_core.verb:set package 'demo_python_tf' build argument 'cmake_clean_first' from command line to 'False'
[0.384s] Level 5:colcon.colcon_core.verb:set package 'demo_python_tf' build argument 'cmake_force_configure' from command line to 'False'
[0.384s] Level 5:colcon.colcon_core.verb:set package 'demo_python_tf' build argument 'ament_cmake_args' from command line to 'None'
[0.384s] Level 5:colcon.colcon_core.verb:set package 'demo_python_tf' build argument 'catkin_cmake_args' from command line to 'None'
[0.384s] Level 5:colcon.colcon_core.verb:set package 'demo_python_tf' build argument 'catkin_skip_building_tests' from command line to 'False'
[0.384s] DEBUG:colcon.colcon_core.verb:Building package 'demo_python_tf' with the following arguments: {'ament_cmake_args': None, 'build_base': '/home/lyd/ROS2/chapter5_Tools/build/demo_python_tf', 'catkin_cmake_args': None, 'catkin_skip_building_tests': False, 'cmake_args': None, 'cmake_clean_cache': False, 'cmake_clean_first': False, 'cmake_force_configure': False, 'cmake_target': None, 'cmake_target_skip_unavailable': False, 'install_base': '/home/lyd/ROS2/chapter5_Tools/install/demo_python_tf', 'merge_install': False, 'path': '/home/lyd/ROS2/chapter5_Tools/chapt5_ws/src/demo_python_tf', 'symlink_install': False, 'test_result_base': None}
[0.384s] INFO:colcon.colcon_core.executor:Executing jobs using 'parallel' executor
[0.385s] DEBUG:colcon.colcon_parallel_executor.executor.parallel:run_until_complete
[0.385s] INFO:colcon.colcon_ros.task.ament_cmake.build:Building ROS package in '/home/lyd/ROS2/chapter5_Tools/chapt5_ws/src/demo_cpp_tf' with build type 'ament_cmake'
[0.385s] INFO:colcon.colcon_cmake.task.cmake.build:Building CMake package in '/home/lyd/ROS2/chapter5_Tools/chapt5_ws/src/demo_cpp_tf'
[0.389s] INFO:colcon.colcon_core.plugin_system:Skipping extension 'colcon_core.shell.bat': Not used on non-Windows systems
[0.389s] INFO:colcon.colcon_core.shell:Skip shell extension 'powershell' for command environment: Not usable outside of PowerShell
[0.389s] DEBUG:colcon.colcon_core.shell:Skip shell extension 'dsv' for command environment
[0.392s] INFO:colcon.colcon_ros.task.ament_python.build:Building ROS package in '/home/lyd/ROS2/chapter5_Tools/chapt5_ws/src/demo_python_tf' with build type 'ament_python'
[0.392s] Level 1:colcon.colcon_core.shell:create_environment_hook('demo_python_tf', 'ament_prefix_path')
[0.392s] INFO:colcon.colcon_core.shell:Creating environment hook '/home/lyd/ROS2/chapter5_Tools/install/demo_python_tf/share/demo_python_tf/hook/ament_prefix_path.ps1'
[0.393s] INFO:colcon.colcon_core.shell:Creating environment descriptor '/home/lyd/ROS2/chapter5_Tools/install/demo_python_tf/share/demo_python_tf/hook/ament_prefix_path.dsv'
[0.394s] INFO:colcon.colcon_core.shell:Creating environment hook '/home/lyd/ROS2/chapter5_Tools/install/demo_python_tf/share/demo_python_tf/hook/ament_prefix_path.sh'
[0.395s] INFO:colcon.colcon_core.shell:Skip shell extension 'powershell' for command environment: Not usable outside of PowerShell
[0.395s] DEBUG:colcon.colcon_core.shell:Skip shell extension 'dsv' for command environment
[0.402s] DEBUG:colcon.colcon_core.event_handler.log_command:Invoking command in '/home/lyd/ROS2/chapter5_Tools/build/demo_cpp_tf': CMAKE_PREFIX_PATH=/opt/ros/humble /usr/bin/cmake /home/lyd/ROS2/chapter5_Tools/chapt5_ws/src/demo_cpp_tf -DCMAKE_INSTALL_PREFIX=/home/lyd/ROS2/chapter5_Tools/install/demo_cpp_tf
[0.586s] INFO:colcon.colcon_core.task.python.build:Building Python package in '/home/lyd/ROS2/chapter5_Tools/chapt5_ws/src/demo_python_tf'
[0.587s] INFO:colcon.colcon_core.shell:Skip shell extension 'powershell' for command environment: Not usable outside of PowerShell
[0.587s] DEBUG:colcon.colcon_core.shell:Skip shell extension 'dsv' for command environment
[0.894s] DEBUG:colcon.colcon_core.event_handler.log_command:Invoking command in '/home/lyd/ROS2/chapter5_Tools/chapt5_ws/src/demo_python_tf': PYTHONPATH=/home/lyd/ROS2/chapter5_Tools/build/demo_python_tf/prefix_override:/usr/lib/python3/dist-packages/colcon_core/task/python/colcon_distutils_commands:/home/lyd/ROS2/chapter5_Tools/install/demo_python_tf/lib/python3.10/site-packages:${PYTHONPATH} /usr/bin/python3 -W ignore:setup.py install is deprecated -W ignore:easy_install command is deprecated setup.py egg_info --egg-base ../../../build/demo_python_tf build --build-base /home/lyd/ROS2/chapter5_Tools/build/demo_python_tf/build install --record /home/lyd/ROS2/chapter5_Tools/build/demo_python_tf/install.log --single-version-externally-managed install_data
[1.111s] DEBUG:colcon.colcon_core.event_handler.log_command:Invoked command in '/home/lyd/ROS2/chapter5_Tools/chapt5_ws/src/demo_python_tf' returned '0': PYTHONPATH=/home/lyd/ROS2/chapter5_Tools/build/demo_python_tf/prefix_override:/usr/lib/python3/dist-packages/colcon_core/task/python/colcon_distutils_commands:/home/lyd/ROS2/chapter5_Tools/install/demo_python_tf/lib/python3.10/site-packages:${PYTHONPATH} /usr/bin/python3 -W ignore:setup.py install is deprecated -W ignore:easy_install command is deprecated setup.py egg_info --egg-base ../../../build/demo_python_tf build --build-base /home/lyd/ROS2/chapter5_Tools/build/demo_python_tf/build install --record /home/lyd/ROS2/chapter5_Tools/build/demo_python_tf/install.log --single-version-externally-managed install_data
[1.116s] Level 1:colcon.colcon_core.environment:checking '/home/lyd/ROS2/chapter5_Tools/install/demo_python_tf' for CMake module files
[1.116s] Level 1:colcon.colcon_core.environment:checking '/home/lyd/ROS2/chapter5_Tools/install/demo_python_tf' for CMake config files
[1.117s] Level 1:colcon.colcon_core.environment:checking '/home/lyd/ROS2/chapter5_Tools/install/demo_python_tf/lib'
[1.117s] Level 1:colcon.colcon_core.environment:checking '/home/lyd/ROS2/chapter5_Tools/install/demo_python_tf/bin'
[1.117s] Level 1:colcon.colcon_core.environment:checking '/home/lyd/ROS2/chapter5_Tools/install/demo_python_tf/lib/pkgconfig/demo_python_tf.pc'
[1.117s] Level 1:colcon.colcon_core.environment:checking '/home/lyd/ROS2/chapter5_Tools/install/demo_python_tf/lib/python3.10/site-packages'
[1.117s] Level 1:colcon.colcon_core.shell:create_environment_hook('demo_python_tf', 'pythonpath')
[1.117s] INFO:colcon.colcon_core.shell:Creating environment hook '/home/lyd/ROS2/chapter5_Tools/install/demo_python_tf/share/demo_python_tf/hook/pythonpath.ps1'
[1.118s] INFO:colcon.colcon_core.shell:Creating environment descriptor '/home/lyd/ROS2/chapter5_Tools/install/demo_python_tf/share/demo_python_tf/hook/pythonpath.dsv'
[1.118s] INFO:colcon.colcon_core.shell:Creating environment hook '/home/lyd/ROS2/chapter5_Tools/install/demo_python_tf/share/demo_python_tf/hook/pythonpath.sh'
[1.118s] Level 1:colcon.colcon_core.environment:checking '/home/lyd/ROS2/chapter5_Tools/install/demo_python_tf/bin'
[1.118s] Level 1:colcon.colcon_core.environment:create_environment_scripts_only(demo_python_tf)
[1.118s] INFO:colcon.colcon_core.shell:Creating package script '/home/lyd/ROS2/chapter5_Tools/install/demo_python_tf/share/demo_python_tf/package.ps1'
[1.119s] INFO:colcon.colcon_core.shell:Creating package descriptor '/home/lyd/ROS2/chapter5_Tools/install/demo_python_tf/share/demo_python_tf/package.dsv'
[1.120s] INFO:colcon.colcon_core.shell:Creating package script '/home/lyd/ROS2/chapter5_Tools/install/demo_python_tf/share/demo_python_tf/package.sh'
[1.120s] INFO:colcon.colcon_core.shell:Creating package script '/home/lyd/ROS2/chapter5_Tools/install/demo_python_tf/share/demo_python_tf/package.bash'
[1.121s] INFO:colcon.colcon_core.shell:Creating package script '/home/lyd/ROS2/chapter5_Tools/install/demo_python_tf/share/demo_python_tf/package.zsh'
[1.122s] Level 1:colcon.colcon_core.environment:create_file_with_runtime_dependencies(/home/lyd/ROS2/chapter5_Tools/install/demo_python_tf/share/colcon-core/packages/demo_python_tf)
[1.728s] DEBUG:colcon.colcon_core.event_handler.log_command:Invoked command in '/home/lyd/ROS2/chapter5_Tools/build/demo_cpp_tf' returned '0': CMAKE_PREFIX_PATH=/opt/ros/humble /usr/bin/cmake /home/lyd/ROS2/chapter5_Tools/chapt5_ws/src/demo_cpp_tf -DCMAKE_INSTALL_PREFIX=/home/lyd/ROS2/chapter5_Tools/install/demo_cpp_tf
[1.730s] DEBUG:colcon.colcon_core.event_handler.log_command:Invoking command in '/home/lyd/ROS2/chapter5_Tools/build/demo_cpp_tf': CMAKE_PREFIX_PATH=/opt/ros/humble /usr/bin/cmake --build /home/lyd/ROS2/chapter5_Tools/build/demo_cpp_tf -- -j4 -l4
[11.157s] DEBUG:colcon.colcon_core.event_handler.log_command:Invoked command in '/home/lyd/ROS2/chapter5_Tools/build/demo_cpp_tf' returned '0': CMAKE_PREFIX_PATH=/opt/ros/humble /usr/bin/cmake --build /home/lyd/ROS2/chapter5_Tools/build/demo_cpp_tf -- -j4 -l4
[11.165s] DEBUG:colcon.colcon_core.event_handler.log_command:Invoking command in '/home/lyd/ROS2/chapter5_Tools/build/demo_cpp_tf': CMAKE_PREFIX_PATH=/opt/ros/humble /usr/bin/cmake --install /home/lyd/ROS2/chapter5_Tools/build/demo_cpp_tf
[11.177s] Level 1:colcon.colcon_core.environment:create_environment_scripts_only(demo_cpp_tf)
[11.177s] Level 1:colcon.colcon_core.environment:checking '/home/lyd/ROS2/chapter5_Tools/install/demo_cpp_tf' for CMake module files
[11.177s] DEBUG:colcon.colcon_core.event_handler.log_command:Invoked command in '/home/lyd/ROS2/chapter5_Tools/build/demo_cpp_tf' returned '0': CMAKE_PREFIX_PATH=/opt/ros/humble /usr/bin/cmake --install /home/lyd/ROS2/chapter5_Tools/build/demo_cpp_tf
[11.177s] Level 1:colcon.colcon_core.environment:checking '/home/lyd/ROS2/chapter5_Tools/install/demo_cpp_tf' for CMake config files
[11.178s] Level 1:colcon.colcon_core.shell:create_environment_hook('demo_cpp_tf', 'cmake_prefix_path')
[11.178s] INFO:colcon.colcon_core.shell:Creating environment hook '/home/lyd/ROS2/chapter5_Tools/install/demo_cpp_tf/share/demo_cpp_tf/hook/cmake_prefix_path.ps1'
[11.178s] INFO:colcon.colcon_core.shell:Creating environment descriptor '/home/lyd/ROS2/chapter5_Tools/install/demo_cpp_tf/share/demo_cpp_tf/hook/cmake_prefix_path.dsv'
[11.178s] INFO:colcon.colcon_core.shell:Creating environment hook '/home/lyd/ROS2/chapter5_Tools/install/demo_cpp_tf/share/demo_cpp_tf/hook/cmake_prefix_path.sh'
[11.179s] Level 1:colcon.colcon_core.environment:checking '/home/lyd/ROS2/chapter5_Tools/install/demo_cpp_tf/lib'
[11.179s] Level 1:colcon.colcon_core.environment:checking '/home/lyd/ROS2/chapter5_Tools/install/demo_cpp_tf/bin'
[11.179s] Level 1:colcon.colcon_core.environment:checking '/home/lyd/ROS2/chapter5_Tools/install/demo_cpp_tf/lib/pkgconfig/demo_cpp_tf.pc'
[11.179s] Level 1:colcon.colcon_core.environment:checking '/home/lyd/ROS2/chapter5_Tools/install/demo_cpp_tf/lib/python3.10/site-packages'
[11.179s] Level 1:colcon.colcon_core.environment:checking '/home/lyd/ROS2/chapter5_Tools/install/demo_cpp_tf/bin'
[11.179s] INFO:colcon.colcon_core.shell:Creating package script '/home/lyd/ROS2/chapter5_Tools/install/demo_cpp_tf/share/demo_cpp_tf/package.ps1'
[11.180s] INFO:colcon.colcon_core.shell:Creating package descriptor '/home/lyd/ROS2/chapter5_Tools/install/demo_cpp_tf/share/demo_cpp_tf/package.dsv'
[11.180s] INFO:colcon.colcon_core.shell:Creating package script '/home/lyd/ROS2/chapter5_Tools/install/demo_cpp_tf/share/demo_cpp_tf/package.sh'
[11.180s] INFO:colcon.colcon_core.shell:Creating package script '/home/lyd/ROS2/chapter5_Tools/install/demo_cpp_tf/share/demo_cpp_tf/package.bash'
[11.180s] INFO:colcon.colcon_core.shell:Creating package script '/home/lyd/ROS2/chapter5_Tools/install/demo_cpp_tf/share/demo_cpp_tf/package.zsh'
[11.181s] Level 1:colcon.colcon_core.environment:create_file_with_runtime_dependencies(/home/lyd/ROS2/chapter5_Tools/install/demo_cpp_tf/share/colcon-core/packages/demo_cpp_tf)
[11.181s] Level 1:colcon.colcon_core.environment:create_environment_scripts_only(demo_cpp_tf)
[11.181s] Level 1:colcon.colcon_core.environment:checking '/home/lyd/ROS2/chapter5_Tools/install/demo_cpp_tf' for CMake module files
[11.181s] Level 1:colcon.colcon_core.environment:checking '/home/lyd/ROS2/chapter5_Tools/install/demo_cpp_tf' for CMake config files
[11.182s] Level 1:colcon.colcon_core.shell:create_environment_hook('demo_cpp_tf', 'cmake_prefix_path')
[11.182s] INFO:colcon.colcon_core.shell:Creating environment hook '/home/lyd/ROS2/chapter5_Tools/install/demo_cpp_tf/share/demo_cpp_tf/hook/cmake_prefix_path.ps1'
[11.182s] INFO:colcon.colcon_core.shell:Creating environment descriptor '/home/lyd/ROS2/chapter5_Tools/install/demo_cpp_tf/share/demo_cpp_tf/hook/cmake_prefix_path.dsv'
[11.182s] INFO:colcon.colcon_core.shell:Creating environment hook '/home/lyd/ROS2/chapter5_Tools/install/demo_cpp_tf/share/demo_cpp_tf/hook/cmake_prefix_path.sh'
[11.183s] Level 1:colcon.colcon_core.environment:checking '/home/lyd/ROS2/chapter5_Tools/install/demo_cpp_tf/lib'
[11.183s] Level 1:colcon.colcon_core.environment:checking '/home/lyd/ROS2/chapter5_Tools/install/demo_cpp_tf/bin'
[11.183s] Level 1:colcon.colcon_core.environment:checking '/home/lyd/ROS2/chapter5_Tools/install/demo_cpp_tf/lib/pkgconfig/demo_cpp_tf.pc'
[11.183s] Level 1:colcon.colcon_core.environment:checking '/home/lyd/ROS2/chapter5_Tools/install/demo_cpp_tf/lib/python3.10/site-packages'
[11.183s] Level 1:colcon.colcon_core.environment:checking '/home/lyd/ROS2/chapter5_Tools/install/demo_cpp_tf/bin'
[11.183s] INFO:colcon.colcon_core.shell:Creating package script '/home/lyd/ROS2/chapter5_Tools/install/demo_cpp_tf/share/demo_cpp_tf/package.ps1'
[11.184s] INFO:colcon.colcon_core.shell:Creating package descriptor '/home/lyd/ROS2/chapter5_Tools/install/demo_cpp_tf/share/demo_cpp_tf/package.dsv'
[11.184s] INFO:colcon.colcon_core.shell:Creating package script '/home/lyd/ROS2/chapter5_Tools/install/demo_cpp_tf/share/demo_cpp_tf/package.sh'
[11.184s] INFO:colcon.colcon_core.shell:Creating package script '/home/lyd/ROS2/chapter5_Tools/install/demo_cpp_tf/share/demo_cpp_tf/package.bash'
[11.185s] INFO:colcon.colcon_core.shell:Creating package script '/home/lyd/ROS2/chapter5_Tools/install/demo_cpp_tf/share/demo_cpp_tf/package.zsh'
[11.185s] Level 1:colcon.colcon_core.environment:create_file_with_runtime_dependencies(/home/lyd/ROS2/chapter5_Tools/install/demo_cpp_tf/share/colcon-core/packages/demo_cpp_tf)
[11.185s] DEBUG:colcon.colcon_parallel_executor.executor.parallel:closing loop
[11.186s] DEBUG:colcon.colcon_parallel_executor.executor.parallel:loop closed
[11.186s] DEBUG:colcon.colcon_parallel_executor.executor.parallel:run_until_complete finished with '0'
[11.186s] DEBUG:colcon.colcon_core.event_reactor:joining thread
[11.191s] INFO:colcon.colcon_core.plugin_system:Skipping extension 'colcon_notification.desktop_notification.terminal_notifier': Not used on non-Darwin systems
[11.191s] INFO:colcon.colcon_core.plugin_system:Skipping extension 'colcon_notification.desktop_notification.win32': Not used on non-Windows systems
[11.191s] INFO:colcon.colcon_notification.desktop_notification:Sending desktop notification using 'notify2'
[11.213s] DEBUG:colcon.colcon_core.event_reactor:joined thread
[11.213s] INFO:colcon.colcon_core.shell:Creating prefix script '/home/lyd/ROS2/chapter5_Tools/install/local_setup.ps1'
[11.215s] INFO:colcon.colcon_core.shell:Creating prefix util module '/home/lyd/ROS2/chapter5_Tools/install/_local_setup_util_ps1.py'
[11.216s] INFO:colcon.colcon_core.shell:Creating prefix chain script '/home/lyd/ROS2/chapter5_Tools/install/setup.ps1'
[11.217s] INFO:colcon.colcon_core.shell:Creating prefix script '/home/lyd/ROS2/chapter5_Tools/install/local_setup.sh'
[11.218s] INFO:colcon.colcon_core.shell:Creating prefix util module '/home/lyd/ROS2/chapter5_Tools/install/_local_setup_util_sh.py'
[11.218s] INFO:colcon.colcon_core.shell:Creating prefix chain script '/home/lyd/ROS2/chapter5_Tools/install/setup.sh'
[11.219s] INFO:colcon.colcon_core.shell:Creating prefix script '/home/lyd/ROS2/chapter5_Tools/install/local_setup.bash'
[11.220s] INFO:colcon.colcon_core.shell:Creating prefix chain script '/home/lyd/ROS2/chapter5_Tools/install/setup.bash'
[11.221s] INFO:colcon.colcon_core.shell:Creating prefix script '/home/lyd/ROS2/chapter5_Tools/install/local_setup.zsh'
[11.225s] INFO:colcon.colcon_core.shell:Creating prefix chain script '/home/lyd/ROS2/chapter5_Tools/install/setup.zsh'
