[0.756s] Invoking command in '/home/lyd/ROS2/chapter3_Topic/topic_practice_ws/src/status_publisher': AMENT_PREFIX_PATH=/home/lyd/ROS2/chapter3_Topic/topic_practice_ws/install/status_interfaces:${AMENT_PREFIX_PATH} CMAKE_PREFIX_PATH=/home/lyd/ROS2/chapter3_Topic/topic_practice_ws/install/status_interfaces LD_LIBRARY_PATH=/home/lyd/ROS2/chapter3_Topic/topic_practice_ws/install/status_interfaces/lib:${LD_LIBRARY_PATH} PYTHONPATH=/home/lyd/ROS2/chapter3_Topic/topic_practice_ws/build/status_publisher/prefix_override:/usr/lib/python3/dist-packages/colcon_core/task/python/colcon_distutils_commands:/home/lyd/ROS2/chapter3_Topic/topic_practice_ws/install/status_publisher/lib/python3.10/site-packages:/home/lyd/ROS2/chapter3_Topic/topic_practice_ws/install/status_interfaces/local/lib/python3.10/dist-packages:${PYTHONPATH} /usr/bin/python3 -W ignore:setup.py install is deprecated -W ignore:easy_install command is deprecated setup.py egg_info --egg-base ../../build/status_publisher build --build-base /home/lyd/ROS2/chapter3_Topic/topic_practice_ws/build/status_publisher/build install --record /home/lyd/ROS2/chapter3_Topic/topic_practice_ws/build/status_publisher/install.log --single-version-externally-managed install_data
[1.016s] running egg_info
[1.016s] creating ../../build/status_publisher/status_publisher.egg-info
[1.017s] writing ../../build/status_publisher/status_publisher.egg-info/PKG-INFO
[1.018s] writing dependency_links to ../../build/status_publisher/status_publisher.egg-info/dependency_links.txt
[1.018s] writing entry points to ../../build/status_publisher/status_publisher.egg-info/entry_points.txt
[1.018s] writing requirements to ../../build/status_publisher/status_publisher.egg-info/requires.txt
[1.018s] writing top-level names to ../../build/status_publisher/status_publisher.egg-info/top_level.txt
[1.018s] writing manifest file '../../build/status_publisher/status_publisher.egg-info/SOURCES.txt'
[1.023s] reading manifest file '../../build/status_publisher/status_publisher.egg-info/SOURCES.txt'
[1.024s] adding license file 'LICENSE'
[1.024s] writing manifest file '../../build/status_publisher/status_publisher.egg-info/SOURCES.txt'
[1.024s] running build
[1.024s] running build_py
[1.024s] creating /home/lyd/ROS2/chapter3_Topic/topic_practice_ws/build/status_publisher/build
[1.024s] creating /home/lyd/ROS2/chapter3_Topic/topic_practice_ws/build/status_publisher/build/lib
[1.024s] creating /home/lyd/ROS2/chapter3_Topic/topic_practice_ws/build/status_publisher/build/lib/status_publisher
[1.024s] copying status_publisher/__init__.py -> /home/lyd/ROS2/chapter3_Topic/topic_practice_ws/build/status_publisher/build/lib/status_publisher
[1.024s] copying status_publisher/sys_status_pub.py -> /home/lyd/ROS2/chapter3_Topic/topic_practice_ws/build/status_publisher/build/lib/status_publisher
[1.024s] running install
[1.024s] running install_lib
[1.024s] creating /home/lyd/ROS2/chapter3_Topic/topic_practice_ws/install/status_publisher/lib/python3.10/site-packages/status_publisher
[1.024s] copying /home/lyd/ROS2/chapter3_Topic/topic_practice_ws/build/status_publisher/build/lib/status_publisher/__init__.py -> /home/lyd/ROS2/chapter3_Topic/topic_practice_ws/install/status_publisher/lib/python3.10/site-packages/status_publisher
[1.024s] copying /home/lyd/ROS2/chapter3_Topic/topic_practice_ws/build/status_publisher/build/lib/status_publisher/sys_status_pub.py -> /home/lyd/ROS2/chapter3_Topic/topic_practice_ws/install/status_publisher/lib/python3.10/site-packages/status_publisher
[1.024s] byte-compiling /home/lyd/ROS2/chapter3_Topic/topic_practice_ws/install/status_publisher/lib/python3.10/site-packages/status_publisher/__init__.py to __init__.cpython-310.pyc
[1.025s] byte-compiling /home/lyd/ROS2/chapter3_Topic/topic_practice_ws/install/status_publisher/lib/python3.10/site-packages/status_publisher/sys_status_pub.py to sys_status_pub.cpython-310.pyc
[1.025s] running install_data
[1.025s] creating /home/lyd/ROS2/chapter3_Topic/topic_practice_ws/install/status_publisher/share/ament_index
[1.025s] creating /home/lyd/ROS2/chapter3_Topic/topic_practice_ws/install/status_publisher/share/ament_index/resource_index
[1.025s] creating /home/lyd/ROS2/chapter3_Topic/topic_practice_ws/install/status_publisher/share/ament_index/resource_index/packages
[1.025s] copying resource/status_publisher -> /home/lyd/ROS2/chapter3_Topic/topic_practice_ws/install/status_publisher/share/ament_index/resource_index/packages
[1.025s] copying package.xml -> /home/lyd/ROS2/chapter3_Topic/topic_practice_ws/install/status_publisher/share/status_publisher
[1.025s] running install_egg_info
[1.026s] Copying ../../build/status_publisher/status_publisher.egg-info to /home/lyd/ROS2/chapter3_Topic/topic_practice_ws/install/status_publisher/lib/python3.10/site-packages/status_publisher-0.0.0-py3.10.egg-info
[1.026s] running install_scripts
[1.050s] Installing sys_status_pub script to /home/lyd/ROS2/chapter3_Topic/topic_practice_ws/install/status_publisher/lib/status_publisher
[1.051s] writing list of installed files to '/home/lyd/ROS2/chapter3_Topic/topic_practice_ws/build/status_publisher/install.log'
[1.089s] Invoked command in '/home/lyd/ROS2/chapter3_Topic/topic_practice_ws/src/status_publisher' returned '0': AMENT_PREFIX_PATH=/home/lyd/ROS2/chapter3_Topic/topic_practice_ws/install/status_interfaces:${AMENT_PREFIX_PATH} CMAKE_PREFIX_PATH=/home/lyd/ROS2/chapter3_Topic/topic_practice_ws/install/status_interfaces LD_LIBRARY_PATH=/home/lyd/ROS2/chapter3_Topic/topic_practice_ws/install/status_interfaces/lib:${LD_LIBRARY_PATH} PYTHONPATH=/home/lyd/ROS2/chapter3_Topic/topic_practice_ws/build/status_publisher/prefix_override:/usr/lib/python3/dist-packages/colcon_core/task/python/colcon_distutils_commands:/home/lyd/ROS2/chapter3_Topic/topic_practice_ws/install/status_publisher/lib/python3.10/site-packages:/home/lyd/ROS2/chapter3_Topic/topic_practice_ws/install/status_interfaces/local/lib/python3.10/dist-packages:${PYTHONPATH} /usr/bin/python3 -W ignore:setup.py install is deprecated -W ignore:easy_install command is deprecated setup.py egg_info --egg-base ../../build/status_publisher build --build-base /home/lyd/ROS2/chapter3_Topic/topic_practice_ws/build/status_publisher/build install --record /home/lyd/ROS2/chapter3_Topic/topic_practice_ws/build/status_publisher/install.log --single-version-externally-managed install_data
