[0.008s] Invoking command in '/home/lyd/ROS2/chapter4_Service/Service_ws/build/chapt4_interfaces': CMAKE_PREFIX_PATH=/opt/ros/humble /usr/bin/cmake --build /home/lyd/ROS2/chapter4_Service/Service_ws/build/chapt4_interfaces -- -j4 -l4
[0.066s] [ 10%] Built target chapt4_interfaces__rosidl_generator_c
[0.066s] [ 12%] Built target chapt4_interfaces__cpp
[0.076s] [ 12%] Built target ament_cmake_python_copy_chapt4_interfaces
[0.086s] [ 23%] Built target chapt4_interfaces__rosidl_typesupport_introspection_c
[0.086s] [ 33%] Built target chapt4_interfaces__rosidl_typesupport_fastrtps_c
[0.094s] [ 43%] Built target chapt4_interfaces__rosidl_typesupport_c
[0.096s] [ 53%] Built target chapt4_interfaces__rosidl_typesupport_fastrtps_cpp
[0.110s] [ 64%] Built target chapt4_interfaces__rosidl_typesupport_introspection_cpp
[0.124s] [ 74%] Built target chapt4_interfaces__rosidl_typesupport_cpp
[0.142s] [ 74%] Built target chapt4_interfaces
[0.169s] [ 76%] Built target chapt4_interfaces__py
[0.187s] [ 84%] Built target chapt4_interfaces__rosidl_generator_py
[0.207s] [ 89%] Built target chapt4_interfaces__rosidl_typesupport_c__pyext
[0.207s] [ 94%] Built target chapt4_interfaces__rosidl_typesupport_fastrtps_c__pyext
[0.218s] [100%] Built target chapt4_interfaces__rosidl_typesupport_introspection_c__pyext
[0.262s] running egg_info
[0.262s] writing chapt4_interfaces.egg-info/PKG-INFO
[0.263s] writing dependency_links to chapt4_interfaces.egg-info/dependency_links.txt
[0.263s] writing top-level names to chapt4_interfaces.egg-info/top_level.txt
[0.264s] reading manifest file 'chapt4_interfaces.egg-info/SOURCES.txt'
[0.265s] writing manifest file 'chapt4_interfaces.egg-info/SOURCES.txt'
[0.286s] [100%] Built target ament_cmake_python_build_chapt4_interfaces_egg
[0.298s] Invoked command in '/home/lyd/ROS2/chapter4_Service/Service_ws/build/chapt4_interfaces' returned '0': CMAKE_PREFIX_PATH=/opt/ros/humble /usr/bin/cmake --build /home/lyd/ROS2/chapter4_Service/Service_ws/build/chapt4_interfaces -- -j4 -l4
[0.307s] Invoking command in '/home/lyd/ROS2/chapter4_Service/Service_ws/build/chapt4_interfaces': CMAKE_PREFIX_PATH=/opt/ros/humble /usr/bin/cmake --install /home/lyd/ROS2/chapter4_Service/Service_ws/build/chapt4_interfaces
[0.316s] -- Install configuration: ""
[0.316s] -- Up-to-date: /home/lyd/ROS2/chapter4_Service/Service_ws/install/chapt4_interfaces/share/ament_index/resource_index/rosidl_interfaces/chapt4_interfaces
[0.316s] -- Up-to-date: /home/lyd/ROS2/chapter4_Service/Service_ws/install/chapt4_interfaces/include/chapt4_interfaces/chapt4_interfaces
[0.316s] -- Up-to-date: /home/lyd/ROS2/chapter4_Service/Service_ws/install/chapt4_interfaces/include/chapt4_interfaces/chapt4_interfaces/srv
[0.317s] -- Up-to-date: /home/lyd/ROS2/chapter4_Service/Service_ws/install/chapt4_interfaces/include/chapt4_interfaces/chapt4_interfaces/srv/detail
[0.317s] -- Up-to-date: /home/lyd/ROS2/chapter4_Service/Service_ws/install/chapt4_interfaces/include/chapt4_interfaces/chapt4_interfaces/srv/detail/face_detector__functions.c
[0.317s] -- Up-to-date: /home/lyd/ROS2/chapter4_Service/Service_ws/install/chapt4_interfaces/include/chapt4_interfaces/chapt4_interfaces/srv/detail/face_detector__struct.h
[0.317s] -- Up-to-date: /home/lyd/ROS2/chapter4_Service/Service_ws/install/chapt4_interfaces/include/chapt4_interfaces/chapt4_interfaces/srv/detail/patrol__type_support.h
[0.317s] -- Up-to-date: /home/lyd/ROS2/chapter4_Service/Service_ws/install/chapt4_interfaces/include/chapt4_interfaces/chapt4_interfaces/srv/detail/patrol__struct.h
[0.317s] -- Up-to-date: /home/lyd/ROS2/chapter4_Service/Service_ws/install/chapt4_interfaces/include/chapt4_interfaces/chapt4_interfaces/srv/detail/face_detector__type_support.h
[0.317s] -- Up-to-date: /home/lyd/ROS2/chapter4_Service/Service_ws/install/chapt4_interfaces/include/chapt4_interfaces/chapt4_interfaces/srv/detail/patrol__functions.h
[0.317s] -- Up-to-date: /home/lyd/ROS2/chapter4_Service/Service_ws/install/chapt4_interfaces/include/chapt4_interfaces/chapt4_interfaces/srv/detail/face_detector__functions.h
[0.317s] -- Up-to-date: /home/lyd/ROS2/chapter4_Service/Service_ws/install/chapt4_interfaces/include/chapt4_interfaces/chapt4_interfaces/srv/detail/patrol__functions.c
[0.317s] -- Up-to-date: /home/lyd/ROS2/chapter4_Service/Service_ws/install/chapt4_interfaces/include/chapt4_interfaces/chapt4_interfaces/srv/face_detector.h
[0.317s] -- Up-to-date: /home/lyd/ROS2/chapter4_Service/Service_ws/install/chapt4_interfaces/include/chapt4_interfaces/chapt4_interfaces/srv/patrol.h
[0.317s] -- Up-to-date: /home/lyd/ROS2/chapter4_Service/Service_ws/install/chapt4_interfaces/include/chapt4_interfaces/chapt4_interfaces/msg
[0.317s] -- Up-to-date: /home/lyd/ROS2/chapter4_Service/Service_ws/install/chapt4_interfaces/include/chapt4_interfaces/chapt4_interfaces/msg/rosidl_generator_c__visibility_control.h
[0.317s] -- Up-to-date: /home/lyd/ROS2/chapter4_Service/Service_ws/install/chapt4_interfaces/share/chapt4_interfaces/environment/library_path.sh
[0.318s] -- Up-to-date: /home/lyd/ROS2/chapter4_Service/Service_ws/install/chapt4_interfaces/share/chapt4_interfaces/environment/library_path.dsv
[0.318s] -- Up-to-date: /home/lyd/ROS2/chapter4_Service/Service_ws/install/chapt4_interfaces/lib/libchapt4_interfaces__rosidl_generator_c.so
[0.318s] -- Up-to-date: /home/lyd/ROS2/chapter4_Service/Service_ws/install/chapt4_interfaces/include/chapt4_interfaces/chapt4_interfaces
[0.318s] -- Up-to-date: /home/lyd/ROS2/chapter4_Service/Service_ws/install/chapt4_interfaces/include/chapt4_interfaces/chapt4_interfaces/srv
[0.318s] -- Up-to-date: /home/lyd/ROS2/chapter4_Service/Service_ws/install/chapt4_interfaces/include/chapt4_interfaces/chapt4_interfaces/srv/detail
[0.318s] -- Up-to-date: /home/lyd/ROS2/chapter4_Service/Service_ws/install/chapt4_interfaces/include/chapt4_interfaces/chapt4_interfaces/srv/detail/face_detector__rosidl_typesupport_fastrtps_c.h
[0.318s] -- Up-to-date: /home/lyd/ROS2/chapter4_Service/Service_ws/install/chapt4_interfaces/include/chapt4_interfaces/chapt4_interfaces/srv/detail/patrol__rosidl_typesupport_fastrtps_c.h
[0.318s] -- Up-to-date: /home/lyd/ROS2/chapter4_Service/Service_ws/install/chapt4_interfaces/include/chapt4_interfaces/chapt4_interfaces/msg
[0.318s] -- Up-to-date: /home/lyd/ROS2/chapter4_Service/Service_ws/install/chapt4_interfaces/include/chapt4_interfaces/chapt4_interfaces/msg/rosidl_typesupport_fastrtps_c__visibility_control.h
[0.318s] -- Up-to-date: /home/lyd/ROS2/chapter4_Service/Service_ws/install/chapt4_interfaces/lib/libchapt4_interfaces__rosidl_typesupport_fastrtps_c.so
[0.318s] -- Up-to-date: /home/lyd/ROS2/chapter4_Service/Service_ws/install/chapt4_interfaces/include/chapt4_interfaces/chapt4_interfaces
[0.318s] -- Up-to-date: /home/lyd/ROS2/chapter4_Service/Service_ws/install/chapt4_interfaces/include/chapt4_interfaces/chapt4_interfaces/srv
[0.318s] -- Up-to-date: /home/lyd/ROS2/chapter4_Service/Service_ws/install/chapt4_interfaces/include/chapt4_interfaces/chapt4_interfaces/srv/detail
[0.318s] -- Up-to-date: /home/lyd/ROS2/chapter4_Service/Service_ws/install/chapt4_interfaces/include/chapt4_interfaces/chapt4_interfaces/srv/detail/patrol__rosidl_typesupport_introspection_c.h
[0.318s] -- Up-to-date: /home/lyd/ROS2/chapter4_Service/Service_ws/install/chapt4_interfaces/include/chapt4_interfaces/chapt4_interfaces/srv/detail/face_detector__rosidl_typesupport_introspection_c.h
[0.318s] -- Up-to-date: /home/lyd/ROS2/chapter4_Service/Service_ws/install/chapt4_interfaces/include/chapt4_interfaces/chapt4_interfaces/srv/detail/face_detector__type_support.c
[0.319s] -- Up-to-date: /home/lyd/ROS2/chapter4_Service/Service_ws/install/chapt4_interfaces/include/chapt4_interfaces/chapt4_interfaces/srv/detail/patrol__type_support.c
[0.319s] -- Up-to-date: /home/lyd/ROS2/chapter4_Service/Service_ws/install/chapt4_interfaces/include/chapt4_interfaces/chapt4_interfaces/msg
[0.319s] -- Up-to-date: /home/lyd/ROS2/chapter4_Service/Service_ws/install/chapt4_interfaces/include/chapt4_interfaces/chapt4_interfaces/msg/rosidl_typesupport_introspection_c__visibility_control.h
[0.319s] -- Up-to-date: /home/lyd/ROS2/chapter4_Service/Service_ws/install/chapt4_interfaces/lib/libchapt4_interfaces__rosidl_typesupport_introspection_c.so
[0.319s] -- Up-to-date: /home/lyd/ROS2/chapter4_Service/Service_ws/install/chapt4_interfaces/lib/libchapt4_interfaces__rosidl_typesupport_c.so
[0.319s] -- Up-to-date: /home/lyd/ROS2/chapter4_Service/Service_ws/install/chapt4_interfaces/include/chapt4_interfaces/chapt4_interfaces
[0.319s] -- Up-to-date: /home/lyd/ROS2/chapter4_Service/Service_ws/install/chapt4_interfaces/include/chapt4_interfaces/chapt4_interfaces/srv
[0.319s] -- Up-to-date: /home/lyd/ROS2/chapter4_Service/Service_ws/install/chapt4_interfaces/include/chapt4_interfaces/chapt4_interfaces/srv/detail
[0.319s] -- Up-to-date: /home/lyd/ROS2/chapter4_Service/Service_ws/install/chapt4_interfaces/include/chapt4_interfaces/chapt4_interfaces/srv/detail/patrol__struct.hpp
[0.319s] -- Up-to-date: /home/lyd/ROS2/chapter4_Service/Service_ws/install/chapt4_interfaces/include/chapt4_interfaces/chapt4_interfaces/srv/detail/face_detector__traits.hpp
[0.319s] -- Up-to-date: /home/lyd/ROS2/chapter4_Service/Service_ws/install/chapt4_interfaces/include/chapt4_interfaces/chapt4_interfaces/srv/detail/patrol__traits.hpp
[0.319s] -- Up-to-date: /home/lyd/ROS2/chapter4_Service/Service_ws/install/chapt4_interfaces/include/chapt4_interfaces/chapt4_interfaces/srv/detail/face_detector__struct.hpp
[0.319s] -- Up-to-date: /home/lyd/ROS2/chapter4_Service/Service_ws/install/chapt4_interfaces/include/chapt4_interfaces/chapt4_interfaces/srv/detail/face_detector__builder.hpp
[0.319s] -- Up-to-date: /home/lyd/ROS2/chapter4_Service/Service_ws/install/chapt4_interfaces/include/chapt4_interfaces/chapt4_interfaces/srv/detail/patrol__type_support.hpp
[0.319s] -- Up-to-date: /home/lyd/ROS2/chapter4_Service/Service_ws/install/chapt4_interfaces/include/chapt4_interfaces/chapt4_interfaces/srv/detail/face_detector__type_support.hpp
[0.319s] -- Up-to-date: /home/lyd/ROS2/chapter4_Service/Service_ws/install/chapt4_interfaces/include/chapt4_interfaces/chapt4_interfaces/srv/detail/patrol__builder.hpp
[0.319s] -- Up-to-date: /home/lyd/ROS2/chapter4_Service/Service_ws/install/chapt4_interfaces/include/chapt4_interfaces/chapt4_interfaces/srv/face_detector.hpp
[0.319s] -- Up-to-date: /home/lyd/ROS2/chapter4_Service/Service_ws/install/chapt4_interfaces/include/chapt4_interfaces/chapt4_interfaces/srv/patrol.hpp
[0.319s] -- Up-to-date: /home/lyd/ROS2/chapter4_Service/Service_ws/install/chapt4_interfaces/include/chapt4_interfaces/chapt4_interfaces/msg
[0.319s] -- Up-to-date: /home/lyd/ROS2/chapter4_Service/Service_ws/install/chapt4_interfaces/include/chapt4_interfaces/chapt4_interfaces/msg/rosidl_generator_cpp__visibility_control.hpp
[0.319s] -- Up-to-date: /home/lyd/ROS2/chapter4_Service/Service_ws/install/chapt4_interfaces/include/chapt4_interfaces/chapt4_interfaces
[0.319s] -- Up-to-date: /home/lyd/ROS2/chapter4_Service/Service_ws/install/chapt4_interfaces/include/chapt4_interfaces/chapt4_interfaces/srv
[0.319s] -- Up-to-date: /home/lyd/ROS2/chapter4_Service/Service_ws/install/chapt4_interfaces/include/chapt4_interfaces/chapt4_interfaces/srv/detail
[0.319s] -- Up-to-date: /home/lyd/ROS2/chapter4_Service/Service_ws/install/chapt4_interfaces/include/chapt4_interfaces/chapt4_interfaces/srv/detail/dds_fastrtps
[0.319s] -- Up-to-date: /home/lyd/ROS2/chapter4_Service/Service_ws/install/chapt4_interfaces/include/chapt4_interfaces/chapt4_interfaces/srv/detail/patrol__rosidl_typesupport_fastrtps_cpp.hpp
[0.320s] -- Up-to-date: /home/lyd/ROS2/chapter4_Service/Service_ws/install/chapt4_interfaces/include/chapt4_interfaces/chapt4_interfaces/srv/detail/face_detector__rosidl_typesupport_fastrtps_cpp.hpp
[0.320s] -- Up-to-date: /home/lyd/ROS2/chapter4_Service/Service_ws/install/chapt4_interfaces/include/chapt4_interfaces/chapt4_interfaces/msg
[0.320s] -- Up-to-date: /home/lyd/ROS2/chapter4_Service/Service_ws/install/chapt4_interfaces/include/chapt4_interfaces/chapt4_interfaces/msg/rosidl_typesupport_fastrtps_cpp__visibility_control.h
[0.320s] -- Up-to-date: /home/lyd/ROS2/chapter4_Service/Service_ws/install/chapt4_interfaces/lib/libchapt4_interfaces__rosidl_typesupport_fastrtps_cpp.so
[0.321s] -- Up-to-date: /home/lyd/ROS2/chapter4_Service/Service_ws/install/chapt4_interfaces/include/chapt4_interfaces/chapt4_interfaces
[0.321s] -- Up-to-date: /home/lyd/ROS2/chapter4_Service/Service_ws/install/chapt4_interfaces/include/chapt4_interfaces/chapt4_interfaces/srv
[0.321s] -- Up-to-date: /home/lyd/ROS2/chapter4_Service/Service_ws/install/chapt4_interfaces/include/chapt4_interfaces/chapt4_interfaces/srv/detail
[0.321s] -- Up-to-date: /home/lyd/ROS2/chapter4_Service/Service_ws/install/chapt4_interfaces/include/chapt4_interfaces/chapt4_interfaces/srv/detail/patrol__rosidl_typesupport_introspection_cpp.hpp
[0.321s] -- Up-to-date: /home/lyd/ROS2/chapter4_Service/Service_ws/install/chapt4_interfaces/include/chapt4_interfaces/chapt4_interfaces/srv/detail/face_detector__type_support.cpp
[0.321s] -- Up-to-date: /home/lyd/ROS2/chapter4_Service/Service_ws/install/chapt4_interfaces/include/chapt4_interfaces/chapt4_interfaces/srv/detail/patrol__type_support.cpp
[0.321s] -- Up-to-date: /home/lyd/ROS2/chapter4_Service/Service_ws/install/chapt4_interfaces/include/chapt4_interfaces/chapt4_interfaces/srv/detail/face_detector__rosidl_typesupport_introspection_cpp.hpp
[0.321s] -- Up-to-date: /home/lyd/ROS2/chapter4_Service/Service_ws/install/chapt4_interfaces/lib/libchapt4_interfaces__rosidl_typesupport_introspection_cpp.so
[0.321s] -- Up-to-date: /home/lyd/ROS2/chapter4_Service/Service_ws/install/chapt4_interfaces/lib/libchapt4_interfaces__rosidl_typesupport_cpp.so
[0.321s] -- Up-to-date: /home/lyd/ROS2/chapter4_Service/Service_ws/install/chapt4_interfaces/share/chapt4_interfaces/environment/pythonpath.sh
[0.321s] -- Up-to-date: /home/lyd/ROS2/chapter4_Service/Service_ws/install/chapt4_interfaces/share/chapt4_interfaces/environment/pythonpath.dsv
[0.321s] -- Up-to-date: /home/lyd/ROS2/chapter4_Service/Service_ws/install/chapt4_interfaces/local/lib/python3.10/dist-packages/chapt4_interfaces-0.0.0-py3.10.egg-info
[0.321s] -- Installing: /home/lyd/ROS2/chapter4_Service/Service_ws/install/chapt4_interfaces/local/lib/python3.10/dist-packages/chapt4_interfaces-0.0.0-py3.10.egg-info/PKG-INFO
[0.321s] -- Installing: /home/lyd/ROS2/chapter4_Service/Service_ws/install/chapt4_interfaces/local/lib/python3.10/dist-packages/chapt4_interfaces-0.0.0-py3.10.egg-info/dependency_links.txt
[0.321s] -- Installing: /home/lyd/ROS2/chapter4_Service/Service_ws/install/chapt4_interfaces/local/lib/python3.10/dist-packages/chapt4_interfaces-0.0.0-py3.10.egg-info/top_level.txt
[0.321s] -- Installing: /home/lyd/ROS2/chapter4_Service/Service_ws/install/chapt4_interfaces/local/lib/python3.10/dist-packages/chapt4_interfaces-0.0.0-py3.10.egg-info/SOURCES.txt
[0.321s] -- Up-to-date: /home/lyd/ROS2/chapter4_Service/Service_ws/install/chapt4_interfaces/local/lib/python3.10/dist-packages/chapt4_interfaces
[0.321s] -- Up-to-date: /home/lyd/ROS2/chapter4_Service/Service_ws/install/chapt4_interfaces/local/lib/python3.10/dist-packages/chapt4_interfaces/chapt4_interfaces_s__rosidl_typesupport_c.cpython-310-x86_64-linux-gnu.so
[0.321s] -- Up-to-date: /home/lyd/ROS2/chapter4_Service/Service_ws/install/chapt4_interfaces/local/lib/python3.10/dist-packages/chapt4_interfaces/srv
[0.321s] -- Up-to-date: /home/lyd/ROS2/chapter4_Service/Service_ws/install/chapt4_interfaces/local/lib/python3.10/dist-packages/chapt4_interfaces/srv/_patrol.py
[0.321s] -- Up-to-date: /home/lyd/ROS2/chapter4_Service/Service_ws/install/chapt4_interfaces/local/lib/python3.10/dist-packages/chapt4_interfaces/srv/_face_detector.py
[0.321s] -- Up-to-date: /home/lyd/ROS2/chapter4_Service/Service_ws/install/chapt4_interfaces/local/lib/python3.10/dist-packages/chapt4_interfaces/srv/__init__.py
[0.321s] -- Up-to-date: /home/lyd/ROS2/chapter4_Service/Service_ws/install/chapt4_interfaces/local/lib/python3.10/dist-packages/chapt4_interfaces/srv/_patrol_s.c
[0.322s] -- Up-to-date: /home/lyd/ROS2/chapter4_Service/Service_ws/install/chapt4_interfaces/local/lib/python3.10/dist-packages/chapt4_interfaces/srv/_face_detector_s.c
[0.322s] -- Up-to-date: /home/lyd/ROS2/chapter4_Service/Service_ws/install/chapt4_interfaces/local/lib/python3.10/dist-packages/chapt4_interfaces/_chapt4_interfaces_s.ep.rosidl_typesupport_fastrtps_c.c
[0.322s] -- Up-to-date: /home/lyd/ROS2/chapter4_Service/Service_ws/install/chapt4_interfaces/local/lib/python3.10/dist-packages/chapt4_interfaces/chapt4_interfaces_s__rosidl_typesupport_introspection_c.cpython-310-x86_64-linux-gnu.so
[0.322s] -- Up-to-date: /home/lyd/ROS2/chapter4_Service/Service_ws/install/chapt4_interfaces/local/lib/python3.10/dist-packages/chapt4_interfaces/_chapt4_interfaces_s.ep.rosidl_typesupport_introspection_c.c
[0.322s] -- Up-to-date: /home/lyd/ROS2/chapter4_Service/Service_ws/install/chapt4_interfaces/local/lib/python3.10/dist-packages/chapt4_interfaces/__init__.py
[0.322s] -- Up-to-date: /home/lyd/ROS2/chapter4_Service/Service_ws/install/chapt4_interfaces/local/lib/python3.10/dist-packages/chapt4_interfaces/libchapt4_interfaces__rosidl_generator_py.so
[0.322s] -- Up-to-date: /home/lyd/ROS2/chapter4_Service/Service_ws/install/chapt4_interfaces/local/lib/python3.10/dist-packages/chapt4_interfaces/chapt4_interfaces_s__rosidl_typesupport_fastrtps_c.cpython-310-x86_64-linux-gnu.so
[0.322s] -- Up-to-date: /home/lyd/ROS2/chapter4_Service/Service_ws/install/chapt4_interfaces/local/lib/python3.10/dist-packages/chapt4_interfaces/_chapt4_interfaces_s.ep.rosidl_typesupport_c.c
[0.345s] Listing '/home/lyd/ROS2/chapter4_Service/Service_ws/install/chapt4_interfaces/local/lib/python3.10/dist-packages/chapt4_interfaces'...
[0.345s] Listing '/home/lyd/ROS2/chapter4_Service/Service_ws/install/chapt4_interfaces/local/lib/python3.10/dist-packages/chapt4_interfaces/srv'...
[0.349s] -- Up-to-date: /home/lyd/ROS2/chapter4_Service/Service_ws/install/chapt4_interfaces/local/lib/python3.10/dist-packages/chapt4_interfaces/chapt4_interfaces_s__rosidl_typesupport_fastrtps_c.cpython-310-x86_64-linux-gnu.so
[0.349s] -- Up-to-date: /home/lyd/ROS2/chapter4_Service/Service_ws/install/chapt4_interfaces/local/lib/python3.10/dist-packages/chapt4_interfaces/chapt4_interfaces_s__rosidl_typesupport_introspection_c.cpython-310-x86_64-linux-gnu.so
[0.349s] -- Up-to-date: /home/lyd/ROS2/chapter4_Service/Service_ws/install/chapt4_interfaces/local/lib/python3.10/dist-packages/chapt4_interfaces/chapt4_interfaces_s__rosidl_typesupport_c.cpython-310-x86_64-linux-gnu.so
[0.349s] -- Up-to-date: /home/lyd/ROS2/chapter4_Service/Service_ws/install/chapt4_interfaces/lib/libchapt4_interfaces__rosidl_generator_py.so
[0.349s] -- Up-to-date: /home/lyd/ROS2/chapter4_Service/Service_ws/install/chapt4_interfaces/share/chapt4_interfaces/srv/FaceDetector.idl
[0.350s] -- Up-to-date: /home/lyd/ROS2/chapter4_Service/Service_ws/install/chapt4_interfaces/share/chapt4_interfaces/srv/Patrol.idl
[0.350s] -- Up-to-date: /home/lyd/ROS2/chapter4_Service/Service_ws/install/chapt4_interfaces/share/chapt4_interfaces/srv/FaceDetector.srv
[0.350s] -- Up-to-date: /home/lyd/ROS2/chapter4_Service/Service_ws/install/chapt4_interfaces/share/chapt4_interfaces/srv/FaceDetector_Request.msg
[0.350s] -- Up-to-date: /home/lyd/ROS2/chapter4_Service/Service_ws/install/chapt4_interfaces/share/chapt4_interfaces/srv/FaceDetector_Response.msg
[0.350s] -- Up-to-date: /home/lyd/ROS2/chapter4_Service/Service_ws/install/chapt4_interfaces/share/chapt4_interfaces/srv/Patrol.srv
[0.350s] -- Up-to-date: /home/lyd/ROS2/chapter4_Service/Service_ws/install/chapt4_interfaces/share/chapt4_interfaces/srv/Patrol_Request.msg
[0.350s] -- Up-to-date: /home/lyd/ROS2/chapter4_Service/Service_ws/install/chapt4_interfaces/share/chapt4_interfaces/srv/Patrol_Response.msg
[0.350s] -- Up-to-date: /home/lyd/ROS2/chapter4_Service/Service_ws/install/chapt4_interfaces/share/ament_index/resource_index/package_run_dependencies/chapt4_interfaces
[0.350s] -- Up-to-date: /home/lyd/ROS2/chapter4_Service/Service_ws/install/chapt4_interfaces/share/ament_index/resource_index/parent_prefix_path/chapt4_interfaces
[0.350s] -- Up-to-date: /home/lyd/ROS2/chapter4_Service/Service_ws/install/chapt4_interfaces/share/chapt4_interfaces/environment/ament_prefix_path.sh
[0.350s] -- Up-to-date: /home/lyd/ROS2/chapter4_Service/Service_ws/install/chapt4_interfaces/share/chapt4_interfaces/environment/ament_prefix_path.dsv
[0.351s] -- Up-to-date: /home/lyd/ROS2/chapter4_Service/Service_ws/install/chapt4_interfaces/share/chapt4_interfaces/environment/path.sh
[0.351s] -- Up-to-date: /home/lyd/ROS2/chapter4_Service/Service_ws/install/chapt4_interfaces/share/chapt4_interfaces/environment/path.dsv
[0.351s] -- Up-to-date: /home/lyd/ROS2/chapter4_Service/Service_ws/install/chapt4_interfaces/share/chapt4_interfaces/local_setup.bash
[0.351s] -- Up-to-date: /home/lyd/ROS2/chapter4_Service/Service_ws/install/chapt4_interfaces/share/chapt4_interfaces/local_setup.sh
[0.351s] -- Up-to-date: /home/lyd/ROS2/chapter4_Service/Service_ws/install/chapt4_interfaces/share/chapt4_interfaces/local_setup.zsh
[0.351s] -- Up-to-date: /home/lyd/ROS2/chapter4_Service/Service_ws/install/chapt4_interfaces/share/chapt4_interfaces/local_setup.dsv
[0.351s] -- Installing: /home/lyd/ROS2/chapter4_Service/Service_ws/install/chapt4_interfaces/share/chapt4_interfaces/package.dsv
[0.351s] -- Up-to-date: /home/lyd/ROS2/chapter4_Service/Service_ws/install/chapt4_interfaces/share/ament_index/resource_index/packages/chapt4_interfaces
[0.351s] -- Up-to-date: /home/lyd/ROS2/chapter4_Service/Service_ws/install/chapt4_interfaces/share/chapt4_interfaces/cmake/export_chapt4_interfaces__rosidl_generator_cExport.cmake
[0.351s] -- Up-to-date: /home/lyd/ROS2/chapter4_Service/Service_ws/install/chapt4_interfaces/share/chapt4_interfaces/cmake/export_chapt4_interfaces__rosidl_generator_cExport-noconfig.cmake
[0.352s] -- Up-to-date: /home/lyd/ROS2/chapter4_Service/Service_ws/install/chapt4_interfaces/share/chapt4_interfaces/cmake/export_chapt4_interfaces__rosidl_typesupport_fastrtps_cExport.cmake
[0.352s] -- Up-to-date: /home/lyd/ROS2/chapter4_Service/Service_ws/install/chapt4_interfaces/share/chapt4_interfaces/cmake/export_chapt4_interfaces__rosidl_typesupport_fastrtps_cExport-noconfig.cmake
[0.352s] -- Up-to-date: /home/lyd/ROS2/chapter4_Service/Service_ws/install/chapt4_interfaces/share/chapt4_interfaces/cmake/chapt4_interfaces__rosidl_typesupport_introspection_cExport.cmake
[0.352s] -- Up-to-date: /home/lyd/ROS2/chapter4_Service/Service_ws/install/chapt4_interfaces/share/chapt4_interfaces/cmake/chapt4_interfaces__rosidl_typesupport_introspection_cExport-noconfig.cmake
[0.352s] -- Up-to-date: /home/lyd/ROS2/chapter4_Service/Service_ws/install/chapt4_interfaces/share/chapt4_interfaces/cmake/chapt4_interfaces__rosidl_typesupport_cExport.cmake
[0.352s] -- Up-to-date: /home/lyd/ROS2/chapter4_Service/Service_ws/install/chapt4_interfaces/share/chapt4_interfaces/cmake/chapt4_interfaces__rosidl_typesupport_cExport-noconfig.cmake
[0.352s] -- Up-to-date: /home/lyd/ROS2/chapter4_Service/Service_ws/install/chapt4_interfaces/share/chapt4_interfaces/cmake/export_chapt4_interfaces__rosidl_generator_cppExport.cmake
[0.352s] -- Up-to-date: /home/lyd/ROS2/chapter4_Service/Service_ws/install/chapt4_interfaces/share/chapt4_interfaces/cmake/export_chapt4_interfaces__rosidl_typesupport_fastrtps_cppExport.cmake
[0.352s] -- Up-to-date: /home/lyd/ROS2/chapter4_Service/Service_ws/install/chapt4_interfaces/share/chapt4_interfaces/cmake/export_chapt4_interfaces__rosidl_typesupport_fastrtps_cppExport-noconfig.cmake
[0.352s] -- Up-to-date: /home/lyd/ROS2/chapter4_Service/Service_ws/install/chapt4_interfaces/share/chapt4_interfaces/cmake/chapt4_interfaces__rosidl_typesupport_introspection_cppExport.cmake
[0.352s] -- Up-to-date: /home/lyd/ROS2/chapter4_Service/Service_ws/install/chapt4_interfaces/share/chapt4_interfaces/cmake/chapt4_interfaces__rosidl_typesupport_introspection_cppExport-noconfig.cmake
[0.352s] -- Up-to-date: /home/lyd/ROS2/chapter4_Service/Service_ws/install/chapt4_interfaces/share/chapt4_interfaces/cmake/chapt4_interfaces__rosidl_typesupport_cppExport.cmake
[0.352s] -- Up-to-date: /home/lyd/ROS2/chapter4_Service/Service_ws/install/chapt4_interfaces/share/chapt4_interfaces/cmake/chapt4_interfaces__rosidl_typesupport_cppExport-noconfig.cmake
[0.352s] -- Up-to-date: /home/lyd/ROS2/chapter4_Service/Service_ws/install/chapt4_interfaces/share/chapt4_interfaces/cmake/export_chapt4_interfaces__rosidl_generator_pyExport.cmake
[0.352s] -- Up-to-date: /home/lyd/ROS2/chapter4_Service/Service_ws/install/chapt4_interfaces/share/chapt4_interfaces/cmake/export_chapt4_interfaces__rosidl_generator_pyExport-noconfig.cmake
[0.352s] -- Up-to-date: /home/lyd/ROS2/chapter4_Service/Service_ws/install/chapt4_interfaces/share/chapt4_interfaces/cmake/rosidl_cmake-extras.cmake
[0.352s] -- Up-to-date: /home/lyd/ROS2/chapter4_Service/Service_ws/install/chapt4_interfaces/share/chapt4_interfaces/cmake/ament_cmake_export_dependencies-extras.cmake
[0.352s] -- Up-to-date: /home/lyd/ROS2/chapter4_Service/Service_ws/install/chapt4_interfaces/share/chapt4_interfaces/cmake/ament_cmake_export_include_directories-extras.cmake
[0.352s] -- Up-to-date: /home/lyd/ROS2/chapter4_Service/Service_ws/install/chapt4_interfaces/share/chapt4_interfaces/cmake/ament_cmake_export_libraries-extras.cmake
[0.352s] -- Up-to-date: /home/lyd/ROS2/chapter4_Service/Service_ws/install/chapt4_interfaces/share/chapt4_interfaces/cmake/ament_cmake_export_targets-extras.cmake
[0.352s] -- Up-to-date: /home/lyd/ROS2/chapter4_Service/Service_ws/install/chapt4_interfaces/share/chapt4_interfaces/cmake/rosidl_cmake_export_typesupport_targets-extras.cmake
[0.352s] -- Up-to-date: /home/lyd/ROS2/chapter4_Service/Service_ws/install/chapt4_interfaces/share/chapt4_interfaces/cmake/rosidl_cmake_export_typesupport_libraries-extras.cmake
[0.352s] -- Up-to-date: /home/lyd/ROS2/chapter4_Service/Service_ws/install/chapt4_interfaces/share/chapt4_interfaces/cmake/chapt4_interfacesConfig.cmake
[0.352s] -- Up-to-date: /home/lyd/ROS2/chapter4_Service/Service_ws/install/chapt4_interfaces/share/chapt4_interfaces/cmake/chapt4_interfacesConfig-version.cmake
[0.352s] -- Up-to-date: /home/lyd/ROS2/chapter4_Service/Service_ws/install/chapt4_interfaces/share/chapt4_interfaces/package.xml
[0.354s] Invoked command in '/home/lyd/ROS2/chapter4_Service/Service_ws/build/chapt4_interfaces' returned '0': CMAKE_PREFIX_PATH=/opt/ros/humble /usr/bin/cmake --install /home/lyd/ROS2/chapter4_Service/Service_ws/build/chapt4_interfaces
