[0.000000] (-) TimerEvent: {}
[0.000290] (fishbot_description) JobQueued: {'identifier': 'fishbot_description', 'dependencies': OrderedDict()}
[0.000501] (fishbot_description) JobStarted: {'identifier': 'fishbot_description'}
[0.006314] (fishbot_description) JobProgress: {'identifier': 'fishbot_description', 'progress': 'cmake'}
[0.006731] (fishbot_description) JobProgress: {'identifier': 'fishbot_description', 'progress': 'build'}
[0.007343] (fishbot_description) Command: {'cmd': ['/usr/bin/cmake', '--build', '/home/lyd/ROS2/chapter6_Simulation/chapt6_ws/build/fishbot_description', '--', '-j4', '-l4'], 'cwd': '/home/lyd/ROS2/chapter6_Simulation/chapt6_ws/build/fishbot_description', 'env': OrderedDict([('LANGUAGE', 'zh_CN:zh'), ('USER', 'lyd'), ('XDG_SESSION_TYPE', 'wayland'), ('GIT_ASKPASS', '/usr/share/code/resources/app/extensions/git/dist/askpass.sh'), ('SHLVL', '2'), ('LD_LIBRARY_PATH', '/opt/ros/humble/opt/rviz_ogre_vendor/lib:/opt/ros/humble/lib/x86_64-linux-gnu:/opt/ros/humble/lib'), ('HOME', '/home/lyd'), ('CHROME_DESKTOP', 'code.desktop'), ('OLDPWD', '/home/lyd/ROS2/chapter6_Simulation'), ('TERM_PROGRAM_VERSION', '1.100.0'), ('DESKTOP_SESSION', 'ubuntu'), ('ROS_PYTHON_VERSION', '3'), ('GNOME_SHELL_SESSION_MODE', 'ubuntu'), ('GTK_MODULES', 'gail:atk-bridge'), ('VSCODE_GIT_ASKPASS_MAIN', '/usr/share/code/resources/app/extensions/git/dist/askpass-main.js'), ('VSCODE_GIT_ASKPASS_NODE', '/usr/share/code/code'), ('PYDEVD_DISABLE_FILE_VALIDATION', '1'), ('SYSTEMD_EXEC_PID', '2742'), ('BUNDLED_DEBUGPY_PATH', '/home/lyd/.vscode/extensions/ms-python.debugpy-2025.8.0-linux-x64/bundled/libs/debugpy'), ('DBUS_SESSION_BUS_ADDRESS', 'unix:path=/run/user/1000/bus'), ('COLORTERM', 'truecolor'), ('IM_CONFIG_PHASE', '1'), ('WAYLAND_DISPLAY', 'wayland-0'), ('ROS_DISTRO', 'humble'), ('LOGNAME', 'lyd'), ('_', '/usr/bin/colcon'), ('ROS_VERSION', '2'), ('XDG_SESSION_CLASS', 'user'), ('USERNAME', 'lyd'), ('TERM', 'xterm-256color'), ('GNOME_DESKTOP_SESSION_ID', 'this-is-deprecated'), ('ROS_LOCALHOST_ONLY', '0'), ('PATH', '/opt/ros/humble/bin:/usr/local/sbin:/usr/local/bin:/usr/sbin:/usr/bin:/sbin:/bin:/usr/games:/usr/local/games:/snap/bin:/snap/bin:/home/lyd/.vscode/extensions/ms-python.debugpy-2025.8.0-linux-x64/bundled/scripts/noConfigScripts'), ('SESSION_MANAGER', 'local/lyd-VirtualBox:@/tmp/.ICE-unix/2546,unix/lyd-VirtualBox:/tmp/.ICE-unix/2546'), ('XDG_MENU_PREFIX', 'gnome-'), ('GNOME_TERMINAL_SCREEN', '/org/gnome/Terminal/screen/d135f695_e031_468a_879f_25c9f28c53d6'), ('GNOME_SETUP_DISPLAY', ':1'), ('XDG_RUNTIME_DIR', '/run/user/1000'), ('GDK_BACKEND', 'x11'), ('DISPLAY', ':0'), ('VSCODE_DEBUGPY_ADAPTER_ENDPOINTS', '/home/lyd/.vscode/extensions/ms-python.debugpy-2025.8.0-linux-x64/.noConfigDebugAdapterEndpoints/endpoint-bdbb35d37aeceedb.txt'), ('LANG', 'zh_CN.UTF-8'), ('XDG_CURRENT_DESKTOP', 'Unity'), ('XMODIFIERS', '@im=ibus'), ('XDG_SESSION_DESKTOP', 'ubuntu'), ('XAUTHORITY', '/run/user/1000/.mutter-Xwaylandauth.4IIA82'), ('VSCODE_GIT_IPC_HANDLE', '/run/user/1000/vscode-git-56757f79f2.sock'), ('GNOME_TERMINAL_SERVICE', ':1.183'), ('TERM_PROGRAM', 'vscode'), ('SSH_AGENT_LAUNCHER', 'gnome-keyring'), ('SSH_AUTH_SOCK', '/run/user/1000/keyring/ssh'), ('AMENT_PREFIX_PATH', '/opt/ros/humble'), ('ORIGINAL_XDG_CURRENT_DESKTOP', 'ubuntu:GNOME'), ('SHELL', '/bin/bash'), ('QT_ACCESSIBILITY', '1'), ('GDMSESSION', 'ubuntu'), ('VSCODE_GIT_ASKPASS_EXTRA_ARGS', ''), ('QT_IM_MODULE', 'ibus'), ('PWD', '/home/lyd/ROS2/chapter6_Simulation/chapt6_ws/build/fishbot_description'), ('XDG_CONFIG_DIRS', '/etc/xdg/xdg-ubuntu:/etc/xdg'), ('XDG_DATA_DIRS', '/usr/share/ubuntu:/usr/local/share/:/usr/share/:/var/lib/snapd/desktop'), ('PYTHONPATH', '/opt/ros/humble/lib/python3.10/site-packages:/opt/ros/humble/local/lib/python3.10/dist-packages'), ('COLCON', '1'), ('VTE_VERSION', '6800'), ('CMAKE_PREFIX_PATH', '/opt/ros/humble')]), 'shell': False}
[0.042661] (fishbot_description) CommandEnded: {'returncode': 0}
[0.043397] (fishbot_description) JobProgress: {'identifier': 'fishbot_description', 'progress': 'install'}
[0.051033] (fishbot_description) Command: {'cmd': ['/usr/bin/cmake', '--install', '/home/lyd/ROS2/chapter6_Simulation/chapt6_ws/build/fishbot_description'], 'cwd': '/home/lyd/ROS2/chapter6_Simulation/chapt6_ws/build/fishbot_description', 'env': OrderedDict([('LANGUAGE', 'zh_CN:zh'), ('USER', 'lyd'), ('XDG_SESSION_TYPE', 'wayland'), ('GIT_ASKPASS', '/usr/share/code/resources/app/extensions/git/dist/askpass.sh'), ('SHLVL', '2'), ('LD_LIBRARY_PATH', '/opt/ros/humble/opt/rviz_ogre_vendor/lib:/opt/ros/humble/lib/x86_64-linux-gnu:/opt/ros/humble/lib'), ('HOME', '/home/lyd'), ('CHROME_DESKTOP', 'code.desktop'), ('OLDPWD', '/home/lyd/ROS2/chapter6_Simulation'), ('TERM_PROGRAM_VERSION', '1.100.0'), ('DESKTOP_SESSION', 'ubuntu'), ('ROS_PYTHON_VERSION', '3'), ('GNOME_SHELL_SESSION_MODE', 'ubuntu'), ('GTK_MODULES', 'gail:atk-bridge'), ('VSCODE_GIT_ASKPASS_MAIN', '/usr/share/code/resources/app/extensions/git/dist/askpass-main.js'), ('VSCODE_GIT_ASKPASS_NODE', '/usr/share/code/code'), ('PYDEVD_DISABLE_FILE_VALIDATION', '1'), ('SYSTEMD_EXEC_PID', '2742'), ('BUNDLED_DEBUGPY_PATH', '/home/lyd/.vscode/extensions/ms-python.debugpy-2025.8.0-linux-x64/bundled/libs/debugpy'), ('DBUS_SESSION_BUS_ADDRESS', 'unix:path=/run/user/1000/bus'), ('COLORTERM', 'truecolor'), ('IM_CONFIG_PHASE', '1'), ('WAYLAND_DISPLAY', 'wayland-0'), ('ROS_DISTRO', 'humble'), ('LOGNAME', 'lyd'), ('_', '/usr/bin/colcon'), ('ROS_VERSION', '2'), ('XDG_SESSION_CLASS', 'user'), ('USERNAME', 'lyd'), ('TERM', 'xterm-256color'), ('GNOME_DESKTOP_SESSION_ID', 'this-is-deprecated'), ('ROS_LOCALHOST_ONLY', '0'), ('PATH', '/opt/ros/humble/bin:/usr/local/sbin:/usr/local/bin:/usr/sbin:/usr/bin:/sbin:/bin:/usr/games:/usr/local/games:/snap/bin:/snap/bin:/home/lyd/.vscode/extensions/ms-python.debugpy-2025.8.0-linux-x64/bundled/scripts/noConfigScripts'), ('SESSION_MANAGER', 'local/lyd-VirtualBox:@/tmp/.ICE-unix/2546,unix/lyd-VirtualBox:/tmp/.ICE-unix/2546'), ('XDG_MENU_PREFIX', 'gnome-'), ('GNOME_TERMINAL_SCREEN', '/org/gnome/Terminal/screen/d135f695_e031_468a_879f_25c9f28c53d6'), ('GNOME_SETUP_DISPLAY', ':1'), ('XDG_RUNTIME_DIR', '/run/user/1000'), ('GDK_BACKEND', 'x11'), ('DISPLAY', ':0'), ('VSCODE_DEBUGPY_ADAPTER_ENDPOINTS', '/home/lyd/.vscode/extensions/ms-python.debugpy-2025.8.0-linux-x64/.noConfigDebugAdapterEndpoints/endpoint-bdbb35d37aeceedb.txt'), ('LANG', 'zh_CN.UTF-8'), ('XDG_CURRENT_DESKTOP', 'Unity'), ('XMODIFIERS', '@im=ibus'), ('XDG_SESSION_DESKTOP', 'ubuntu'), ('XAUTHORITY', '/run/user/1000/.mutter-Xwaylandauth.4IIA82'), ('VSCODE_GIT_IPC_HANDLE', '/run/user/1000/vscode-git-56757f79f2.sock'), ('GNOME_TERMINAL_SERVICE', ':1.183'), ('TERM_PROGRAM', 'vscode'), ('SSH_AGENT_LAUNCHER', 'gnome-keyring'), ('SSH_AUTH_SOCK', '/run/user/1000/keyring/ssh'), ('AMENT_PREFIX_PATH', '/opt/ros/humble'), ('ORIGINAL_XDG_CURRENT_DESKTOP', 'ubuntu:GNOME'), ('SHELL', '/bin/bash'), ('QT_ACCESSIBILITY', '1'), ('GDMSESSION', 'ubuntu'), ('VSCODE_GIT_ASKPASS_EXTRA_ARGS', ''), ('QT_IM_MODULE', 'ibus'), ('PWD', '/home/lyd/ROS2/chapter6_Simulation/chapt6_ws/build/fishbot_description'), ('XDG_CONFIG_DIRS', '/etc/xdg/xdg-ubuntu:/etc/xdg'), ('XDG_DATA_DIRS', '/usr/share/ubuntu:/usr/local/share/:/usr/share/:/var/lib/snapd/desktop'), ('PYTHONPATH', '/opt/ros/humble/lib/python3.10/site-packages:/opt/ros/humble/local/lib/python3.10/dist-packages'), ('COLCON', '1'), ('VTE_VERSION', '6800'), ('CMAKE_PREFIX_PATH', '/opt/ros/humble')]), 'shell': False}
[0.056763] (fishbot_description) StdoutLine: {'line': b'-- Install configuration: ""\n'}
[0.056990] (fishbot_description) StdoutLine: {'line': b'-- Up-to-date: /home/lyd/ROS2/chapter6_Simulation/chapt6_ws/install/fishbot_description/share/fishbot_description/launch\n'}
[0.057048] (fishbot_description) StdoutLine: {'line': b'-- Up-to-date: /home/lyd/ROS2/chapter6_Simulation/chapt6_ws/install/fishbot_description/share/fishbot_description/launch/__pycache__\n'}
[0.057095] (fishbot_description) StdoutLine: {'line': b'-- Up-to-date: /home/lyd/ROS2/chapter6_Simulation/chapt6_ws/install/fishbot_description/share/fishbot_description/launch/__pycache__/display_robot.launch.cpython-310.pyc\n'}
[0.057141] (fishbot_description) StdoutLine: {'line': b'-- Up-to-date: /home/lyd/ROS2/chapter6_Simulation/chapt6_ws/install/fishbot_description/share/fishbot_description/launch/gazebo_sim.launch.py\n'}
[0.057961] (fishbot_description) StdoutLine: {'line': b'-- Up-to-date: /home/lyd/ROS2/chapter6_Simulation/chapt6_ws/install/fishbot_description/share/fishbot_description/launch/display_robot.launch.py\n'}
[0.058044] (fishbot_description) StdoutLine: {'line': b'-- Up-to-date: /home/lyd/ROS2/chapter6_Simulation/chapt6_ws/install/fishbot_description/share/fishbot_description/urdf\n'}
[0.058103] (fishbot_description) StdoutLine: {'line': b'-- Up-to-date: /home/lyd/ROS2/chapter6_Simulation/chapt6_ws/install/fishbot_description/share/fishbot_description/urdf/first_robot.xacro\n'}
[0.058149] (fishbot_description) StdoutLine: {'line': b'-- Up-to-date: /home/lyd/ROS2/chapter6_Simulation/chapt6_ws/install/fishbot_description/share/fishbot_description/urdf/first_robot.urdf\n'}
[0.058312] (fishbot_description) StdoutLine: {'line': b'-- Up-to-date: /home/lyd/ROS2/chapter6_Simulation/chapt6_ws/install/fishbot_description/share/fishbot_description/urdf/first_robot.gv\n'}
[0.058362] (fishbot_description) StdoutLine: {'line': b'-- Up-to-date: /home/lyd/ROS2/chapter6_Simulation/chapt6_ws/install/fishbot_description/share/fishbot_description/urdf/first_robot.pdf\n'}
[0.058399] (fishbot_description) StdoutLine: {'line': b'-- Up-to-date: /home/lyd/ROS2/chapter6_Simulation/chapt6_ws/install/fishbot_description/share/fishbot_description/urdf/fishbot\n'}
[0.058436] (fishbot_description) StdoutLine: {'line': b'-- Up-to-date: /home/lyd/ROS2/chapter6_Simulation/chapt6_ws/install/fishbot_description/share/fishbot_description/urdf/fishbot/plugins\n'}
[0.058473] (fishbot_description) StdoutLine: {'line': b'-- Up-to-date: /home/lyd/ROS2/chapter6_Simulation/chapt6_ws/install/fishbot_description/share/fishbot_description/urdf/fishbot/plugins/gazebo_control_plugin.xacro\n'}
[0.058509] (fishbot_description) StdoutLine: {'line': b'-- Up-to-date: /home/lyd/ROS2/chapter6_Simulation/chapt6_ws/install/fishbot_description/share/fishbot_description/urdf/fishbot/plugins/gazebo_sensor_plugin.xacro\n'}
[0.058546] (fishbot_description) StdoutLine: {'line': b'-- Up-to-date: /home/lyd/ROS2/chapter6_Simulation/chapt6_ws/install/fishbot_description/share/fishbot_description/urdf/fishbot/common_inertia.xacro\n'}
[0.058582] (fishbot_description) StdoutLine: {'line': b'-- Up-to-date: /home/lyd/ROS2/chapter6_Simulation/chapt6_ws/install/fishbot_description/share/fishbot_description/urdf/fishbot/base.urdf.xacro\n'}
[0.058617] (fishbot_description) StdoutLine: {'line': b'-- Up-to-date: /home/lyd/ROS2/chapter6_Simulation/chapt6_ws/install/fishbot_description/share/fishbot_description/urdf/fishbot/fishbot.urdf.xacro\n'}
[0.058653] (fishbot_description) StdoutLine: {'line': b'-- Up-to-date: /home/lyd/ROS2/chapter6_Simulation/chapt6_ws/install/fishbot_description/share/fishbot_description/urdf/fishbot/fishbot.ros2_control.xacro\n'}
[0.058690] (fishbot_description) StdoutLine: {'line': b'-- Up-to-date: /home/lyd/ROS2/chapter6_Simulation/chapt6_ws/install/fishbot_description/share/fishbot_description/urdf/fishbot/sensor\n'}
[0.058726] (fishbot_description) StdoutLine: {'line': b'-- Up-to-date: /home/lyd/ROS2/chapter6_Simulation/chapt6_ws/install/fishbot_description/share/fishbot_description/urdf/fishbot/sensor/camera.urdf.xacro\n'}
[0.058761] (fishbot_description) StdoutLine: {'line': b'-- Up-to-date: /home/lyd/ROS2/chapter6_Simulation/chapt6_ws/install/fishbot_description/share/fishbot_description/urdf/fishbot/sensor/imu.urdf.xacro\n'}
[0.058798] (fishbot_description) StdoutLine: {'line': b'-- Up-to-date: /home/lyd/ROS2/chapter6_Simulation/chapt6_ws/install/fishbot_description/share/fishbot_description/urdf/fishbot/sensor/laser.urdf.xacro\n'}
[0.058842] (fishbot_description) StdoutLine: {'line': b'-- Up-to-date: /home/lyd/ROS2/chapter6_Simulation/chapt6_ws/install/fishbot_description/share/fishbot_description/urdf/fishbot/actuator\n'}
[0.058880] (fishbot_description) StdoutLine: {'line': b'-- Up-to-date: /home/lyd/ROS2/chapter6_Simulation/chapt6_ws/install/fishbot_description/share/fishbot_description/urdf/fishbot/actuator/wheel.urdf.xacro\n'}
[0.058989] (fishbot_description) StdoutLine: {'line': b'-- Up-to-date: /home/lyd/ROS2/chapter6_Simulation/chapt6_ws/install/fishbot_description/share/fishbot_description/urdf/fishbot/actuator/caster.urdf.xacro\n'}
[0.059030] (fishbot_description) StdoutLine: {'line': b'-- Up-to-date: /home/lyd/ROS2/chapter6_Simulation/chapt6_ws/install/fishbot_description/share/fishbot_description/config\n'}
[0.059066] (fishbot_description) StdoutLine: {'line': b'-- Up-to-date: /home/lyd/ROS2/chapter6_Simulation/chapt6_ws/install/fishbot_description/share/fishbot_description/config/fishbot_ros2_controller.yaml\n'}
[0.059102] (fishbot_description) StdoutLine: {'line': b'-- Up-to-date: /home/lyd/ROS2/chapter6_Simulation/chapt6_ws/install/fishbot_description/share/fishbot_description/config/rviz\n'}
[0.059139] (fishbot_description) StdoutLine: {'line': b'-- Up-to-date: /home/lyd/ROS2/chapter6_Simulation/chapt6_ws/install/fishbot_description/share/fishbot_description/config/rviz/dispaly_robot_model.rviz\n'}
[0.059183] (fishbot_description) StdoutLine: {'line': b'-- Up-to-date: /home/lyd/ROS2/chapter6_Simulation/chapt6_ws/install/fishbot_description/share/fishbot_description/config/rviz/dispaly_model.rviz\n'}
[0.059314] (fishbot_description) StdoutLine: {'line': b'-- Up-to-date: /home/lyd/ROS2/chapter6_Simulation/chapt6_ws/install/fishbot_description/share/fishbot_description/world\n'}
[0.059612] (fishbot_description) StdoutLine: {'line': b'-- Up-to-date: /home/lyd/ROS2/chapter6_Simulation/chapt6_ws/install/fishbot_description/share/fishbot_description/world/room\n'}
[0.059686] (fishbot_description) StdoutLine: {'line': b'-- Up-to-date: /home/lyd/ROS2/chapter6_Simulation/chapt6_ws/install/fishbot_description/share/fishbot_description/world/room/model.config\n'}
[0.059941] (fishbot_description) StdoutLine: {'line': b'-- Up-to-date: /home/lyd/ROS2/chapter6_Simulation/chapt6_ws/install/fishbot_description/share/fishbot_description/world/room/model.sdf\n'}
[0.060064] (fishbot_description) StdoutLine: {'line': b'-- Up-to-date: /home/lyd/ROS2/chapter6_Simulation/chapt6_ws/install/fishbot_description/share/fishbot_description/world/custom_room.world\n'}
[0.060401] (fishbot_description) StdoutLine: {'line': b'-- Up-to-date: /home/lyd/ROS2/chapter6_Simulation/chapt6_ws/install/fishbot_description/share/ament_index/resource_index/package_run_dependencies/fishbot_description\n'}
[0.060500] (fishbot_description) StdoutLine: {'line': b'-- Up-to-date: /home/lyd/ROS2/chapter6_Simulation/chapt6_ws/install/fishbot_description/share/ament_index/resource_index/parent_prefix_path/fishbot_description\n'}
[0.060553] (fishbot_description) StdoutLine: {'line': b'-- Up-to-date: /home/lyd/ROS2/chapter6_Simulation/chapt6_ws/install/fishbot_description/share/fishbot_description/environment/ament_prefix_path.sh\n'}
[0.060627] (fishbot_description) StdoutLine: {'line': b'-- Up-to-date: /home/lyd/ROS2/chapter6_Simulation/chapt6_ws/install/fishbot_description/share/fishbot_description/environment/ament_prefix_path.dsv\n'}
[0.060672] (fishbot_description) StdoutLine: {'line': b'-- Up-to-date: /home/lyd/ROS2/chapter6_Simulation/chapt6_ws/install/fishbot_description/share/fishbot_description/environment/path.sh\n'}
[0.060719] (fishbot_description) StdoutLine: {'line': b'-- Up-to-date: /home/lyd/ROS2/chapter6_Simulation/chapt6_ws/install/fishbot_description/share/fishbot_description/environment/path.dsv\n'}
[0.060760] (fishbot_description) StdoutLine: {'line': b'-- Up-to-date: /home/lyd/ROS2/chapter6_Simulation/chapt6_ws/install/fishbot_description/share/fishbot_description/local_setup.bash\n'}
[0.060803] (fishbot_description) StdoutLine: {'line': b'-- Up-to-date: /home/lyd/ROS2/chapter6_Simulation/chapt6_ws/install/fishbot_description/share/fishbot_description/local_setup.sh\n'}
[0.061069] (fishbot_description) StdoutLine: {'line': b'-- Up-to-date: /home/lyd/ROS2/chapter6_Simulation/chapt6_ws/install/fishbot_description/share/fishbot_description/local_setup.zsh\n'}
[0.061128] (fishbot_description) StdoutLine: {'line': b'-- Up-to-date: /home/lyd/ROS2/chapter6_Simulation/chapt6_ws/install/fishbot_description/share/fishbot_description/local_setup.dsv\n'}
[0.061267] (fishbot_description) StdoutLine: {'line': b'-- Installing: /home/lyd/ROS2/chapter6_Simulation/chapt6_ws/install/fishbot_description/share/fishbot_description/package.dsv\n'}
[0.061320] (fishbot_description) StdoutLine: {'line': b'-- Up-to-date: /home/lyd/ROS2/chapter6_Simulation/chapt6_ws/install/fishbot_description/share/ament_index/resource_index/packages/fishbot_description\n'}
[0.061363] (fishbot_description) StdoutLine: {'line': b'-- Up-to-date: /home/lyd/ROS2/chapter6_Simulation/chapt6_ws/install/fishbot_description/share/fishbot_description/cmake/fishbot_descriptionConfig.cmake\n'}
[0.061407] (fishbot_description) StdoutLine: {'line': b'-- Up-to-date: /home/lyd/ROS2/chapter6_Simulation/chapt6_ws/install/fishbot_description/share/fishbot_description/cmake/fishbot_descriptionConfig-version.cmake\n'}
[0.061450] (fishbot_description) StdoutLine: {'line': b'-- Up-to-date: /home/lyd/ROS2/chapter6_Simulation/chapt6_ws/install/fishbot_description/share/fishbot_description/package.xml\n'}
[0.061502] (fishbot_description) CommandEnded: {'returncode': 0}
[0.073426] (fishbot_description) JobEnded: {'identifier': 'fishbot_description', 'rc': 0}
[0.074227] (-) EventReactorShutdown: {}
