[0.509s] Invoking command in '/home/lyd/ROS2/chapter4_Service/Service_ws/src/demo_python_service': AMENT_PREFIX_PATH=/home/lyd/ROS2/chapter4_Service/Service_ws/install/chapt4_interfaces:${AMENT_PREFIX_PATH} CMAKE_PREFIX_PATH=/home/lyd/ROS2/chapter4_Service/Service_ws/install/chapt4_interfaces LD_LIBRARY_PATH=/home/lyd/ROS2/chapter4_Service/Service_ws/install/chapt4_interfaces/lib:${LD_LIBRARY_PATH} PYTHONPATH=/home/lyd/ROS2/chapter4_Service/Service_ws/build/demo_python_service/prefix_override:/usr/lib/python3/dist-packages/colcon_core/task/python/colcon_distutils_commands:/home/lyd/ROS2/chapter4_Service/Service_ws/install/demo_python_service/lib/python3.10/site-packages:/home/lyd/ROS2/chapter4_Service/Service_ws/install/chapt4_interfaces/local/lib/python3.10/dist-packages:${PYTHONPATH} /usr/bin/python3 -W ignore:setup.py install is deprecated -W ignore:easy_install command is deprecated setup.py egg_info --egg-base ../../build/demo_python_service build --build-base /home/lyd/ROS2/chapter4_Service/Service_ws/build/demo_python_service/build install --record /home/lyd/ROS2/chapter4_Service/Service_ws/build/demo_python_service/install.log --single-version-externally-managed install_data
[0.688s] running egg_info
[0.689s] writing ../../build/demo_python_service/demo_python_service.egg-info/PKG-INFO
[0.689s] writing dependency_links to ../../build/demo_python_service/demo_python_service.egg-info/dependency_links.txt
[0.689s] writing entry points to ../../build/demo_python_service/demo_python_service.egg-info/entry_points.txt
[0.689s] writing requirements to ../../build/demo_python_service/demo_python_service.egg-info/requires.txt
[0.689s] writing top-level names to ../../build/demo_python_service/demo_python_service.egg-info/top_level.txt
[0.690s] reading manifest file '../../build/demo_python_service/demo_python_service.egg-info/SOURCES.txt'
[0.691s] adding license file 'LICENSE'
[0.692s] writing manifest file '../../build/demo_python_service/demo_python_service.egg-info/SOURCES.txt'
[0.692s] running build
[0.692s] running build_py
[0.692s] copying demo_python_service/learn_face_detect.py -> /home/lyd/ROS2/chapter4_Service/Service_ws/build/demo_python_service/build/lib/demo_python_service
[0.692s] running install
[0.692s] running install_lib
[0.693s] copying /home/lyd/ROS2/chapter4_Service/Service_ws/build/demo_python_service/build/lib/demo_python_service/learn_face_detect.py -> /home/lyd/ROS2/chapter4_Service/Service_ws/install/demo_python_service/lib/python3.10/site-packages/demo_python_service
[0.693s] byte-compiling /home/lyd/ROS2/chapter4_Service/Service_ws/install/demo_python_service/lib/python3.10/site-packages/demo_python_service/learn_face_detect.py to learn_face_detect.cpython-310.pyc
[0.694s] running install_data
[0.694s] running install_egg_info
[0.696s] removing '/home/lyd/ROS2/chapter4_Service/Service_ws/install/demo_python_service/lib/python3.10/site-packages/demo_python_service-0.0.0-py3.10.egg-info' (and everything under it)
[0.696s] Copying ../../build/demo_python_service/demo_python_service.egg-info to /home/lyd/ROS2/chapter4_Service/Service_ws/install/demo_python_service/lib/python3.10/site-packages/demo_python_service-0.0.0-py3.10.egg-info
[0.696s] running install_scripts
[0.713s] Installing face_detect_client_node script to /home/lyd/ROS2/chapter4_Service/Service_ws/install/demo_python_service/lib/demo_python_service
[0.713s] Installing face_detect_node script to /home/lyd/ROS2/chapter4_Service/Service_ws/install/demo_python_service/lib/demo_python_service
[0.713s] Installing learn_face_detect script to /home/lyd/ROS2/chapter4_Service/Service_ws/install/demo_python_service/lib/demo_python_service
[0.713s] writing list of installed files to '/home/lyd/ROS2/chapter4_Service/Service_ws/build/demo_python_service/install.log'
[0.734s] Invoked command in '/home/lyd/ROS2/chapter4_Service/Service_ws/src/demo_python_service' returned '0': AMENT_PREFIX_PATH=/home/lyd/ROS2/chapter4_Service/Service_ws/install/chapt4_interfaces:${AMENT_PREFIX_PATH} CMAKE_PREFIX_PATH=/home/lyd/ROS2/chapter4_Service/Service_ws/install/chapt4_interfaces LD_LIBRARY_PATH=/home/lyd/ROS2/chapter4_Service/Service_ws/install/chapt4_interfaces/lib:${LD_LIBRARY_PATH} PYTHONPATH=/home/lyd/ROS2/chapter4_Service/Service_ws/build/demo_python_service/prefix_override:/usr/lib/python3/dist-packages/colcon_core/task/python/colcon_distutils_commands:/home/lyd/ROS2/chapter4_Service/Service_ws/install/demo_python_service/lib/python3.10/site-packages:/home/lyd/ROS2/chapter4_Service/Service_ws/install/chapt4_interfaces/local/lib/python3.10/dist-packages:${PYTHONPATH} /usr/bin/python3 -W ignore:setup.py install is deprecated -W ignore:easy_install command is deprecated setup.py egg_info --egg-base ../../build/demo_python_service build --build-base /home/lyd/ROS2/chapter4_Service/Service_ws/build/demo_python_service/build install --record /home/lyd/ROS2/chapter4_Service/Service_ws/build/demo_python_service/install.log --single-version-externally-managed install_data
