[0.119s] DEBUG:colcon:Command line arguments: ['/usr/bin/colcon', 'build']
[0.119s] DEBUG:colcon:Parsed command line arguments: Namespace(log_base=None, log_level=None, verb_name='build', build_base='build', install_base='install', merge_install=False, symlink_install=False, test_result_base=None, continue_on_error=False, executor='parallel', parallel_workers=4, event_handlers=None, ignore_user_meta=False, metas=['./colcon.meta'], base_paths=['.'], packages_ignore=None, packages_ignore_regex=None, paths=None, packages_up_to=None, packages_up_to_regex=None, packages_above=None, packages_above_and_dependencies=None, packages_above_depth=None, packages_select_by_dep=None, packages_skip_by_dep=None, packages_skip_up_to=None, packages_select_build_failed=False, packages_skip_build_finished=False, packages_select_test_failures=False, packages_skip_test_passed=False, packages_select=None, packages_skip=None, packages_select_regex=None, packages_skip_regex=None, packages_start=None, packages_end=None, allow_overriding=[], cmake_args=None, cmake_target=None, cmake_target_skip_unavailable=False, cmake_clean_cache=False, cmake_clean_first=False, cmake_force_configure=False, ament_cmake_args=None, catkin_cmake_args=None, catkin_skip_building_tests=False, verb_parser=<colcon_defaults.argument_parser.defaults.DefaultArgumentsDecorator object at 0x7d3440dcf130>, verb_extension=<colcon_core.verb.build.BuildVerb object at 0x7d3440f68580>, main=<bound method BuildVerb.main of <colcon_core.verb.build.BuildVerb object at 0x7d3440f68580>>)
[0.230s] Level 1:colcon.colcon_core.package_discovery:discover_packages(colcon_meta) check parameters
[0.230s] Level 1:colcon.colcon_core.package_discovery:discover_packages(recursive) check parameters
[0.230s] Level 1:colcon.colcon_core.package_discovery:discover_packages(ignore) check parameters
[0.230s] Level 1:colcon.colcon_core.package_discovery:discover_packages(path) check parameters
[0.230s] Level 1:colcon.colcon_core.package_discovery:discover_packages(colcon_meta) discover
[0.230s] Level 1:colcon.colcon_core.package_discovery:discover_packages(recursive) discover
[0.230s] INFO:colcon.colcon_core.package_discovery:Crawling recursively for packages in '/home/lyd/ROS2/chapter4_Service'
[0.230s] Level 1:colcon.colcon_core.package_identification:_identify(.) by extensions ['ignore', 'ignore_ament_install']
[0.231s] Level 1:colcon.colcon_core.package_identification:_identify(.) by extension 'ignore'
[0.231s] Level 1:colcon.colcon_core.package_identification:_identify(.) by extension 'ignore_ament_install'
[0.231s] Level 1:colcon.colcon_core.package_identification:_identify(.) by extensions ['colcon_pkg']
[0.231s] Level 1:colcon.colcon_core.package_identification:_identify(.) by extension 'colcon_pkg'
[0.231s] Level 1:colcon.colcon_core.package_identification:_identify(.) by extensions ['colcon_meta']
[0.231s] Level 1:colcon.colcon_core.package_identification:_identify(.) by extension 'colcon_meta'
[0.231s] Level 1:colcon.colcon_core.package_identification:_identify(.) by extensions ['ros']
[0.231s] Level 1:colcon.colcon_core.package_identification:_identify(.) by extension 'ros'
[0.240s] Level 1:colcon.colcon_core.package_identification:_identify(.) by extensions ['cmake', 'python']
[0.240s] Level 1:colcon.colcon_core.package_identification:_identify(.) by extension 'cmake'
[0.240s] Level 1:colcon.colcon_core.package_identification:_identify(.) by extension 'python'
[0.240s] Level 1:colcon.colcon_core.package_identification:_identify(.) by extensions ['python_setup_py']
[0.240s] Level 1:colcon.colcon_core.package_identification:_identify(.) by extension 'python_setup_py'
[0.241s] Level 1:colcon.colcon_core.package_identification:_identify(Service_ws) by extensions ['ignore', 'ignore_ament_install']
[0.241s] Level 1:colcon.colcon_core.package_identification:_identify(Service_ws) by extension 'ignore'
[0.241s] Level 1:colcon.colcon_core.package_identification:_identify(Service_ws) by extension 'ignore_ament_install'
[0.241s] Level 1:colcon.colcon_core.package_identification:_identify(Service_ws) by extensions ['colcon_pkg']
[0.241s] Level 1:colcon.colcon_core.package_identification:_identify(Service_ws) by extension 'colcon_pkg'
[0.241s] Level 1:colcon.colcon_core.package_identification:_identify(Service_ws) by extensions ['colcon_meta']
[0.241s] Level 1:colcon.colcon_core.package_identification:_identify(Service_ws) by extension 'colcon_meta'
[0.241s] Level 1:colcon.colcon_core.package_identification:_identify(Service_ws) by extensions ['ros']
[0.241s] Level 1:colcon.colcon_core.package_identification:_identify(Service_ws) by extension 'ros'
[0.241s] Level 1:colcon.colcon_core.package_identification:_identify(Service_ws) by extensions ['cmake', 'python']
[0.241s] Level 1:colcon.colcon_core.package_identification:_identify(Service_ws) by extension 'cmake'
[0.241s] Level 1:colcon.colcon_core.package_identification:_identify(Service_ws) by extension 'python'
[0.241s] Level 1:colcon.colcon_core.package_identification:_identify(Service_ws) by extensions ['python_setup_py']
[0.241s] Level 1:colcon.colcon_core.package_identification:_identify(Service_ws) by extension 'python_setup_py'
[0.241s] Level 1:colcon.colcon_core.package_identification:_identify(Service_ws/build) by extensions ['ignore', 'ignore_ament_install']
[0.241s] Level 1:colcon.colcon_core.package_identification:_identify(Service_ws/build) by extension 'ignore'
[0.241s] Level 1:colcon.colcon_core.package_identification:_identify(Service_ws/build) ignored
[0.241s] Level 1:colcon.colcon_core.package_identification:_identify(Service_ws/install) by extensions ['ignore', 'ignore_ament_install']
[0.241s] Level 1:colcon.colcon_core.package_identification:_identify(Service_ws/install) by extension 'ignore'
[0.241s] Level 1:colcon.colcon_core.package_identification:_identify(Service_ws/install) ignored
[0.241s] Level 1:colcon.colcon_core.package_identification:_identify(Service_ws/log) by extensions ['ignore', 'ignore_ament_install']
[0.241s] Level 1:colcon.colcon_core.package_identification:_identify(Service_ws/log) by extension 'ignore'
[0.241s] Level 1:colcon.colcon_core.package_identification:_identify(Service_ws/log) ignored
[0.241s] Level 1:colcon.colcon_core.package_identification:_identify(Service_ws/src) by extensions ['ignore', 'ignore_ament_install']
[0.241s] Level 1:colcon.colcon_core.package_identification:_identify(Service_ws/src) by extension 'ignore'
[0.242s] Level 1:colcon.colcon_core.package_identification:_identify(Service_ws/src) by extension 'ignore_ament_install'
[0.242s] Level 1:colcon.colcon_core.package_identification:_identify(Service_ws/src) by extensions ['colcon_pkg']
[0.242s] Level 1:colcon.colcon_core.package_identification:_identify(Service_ws/src) by extension 'colcon_pkg'
[0.242s] Level 1:colcon.colcon_core.package_identification:_identify(Service_ws/src) by extensions ['colcon_meta']
[0.242s] Level 1:colcon.colcon_core.package_identification:_identify(Service_ws/src) by extension 'colcon_meta'
[0.242s] Level 1:colcon.colcon_core.package_identification:_identify(Service_ws/src) by extensions ['ros']
[0.242s] Level 1:colcon.colcon_core.package_identification:_identify(Service_ws/src) by extension 'ros'
[0.242s] Level 1:colcon.colcon_core.package_identification:_identify(Service_ws/src) by extensions ['cmake', 'python']
[0.242s] Level 1:colcon.colcon_core.package_identification:_identify(Service_ws/src) by extension 'cmake'
[0.242s] Level 1:colcon.colcon_core.package_identification:_identify(Service_ws/src) by extension 'python'
[0.242s] Level 1:colcon.colcon_core.package_identification:_identify(Service_ws/src) by extensions ['python_setup_py']
[0.242s] Level 1:colcon.colcon_core.package_identification:_identify(Service_ws/src) by extension 'python_setup_py'
[0.242s] Level 1:colcon.colcon_core.package_identification:_identify(Service_ws/src/chapt4_interfaces) by extensions ['ignore', 'ignore_ament_install']
[0.242s] Level 1:colcon.colcon_core.package_identification:_identify(Service_ws/src/chapt4_interfaces) by extension 'ignore'
[0.242s] Level 1:colcon.colcon_core.package_identification:_identify(Service_ws/src/chapt4_interfaces) by extension 'ignore_ament_install'
[0.242s] Level 1:colcon.colcon_core.package_identification:_identify(Service_ws/src/chapt4_interfaces) by extensions ['colcon_pkg']
[0.242s] Level 1:colcon.colcon_core.package_identification:_identify(Service_ws/src/chapt4_interfaces) by extension 'colcon_pkg'
[0.242s] Level 1:colcon.colcon_core.package_identification:_identify(Service_ws/src/chapt4_interfaces) by extensions ['colcon_meta']
[0.242s] Level 1:colcon.colcon_core.package_identification:_identify(Service_ws/src/chapt4_interfaces) by extension 'colcon_meta'
[0.242s] Level 1:colcon.colcon_core.package_identification:_identify(Service_ws/src/chapt4_interfaces) by extensions ['ros']
[0.242s] Level 1:colcon.colcon_core.package_identification:_identify(Service_ws/src/chapt4_interfaces) by extension 'ros'
[0.244s] DEBUG:colcon.colcon_core.package_identification:Package 'Service_ws/src/chapt4_interfaces' with type 'ros.ament_cmake' and name 'chapt4_interfaces'
[0.245s] Level 1:colcon.colcon_core.package_identification:_identify(Service_ws/src/demo_cpp_service) by extensions ['ignore', 'ignore_ament_install']
[0.245s] Level 1:colcon.colcon_core.package_identification:_identify(Service_ws/src/demo_cpp_service) by extension 'ignore'
[0.245s] Level 1:colcon.colcon_core.package_identification:_identify(Service_ws/src/demo_cpp_service) by extension 'ignore_ament_install'
[0.245s] Level 1:colcon.colcon_core.package_identification:_identify(Service_ws/src/demo_cpp_service) by extensions ['colcon_pkg']
[0.245s] Level 1:colcon.colcon_core.package_identification:_identify(Service_ws/src/demo_cpp_service) by extension 'colcon_pkg'
[0.245s] Level 1:colcon.colcon_core.package_identification:_identify(Service_ws/src/demo_cpp_service) by extensions ['colcon_meta']
[0.245s] Level 1:colcon.colcon_core.package_identification:_identify(Service_ws/src/demo_cpp_service) by extension 'colcon_meta'
[0.245s] Level 1:colcon.colcon_core.package_identification:_identify(Service_ws/src/demo_cpp_service) by extensions ['ros']
[0.245s] Level 1:colcon.colcon_core.package_identification:_identify(Service_ws/src/demo_cpp_service) by extension 'ros'
[0.246s] DEBUG:colcon.colcon_core.package_identification:Package 'Service_ws/src/demo_cpp_service' with type 'ros.ament_cmake' and name 'demo_cpp_service'
[0.246s] Level 1:colcon.colcon_core.package_identification:_identify(Service_ws/src/demo_python_service) by extensions ['ignore', 'ignore_ament_install']
[0.246s] Level 1:colcon.colcon_core.package_identification:_identify(Service_ws/src/demo_python_service) by extension 'ignore'
[0.246s] Level 1:colcon.colcon_core.package_identification:_identify(Service_ws/src/demo_python_service) by extension 'ignore_ament_install'
[0.246s] Level 1:colcon.colcon_core.package_identification:_identify(Service_ws/src/demo_python_service) by extensions ['colcon_pkg']
[0.246s] Level 1:colcon.colcon_core.package_identification:_identify(Service_ws/src/demo_python_service) by extension 'colcon_pkg'
[0.246s] Level 1:colcon.colcon_core.package_identification:_identify(Service_ws/src/demo_python_service) by extensions ['colcon_meta']
[0.246s] Level 1:colcon.colcon_core.package_identification:_identify(Service_ws/src/demo_python_service) by extension 'colcon_meta'
[0.246s] Level 1:colcon.colcon_core.package_identification:_identify(Service_ws/src/demo_python_service) by extensions ['ros']
[0.246s] Level 1:colcon.colcon_core.package_identification:_identify(Service_ws/src/demo_python_service) by extension 'ros'
[0.247s] DEBUG:colcon.colcon_core.package_identification:Package 'Service_ws/src/demo_python_service' with type 'ros.ament_python' and name 'demo_python_service'
[0.247s] Level 1:colcon.colcon_core.package_identification:_identify(build) by extensions ['ignore', 'ignore_ament_install']
[0.247s] Level 1:colcon.colcon_core.package_identification:_identify(build) by extension 'ignore'
[0.247s] Level 1:colcon.colcon_core.package_identification:_identify(build) ignored
[0.247s] Level 1:colcon.colcon_core.package_identification:_identify(install) by extensions ['ignore', 'ignore_ament_install']
[0.247s] Level 1:colcon.colcon_core.package_identification:_identify(install) by extension 'ignore'
[0.247s] Level 1:colcon.colcon_core.package_identification:_identify(install) ignored
[0.247s] Level 1:colcon.colcon_core.package_identification:_identify(log) by extensions ['ignore', 'ignore_ament_install']
[0.247s] Level 1:colcon.colcon_core.package_identification:_identify(log) by extension 'ignore'
[0.247s] Level 1:colcon.colcon_core.package_identification:_identify(log) ignored
[0.247s] Level 1:colcon.colcon_core.package_discovery:discover_packages(recursive) using defaults
[0.247s] Level 1:colcon.colcon_core.package_discovery:discover_packages(ignore) discover
[0.247s] Level 1:colcon.colcon_core.package_discovery:discover_packages(ignore) using defaults
[0.247s] Level 1:colcon.colcon_core.package_discovery:discover_packages(path) discover
[0.247s] Level 1:colcon.colcon_core.package_discovery:discover_packages(path) using defaults
[0.264s] Level 1:colcon.colcon_core.package_discovery:discover_packages(prefix_path) check parameters
[0.264s] Level 1:colcon.colcon_core.package_discovery:discover_packages(prefix_path) discover
[0.267s] DEBUG:colcon.colcon_installed_package_information.package_discovery:Found 271 installed packages in /opt/ros/humble
[0.269s] Level 1:colcon.colcon_core.package_discovery:discover_packages(prefix_path) using defaults
[0.300s] Level 5:colcon.colcon_core.verb:set package 'chapt4_interfaces' build argument 'cmake_args' from command line to 'None'
[0.300s] Level 5:colcon.colcon_core.verb:set package 'chapt4_interfaces' build argument 'cmake_target' from command line to 'None'
[0.300s] Level 5:colcon.colcon_core.verb:set package 'chapt4_interfaces' build argument 'cmake_target_skip_unavailable' from command line to 'False'
[0.300s] Level 5:colcon.colcon_core.verb:set package 'chapt4_interfaces' build argument 'cmake_clean_cache' from command line to 'False'
[0.300s] Level 5:colcon.colcon_core.verb:set package 'chapt4_interfaces' build argument 'cmake_clean_first' from command line to 'False'
[0.300s] Level 5:colcon.colcon_core.verb:set package 'chapt4_interfaces' build argument 'cmake_force_configure' from command line to 'False'
[0.300s] Level 5:colcon.colcon_core.verb:set package 'chapt4_interfaces' build argument 'ament_cmake_args' from command line to 'None'
[0.300s] Level 5:colcon.colcon_core.verb:set package 'chapt4_interfaces' build argument 'catkin_cmake_args' from command line to 'None'
[0.300s] Level 5:colcon.colcon_core.verb:set package 'chapt4_interfaces' build argument 'catkin_skip_building_tests' from command line to 'False'
[0.300s] DEBUG:colcon.colcon_core.verb:Building package 'chapt4_interfaces' with the following arguments: {'ament_cmake_args': None, 'build_base': '/home/lyd/ROS2/chapter4_Service/build/chapt4_interfaces', 'catkin_cmake_args': None, 'catkin_skip_building_tests': False, 'cmake_args': None, 'cmake_clean_cache': False, 'cmake_clean_first': False, 'cmake_force_configure': False, 'cmake_target': None, 'cmake_target_skip_unavailable': False, 'install_base': '/home/lyd/ROS2/chapter4_Service/install/chapt4_interfaces', 'merge_install': False, 'path': '/home/lyd/ROS2/chapter4_Service/Service_ws/src/chapt4_interfaces', 'symlink_install': False, 'test_result_base': None}
[0.300s] Level 5:colcon.colcon_core.verb:set package 'demo_cpp_service' build argument 'cmake_args' from command line to 'None'
[0.300s] Level 5:colcon.colcon_core.verb:set package 'demo_cpp_service' build argument 'cmake_target' from command line to 'None'
[0.300s] Level 5:colcon.colcon_core.verb:set package 'demo_cpp_service' build argument 'cmake_target_skip_unavailable' from command line to 'False'
[0.300s] Level 5:colcon.colcon_core.verb:set package 'demo_cpp_service' build argument 'cmake_clean_cache' from command line to 'False'
[0.300s] Level 5:colcon.colcon_core.verb:set package 'demo_cpp_service' build argument 'cmake_clean_first' from command line to 'False'
[0.300s] Level 5:colcon.colcon_core.verb:set package 'demo_cpp_service' build argument 'cmake_force_configure' from command line to 'False'
[0.300s] Level 5:colcon.colcon_core.verb:set package 'demo_cpp_service' build argument 'ament_cmake_args' from command line to 'None'
[0.300s] Level 5:colcon.colcon_core.verb:set package 'demo_cpp_service' build argument 'catkin_cmake_args' from command line to 'None'
[0.300s] Level 5:colcon.colcon_core.verb:set package 'demo_cpp_service' build argument 'catkin_skip_building_tests' from command line to 'False'
[0.300s] DEBUG:colcon.colcon_core.verb:Building package 'demo_cpp_service' with the following arguments: {'ament_cmake_args': None, 'build_base': '/home/lyd/ROS2/chapter4_Service/build/demo_cpp_service', 'catkin_cmake_args': None, 'catkin_skip_building_tests': False, 'cmake_args': None, 'cmake_clean_cache': False, 'cmake_clean_first': False, 'cmake_force_configure': False, 'cmake_target': None, 'cmake_target_skip_unavailable': False, 'install_base': '/home/lyd/ROS2/chapter4_Service/install/demo_cpp_service', 'merge_install': False, 'path': '/home/lyd/ROS2/chapter4_Service/Service_ws/src/demo_cpp_service', 'symlink_install': False, 'test_result_base': None}
[0.301s] Level 5:colcon.colcon_core.verb:set package 'demo_python_service' build argument 'cmake_args' from command line to 'None'
[0.301s] Level 5:colcon.colcon_core.verb:set package 'demo_python_service' build argument 'cmake_target' from command line to 'None'
[0.301s] Level 5:colcon.colcon_core.verb:set package 'demo_python_service' build argument 'cmake_target_skip_unavailable' from command line to 'False'
[0.301s] Level 5:colcon.colcon_core.verb:set package 'demo_python_service' build argument 'cmake_clean_cache' from command line to 'False'
[0.301s] Level 5:colcon.colcon_core.verb:set package 'demo_python_service' build argument 'cmake_clean_first' from command line to 'False'
[0.301s] Level 5:colcon.colcon_core.verb:set package 'demo_python_service' build argument 'cmake_force_configure' from command line to 'False'
[0.301s] Level 5:colcon.colcon_core.verb:set package 'demo_python_service' build argument 'ament_cmake_args' from command line to 'None'
[0.301s] Level 5:colcon.colcon_core.verb:set package 'demo_python_service' build argument 'catkin_cmake_args' from command line to 'None'
[0.301s] Level 5:colcon.colcon_core.verb:set package 'demo_python_service' build argument 'catkin_skip_building_tests' from command line to 'False'
[0.301s] DEBUG:colcon.colcon_core.verb:Building package 'demo_python_service' with the following arguments: {'ament_cmake_args': None, 'build_base': '/home/lyd/ROS2/chapter4_Service/build/demo_python_service', 'catkin_cmake_args': None, 'catkin_skip_building_tests': False, 'cmake_args': None, 'cmake_clean_cache': False, 'cmake_clean_first': False, 'cmake_force_configure': False, 'cmake_target': None, 'cmake_target_skip_unavailable': False, 'install_base': '/home/lyd/ROS2/chapter4_Service/install/demo_python_service', 'merge_install': False, 'path': '/home/lyd/ROS2/chapter4_Service/Service_ws/src/demo_python_service', 'symlink_install': False, 'test_result_base': None}
[0.301s] INFO:colcon.colcon_core.executor:Executing jobs using 'parallel' executor
[0.302s] DEBUG:colcon.colcon_parallel_executor.executor.parallel:run_until_complete
[0.302s] INFO:colcon.colcon_ros.task.ament_cmake.build:Building ROS package in '/home/lyd/ROS2/chapter4_Service/Service_ws/src/chapt4_interfaces' with build type 'ament_cmake'
[0.302s] INFO:colcon.colcon_cmake.task.cmake.build:Building CMake package in '/home/lyd/ROS2/chapter4_Service/Service_ws/src/chapt4_interfaces'
[0.305s] INFO:colcon.colcon_core.plugin_system:Skipping extension 'colcon_core.shell.bat': Not used on non-Windows systems
[0.306s] INFO:colcon.colcon_core.shell:Skip shell extension 'powershell' for command environment: Not usable outside of PowerShell
[0.306s] DEBUG:colcon.colcon_core.shell:Skip shell extension 'dsv' for command environment
[0.310s] DEBUG:colcon.colcon_core.event_handler.log_command:Invoking command in '/home/lyd/ROS2/chapter4_Service/build/chapt4_interfaces': CMAKE_PREFIX_PATH=/opt/ros/humble /usr/bin/cmake /home/lyd/ROS2/chapter4_Service/Service_ws/src/chapt4_interfaces -DCMAKE_INSTALL_PREFIX=/home/lyd/ROS2/chapter4_Service/install/chapt4_interfaces
[1.958s] DEBUG:colcon.colcon_core.event_handler.log_command:Invoked command in '/home/lyd/ROS2/chapter4_Service/build/chapt4_interfaces' returned '0': CMAKE_PREFIX_PATH=/opt/ros/humble /usr/bin/cmake /home/lyd/ROS2/chapter4_Service/Service_ws/src/chapt4_interfaces -DCMAKE_INSTALL_PREFIX=/home/lyd/ROS2/chapter4_Service/install/chapt4_interfaces
[1.960s] DEBUG:colcon.colcon_core.event_handler.log_command:Invoking command in '/home/lyd/ROS2/chapter4_Service/build/chapt4_interfaces': CMAKE_PREFIX_PATH=/opt/ros/humble /usr/bin/cmake --build /home/lyd/ROS2/chapter4_Service/build/chapt4_interfaces -- -j4 -l4
[5.032s] DEBUG:colcon.colcon_core.event_handler.log_command:Invoked command in '/home/lyd/ROS2/chapter4_Service/build/chapt4_interfaces' returned '0': CMAKE_PREFIX_PATH=/opt/ros/humble /usr/bin/cmake --build /home/lyd/ROS2/chapter4_Service/build/chapt4_interfaces -- -j4 -l4
[5.039s] DEBUG:colcon.colcon_core.event_handler.log_command:Invoking command in '/home/lyd/ROS2/chapter4_Service/build/chapt4_interfaces': CMAKE_PREFIX_PATH=/opt/ros/humble /usr/bin/cmake --install /home/lyd/ROS2/chapter4_Service/build/chapt4_interfaces
[5.104s] Level 1:colcon.colcon_core.environment:create_environment_scripts_only(chapt4_interfaces)
[5.104s] DEBUG:colcon.colcon_core.event_handler.log_command:Invoked command in '/home/lyd/ROS2/chapter4_Service/build/chapt4_interfaces' returned '0': CMAKE_PREFIX_PATH=/opt/ros/humble /usr/bin/cmake --install /home/lyd/ROS2/chapter4_Service/build/chapt4_interfaces
[5.109s] Level 1:colcon.colcon_core.environment:checking '/home/lyd/ROS2/chapter4_Service/install/chapt4_interfaces' for CMake module files
[5.110s] Level 1:colcon.colcon_core.environment:checking '/home/lyd/ROS2/chapter4_Service/install/chapt4_interfaces' for CMake config files
[5.110s] Level 1:colcon.colcon_core.shell:create_environment_hook('chapt4_interfaces', 'cmake_prefix_path')
[5.110s] INFO:colcon.colcon_core.shell:Creating environment hook '/home/lyd/ROS2/chapter4_Service/install/chapt4_interfaces/share/chapt4_interfaces/hook/cmake_prefix_path.ps1'
[5.111s] INFO:colcon.colcon_core.shell:Creating environment descriptor '/home/lyd/ROS2/chapter4_Service/install/chapt4_interfaces/share/chapt4_interfaces/hook/cmake_prefix_path.dsv'
[5.111s] INFO:colcon.colcon_core.shell:Creating environment hook '/home/lyd/ROS2/chapter4_Service/install/chapt4_interfaces/share/chapt4_interfaces/hook/cmake_prefix_path.sh'
[5.112s] Level 1:colcon.colcon_core.environment:checking '/home/lyd/ROS2/chapter4_Service/install/chapt4_interfaces/lib'
[5.112s] Level 1:colcon.colcon_core.shell:create_environment_hook('chapt4_interfaces', 'ld_library_path_lib')
[5.112s] INFO:colcon.colcon_core.shell:Creating environment hook '/home/lyd/ROS2/chapter4_Service/install/chapt4_interfaces/share/chapt4_interfaces/hook/ld_library_path_lib.ps1'
[5.113s] INFO:colcon.colcon_core.shell:Creating environment descriptor '/home/lyd/ROS2/chapter4_Service/install/chapt4_interfaces/share/chapt4_interfaces/hook/ld_library_path_lib.dsv'
[5.113s] INFO:colcon.colcon_core.shell:Creating environment hook '/home/lyd/ROS2/chapter4_Service/install/chapt4_interfaces/share/chapt4_interfaces/hook/ld_library_path_lib.sh'
[5.113s] Level 1:colcon.colcon_core.environment:checking '/home/lyd/ROS2/chapter4_Service/install/chapt4_interfaces/bin'
[5.113s] Level 1:colcon.colcon_core.environment:checking '/home/lyd/ROS2/chapter4_Service/install/chapt4_interfaces/lib/pkgconfig/chapt4_interfaces.pc'
[5.113s] Level 1:colcon.colcon_core.environment:checking '/home/lyd/ROS2/chapter4_Service/install/chapt4_interfaces/lib/python3.10/site-packages'
[5.114s] Level 1:colcon.colcon_core.environment:checking '/home/lyd/ROS2/chapter4_Service/install/chapt4_interfaces/bin'
[5.114s] INFO:colcon.colcon_core.shell:Creating package script '/home/lyd/ROS2/chapter4_Service/install/chapt4_interfaces/share/chapt4_interfaces/package.ps1'
[5.115s] INFO:colcon.colcon_core.shell:Creating package descriptor '/home/lyd/ROS2/chapter4_Service/install/chapt4_interfaces/share/chapt4_interfaces/package.dsv'
[5.115s] INFO:colcon.colcon_core.shell:Creating package script '/home/lyd/ROS2/chapter4_Service/install/chapt4_interfaces/share/chapt4_interfaces/package.sh'
[5.116s] INFO:colcon.colcon_core.shell:Creating package script '/home/lyd/ROS2/chapter4_Service/install/chapt4_interfaces/share/chapt4_interfaces/package.bash'
[5.117s] INFO:colcon.colcon_core.shell:Creating package script '/home/lyd/ROS2/chapter4_Service/install/chapt4_interfaces/share/chapt4_interfaces/package.zsh'
[5.117s] Level 1:colcon.colcon_core.environment:create_file_with_runtime_dependencies(/home/lyd/ROS2/chapter4_Service/install/chapt4_interfaces/share/colcon-core/packages/chapt4_interfaces)
[5.118s] Level 1:colcon.colcon_core.environment:create_environment_scripts_only(chapt4_interfaces)
[5.118s] Level 1:colcon.colcon_core.environment:checking '/home/lyd/ROS2/chapter4_Service/install/chapt4_interfaces' for CMake module files
[5.118s] Level 1:colcon.colcon_core.environment:checking '/home/lyd/ROS2/chapter4_Service/install/chapt4_interfaces' for CMake config files
[5.119s] Level 1:colcon.colcon_core.shell:create_environment_hook('chapt4_interfaces', 'cmake_prefix_path')
[5.119s] INFO:colcon.colcon_core.shell:Creating environment hook '/home/lyd/ROS2/chapter4_Service/install/chapt4_interfaces/share/chapt4_interfaces/hook/cmake_prefix_path.ps1'
[5.119s] INFO:colcon.colcon_core.shell:Creating environment descriptor '/home/lyd/ROS2/chapter4_Service/install/chapt4_interfaces/share/chapt4_interfaces/hook/cmake_prefix_path.dsv'
[5.120s] INFO:colcon.colcon_core.shell:Creating environment hook '/home/lyd/ROS2/chapter4_Service/install/chapt4_interfaces/share/chapt4_interfaces/hook/cmake_prefix_path.sh'
[5.120s] Level 1:colcon.colcon_core.environment:checking '/home/lyd/ROS2/chapter4_Service/install/chapt4_interfaces/lib'
[5.120s] Level 1:colcon.colcon_core.shell:create_environment_hook('chapt4_interfaces', 'ld_library_path_lib')
[5.120s] INFO:colcon.colcon_core.shell:Creating environment hook '/home/lyd/ROS2/chapter4_Service/install/chapt4_interfaces/share/chapt4_interfaces/hook/ld_library_path_lib.ps1'
[5.120s] INFO:colcon.colcon_core.shell:Creating environment descriptor '/home/lyd/ROS2/chapter4_Service/install/chapt4_interfaces/share/chapt4_interfaces/hook/ld_library_path_lib.dsv'
[5.121s] INFO:colcon.colcon_core.shell:Creating environment hook '/home/lyd/ROS2/chapter4_Service/install/chapt4_interfaces/share/chapt4_interfaces/hook/ld_library_path_lib.sh'
[5.121s] Level 1:colcon.colcon_core.environment:checking '/home/lyd/ROS2/chapter4_Service/install/chapt4_interfaces/bin'
[5.121s] Level 1:colcon.colcon_core.environment:checking '/home/lyd/ROS2/chapter4_Service/install/chapt4_interfaces/lib/pkgconfig/chapt4_interfaces.pc'
[5.121s] Level 1:colcon.colcon_core.environment:checking '/home/lyd/ROS2/chapter4_Service/install/chapt4_interfaces/lib/python3.10/site-packages'
[5.121s] Level 1:colcon.colcon_core.environment:checking '/home/lyd/ROS2/chapter4_Service/install/chapt4_interfaces/bin'
[5.122s] INFO:colcon.colcon_core.shell:Creating package script '/home/lyd/ROS2/chapter4_Service/install/chapt4_interfaces/share/chapt4_interfaces/package.ps1'
[5.122s] INFO:colcon.colcon_core.shell:Creating package descriptor '/home/lyd/ROS2/chapter4_Service/install/chapt4_interfaces/share/chapt4_interfaces/package.dsv'
[5.122s] INFO:colcon.colcon_core.shell:Creating package script '/home/lyd/ROS2/chapter4_Service/install/chapt4_interfaces/share/chapt4_interfaces/package.sh'
[5.123s] INFO:colcon.colcon_core.shell:Creating package script '/home/lyd/ROS2/chapter4_Service/install/chapt4_interfaces/share/chapt4_interfaces/package.bash'
[5.123s] INFO:colcon.colcon_core.shell:Creating package script '/home/lyd/ROS2/chapter4_Service/install/chapt4_interfaces/share/chapt4_interfaces/package.zsh'
[5.123s] Level 1:colcon.colcon_core.environment:create_file_with_runtime_dependencies(/home/lyd/ROS2/chapter4_Service/install/chapt4_interfaces/share/colcon-core/packages/chapt4_interfaces)
[5.124s] INFO:colcon.colcon_ros.task.ament_cmake.build:Building ROS package in '/home/lyd/ROS2/chapter4_Service/Service_ws/src/demo_cpp_service' with build type 'ament_cmake'
[5.124s] INFO:colcon.colcon_cmake.task.cmake.build:Building CMake package in '/home/lyd/ROS2/chapter4_Service/Service_ws/src/demo_cpp_service'
[5.124s] INFO:colcon.colcon_core.shell:Skip shell extension 'powershell' for command environment: Not usable outside of PowerShell
[5.124s] DEBUG:colcon.colcon_core.shell:Skip shell extension 'dsv' for command environment
[5.126s] INFO:colcon.colcon_ros.task.ament_python.build:Building ROS package in '/home/lyd/ROS2/chapter4_Service/Service_ws/src/demo_python_service' with build type 'ament_python'
[5.127s] Level 1:colcon.colcon_core.shell:create_environment_hook('demo_python_service', 'ament_prefix_path')
[5.127s] INFO:colcon.colcon_core.shell:Creating environment hook '/home/lyd/ROS2/chapter4_Service/install/demo_python_service/share/demo_python_service/hook/ament_prefix_path.ps1'
[5.127s] INFO:colcon.colcon_core.shell:Creating environment descriptor '/home/lyd/ROS2/chapter4_Service/install/demo_python_service/share/demo_python_service/hook/ament_prefix_path.dsv'
[5.127s] INFO:colcon.colcon_core.shell:Creating environment hook '/home/lyd/ROS2/chapter4_Service/install/demo_python_service/share/demo_python_service/hook/ament_prefix_path.sh'
[5.128s] INFO:colcon.colcon_core.shell:Skip shell extension 'powershell' for command environment: Not usable outside of PowerShell
[5.128s] DEBUG:colcon.colcon_core.shell:Skip shell extension 'dsv' for command environment
[5.133s] DEBUG:colcon.colcon_core.event_handler.log_command:Invoking command in '/home/lyd/ROS2/chapter4_Service/build/demo_cpp_service': AMENT_PREFIX_PATH=/home/lyd/ROS2/chapter4_Service/install/chapt4_interfaces:${AMENT_PREFIX_PATH} CMAKE_PREFIX_PATH=/home/lyd/ROS2/chapter4_Service/install/chapt4_interfaces:/opt/ros/humble LD_LIBRARY_PATH=/home/lyd/ROS2/chapter4_Service/install/chapt4_interfaces/lib:${LD_LIBRARY_PATH} PYTHONPATH=/home/lyd/ROS2/chapter4_Service/install/chapt4_interfaces/local/lib/python3.10/dist-packages:${PYTHONPATH} /usr/bin/cmake /home/lyd/ROS2/chapter4_Service/Service_ws/src/demo_cpp_service -DCMAKE_INSTALL_PREFIX=/home/lyd/ROS2/chapter4_Service/install/demo_cpp_service
[5.321s] INFO:colcon.colcon_core.task.python.build:Building Python package in '/home/lyd/ROS2/chapter4_Service/Service_ws/src/demo_python_service'
[5.322s] INFO:colcon.colcon_core.shell:Skip shell extension 'powershell' for command environment: Not usable outside of PowerShell
[5.322s] DEBUG:colcon.colcon_core.shell:Skip shell extension 'dsv' for command environment
[5.621s] DEBUG:colcon.colcon_core.event_handler.log_command:Invoking command in '/home/lyd/ROS2/chapter4_Service/Service_ws/src/demo_python_service': AMENT_PREFIX_PATH=/home/lyd/ROS2/chapter4_Service/install/chapt4_interfaces:${AMENT_PREFIX_PATH} CMAKE_PREFIX_PATH=/home/lyd/ROS2/chapter4_Service/install/chapt4_interfaces LD_LIBRARY_PATH=/home/lyd/ROS2/chapter4_Service/install/chapt4_interfaces/lib:${LD_LIBRARY_PATH} PYTHONPATH=/home/lyd/ROS2/chapter4_Service/build/demo_python_service/prefix_override:/usr/lib/python3/dist-packages/colcon_core/task/python/colcon_distutils_commands:/home/lyd/ROS2/chapter4_Service/install/demo_python_service/lib/python3.10/site-packages:/home/lyd/ROS2/chapter4_Service/install/chapt4_interfaces/local/lib/python3.10/dist-packages:${PYTHONPATH} /usr/bin/python3 -W ignore:setup.py install is deprecated -W ignore:easy_install command is deprecated setup.py egg_info --egg-base ../../../build/demo_python_service build --build-base /home/lyd/ROS2/chapter4_Service/build/demo_python_service/build install --record /home/lyd/ROS2/chapter4_Service/build/demo_python_service/install.log --single-version-externally-managed install_data
[5.830s] Level 1:colcon.colcon_core.environment:checking '/home/lyd/ROS2/chapter4_Service/install/demo_python_service' for CMake module files
[5.831s] Level 1:colcon.colcon_core.environment:checking '/home/lyd/ROS2/chapter4_Service/install/demo_python_service' for CMake config files
[5.831s] DEBUG:colcon.colcon_core.event_handler.log_command:Invoked command in '/home/lyd/ROS2/chapter4_Service/Service_ws/src/demo_python_service' returned '0': AMENT_PREFIX_PATH=/home/lyd/ROS2/chapter4_Service/install/chapt4_interfaces:${AMENT_PREFIX_PATH} CMAKE_PREFIX_PATH=/home/lyd/ROS2/chapter4_Service/install/chapt4_interfaces LD_LIBRARY_PATH=/home/lyd/ROS2/chapter4_Service/install/chapt4_interfaces/lib:${LD_LIBRARY_PATH} PYTHONPATH=/home/lyd/ROS2/chapter4_Service/build/demo_python_service/prefix_override:/usr/lib/python3/dist-packages/colcon_core/task/python/colcon_distutils_commands:/home/lyd/ROS2/chapter4_Service/install/demo_python_service/lib/python3.10/site-packages:/home/lyd/ROS2/chapter4_Service/install/chapt4_interfaces/local/lib/python3.10/dist-packages:${PYTHONPATH} /usr/bin/python3 -W ignore:setup.py install is deprecated -W ignore:easy_install command is deprecated setup.py egg_info --egg-base ../../../build/demo_python_service build --build-base /home/lyd/ROS2/chapter4_Service/build/demo_python_service/build install --record /home/lyd/ROS2/chapter4_Service/build/demo_python_service/install.log --single-version-externally-managed install_data
[5.831s] Level 1:colcon.colcon_core.environment:checking '/home/lyd/ROS2/chapter4_Service/install/demo_python_service/lib'
[5.832s] Level 1:colcon.colcon_core.environment:checking '/home/lyd/ROS2/chapter4_Service/install/demo_python_service/bin'
[5.832s] Level 1:colcon.colcon_core.environment:checking '/home/lyd/ROS2/chapter4_Service/install/demo_python_service/lib/pkgconfig/demo_python_service.pc'
[5.832s] Level 1:colcon.colcon_core.environment:checking '/home/lyd/ROS2/chapter4_Service/install/demo_python_service/lib/python3.10/site-packages'
[5.832s] Level 1:colcon.colcon_core.shell:create_environment_hook('demo_python_service', 'pythonpath')
[5.832s] INFO:colcon.colcon_core.shell:Creating environment hook '/home/lyd/ROS2/chapter4_Service/install/demo_python_service/share/demo_python_service/hook/pythonpath.ps1'
[5.832s] INFO:colcon.colcon_core.shell:Creating environment descriptor '/home/lyd/ROS2/chapter4_Service/install/demo_python_service/share/demo_python_service/hook/pythonpath.dsv'
[5.833s] INFO:colcon.colcon_core.shell:Creating environment hook '/home/lyd/ROS2/chapter4_Service/install/demo_python_service/share/demo_python_service/hook/pythonpath.sh'
[5.833s] Level 1:colcon.colcon_core.environment:checking '/home/lyd/ROS2/chapter4_Service/install/demo_python_service/bin'
[5.833s] Level 1:colcon.colcon_core.environment:create_environment_scripts_only(demo_python_service)
[5.833s] INFO:colcon.colcon_core.shell:Creating package script '/home/lyd/ROS2/chapter4_Service/install/demo_python_service/share/demo_python_service/package.ps1'
[5.834s] INFO:colcon.colcon_core.shell:Creating package descriptor '/home/lyd/ROS2/chapter4_Service/install/demo_python_service/share/demo_python_service/package.dsv'
[5.834s] INFO:colcon.colcon_core.shell:Creating package script '/home/lyd/ROS2/chapter4_Service/install/demo_python_service/share/demo_python_service/package.sh'
[5.834s] INFO:colcon.colcon_core.shell:Creating package script '/home/lyd/ROS2/chapter4_Service/install/demo_python_service/share/demo_python_service/package.bash'
[5.834s] INFO:colcon.colcon_core.shell:Creating package script '/home/lyd/ROS2/chapter4_Service/install/demo_python_service/share/demo_python_service/package.zsh'
[5.834s] Level 1:colcon.colcon_core.environment:create_file_with_runtime_dependencies(/home/lyd/ROS2/chapter4_Service/install/demo_python_service/share/colcon-core/packages/demo_python_service)
[6.283s] DEBUG:colcon.colcon_core.event_handler.log_command:Invoked command in '/home/lyd/ROS2/chapter4_Service/build/demo_cpp_service' returned '0': AMENT_PREFIX_PATH=/home/lyd/ROS2/chapter4_Service/install/chapt4_interfaces:${AMENT_PREFIX_PATH} CMAKE_PREFIX_PATH=/home/lyd/ROS2/chapter4_Service/install/chapt4_interfaces:/opt/ros/humble LD_LIBRARY_PATH=/home/lyd/ROS2/chapter4_Service/install/chapt4_interfaces/lib:${LD_LIBRARY_PATH} PYTHONPATH=/home/lyd/ROS2/chapter4_Service/install/chapt4_interfaces/local/lib/python3.10/dist-packages:${PYTHONPATH} /usr/bin/cmake /home/lyd/ROS2/chapter4_Service/Service_ws/src/demo_cpp_service -DCMAKE_INSTALL_PREFIX=/home/lyd/ROS2/chapter4_Service/install/demo_cpp_service
[6.284s] DEBUG:colcon.colcon_core.event_handler.log_command:Invoking command in '/home/lyd/ROS2/chapter4_Service/build/demo_cpp_service': AMENT_PREFIX_PATH=/home/lyd/ROS2/chapter4_Service/install/chapt4_interfaces:${AMENT_PREFIX_PATH} CMAKE_PREFIX_PATH=/home/lyd/ROS2/chapter4_Service/install/chapt4_interfaces:/opt/ros/humble LD_LIBRARY_PATH=/home/lyd/ROS2/chapter4_Service/install/chapt4_interfaces/lib:${LD_LIBRARY_PATH} PYTHONPATH=/home/lyd/ROS2/chapter4_Service/install/chapt4_interfaces/local/lib/python3.10/dist-packages:${PYTHONPATH} /usr/bin/cmake --build /home/lyd/ROS2/chapter4_Service/build/demo_cpp_service -- -j4 -l4
[13.984s] DEBUG:colcon.colcon_core.event_handler.log_command:Invoked command in '/home/lyd/ROS2/chapter4_Service/build/demo_cpp_service' returned '0': AMENT_PREFIX_PATH=/home/lyd/ROS2/chapter4_Service/install/chapt4_interfaces:${AMENT_PREFIX_PATH} CMAKE_PREFIX_PATH=/home/lyd/ROS2/chapter4_Service/install/chapt4_interfaces:/opt/ros/humble LD_LIBRARY_PATH=/home/lyd/ROS2/chapter4_Service/install/chapt4_interfaces/lib:${LD_LIBRARY_PATH} PYTHONPATH=/home/lyd/ROS2/chapter4_Service/install/chapt4_interfaces/local/lib/python3.10/dist-packages:${PYTHONPATH} /usr/bin/cmake --build /home/lyd/ROS2/chapter4_Service/build/demo_cpp_service -- -j4 -l4
[13.986s] DEBUG:colcon.colcon_core.event_handler.log_command:Invoking command in '/home/lyd/ROS2/chapter4_Service/build/demo_cpp_service': AMENT_PREFIX_PATH=/home/lyd/ROS2/chapter4_Service/install/chapt4_interfaces:${AMENT_PREFIX_PATH} CMAKE_PREFIX_PATH=/home/lyd/ROS2/chapter4_Service/install/chapt4_interfaces:/opt/ros/humble LD_LIBRARY_PATH=/home/lyd/ROS2/chapter4_Service/install/chapt4_interfaces/lib:${LD_LIBRARY_PATH} PYTHONPATH=/home/lyd/ROS2/chapter4_Service/install/chapt4_interfaces/local/lib/python3.10/dist-packages:${PYTHONPATH} /usr/bin/cmake --install /home/lyd/ROS2/chapter4_Service/build/demo_cpp_service
[14.001s] Level 1:colcon.colcon_core.environment:create_environment_scripts_only(demo_cpp_service)
[14.001s] DEBUG:colcon.colcon_core.event_handler.log_command:Invoked command in '/home/lyd/ROS2/chapter4_Service/build/demo_cpp_service' returned '0': AMENT_PREFIX_PATH=/home/lyd/ROS2/chapter4_Service/install/chapt4_interfaces:${AMENT_PREFIX_PATH} CMAKE_PREFIX_PATH=/home/lyd/ROS2/chapter4_Service/install/chapt4_interfaces:/opt/ros/humble LD_LIBRARY_PATH=/home/lyd/ROS2/chapter4_Service/install/chapt4_interfaces/lib:${LD_LIBRARY_PATH} PYTHONPATH=/home/lyd/ROS2/chapter4_Service/install/chapt4_interfaces/local/lib/python3.10/dist-packages:${PYTHONPATH} /usr/bin/cmake --install /home/lyd/ROS2/chapter4_Service/build/demo_cpp_service
[14.001s] Level 1:colcon.colcon_core.environment:checking '/home/lyd/ROS2/chapter4_Service/install/demo_cpp_service' for CMake module files
[14.002s] Level 1:colcon.colcon_core.environment:checking '/home/lyd/ROS2/chapter4_Service/install/demo_cpp_service' for CMake config files
[14.002s] Level 1:colcon.colcon_core.shell:create_environment_hook('demo_cpp_service', 'cmake_prefix_path')
[14.002s] INFO:colcon.colcon_core.shell:Creating environment hook '/home/lyd/ROS2/chapter4_Service/install/demo_cpp_service/share/demo_cpp_service/hook/cmake_prefix_path.ps1'
[14.002s] INFO:colcon.colcon_core.shell:Creating environment descriptor '/home/lyd/ROS2/chapter4_Service/install/demo_cpp_service/share/demo_cpp_service/hook/cmake_prefix_path.dsv'
[14.003s] INFO:colcon.colcon_core.shell:Creating environment hook '/home/lyd/ROS2/chapter4_Service/install/demo_cpp_service/share/demo_cpp_service/hook/cmake_prefix_path.sh'
[14.003s] Level 1:colcon.colcon_core.environment:checking '/home/lyd/ROS2/chapter4_Service/install/demo_cpp_service/lib'
[14.003s] Level 1:colcon.colcon_core.environment:checking '/home/lyd/ROS2/chapter4_Service/install/demo_cpp_service/bin'
[14.003s] Level 1:colcon.colcon_core.environment:checking '/home/lyd/ROS2/chapter4_Service/install/demo_cpp_service/lib/pkgconfig/demo_cpp_service.pc'
[14.004s] Level 1:colcon.colcon_core.environment:checking '/home/lyd/ROS2/chapter4_Service/install/demo_cpp_service/lib/python3.10/site-packages'
[14.004s] Level 1:colcon.colcon_core.environment:checking '/home/lyd/ROS2/chapter4_Service/install/demo_cpp_service/bin'
[14.004s] INFO:colcon.colcon_core.shell:Creating package script '/home/lyd/ROS2/chapter4_Service/install/demo_cpp_service/share/demo_cpp_service/package.ps1'
[14.004s] INFO:colcon.colcon_core.shell:Creating package descriptor '/home/lyd/ROS2/chapter4_Service/install/demo_cpp_service/share/demo_cpp_service/package.dsv'
[14.004s] INFO:colcon.colcon_core.shell:Creating package script '/home/lyd/ROS2/chapter4_Service/install/demo_cpp_service/share/demo_cpp_service/package.sh'
[14.005s] INFO:colcon.colcon_core.shell:Creating package script '/home/lyd/ROS2/chapter4_Service/install/demo_cpp_service/share/demo_cpp_service/package.bash'
[14.005s] INFO:colcon.colcon_core.shell:Creating package script '/home/lyd/ROS2/chapter4_Service/install/demo_cpp_service/share/demo_cpp_service/package.zsh'
[14.005s] Level 1:colcon.colcon_core.environment:create_file_with_runtime_dependencies(/home/lyd/ROS2/chapter4_Service/install/demo_cpp_service/share/colcon-core/packages/demo_cpp_service)
[14.006s] Level 1:colcon.colcon_core.environment:create_environment_scripts_only(demo_cpp_service)
[14.006s] Level 1:colcon.colcon_core.environment:checking '/home/lyd/ROS2/chapter4_Service/install/demo_cpp_service' for CMake module files
[14.006s] Level 1:colcon.colcon_core.environment:checking '/home/lyd/ROS2/chapter4_Service/install/demo_cpp_service' for CMake config files
[14.006s] Level 1:colcon.colcon_core.shell:create_environment_hook('demo_cpp_service', 'cmake_prefix_path')
[14.006s] INFO:colcon.colcon_core.shell:Creating environment hook '/home/lyd/ROS2/chapter4_Service/install/demo_cpp_service/share/demo_cpp_service/hook/cmake_prefix_path.ps1'
[14.007s] INFO:colcon.colcon_core.shell:Creating environment descriptor '/home/lyd/ROS2/chapter4_Service/install/demo_cpp_service/share/demo_cpp_service/hook/cmake_prefix_path.dsv'
[14.007s] INFO:colcon.colcon_core.shell:Creating environment hook '/home/lyd/ROS2/chapter4_Service/install/demo_cpp_service/share/demo_cpp_service/hook/cmake_prefix_path.sh'
[14.008s] Level 1:colcon.colcon_core.environment:checking '/home/lyd/ROS2/chapter4_Service/install/demo_cpp_service/lib'
[14.009s] Level 1:colcon.colcon_core.environment:checking '/home/lyd/ROS2/chapter4_Service/install/demo_cpp_service/bin'
[14.009s] Level 1:colcon.colcon_core.environment:checking '/home/lyd/ROS2/chapter4_Service/install/demo_cpp_service/lib/pkgconfig/demo_cpp_service.pc'
[14.009s] Level 1:colcon.colcon_core.environment:checking '/home/lyd/ROS2/chapter4_Service/install/demo_cpp_service/lib/python3.10/site-packages'
[14.009s] Level 1:colcon.colcon_core.environment:checking '/home/lyd/ROS2/chapter4_Service/install/demo_cpp_service/bin'
[14.009s] INFO:colcon.colcon_core.shell:Creating package script '/home/lyd/ROS2/chapter4_Service/install/demo_cpp_service/share/demo_cpp_service/package.ps1'
[14.010s] INFO:colcon.colcon_core.shell:Creating package descriptor '/home/lyd/ROS2/chapter4_Service/install/demo_cpp_service/share/demo_cpp_service/package.dsv'
[14.010s] INFO:colcon.colcon_core.shell:Creating package script '/home/lyd/ROS2/chapter4_Service/install/demo_cpp_service/share/demo_cpp_service/package.sh'
[14.010s] INFO:colcon.colcon_core.shell:Creating package script '/home/lyd/ROS2/chapter4_Service/install/demo_cpp_service/share/demo_cpp_service/package.bash'
[14.011s] INFO:colcon.colcon_core.shell:Creating package script '/home/lyd/ROS2/chapter4_Service/install/demo_cpp_service/share/demo_cpp_service/package.zsh'
[14.011s] Level 1:colcon.colcon_core.environment:create_file_with_runtime_dependencies(/home/lyd/ROS2/chapter4_Service/install/demo_cpp_service/share/colcon-core/packages/demo_cpp_service)
[14.011s] DEBUG:colcon.colcon_parallel_executor.executor.parallel:closing loop
[14.012s] DEBUG:colcon.colcon_parallel_executor.executor.parallel:loop closed
[14.012s] DEBUG:colcon.colcon_parallel_executor.executor.parallel:run_until_complete finished with '0'
[14.012s] DEBUG:colcon.colcon_core.event_reactor:joining thread
[14.019s] INFO:colcon.colcon_core.plugin_system:Skipping extension 'colcon_notification.desktop_notification.terminal_notifier': Not used on non-Darwin systems
[14.019s] INFO:colcon.colcon_core.plugin_system:Skipping extension 'colcon_notification.desktop_notification.win32': Not used on non-Windows systems
[14.019s] INFO:colcon.colcon_notification.desktop_notification:Sending desktop notification using 'notify2'
[14.038s] DEBUG:colcon.colcon_core.event_reactor:joined thread
[14.038s] INFO:colcon.colcon_core.shell:Creating prefix script '/home/lyd/ROS2/chapter4_Service/install/local_setup.ps1'
[14.039s] INFO:colcon.colcon_core.shell:Creating prefix util module '/home/lyd/ROS2/chapter4_Service/install/_local_setup_util_ps1.py'
[14.040s] INFO:colcon.colcon_core.shell:Creating prefix chain script '/home/lyd/ROS2/chapter4_Service/install/setup.ps1'
[14.042s] INFO:colcon.colcon_core.shell:Creating prefix script '/home/lyd/ROS2/chapter4_Service/install/local_setup.sh'
[14.045s] INFO:colcon.colcon_core.shell:Creating prefix util module '/home/lyd/ROS2/chapter4_Service/install/_local_setup_util_sh.py'
[14.045s] INFO:colcon.colcon_core.shell:Creating prefix chain script '/home/lyd/ROS2/chapter4_Service/install/setup.sh'
[14.046s] INFO:colcon.colcon_core.shell:Creating prefix script '/home/lyd/ROS2/chapter4_Service/install/local_setup.bash'
[14.047s] INFO:colcon.colcon_core.shell:Creating prefix chain script '/home/lyd/ROS2/chapter4_Service/install/setup.bash'
[14.048s] INFO:colcon.colcon_core.shell:Creating prefix script '/home/lyd/ROS2/chapter4_Service/install/local_setup.zsh'
[14.049s] INFO:colcon.colcon_core.shell:Creating prefix chain script '/home/lyd/ROS2/chapter4_Service/install/setup.zsh'
