[0.011s] Invoking command in '/home/lyd/ROS2/chapter4_Service/Service_ws/build/chapt4_interfaces': CMAKE_PREFIX_PATH=${CMAKE_PREFIX_PATH}:/home/lyd/ROS2/chapter4_Service/Service_ws/install/demo_python_service:/opt/ros/humble /usr/bin/cmake --build /home/lyd/ROS2/chapter4_Service/Service_ws/build/chapt4_interfaces -- -j4 -l4
[0.066s] [  2%] Built target chapt4_interfaces__cpp
[0.070s] [ 12%] Built target chapt4_interfaces__rosidl_generator_c
[0.079s] [ 12%] Built target ament_cmake_python_copy_chapt4_interfaces
[0.088s] [ 25%] Built target chapt4_interfaces__rosidl_typesupport_fastrtps_cpp
[0.089s] [ 33%] Built target chapt4_interfaces__rosidl_typesupport_cpp
[0.097s] [ 43%] Built target chapt4_interfaces__rosidl_typesupport_introspection_cpp
[0.101s] [ 53%] Built target chapt4_interfaces__rosidl_typesupport_fastrtps_c
[0.109s] [ 64%] Built target chapt4_interfaces__rosidl_typesupport_introspection_c
[0.109s] [ 74%] Built target chapt4_interfaces__rosidl_typesupport_c
[0.142s] [ 74%] Built target chapt4_interfaces
[0.169s] [ 76%] Built target chapt4_interfaces__py
[0.194s] [ 84%] Built target chapt4_interfaces__rosidl_generator_py
[0.221s] [ 89%] Built target chapt4_interfaces__rosidl_typesupport_c__pyext
[0.224s] [ 94%] Built target chapt4_interfaces__rosidl_typesupport_introspection_c__pyext
[0.225s] [100%] Built target chapt4_interfaces__rosidl_typesupport_fastrtps_c__pyext
[0.290s] running egg_info
[0.290s] writing chapt4_interfaces.egg-info/PKG-INFO
[0.291s] writing dependency_links to chapt4_interfaces.egg-info/dependency_links.txt
[0.291s] writing top-level names to chapt4_interfaces.egg-info/top_level.txt
[0.293s] reading manifest file 'chapt4_interfaces.egg-info/SOURCES.txt'
[0.293s] writing manifest file 'chapt4_interfaces.egg-info/SOURCES.txt'
[0.315s] [100%] Built target ament_cmake_python_build_chapt4_interfaces_egg
[0.329s] Invoked command in '/home/lyd/ROS2/chapter4_Service/Service_ws/build/chapt4_interfaces' returned '0': CMAKE_PREFIX_PATH=${CMAKE_PREFIX_PATH}:/home/lyd/ROS2/chapter4_Service/Service_ws/install/demo_python_service:/opt/ros/humble /usr/bin/cmake --build /home/lyd/ROS2/chapter4_Service/Service_ws/build/chapt4_interfaces -- -j4 -l4
[0.337s] Invoking command in '/home/lyd/ROS2/chapter4_Service/Service_ws/build/chapt4_interfaces': CMAKE_PREFIX_PATH=${CMAKE_PREFIX_PATH}:/home/lyd/ROS2/chapter4_Service/Service_ws/install/demo_python_service:/opt/ros/humble /usr/bin/cmake --install /home/lyd/ROS2/chapter4_Service/Service_ws/build/chapt4_interfaces
[0.345s] -- Install configuration: ""
[0.345s] -- Up-to-date: /home/lyd/ROS2/chapter4_Service/Service_ws/install/chapt4_interfaces/share/ament_index/resource_index/rosidl_interfaces/chapt4_interfaces
[0.346s] -- Up-to-date: /home/lyd/ROS2/chapter4_Service/Service_ws/install/chapt4_interfaces/include/chapt4_interfaces/chapt4_interfaces
[0.346s] -- Up-to-date: /home/lyd/ROS2/chapter4_Service/Service_ws/install/chapt4_interfaces/include/chapt4_interfaces/chapt4_interfaces/srv
[0.346s] -- Up-to-date: /home/lyd/ROS2/chapter4_Service/Service_ws/install/chapt4_interfaces/include/chapt4_interfaces/chapt4_interfaces/srv/detail
[0.346s] -- Up-to-date: /home/lyd/ROS2/chapter4_Service/Service_ws/install/chapt4_interfaces/include/chapt4_interfaces/chapt4_interfaces/srv/detail/face_detector__functions.c
[0.346s] -- Up-to-date: /home/lyd/ROS2/chapter4_Service/Service_ws/install/chapt4_interfaces/include/chapt4_interfaces/chapt4_interfaces/srv/detail/face_detector__struct.h
[0.346s] -- Up-to-date: /home/lyd/ROS2/chapter4_Service/Service_ws/install/chapt4_interfaces/include/chapt4_interfaces/chapt4_interfaces/srv/detail/patrol__type_support.h
[0.346s] -- Up-to-date: /home/lyd/ROS2/chapter4_Service/Service_ws/install/chapt4_interfaces/include/chapt4_interfaces/chapt4_interfaces/srv/detail/patrol__struct.h
[0.349s] -- Up-to-date: /home/lyd/ROS2/chapter4_Service/Service_ws/install/chapt4_interfaces/include/chapt4_interfaces/chapt4_interfaces/srv/detail/face_detector__type_support.h
[0.349s] -- Up-to-date: /home/lyd/ROS2/chapter4_Service/Service_ws/install/chapt4_interfaces/include/chapt4_interfaces/chapt4_interfaces/srv/detail/patrol__functions.h
[0.349s] -- Up-to-date: /home/lyd/ROS2/chapter4_Service/Service_ws/install/chapt4_interfaces/include/chapt4_interfaces/chapt4_interfaces/srv/detail/face_detector__functions.h
[0.349s] -- Up-to-date: /home/lyd/ROS2/chapter4_Service/Service_ws/install/chapt4_interfaces/include/chapt4_interfaces/chapt4_interfaces/srv/detail/patrol__functions.c
[0.349s] -- Up-to-date: /home/lyd/ROS2/chapter4_Service/Service_ws/install/chapt4_interfaces/include/chapt4_interfaces/chapt4_interfaces/srv/face_detector.h
[0.349s] -- Up-to-date: /home/lyd/ROS2/chapter4_Service/Service_ws/install/chapt4_interfaces/include/chapt4_interfaces/chapt4_interfaces/srv/patrol.h
[0.349s] -- Up-to-date: /home/lyd/ROS2/chapter4_Service/Service_ws/install/chapt4_interfaces/include/chapt4_interfaces/chapt4_interfaces/msg
[0.350s] -- Up-to-date: /home/lyd/ROS2/chapter4_Service/Service_ws/install/chapt4_interfaces/include/chapt4_interfaces/chapt4_interfaces/msg/rosidl_generator_c__visibility_control.h
[0.350s] -- Up-to-date: /home/lyd/ROS2/chapter4_Service/Service_ws/install/chapt4_interfaces/share/chapt4_interfaces/environment/library_path.sh
[0.350s] -- Up-to-date: /home/lyd/ROS2/chapter4_Service/Service_ws/install/chapt4_interfaces/share/chapt4_interfaces/environment/library_path.dsv
[0.351s] -- Up-to-date: /home/lyd/ROS2/chapter4_Service/Service_ws/install/chapt4_interfaces/lib/libchapt4_interfaces__rosidl_generator_c.so
[0.351s] -- Up-to-date: /home/lyd/ROS2/chapter4_Service/Service_ws/install/chapt4_interfaces/include/chapt4_interfaces/chapt4_interfaces
[0.351s] -- Up-to-date: /home/lyd/ROS2/chapter4_Service/Service_ws/install/chapt4_interfaces/include/chapt4_interfaces/chapt4_interfaces/srv
[0.351s] -- Up-to-date: /home/lyd/ROS2/chapter4_Service/Service_ws/install/chapt4_interfaces/include/chapt4_interfaces/chapt4_interfaces/srv/detail
[0.351s] -- Up-to-date: /home/lyd/ROS2/chapter4_Service/Service_ws/install/chapt4_interfaces/include/chapt4_interfaces/chapt4_interfaces/srv/detail/face_detector__rosidl_typesupport_fastrtps_c.h
[0.351s] -- Up-to-date: /home/lyd/ROS2/chapter4_Service/Service_ws/install/chapt4_interfaces/include/chapt4_interfaces/chapt4_interfaces/srv/detail/patrol__rosidl_typesupport_fastrtps_c.h
[0.351s] -- Up-to-date: /home/lyd/ROS2/chapter4_Service/Service_ws/install/chapt4_interfaces/include/chapt4_interfaces/chapt4_interfaces/msg
[0.351s] -- Up-to-date: /home/lyd/ROS2/chapter4_Service/Service_ws/install/chapt4_interfaces/include/chapt4_interfaces/chapt4_interfaces/msg/rosidl_typesupport_fastrtps_c__visibility_control.h
[0.351s] -- Up-to-date: /home/lyd/ROS2/chapter4_Service/Service_ws/install/chapt4_interfaces/lib/libchapt4_interfaces__rosidl_typesupport_fastrtps_c.so
[0.351s] -- Up-to-date: /home/lyd/ROS2/chapter4_Service/Service_ws/install/chapt4_interfaces/include/chapt4_interfaces/chapt4_interfaces
[0.351s] -- Up-to-date: /home/lyd/ROS2/chapter4_Service/Service_ws/install/chapt4_interfaces/include/chapt4_interfaces/chapt4_interfaces/srv
[0.351s] -- Up-to-date: /home/lyd/ROS2/chapter4_Service/Service_ws/install/chapt4_interfaces/include/chapt4_interfaces/chapt4_interfaces/srv/detail
[0.351s] -- Up-to-date: /home/lyd/ROS2/chapter4_Service/Service_ws/install/chapt4_interfaces/include/chapt4_interfaces/chapt4_interfaces/srv/detail/patrol__rosidl_typesupport_introspection_c.h
[0.351s] -- Up-to-date: /home/lyd/ROS2/chapter4_Service/Service_ws/install/chapt4_interfaces/include/chapt4_interfaces/chapt4_interfaces/srv/detail/face_detector__rosidl_typesupport_introspection_c.h
[0.351s] -- Up-to-date: /home/lyd/ROS2/chapter4_Service/Service_ws/install/chapt4_interfaces/include/chapt4_interfaces/chapt4_interfaces/srv/detail/face_detector__type_support.c
[0.351s] -- Up-to-date: /home/lyd/ROS2/chapter4_Service/Service_ws/install/chapt4_interfaces/include/chapt4_interfaces/chapt4_interfaces/srv/detail/patrol__type_support.c
[0.351s] -- Up-to-date: /home/lyd/ROS2/chapter4_Service/Service_ws/install/chapt4_interfaces/include/chapt4_interfaces/chapt4_interfaces/msg
[0.351s] -- Up-to-date: /home/lyd/ROS2/chapter4_Service/Service_ws/install/chapt4_interfaces/include/chapt4_interfaces/chapt4_interfaces/msg/rosidl_typesupport_introspection_c__visibility_control.h
[0.351s] -- Up-to-date: /home/lyd/ROS2/chapter4_Service/Service_ws/install/chapt4_interfaces/lib/libchapt4_interfaces__rosidl_typesupport_introspection_c.so
[0.353s] -- Up-to-date: /home/lyd/ROS2/chapter4_Service/Service_ws/install/chapt4_interfaces/lib/libchapt4_interfaces__rosidl_typesupport_c.so
[0.353s] -- Up-to-date: /home/lyd/ROS2/chapter4_Service/Service_ws/install/chapt4_interfaces/include/chapt4_interfaces/chapt4_interfaces
[0.353s] -- Up-to-date: /home/lyd/ROS2/chapter4_Service/Service_ws/install/chapt4_interfaces/include/chapt4_interfaces/chapt4_interfaces/srv
[0.353s] -- Up-to-date: /home/lyd/ROS2/chapter4_Service/Service_ws/install/chapt4_interfaces/include/chapt4_interfaces/chapt4_interfaces/srv/detail
[0.353s] -- Up-to-date: /home/lyd/ROS2/chapter4_Service/Service_ws/install/chapt4_interfaces/include/chapt4_interfaces/chapt4_interfaces/srv/detail/patrol__struct.hpp
[0.353s] -- Up-to-date: /home/lyd/ROS2/chapter4_Service/Service_ws/install/chapt4_interfaces/include/chapt4_interfaces/chapt4_interfaces/srv/detail/face_detector__traits.hpp
[0.353s] -- Up-to-date: /home/lyd/ROS2/chapter4_Service/Service_ws/install/chapt4_interfaces/include/chapt4_interfaces/chapt4_interfaces/srv/detail/patrol__traits.hpp
[0.353s] -- Up-to-date: /home/lyd/ROS2/chapter4_Service/Service_ws/install/chapt4_interfaces/include/chapt4_interfaces/chapt4_interfaces/srv/detail/face_detector__struct.hpp
[0.353s] -- Up-to-date: /home/lyd/ROS2/chapter4_Service/Service_ws/install/chapt4_interfaces/include/chapt4_interfaces/chapt4_interfaces/srv/detail/face_detector__builder.hpp
[0.353s] -- Up-to-date: /home/lyd/ROS2/chapter4_Service/Service_ws/install/chapt4_interfaces/include/chapt4_interfaces/chapt4_interfaces/srv/detail/patrol__type_support.hpp
[0.353s] -- Up-to-date: /home/lyd/ROS2/chapter4_Service/Service_ws/install/chapt4_interfaces/include/chapt4_interfaces/chapt4_interfaces/srv/detail/face_detector__type_support.hpp
[0.353s] -- Up-to-date: /home/lyd/ROS2/chapter4_Service/Service_ws/install/chapt4_interfaces/include/chapt4_interfaces/chapt4_interfaces/srv/detail/patrol__builder.hpp
[0.353s] -- Up-to-date: /home/lyd/ROS2/chapter4_Service/Service_ws/install/chapt4_interfaces/include/chapt4_interfaces/chapt4_interfaces/srv/face_detector.hpp
[0.353s] -- Up-to-date: /home/lyd/ROS2/chapter4_Service/Service_ws/install/chapt4_interfaces/include/chapt4_interfaces/chapt4_interfaces/srv/patrol.hpp
[0.353s] -- Up-to-date: /home/lyd/ROS2/chapter4_Service/Service_ws/install/chapt4_interfaces/include/chapt4_interfaces/chapt4_interfaces/msg
[0.353s] -- Up-to-date: /home/lyd/ROS2/chapter4_Service/Service_ws/install/chapt4_interfaces/include/chapt4_interfaces/chapt4_interfaces/msg/rosidl_generator_cpp__visibility_control.hpp
[0.353s] -- Up-to-date: /home/lyd/ROS2/chapter4_Service/Service_ws/install/chapt4_interfaces/include/chapt4_interfaces/chapt4_interfaces
[0.354s] -- Up-to-date: /home/lyd/ROS2/chapter4_Service/Service_ws/install/chapt4_interfaces/include/chapt4_interfaces/chapt4_interfaces/srv
[0.354s] -- Up-to-date: /home/lyd/ROS2/chapter4_Service/Service_ws/install/chapt4_interfaces/include/chapt4_interfaces/chapt4_interfaces/srv/detail
[0.355s] -- Up-to-date: /home/lyd/ROS2/chapter4_Service/Service_ws/install/chapt4_interfaces/include/chapt4_interfaces/chapt4_interfaces/srv/detail/dds_fastrtps
[0.355s] -- Up-to-date: /home/lyd/ROS2/chapter4_Service/Service_ws/install/chapt4_interfaces/include/chapt4_interfaces/chapt4_interfaces/srv/detail/patrol__rosidl_typesupport_fastrtps_cpp.hpp
[0.355s] -- Up-to-date: /home/lyd/ROS2/chapter4_Service/Service_ws/install/chapt4_interfaces/include/chapt4_interfaces/chapt4_interfaces/srv/detail/face_detector__rosidl_typesupport_fastrtps_cpp.hpp
[0.355s] -- Up-to-date: /home/lyd/ROS2/chapter4_Service/Service_ws/install/chapt4_interfaces/include/chapt4_interfaces/chapt4_interfaces/msg
[0.355s] -- Up-to-date: /home/lyd/ROS2/chapter4_Service/Service_ws/install/chapt4_interfaces/include/chapt4_interfaces/chapt4_interfaces/msg/rosidl_typesupport_fastrtps_cpp__visibility_control.h
[0.355s] -- Up-to-date: /home/lyd/ROS2/chapter4_Service/Service_ws/install/chapt4_interfaces/lib/libchapt4_interfaces__rosidl_typesupport_fastrtps_cpp.so
[0.355s] -- Up-to-date: /home/lyd/ROS2/chapter4_Service/Service_ws/install/chapt4_interfaces/include/chapt4_interfaces/chapt4_interfaces
[0.355s] -- Up-to-date: /home/lyd/ROS2/chapter4_Service/Service_ws/install/chapt4_interfaces/include/chapt4_interfaces/chapt4_interfaces/srv
[0.355s] -- Up-to-date: /home/lyd/ROS2/chapter4_Service/Service_ws/install/chapt4_interfaces/include/chapt4_interfaces/chapt4_interfaces/srv/detail
[0.355s] -- Up-to-date: /home/lyd/ROS2/chapter4_Service/Service_ws/install/chapt4_interfaces/include/chapt4_interfaces/chapt4_interfaces/srv/detail/patrol__rosidl_typesupport_introspection_cpp.hpp
[0.355s] -- Up-to-date: /home/lyd/ROS2/chapter4_Service/Service_ws/install/chapt4_interfaces/include/chapt4_interfaces/chapt4_interfaces/srv/detail/face_detector__type_support.cpp
[0.355s] -- Up-to-date: /home/lyd/ROS2/chapter4_Service/Service_ws/install/chapt4_interfaces/include/chapt4_interfaces/chapt4_interfaces/srv/detail/patrol__type_support.cpp
[0.355s] -- Up-to-date: /home/lyd/ROS2/chapter4_Service/Service_ws/install/chapt4_interfaces/include/chapt4_interfaces/chapt4_interfaces/srv/detail/face_detector__rosidl_typesupport_introspection_cpp.hpp
[0.355s] -- Up-to-date: /home/lyd/ROS2/chapter4_Service/Service_ws/install/chapt4_interfaces/lib/libchapt4_interfaces__rosidl_typesupport_introspection_cpp.so
[0.355s] -- Up-to-date: /home/lyd/ROS2/chapter4_Service/Service_ws/install/chapt4_interfaces/lib/libchapt4_interfaces__rosidl_typesupport_cpp.so
[0.355s] -- Up-to-date: /home/lyd/ROS2/chapter4_Service/Service_ws/install/chapt4_interfaces/share/chapt4_interfaces/environment/pythonpath.sh
[0.355s] -- Up-to-date: /home/lyd/ROS2/chapter4_Service/Service_ws/install/chapt4_interfaces/share/chapt4_interfaces/environment/pythonpath.dsv
[0.355s] -- Up-to-date: /home/lyd/ROS2/chapter4_Service/Service_ws/install/chapt4_interfaces/local/lib/python3.10/dist-packages/chapt4_interfaces-0.0.0-py3.10.egg-info
[0.355s] -- Installing: /home/lyd/ROS2/chapter4_Service/Service_ws/install/chapt4_interfaces/local/lib/python3.10/dist-packages/chapt4_interfaces-0.0.0-py3.10.egg-info/PKG-INFO
[0.355s] -- Installing: /home/lyd/ROS2/chapter4_Service/Service_ws/install/chapt4_interfaces/local/lib/python3.10/dist-packages/chapt4_interfaces-0.0.0-py3.10.egg-info/dependency_links.txt
[0.355s] -- Installing: /home/lyd/ROS2/chapter4_Service/Service_ws/install/chapt4_interfaces/local/lib/python3.10/dist-packages/chapt4_interfaces-0.0.0-py3.10.egg-info/top_level.txt
[0.355s] -- Installing: /home/lyd/ROS2/chapter4_Service/Service_ws/install/chapt4_interfaces/local/lib/python3.10/dist-packages/chapt4_interfaces-0.0.0-py3.10.egg-info/SOURCES.txt
[0.356s] -- Up-to-date: /home/lyd/ROS2/chapter4_Service/Service_ws/install/chapt4_interfaces/local/lib/python3.10/dist-packages/chapt4_interfaces
[0.356s] -- Up-to-date: /home/lyd/ROS2/chapter4_Service/Service_ws/install/chapt4_interfaces/local/lib/python3.10/dist-packages/chapt4_interfaces/chapt4_interfaces_s__rosidl_typesupport_c.cpython-310-x86_64-linux-gnu.so
[0.356s] -- Up-to-date: /home/lyd/ROS2/chapter4_Service/Service_ws/install/chapt4_interfaces/local/lib/python3.10/dist-packages/chapt4_interfaces/srv
[0.356s] -- Up-to-date: /home/lyd/ROS2/chapter4_Service/Service_ws/install/chapt4_interfaces/local/lib/python3.10/dist-packages/chapt4_interfaces/srv/_patrol.py
[0.356s] -- Up-to-date: /home/lyd/ROS2/chapter4_Service/Service_ws/install/chapt4_interfaces/local/lib/python3.10/dist-packages/chapt4_interfaces/srv/_face_detector.py
[0.356s] -- Up-to-date: /home/lyd/ROS2/chapter4_Service/Service_ws/install/chapt4_interfaces/local/lib/python3.10/dist-packages/chapt4_interfaces/srv/__init__.py
[0.356s] -- Up-to-date: /home/lyd/ROS2/chapter4_Service/Service_ws/install/chapt4_interfaces/local/lib/python3.10/dist-packages/chapt4_interfaces/srv/_patrol_s.c
[0.356s] -- Up-to-date: /home/lyd/ROS2/chapter4_Service/Service_ws/install/chapt4_interfaces/local/lib/python3.10/dist-packages/chapt4_interfaces/srv/_face_detector_s.c
[0.356s] -- Up-to-date: /home/lyd/ROS2/chapter4_Service/Service_ws/install/chapt4_interfaces/local/lib/python3.10/dist-packages/chapt4_interfaces/_chapt4_interfaces_s.ep.rosidl_typesupport_fastrtps_c.c
[0.356s] -- Up-to-date: /home/lyd/ROS2/chapter4_Service/Service_ws/install/chapt4_interfaces/local/lib/python3.10/dist-packages/chapt4_interfaces/chapt4_interfaces_s__rosidl_typesupport_introspection_c.cpython-310-x86_64-linux-gnu.so
[0.356s] -- Up-to-date: /home/lyd/ROS2/chapter4_Service/Service_ws/install/chapt4_interfaces/local/lib/python3.10/dist-packages/chapt4_interfaces/_chapt4_interfaces_s.ep.rosidl_typesupport_introspection_c.c
[0.356s] -- Up-to-date: /home/lyd/ROS2/chapter4_Service/Service_ws/install/chapt4_interfaces/local/lib/python3.10/dist-packages/chapt4_interfaces/__init__.py
[0.356s] -- Up-to-date: /home/lyd/ROS2/chapter4_Service/Service_ws/install/chapt4_interfaces/local/lib/python3.10/dist-packages/chapt4_interfaces/libchapt4_interfaces__rosidl_generator_py.so
[0.356s] -- Up-to-date: /home/lyd/ROS2/chapter4_Service/Service_ws/install/chapt4_interfaces/local/lib/python3.10/dist-packages/chapt4_interfaces/chapt4_interfaces_s__rosidl_typesupport_fastrtps_c.cpython-310-x86_64-linux-gnu.so
[0.356s] -- Up-to-date: /home/lyd/ROS2/chapter4_Service/Service_ws/install/chapt4_interfaces/local/lib/python3.10/dist-packages/chapt4_interfaces/_chapt4_interfaces_s.ep.rosidl_typesupport_c.c
[0.382s] Listing '/home/lyd/ROS2/chapter4_Service/Service_ws/install/chapt4_interfaces/local/lib/python3.10/dist-packages/chapt4_interfaces'...
[0.382s] Listing '/home/lyd/ROS2/chapter4_Service/Service_ws/install/chapt4_interfaces/local/lib/python3.10/dist-packages/chapt4_interfaces/srv'...
[0.385s] -- Up-to-date: /home/lyd/ROS2/chapter4_Service/Service_ws/install/chapt4_interfaces/local/lib/python3.10/dist-packages/chapt4_interfaces/chapt4_interfaces_s__rosidl_typesupport_fastrtps_c.cpython-310-x86_64-linux-gnu.so
[0.386s] -- Up-to-date: /home/lyd/ROS2/chapter4_Service/Service_ws/install/chapt4_interfaces/local/lib/python3.10/dist-packages/chapt4_interfaces/chapt4_interfaces_s__rosidl_typesupport_introspection_c.cpython-310-x86_64-linux-gnu.so
[0.386s] -- Up-to-date: /home/lyd/ROS2/chapter4_Service/Service_ws/install/chapt4_interfaces/local/lib/python3.10/dist-packages/chapt4_interfaces/chapt4_interfaces_s__rosidl_typesupport_c.cpython-310-x86_64-linux-gnu.so
[0.386s] -- Up-to-date: /home/lyd/ROS2/chapter4_Service/Service_ws/install/chapt4_interfaces/lib/libchapt4_interfaces__rosidl_generator_py.so
[0.386s] -- Up-to-date: /home/lyd/ROS2/chapter4_Service/Service_ws/install/chapt4_interfaces/share/chapt4_interfaces/srv/FaceDetector.idl
[0.386s] -- Up-to-date: /home/lyd/ROS2/chapter4_Service/Service_ws/install/chapt4_interfaces/share/chapt4_interfaces/srv/Patrol.idl
[0.386s] -- Up-to-date: /home/lyd/ROS2/chapter4_Service/Service_ws/install/chapt4_interfaces/share/chapt4_interfaces/srv/FaceDetector.srv
[0.387s] -- Up-to-date: /home/lyd/ROS2/chapter4_Service/Service_ws/install/chapt4_interfaces/share/chapt4_interfaces/srv/FaceDetector_Request.msg
[0.387s] -- Up-to-date: /home/lyd/ROS2/chapter4_Service/Service_ws/install/chapt4_interfaces/share/chapt4_interfaces/srv/FaceDetector_Response.msg
[0.387s] -- Up-to-date: /home/lyd/ROS2/chapter4_Service/Service_ws/install/chapt4_interfaces/share/chapt4_interfaces/srv/Patrol.srv
[0.387s] -- Up-to-date: /home/lyd/ROS2/chapter4_Service/Service_ws/install/chapt4_interfaces/share/chapt4_interfaces/srv/Patrol_Request.msg
[0.387s] -- Up-to-date: /home/lyd/ROS2/chapter4_Service/Service_ws/install/chapt4_interfaces/share/chapt4_interfaces/srv/Patrol_Response.msg
[0.387s] -- Up-to-date: /home/lyd/ROS2/chapter4_Service/Service_ws/install/chapt4_interfaces/share/ament_index/resource_index/package_run_dependencies/chapt4_interfaces
[0.387s] -- Up-to-date: /home/lyd/ROS2/chapter4_Service/Service_ws/install/chapt4_interfaces/share/ament_index/resource_index/parent_prefix_path/chapt4_interfaces
[0.387s] -- Up-to-date: /home/lyd/ROS2/chapter4_Service/Service_ws/install/chapt4_interfaces/share/chapt4_interfaces/environment/ament_prefix_path.sh
[0.387s] -- Up-to-date: /home/lyd/ROS2/chapter4_Service/Service_ws/install/chapt4_interfaces/share/chapt4_interfaces/environment/ament_prefix_path.dsv
[0.387s] -- Up-to-date: /home/lyd/ROS2/chapter4_Service/Service_ws/install/chapt4_interfaces/share/chapt4_interfaces/environment/path.sh
[0.387s] -- Up-to-date: /home/lyd/ROS2/chapter4_Service/Service_ws/install/chapt4_interfaces/share/chapt4_interfaces/environment/path.dsv
[0.387s] -- Up-to-date: /home/lyd/ROS2/chapter4_Service/Service_ws/install/chapt4_interfaces/share/chapt4_interfaces/local_setup.bash
[0.387s] -- Up-to-date: /home/lyd/ROS2/chapter4_Service/Service_ws/install/chapt4_interfaces/share/chapt4_interfaces/local_setup.sh
[0.387s] -- Up-to-date: /home/lyd/ROS2/chapter4_Service/Service_ws/install/chapt4_interfaces/share/chapt4_interfaces/local_setup.zsh
[0.388s] -- Up-to-date: /home/lyd/ROS2/chapter4_Service/Service_ws/install/chapt4_interfaces/share/chapt4_interfaces/local_setup.dsv
[0.388s] -- Installing: /home/lyd/ROS2/chapter4_Service/Service_ws/install/chapt4_interfaces/share/chapt4_interfaces/package.dsv
[0.388s] -- Up-to-date: /home/lyd/ROS2/chapter4_Service/Service_ws/install/chapt4_interfaces/share/ament_index/resource_index/packages/chapt4_interfaces
[0.388s] -- Up-to-date: /home/lyd/ROS2/chapter4_Service/Service_ws/install/chapt4_interfaces/share/chapt4_interfaces/cmake/export_chapt4_interfaces__rosidl_generator_cExport.cmake
[0.388s] -- Up-to-date: /home/lyd/ROS2/chapter4_Service/Service_ws/install/chapt4_interfaces/share/chapt4_interfaces/cmake/export_chapt4_interfaces__rosidl_generator_cExport-noconfig.cmake
[0.388s] -- Up-to-date: /home/lyd/ROS2/chapter4_Service/Service_ws/install/chapt4_interfaces/share/chapt4_interfaces/cmake/export_chapt4_interfaces__rosidl_typesupport_fastrtps_cExport.cmake
[0.388s] -- Up-to-date: /home/lyd/ROS2/chapter4_Service/Service_ws/install/chapt4_interfaces/share/chapt4_interfaces/cmake/export_chapt4_interfaces__rosidl_typesupport_fastrtps_cExport-noconfig.cmake
[0.388s] -- Up-to-date: /home/lyd/ROS2/chapter4_Service/Service_ws/install/chapt4_interfaces/share/chapt4_interfaces/cmake/chapt4_interfaces__rosidl_typesupport_introspection_cExport.cmake
[0.388s] -- Up-to-date: /home/lyd/ROS2/chapter4_Service/Service_ws/install/chapt4_interfaces/share/chapt4_interfaces/cmake/chapt4_interfaces__rosidl_typesupport_introspection_cExport-noconfig.cmake
[0.389s] -- Up-to-date: /home/lyd/ROS2/chapter4_Service/Service_ws/install/chapt4_interfaces/share/chapt4_interfaces/cmake/chapt4_interfaces__rosidl_typesupport_cExport.cmake
[0.389s] -- Up-to-date: /home/lyd/ROS2/chapter4_Service/Service_ws/install/chapt4_interfaces/share/chapt4_interfaces/cmake/chapt4_interfaces__rosidl_typesupport_cExport-noconfig.cmake
[0.389s] -- Up-to-date: /home/lyd/ROS2/chapter4_Service/Service_ws/install/chapt4_interfaces/share/chapt4_interfaces/cmake/export_chapt4_interfaces__rosidl_generator_cppExport.cmake
[0.389s] -- Up-to-date: /home/lyd/ROS2/chapter4_Service/Service_ws/install/chapt4_interfaces/share/chapt4_interfaces/cmake/export_chapt4_interfaces__rosidl_typesupport_fastrtps_cppExport.cmake
[0.389s] -- Up-to-date: /home/lyd/ROS2/chapter4_Service/Service_ws/install/chapt4_interfaces/share/chapt4_interfaces/cmake/export_chapt4_interfaces__rosidl_typesupport_fastrtps_cppExport-noconfig.cmake
[0.389s] -- Up-to-date: /home/lyd/ROS2/chapter4_Service/Service_ws/install/chapt4_interfaces/share/chapt4_interfaces/cmake/chapt4_interfaces__rosidl_typesupport_introspection_cppExport.cmake
[0.389s] -- Up-to-date: /home/lyd/ROS2/chapter4_Service/Service_ws/install/chapt4_interfaces/share/chapt4_interfaces/cmake/chapt4_interfaces__rosidl_typesupport_introspection_cppExport-noconfig.cmake
[0.389s] -- Up-to-date: /home/lyd/ROS2/chapter4_Service/Service_ws/install/chapt4_interfaces/share/chapt4_interfaces/cmake/chapt4_interfaces__rosidl_typesupport_cppExport.cmake
[0.389s] -- Up-to-date: /home/lyd/ROS2/chapter4_Service/Service_ws/install/chapt4_interfaces/share/chapt4_interfaces/cmake/chapt4_interfaces__rosidl_typesupport_cppExport-noconfig.cmake
[0.389s] -- Up-to-date: /home/lyd/ROS2/chapter4_Service/Service_ws/install/chapt4_interfaces/share/chapt4_interfaces/cmake/export_chapt4_interfaces__rosidl_generator_pyExport.cmake
[0.390s] -- Up-to-date: /home/lyd/ROS2/chapter4_Service/Service_ws/install/chapt4_interfaces/share/chapt4_interfaces/cmake/export_chapt4_interfaces__rosidl_generator_pyExport-noconfig.cmake
[0.390s] -- Up-to-date: /home/lyd/ROS2/chapter4_Service/Service_ws/install/chapt4_interfaces/share/chapt4_interfaces/cmake/rosidl_cmake-extras.cmake
[0.390s] -- Up-to-date: /home/lyd/ROS2/chapter4_Service/Service_ws/install/chapt4_interfaces/share/chapt4_interfaces/cmake/ament_cmake_export_dependencies-extras.cmake
[0.390s] -- Up-to-date: /home/lyd/ROS2/chapter4_Service/Service_ws/install/chapt4_interfaces/share/chapt4_interfaces/cmake/ament_cmake_export_include_directories-extras.cmake
[0.390s] -- Up-to-date: /home/lyd/ROS2/chapter4_Service/Service_ws/install/chapt4_interfaces/share/chapt4_interfaces/cmake/ament_cmake_export_libraries-extras.cmake
[0.390s] -- Up-to-date: /home/lyd/ROS2/chapter4_Service/Service_ws/install/chapt4_interfaces/share/chapt4_interfaces/cmake/ament_cmake_export_targets-extras.cmake
[0.390s] -- Up-to-date: /home/lyd/ROS2/chapter4_Service/Service_ws/install/chapt4_interfaces/share/chapt4_interfaces/cmake/rosidl_cmake_export_typesupport_targets-extras.cmake
[0.390s] -- Up-to-date: /home/lyd/ROS2/chapter4_Service/Service_ws/install/chapt4_interfaces/share/chapt4_interfaces/cmake/rosidl_cmake_export_typesupport_libraries-extras.cmake
[0.390s] -- Up-to-date: /home/lyd/ROS2/chapter4_Service/Service_ws/install/chapt4_interfaces/share/chapt4_interfaces/cmake/chapt4_interfacesConfig.cmake
[0.390s] -- Up-to-date: /home/lyd/ROS2/chapter4_Service/Service_ws/install/chapt4_interfaces/share/chapt4_interfaces/cmake/chapt4_interfacesConfig-version.cmake
[0.390s] -- Up-to-date: /home/lyd/ROS2/chapter4_Service/Service_ws/install/chapt4_interfaces/share/chapt4_interfaces/package.xml
[0.392s] Invoked command in '/home/lyd/ROS2/chapter4_Service/Service_ws/build/chapt4_interfaces' returned '0': CMAKE_PREFIX_PATH=${CMAKE_PREFIX_PATH}:/home/lyd/ROS2/chapter4_Service/Service_ws/install/demo_python_service:/opt/ros/humble /usr/bin/cmake --install /home/lyd/ROS2/chapter4_Service/Service_ws/build/chapt4_interfaces
