[0.080s] DEBUG:colcon:Command line arguments: ['/usr/bin/colcon', 'build']
[0.080s] DEBUG:colcon:Parsed command line arguments: Namespace(log_base=None, log_level=None, verb_name='build', build_base='build', install_base='install', merge_install=False, symlink_install=False, test_result_base=None, continue_on_error=False, executor='parallel', parallel_workers=4, event_handlers=None, ignore_user_meta=False, metas=['./colcon.meta'], base_paths=['.'], packages_ignore=None, packages_ignore_regex=None, paths=None, packages_up_to=None, packages_up_to_regex=None, packages_above=None, packages_above_and_dependencies=None, packages_above_depth=None, packages_select_by_dep=None, packages_skip_by_dep=None, packages_skip_up_to=None, packages_select_build_failed=False, packages_skip_build_finished=False, packages_select_test_failures=False, packages_skip_test_passed=False, packages_select=None, packages_skip=None, packages_select_regex=None, packages_skip_regex=None, packages_start=None, packages_end=None, allow_overriding=[], cmake_args=None, cmake_target=None, cmake_target_skip_unavailable=False, cmake_clean_cache=False, cmake_clean_first=False, cmake_force_configure=False, ament_cmake_args=None, catkin_cmake_args=None, catkin_skip_building_tests=False, verb_parser=<colcon_defaults.argument_parser.defaults.DefaultArgumentsDecorator object at 0x7d5541ee7be0>, verb_extension=<colcon_core.verb.build.BuildVerb object at 0x7d5542068190>, main=<bound method BuildVerb.main of <colcon_core.verb.build.BuildVerb object at 0x7d5542068190>>)
[0.195s] Level 1:colcon.colcon_core.package_discovery:discover_packages(colcon_meta) check parameters
[0.195s] Level 1:colcon.colcon_core.package_discovery:discover_packages(recursive) check parameters
[0.196s] Level 1:colcon.colcon_core.package_discovery:discover_packages(ignore) check parameters
[0.196s] Level 1:colcon.colcon_core.package_discovery:discover_packages(path) check parameters
[0.196s] Level 1:colcon.colcon_core.package_discovery:discover_packages(colcon_meta) discover
[0.196s] Level 1:colcon.colcon_core.package_discovery:discover_packages(recursive) discover
[0.196s] INFO:colcon.colcon_core.package_discovery:Crawling recursively for packages in '/home/lyd/ROS2/chapter6_Simulation/chapt6_ws'
[0.196s] Level 1:colcon.colcon_core.package_identification:_identify(.) by extensions ['ignore', 'ignore_ament_install']
[0.196s] Level 1:colcon.colcon_core.package_identification:_identify(.) by extension 'ignore'
[0.196s] Level 1:colcon.colcon_core.package_identification:_identify(.) by extension 'ignore_ament_install'
[0.196s] Level 1:colcon.colcon_core.package_identification:_identify(.) by extensions ['colcon_pkg']
[0.196s] Level 1:colcon.colcon_core.package_identification:_identify(.) by extension 'colcon_pkg'
[0.196s] Level 1:colcon.colcon_core.package_identification:_identify(.) by extensions ['colcon_meta']
[0.196s] Level 1:colcon.colcon_core.package_identification:_identify(.) by extension 'colcon_meta'
[0.196s] Level 1:colcon.colcon_core.package_identification:_identify(.) by extensions ['ros']
[0.196s] Level 1:colcon.colcon_core.package_identification:_identify(.) by extension 'ros'
[0.205s] Level 1:colcon.colcon_core.package_identification:_identify(.) by extensions ['cmake', 'python']
[0.205s] Level 1:colcon.colcon_core.package_identification:_identify(.) by extension 'cmake'
[0.205s] Level 1:colcon.colcon_core.package_identification:_identify(.) by extension 'python'
[0.205s] Level 1:colcon.colcon_core.package_identification:_identify(.) by extensions ['python_setup_py']
[0.205s] Level 1:colcon.colcon_core.package_identification:_identify(.) by extension 'python_setup_py'
[0.205s] Level 1:colcon.colcon_core.package_identification:_identify(build) by extensions ['ignore', 'ignore_ament_install']
[0.205s] Level 1:colcon.colcon_core.package_identification:_identify(build) by extension 'ignore'
[0.205s] Level 1:colcon.colcon_core.package_identification:_identify(build) ignored
[0.205s] Level 1:colcon.colcon_core.package_identification:_identify(install) by extensions ['ignore', 'ignore_ament_install']
[0.206s] Level 1:colcon.colcon_core.package_identification:_identify(install) by extension 'ignore'
[0.206s] Level 1:colcon.colcon_core.package_identification:_identify(install) ignored
[0.206s] Level 1:colcon.colcon_core.package_identification:_identify(log) by extensions ['ignore', 'ignore_ament_install']
[0.206s] Level 1:colcon.colcon_core.package_identification:_identify(log) by extension 'ignore'
[0.206s] Level 1:colcon.colcon_core.package_identification:_identify(log) ignored
[0.206s] Level 1:colcon.colcon_core.package_identification:_identify(src) by extensions ['ignore', 'ignore_ament_install']
[0.206s] Level 1:colcon.colcon_core.package_identification:_identify(src) by extension 'ignore'
[0.206s] Level 1:colcon.colcon_core.package_identification:_identify(src) by extension 'ignore_ament_install'
[0.206s] Level 1:colcon.colcon_core.package_identification:_identify(src) by extensions ['colcon_pkg']
[0.206s] Level 1:colcon.colcon_core.package_identification:_identify(src) by extension 'colcon_pkg'
[0.206s] Level 1:colcon.colcon_core.package_identification:_identify(src) by extensions ['colcon_meta']
[0.206s] Level 1:colcon.colcon_core.package_identification:_identify(src) by extension 'colcon_meta'
[0.206s] Level 1:colcon.colcon_core.package_identification:_identify(src) by extensions ['ros']
[0.206s] Level 1:colcon.colcon_core.package_identification:_identify(src) by extension 'ros'
[0.206s] Level 1:colcon.colcon_core.package_identification:_identify(src) by extensions ['cmake', 'python']
[0.206s] Level 1:colcon.colcon_core.package_identification:_identify(src) by extension 'cmake'
[0.206s] Level 1:colcon.colcon_core.package_identification:_identify(src) by extension 'python'
[0.206s] Level 1:colcon.colcon_core.package_identification:_identify(src) by extensions ['python_setup_py']
[0.206s] Level 1:colcon.colcon_core.package_identification:_identify(src) by extension 'python_setup_py'
[0.206s] Level 1:colcon.colcon_core.package_identification:_identify(src/demo_cpp_topic) by extensions ['ignore', 'ignore_ament_install']
[0.206s] Level 1:colcon.colcon_core.package_identification:_identify(src/demo_cpp_topic) by extension 'ignore'
[0.206s] Level 1:colcon.colcon_core.package_identification:_identify(src/demo_cpp_topic) by extension 'ignore_ament_install'
[0.206s] Level 1:colcon.colcon_core.package_identification:_identify(src/demo_cpp_topic) by extensions ['colcon_pkg']
[0.206s] Level 1:colcon.colcon_core.package_identification:_identify(src/demo_cpp_topic) by extension 'colcon_pkg'
[0.206s] Level 1:colcon.colcon_core.package_identification:_identify(src/demo_cpp_topic) by extensions ['colcon_meta']
[0.206s] Level 1:colcon.colcon_core.package_identification:_identify(src/demo_cpp_topic) by extension 'colcon_meta'
[0.206s] Level 1:colcon.colcon_core.package_identification:_identify(src/demo_cpp_topic) by extensions ['ros']
[0.206s] Level 1:colcon.colcon_core.package_identification:_identify(src/demo_cpp_topic) by extension 'ros'
[0.208s] DEBUG:colcon.colcon_core.package_identification:Package 'src/demo_cpp_topic' with type 'ros.ament_cmake' and name 'demo_cpp_topic'
[0.209s] Level 1:colcon.colcon_core.package_identification:_identify(src/fishbot_description) by extensions ['ignore', 'ignore_ament_install']
[0.209s] Level 1:colcon.colcon_core.package_identification:_identify(src/fishbot_description) by extension 'ignore'
[0.209s] Level 1:colcon.colcon_core.package_identification:_identify(src/fishbot_description) by extension 'ignore_ament_install'
[0.209s] Level 1:colcon.colcon_core.package_identification:_identify(src/fishbot_description) by extensions ['colcon_pkg']
[0.209s] Level 1:colcon.colcon_core.package_identification:_identify(src/fishbot_description) by extension 'colcon_pkg'
[0.209s] Level 1:colcon.colcon_core.package_identification:_identify(src/fishbot_description) by extensions ['colcon_meta']
[0.209s] Level 1:colcon.colcon_core.package_identification:_identify(src/fishbot_description) by extension 'colcon_meta'
[0.209s] Level 1:colcon.colcon_core.package_identification:_identify(src/fishbot_description) by extensions ['ros']
[0.209s] Level 1:colcon.colcon_core.package_identification:_identify(src/fishbot_description) by extension 'ros'
[0.209s] DEBUG:colcon.colcon_core.package_identification:Package 'src/fishbot_description' with type 'ros.ament_cmake' and name 'fishbot_description'
[0.209s] Level 1:colcon.colcon_core.package_discovery:discover_packages(recursive) using defaults
[0.209s] Level 1:colcon.colcon_core.package_discovery:discover_packages(ignore) discover
[0.209s] Level 1:colcon.colcon_core.package_discovery:discover_packages(ignore) using defaults
[0.209s] Level 1:colcon.colcon_core.package_discovery:discover_packages(path) discover
[0.209s] Level 1:colcon.colcon_core.package_discovery:discover_packages(path) using defaults
[0.224s] Level 1:colcon.colcon_core.package_discovery:discover_packages(prefix_path) check parameters
[0.224s] Level 1:colcon.colcon_core.package_discovery:discover_packages(prefix_path) discover
[0.225s] DEBUG:colcon.colcon_installed_package_information.package_discovery:Found 2 installed packages in /home/lyd/ROS2/chapter6_Simulation/chapt6_ws/install
[0.226s] DEBUG:colcon.colcon_installed_package_information.package_discovery:Found 325 installed packages in /opt/ros/humble
[0.236s] Level 1:colcon.colcon_core.package_discovery:discover_packages(prefix_path) using defaults
[0.265s] Level 5:colcon.colcon_core.verb:set package 'demo_cpp_topic' build argument 'cmake_args' from command line to 'None'
[0.265s] Level 5:colcon.colcon_core.verb:set package 'demo_cpp_topic' build argument 'cmake_target' from command line to 'None'
[0.265s] Level 5:colcon.colcon_core.verb:set package 'demo_cpp_topic' build argument 'cmake_target_skip_unavailable' from command line to 'False'
[0.265s] Level 5:colcon.colcon_core.verb:set package 'demo_cpp_topic' build argument 'cmake_clean_cache' from command line to 'False'
[0.265s] Level 5:colcon.colcon_core.verb:set package 'demo_cpp_topic' build argument 'cmake_clean_first' from command line to 'False'
[0.265s] Level 5:colcon.colcon_core.verb:set package 'demo_cpp_topic' build argument 'cmake_force_configure' from command line to 'False'
[0.265s] Level 5:colcon.colcon_core.verb:set package 'demo_cpp_topic' build argument 'ament_cmake_args' from command line to 'None'
[0.265s] Level 5:colcon.colcon_core.verb:set package 'demo_cpp_topic' build argument 'catkin_cmake_args' from command line to 'None'
[0.265s] Level 5:colcon.colcon_core.verb:set package 'demo_cpp_topic' build argument 'catkin_skip_building_tests' from command line to 'False'
[0.265s] DEBUG:colcon.colcon_core.verb:Building package 'demo_cpp_topic' with the following arguments: {'ament_cmake_args': None, 'build_base': '/home/lyd/ROS2/chapter6_Simulation/chapt6_ws/build/demo_cpp_topic', 'catkin_cmake_args': None, 'catkin_skip_building_tests': False, 'cmake_args': None, 'cmake_clean_cache': False, 'cmake_clean_first': False, 'cmake_force_configure': False, 'cmake_target': None, 'cmake_target_skip_unavailable': False, 'install_base': '/home/lyd/ROS2/chapter6_Simulation/chapt6_ws/install/demo_cpp_topic', 'merge_install': False, 'path': '/home/lyd/ROS2/chapter6_Simulation/chapt6_ws/src/demo_cpp_topic', 'symlink_install': False, 'test_result_base': None}
[0.265s] Level 5:colcon.colcon_core.verb:set package 'fishbot_description' build argument 'cmake_args' from command line to 'None'
[0.266s] Level 5:colcon.colcon_core.verb:set package 'fishbot_description' build argument 'cmake_target' from command line to 'None'
[0.266s] Level 5:colcon.colcon_core.verb:set package 'fishbot_description' build argument 'cmake_target_skip_unavailable' from command line to 'False'
[0.266s] Level 5:colcon.colcon_core.verb:set package 'fishbot_description' build argument 'cmake_clean_cache' from command line to 'False'
[0.266s] Level 5:colcon.colcon_core.verb:set package 'fishbot_description' build argument 'cmake_clean_first' from command line to 'False'
[0.266s] Level 5:colcon.colcon_core.verb:set package 'fishbot_description' build argument 'cmake_force_configure' from command line to 'False'
[0.266s] Level 5:colcon.colcon_core.verb:set package 'fishbot_description' build argument 'ament_cmake_args' from command line to 'None'
[0.266s] Level 5:colcon.colcon_core.verb:set package 'fishbot_description' build argument 'catkin_cmake_args' from command line to 'None'
[0.266s] Level 5:colcon.colcon_core.verb:set package 'fishbot_description' build argument 'catkin_skip_building_tests' from command line to 'False'
[0.266s] DEBUG:colcon.colcon_core.verb:Building package 'fishbot_description' with the following arguments: {'ament_cmake_args': None, 'build_base': '/home/lyd/ROS2/chapter6_Simulation/chapt6_ws/build/fishbot_description', 'catkin_cmake_args': None, 'catkin_skip_building_tests': False, 'cmake_args': None, 'cmake_clean_cache': False, 'cmake_clean_first': False, 'cmake_force_configure': False, 'cmake_target': None, 'cmake_target_skip_unavailable': False, 'install_base': '/home/lyd/ROS2/chapter6_Simulation/chapt6_ws/install/fishbot_description', 'merge_install': False, 'path': '/home/lyd/ROS2/chapter6_Simulation/chapt6_ws/src/fishbot_description', 'symlink_install': False, 'test_result_base': None}
[0.266s] INFO:colcon.colcon_core.executor:Executing jobs using 'parallel' executor
[0.267s] DEBUG:colcon.colcon_parallel_executor.executor.parallel:run_until_complete
[0.267s] INFO:colcon.colcon_ros.task.ament_cmake.build:Building ROS package in '/home/lyd/ROS2/chapter6_Simulation/chapt6_ws/src/demo_cpp_topic' with build type 'ament_cmake'
[0.267s] INFO:colcon.colcon_cmake.task.cmake.build:Building CMake package in '/home/lyd/ROS2/chapter6_Simulation/chapt6_ws/src/demo_cpp_topic'
[0.268s] INFO:colcon.colcon_core.plugin_system:Skipping extension 'colcon_core.shell.bat': Not used on non-Windows systems
[0.269s] INFO:colcon.colcon_core.shell:Skip shell extension 'powershell' for command environment: Not usable outside of PowerShell
[0.269s] DEBUG:colcon.colcon_core.shell:Skip shell extension 'dsv' for command environment
[0.271s] INFO:colcon.colcon_ros.task.ament_cmake.build:Building ROS package in '/home/lyd/ROS2/chapter6_Simulation/chapt6_ws/src/fishbot_description' with build type 'ament_cmake'
[0.272s] INFO:colcon.colcon_cmake.task.cmake.build:Building CMake package in '/home/lyd/ROS2/chapter6_Simulation/chapt6_ws/src/fishbot_description'
[0.272s] INFO:colcon.colcon_core.shell:Skip shell extension 'powershell' for command environment: Not usable outside of PowerShell
[0.272s] DEBUG:colcon.colcon_core.shell:Skip shell extension 'dsv' for command environment
[0.281s] DEBUG:colcon.colcon_core.event_handler.log_command:Invoking command in '/home/lyd/ROS2/chapter6_Simulation/chapt6_ws/build/demo_cpp_topic': CMAKE_PREFIX_PATH=${CMAKE_PREFIX_PATH}:/opt/ros/humble /usr/bin/cmake --build /home/lyd/ROS2/chapter6_Simulation/chapt6_ws/build/demo_cpp_topic -- -j4 -l4
[0.283s] DEBUG:colcon.colcon_core.event_handler.log_command:Invoking command in '/home/lyd/ROS2/chapter6_Simulation/chapt6_ws/build/fishbot_description': CMAKE_PREFIX_PATH=${CMAKE_PREFIX_PATH}:/opt/ros/humble /usr/bin/cmake --build /home/lyd/ROS2/chapter6_Simulation/chapt6_ws/build/fishbot_description -- -j4 -l4
[0.367s] DEBUG:colcon.colcon_core.event_handler.log_command:Invoked command in '/home/lyd/ROS2/chapter6_Simulation/chapt6_ws/build/fishbot_description' returned '0': CMAKE_PREFIX_PATH=${CMAKE_PREFIX_PATH}:/opt/ros/humble /usr/bin/cmake --build /home/lyd/ROS2/chapter6_Simulation/chapt6_ws/build/fishbot_description -- -j4 -l4
[0.378s] DEBUG:colcon.colcon_core.event_handler.log_command:Invoking command in '/home/lyd/ROS2/chapter6_Simulation/chapt6_ws/build/fishbot_description': CMAKE_PREFIX_PATH=${CMAKE_PREFIX_PATH}:/opt/ros/humble /usr/bin/cmake --install /home/lyd/ROS2/chapter6_Simulation/chapt6_ws/build/fishbot_description
[0.407s] Level 1:colcon.colcon_core.environment:create_environment_scripts_only(fishbot_description)
[0.408s] DEBUG:colcon.colcon_core.event_handler.log_command:Invoked command in '/home/lyd/ROS2/chapter6_Simulation/chapt6_ws/build/fishbot_description' returned '0': CMAKE_PREFIX_PATH=${CMAKE_PREFIX_PATH}:/opt/ros/humble /usr/bin/cmake --install /home/lyd/ROS2/chapter6_Simulation/chapt6_ws/build/fishbot_description
[0.409s] Level 1:colcon.colcon_core.environment:checking '/home/lyd/ROS2/chapter6_Simulation/chapt6_ws/install/fishbot_description' for CMake module files
[0.410s] Level 1:colcon.colcon_core.environment:checking '/home/lyd/ROS2/chapter6_Simulation/chapt6_ws/install/fishbot_description' for CMake config files
[0.410s] Level 1:colcon.colcon_core.shell:create_environment_hook('fishbot_description', 'cmake_prefix_path')
[0.410s] INFO:colcon.colcon_core.shell:Creating environment hook '/home/lyd/ROS2/chapter6_Simulation/chapt6_ws/install/fishbot_description/share/fishbot_description/hook/cmake_prefix_path.ps1'
[0.413s] INFO:colcon.colcon_core.shell:Creating environment descriptor '/home/lyd/ROS2/chapter6_Simulation/chapt6_ws/install/fishbot_description/share/fishbot_description/hook/cmake_prefix_path.dsv'
[0.413s] INFO:colcon.colcon_core.shell:Creating environment hook '/home/lyd/ROS2/chapter6_Simulation/chapt6_ws/install/fishbot_description/share/fishbot_description/hook/cmake_prefix_path.sh'
[0.414s] Level 1:colcon.colcon_core.environment:checking '/home/lyd/ROS2/chapter6_Simulation/chapt6_ws/install/fishbot_description/bin'
[0.414s] Level 1:colcon.colcon_core.environment:checking '/home/lyd/ROS2/chapter6_Simulation/chapt6_ws/install/fishbot_description/lib/pkgconfig/fishbot_description.pc'
[0.414s] Level 1:colcon.colcon_core.environment:checking '/home/lyd/ROS2/chapter6_Simulation/chapt6_ws/install/fishbot_description/lib/python3.10/site-packages'
[0.414s] Level 1:colcon.colcon_core.environment:checking '/home/lyd/ROS2/chapter6_Simulation/chapt6_ws/install/fishbot_description/bin'
[0.414s] INFO:colcon.colcon_core.shell:Creating package script '/home/lyd/ROS2/chapter6_Simulation/chapt6_ws/install/fishbot_description/share/fishbot_description/package.ps1'
[0.415s] INFO:colcon.colcon_core.shell:Creating package descriptor '/home/lyd/ROS2/chapter6_Simulation/chapt6_ws/install/fishbot_description/share/fishbot_description/package.dsv'
[0.421s] INFO:colcon.colcon_core.shell:Creating package script '/home/lyd/ROS2/chapter6_Simulation/chapt6_ws/install/fishbot_description/share/fishbot_description/package.sh'
[0.422s] INFO:colcon.colcon_core.shell:Creating package script '/home/lyd/ROS2/chapter6_Simulation/chapt6_ws/install/fishbot_description/share/fishbot_description/package.bash'
[0.422s] INFO:colcon.colcon_core.shell:Creating package script '/home/lyd/ROS2/chapter6_Simulation/chapt6_ws/install/fishbot_description/share/fishbot_description/package.zsh'
[0.423s] Level 1:colcon.colcon_core.environment:create_file_with_runtime_dependencies(/home/lyd/ROS2/chapter6_Simulation/chapt6_ws/install/fishbot_description/share/colcon-core/packages/fishbot_description)
[0.423s] Level 1:colcon.colcon_core.environment:create_environment_scripts_only(fishbot_description)
[0.424s] Level 1:colcon.colcon_core.environment:checking '/home/lyd/ROS2/chapter6_Simulation/chapt6_ws/install/fishbot_description' for CMake module files
[0.424s] Level 1:colcon.colcon_core.environment:checking '/home/lyd/ROS2/chapter6_Simulation/chapt6_ws/install/fishbot_description' for CMake config files
[0.425s] Level 1:colcon.colcon_core.shell:create_environment_hook('fishbot_description', 'cmake_prefix_path')
[0.425s] INFO:colcon.colcon_core.shell:Creating environment hook '/home/lyd/ROS2/chapter6_Simulation/chapt6_ws/install/fishbot_description/share/fishbot_description/hook/cmake_prefix_path.ps1'
[0.425s] INFO:colcon.colcon_core.shell:Creating environment descriptor '/home/lyd/ROS2/chapter6_Simulation/chapt6_ws/install/fishbot_description/share/fishbot_description/hook/cmake_prefix_path.dsv'
[0.426s] INFO:colcon.colcon_core.shell:Creating environment hook '/home/lyd/ROS2/chapter6_Simulation/chapt6_ws/install/fishbot_description/share/fishbot_description/hook/cmake_prefix_path.sh'
[0.426s] Level 1:colcon.colcon_core.environment:checking '/home/lyd/ROS2/chapter6_Simulation/chapt6_ws/install/fishbot_description/bin'
[0.426s] Level 1:colcon.colcon_core.environment:checking '/home/lyd/ROS2/chapter6_Simulation/chapt6_ws/install/fishbot_description/lib/pkgconfig/fishbot_description.pc'
[0.426s] Level 1:colcon.colcon_core.environment:checking '/home/lyd/ROS2/chapter6_Simulation/chapt6_ws/install/fishbot_description/lib/python3.10/site-packages'
[0.427s] Level 1:colcon.colcon_core.environment:checking '/home/lyd/ROS2/chapter6_Simulation/chapt6_ws/install/fishbot_description/bin'
[0.427s] INFO:colcon.colcon_core.shell:Creating package script '/home/lyd/ROS2/chapter6_Simulation/chapt6_ws/install/fishbot_description/share/fishbot_description/package.ps1'
[0.428s] INFO:colcon.colcon_core.shell:Creating package descriptor '/home/lyd/ROS2/chapter6_Simulation/chapt6_ws/install/fishbot_description/share/fishbot_description/package.dsv'
[0.428s] INFO:colcon.colcon_core.shell:Creating package script '/home/lyd/ROS2/chapter6_Simulation/chapt6_ws/install/fishbot_description/share/fishbot_description/package.sh'
[0.429s] INFO:colcon.colcon_core.shell:Creating package script '/home/lyd/ROS2/chapter6_Simulation/chapt6_ws/install/fishbot_description/share/fishbot_description/package.bash'
[0.429s] INFO:colcon.colcon_core.shell:Creating package script '/home/lyd/ROS2/chapter6_Simulation/chapt6_ws/install/fishbot_description/share/fishbot_description/package.zsh'
[0.430s] Level 1:colcon.colcon_core.environment:create_file_with_runtime_dependencies(/home/lyd/ROS2/chapter6_Simulation/chapt6_ws/install/fishbot_description/share/colcon-core/packages/fishbot_description)
[4.067s] DEBUG:colcon.colcon_core.event_handler.log_command:Invoked command in '/home/lyd/ROS2/chapter6_Simulation/chapt6_ws/build/demo_cpp_topic' returned '0': CMAKE_PREFIX_PATH=${CMAKE_PREFIX_PATH}:/opt/ros/humble /usr/bin/cmake --build /home/lyd/ROS2/chapter6_Simulation/chapt6_ws/build/demo_cpp_topic -- -j4 -l4
[4.069s] DEBUG:colcon.colcon_core.event_handler.log_command:Invoking command in '/home/lyd/ROS2/chapter6_Simulation/chapt6_ws/build/demo_cpp_topic': CMAKE_PREFIX_PATH=${CMAKE_PREFIX_PATH}:/opt/ros/humble /usr/bin/cmake --install /home/lyd/ROS2/chapter6_Simulation/chapt6_ws/build/demo_cpp_topic
[4.083s] Level 1:colcon.colcon_core.environment:create_environment_scripts_only(demo_cpp_topic)
[4.084s] Level 1:colcon.colcon_core.environment:checking '/home/lyd/ROS2/chapter6_Simulation/chapt6_ws/install/demo_cpp_topic' for CMake module files
[4.084s] Level 1:colcon.colcon_core.environment:checking '/home/lyd/ROS2/chapter6_Simulation/chapt6_ws/install/demo_cpp_topic' for CMake config files
[4.084s] Level 1:colcon.colcon_core.shell:create_environment_hook('demo_cpp_topic', 'cmake_prefix_path')
[4.084s] INFO:colcon.colcon_core.shell:Creating environment hook '/home/lyd/ROS2/chapter6_Simulation/chapt6_ws/install/demo_cpp_topic/share/demo_cpp_topic/hook/cmake_prefix_path.ps1'
[4.085s] DEBUG:colcon.colcon_core.event_handler.log_command:Invoked command in '/home/lyd/ROS2/chapter6_Simulation/chapt6_ws/build/demo_cpp_topic' returned '0': CMAKE_PREFIX_PATH=${CMAKE_PREFIX_PATH}:/opt/ros/humble /usr/bin/cmake --install /home/lyd/ROS2/chapter6_Simulation/chapt6_ws/build/demo_cpp_topic
[4.085s] INFO:colcon.colcon_core.shell:Creating environment descriptor '/home/lyd/ROS2/chapter6_Simulation/chapt6_ws/install/demo_cpp_topic/share/demo_cpp_topic/hook/cmake_prefix_path.dsv'
[4.085s] INFO:colcon.colcon_core.shell:Creating environment hook '/home/lyd/ROS2/chapter6_Simulation/chapt6_ws/install/demo_cpp_topic/share/demo_cpp_topic/hook/cmake_prefix_path.sh'
[4.086s] Level 1:colcon.colcon_core.environment:checking '/home/lyd/ROS2/chapter6_Simulation/chapt6_ws/install/demo_cpp_topic/lib'
[4.087s] Level 1:colcon.colcon_core.environment:checking '/home/lyd/ROS2/chapter6_Simulation/chapt6_ws/install/demo_cpp_topic/bin'
[4.087s] Level 1:colcon.colcon_core.environment:checking '/home/lyd/ROS2/chapter6_Simulation/chapt6_ws/install/demo_cpp_topic/lib/pkgconfig/demo_cpp_topic.pc'
[4.087s] Level 1:colcon.colcon_core.environment:checking '/home/lyd/ROS2/chapter6_Simulation/chapt6_ws/install/demo_cpp_topic/lib/python3.10/site-packages'
[4.087s] Level 1:colcon.colcon_core.environment:checking '/home/lyd/ROS2/chapter6_Simulation/chapt6_ws/install/demo_cpp_topic/bin'
[4.087s] INFO:colcon.colcon_core.shell:Creating package script '/home/lyd/ROS2/chapter6_Simulation/chapt6_ws/install/demo_cpp_topic/share/demo_cpp_topic/package.ps1'
[4.087s] INFO:colcon.colcon_core.shell:Creating package descriptor '/home/lyd/ROS2/chapter6_Simulation/chapt6_ws/install/demo_cpp_topic/share/demo_cpp_topic/package.dsv'
[4.088s] INFO:colcon.colcon_core.shell:Creating package script '/home/lyd/ROS2/chapter6_Simulation/chapt6_ws/install/demo_cpp_topic/share/demo_cpp_topic/package.sh'
[4.088s] INFO:colcon.colcon_core.shell:Creating package script '/home/lyd/ROS2/chapter6_Simulation/chapt6_ws/install/demo_cpp_topic/share/demo_cpp_topic/package.bash'
[4.088s] INFO:colcon.colcon_core.shell:Creating package script '/home/lyd/ROS2/chapter6_Simulation/chapt6_ws/install/demo_cpp_topic/share/demo_cpp_topic/package.zsh'
[4.089s] Level 1:colcon.colcon_core.environment:create_file_with_runtime_dependencies(/home/lyd/ROS2/chapter6_Simulation/chapt6_ws/install/demo_cpp_topic/share/colcon-core/packages/demo_cpp_topic)
[4.090s] Level 1:colcon.colcon_core.environment:create_environment_scripts_only(demo_cpp_topic)
[4.090s] Level 1:colcon.colcon_core.environment:checking '/home/lyd/ROS2/chapter6_Simulation/chapt6_ws/install/demo_cpp_topic' for CMake module files
[4.090s] Level 1:colcon.colcon_core.environment:checking '/home/lyd/ROS2/chapter6_Simulation/chapt6_ws/install/demo_cpp_topic' for CMake config files
[4.090s] Level 1:colcon.colcon_core.shell:create_environment_hook('demo_cpp_topic', 'cmake_prefix_path')
[4.091s] INFO:colcon.colcon_core.shell:Creating environment hook '/home/lyd/ROS2/chapter6_Simulation/chapt6_ws/install/demo_cpp_topic/share/demo_cpp_topic/hook/cmake_prefix_path.ps1'
[4.091s] INFO:colcon.colcon_core.shell:Creating environment descriptor '/home/lyd/ROS2/chapter6_Simulation/chapt6_ws/install/demo_cpp_topic/share/demo_cpp_topic/hook/cmake_prefix_path.dsv'
[4.091s] INFO:colcon.colcon_core.shell:Creating environment hook '/home/lyd/ROS2/chapter6_Simulation/chapt6_ws/install/demo_cpp_topic/share/demo_cpp_topic/hook/cmake_prefix_path.sh'
[4.092s] Level 1:colcon.colcon_core.environment:checking '/home/lyd/ROS2/chapter6_Simulation/chapt6_ws/install/demo_cpp_topic/lib'
[4.092s] Level 1:colcon.colcon_core.environment:checking '/home/lyd/ROS2/chapter6_Simulation/chapt6_ws/install/demo_cpp_topic/bin'
[4.092s] Level 1:colcon.colcon_core.environment:checking '/home/lyd/ROS2/chapter6_Simulation/chapt6_ws/install/demo_cpp_topic/lib/pkgconfig/demo_cpp_topic.pc'
[4.092s] Level 1:colcon.colcon_core.environment:checking '/home/lyd/ROS2/chapter6_Simulation/chapt6_ws/install/demo_cpp_topic/lib/python3.10/site-packages'
[4.092s] Level 1:colcon.colcon_core.environment:checking '/home/lyd/ROS2/chapter6_Simulation/chapt6_ws/install/demo_cpp_topic/bin'
[4.092s] INFO:colcon.colcon_core.shell:Creating package script '/home/lyd/ROS2/chapter6_Simulation/chapt6_ws/install/demo_cpp_topic/share/demo_cpp_topic/package.ps1'
[4.093s] INFO:colcon.colcon_core.shell:Creating package descriptor '/home/lyd/ROS2/chapter6_Simulation/chapt6_ws/install/demo_cpp_topic/share/demo_cpp_topic/package.dsv'
[4.094s] INFO:colcon.colcon_core.shell:Creating package script '/home/lyd/ROS2/chapter6_Simulation/chapt6_ws/install/demo_cpp_topic/share/demo_cpp_topic/package.sh'
[4.094s] INFO:colcon.colcon_core.shell:Creating package script '/home/lyd/ROS2/chapter6_Simulation/chapt6_ws/install/demo_cpp_topic/share/demo_cpp_topic/package.bash'
[4.094s] INFO:colcon.colcon_core.shell:Creating package script '/home/lyd/ROS2/chapter6_Simulation/chapt6_ws/install/demo_cpp_topic/share/demo_cpp_topic/package.zsh'
[4.095s] Level 1:colcon.colcon_core.environment:create_file_with_runtime_dependencies(/home/lyd/ROS2/chapter6_Simulation/chapt6_ws/install/demo_cpp_topic/share/colcon-core/packages/demo_cpp_topic)
[4.095s] DEBUG:colcon.colcon_parallel_executor.executor.parallel:closing loop
[4.096s] DEBUG:colcon.colcon_parallel_executor.executor.parallel:loop closed
[4.096s] DEBUG:colcon.colcon_parallel_executor.executor.parallel:run_until_complete finished with '0'
[4.096s] DEBUG:colcon.colcon_core.event_reactor:joining thread
[4.101s] INFO:colcon.colcon_core.plugin_system:Skipping extension 'colcon_notification.desktop_notification.terminal_notifier': Not used on non-Darwin systems
[4.104s] INFO:colcon.colcon_core.plugin_system:Skipping extension 'colcon_notification.desktop_notification.win32': Not used on non-Windows systems
[4.104s] INFO:colcon.colcon_notification.desktop_notification:Sending desktop notification using 'notify2'
[4.121s] DEBUG:colcon.colcon_core.event_reactor:joined thread
[4.121s] INFO:colcon.colcon_core.shell:Creating prefix script '/home/lyd/ROS2/chapter6_Simulation/chapt6_ws/install/local_setup.ps1'
[4.122s] INFO:colcon.colcon_core.shell:Creating prefix util module '/home/lyd/ROS2/chapter6_Simulation/chapt6_ws/install/_local_setup_util_ps1.py'
[4.123s] INFO:colcon.colcon_core.shell:Creating prefix chain script '/home/lyd/ROS2/chapter6_Simulation/chapt6_ws/install/setup.ps1'
[4.124s] INFO:colcon.colcon_core.shell:Creating prefix script '/home/lyd/ROS2/chapter6_Simulation/chapt6_ws/install/local_setup.sh'
[4.126s] INFO:colcon.colcon_core.shell:Creating prefix util module '/home/lyd/ROS2/chapter6_Simulation/chapt6_ws/install/_local_setup_util_sh.py'
[4.127s] INFO:colcon.colcon_core.shell:Creating prefix chain script '/home/lyd/ROS2/chapter6_Simulation/chapt6_ws/install/setup.sh'
[4.127s] INFO:colcon.colcon_core.shell:Creating prefix script '/home/lyd/ROS2/chapter6_Simulation/chapt6_ws/install/local_setup.bash'
[4.128s] INFO:colcon.colcon_core.shell:Creating prefix chain script '/home/lyd/ROS2/chapter6_Simulation/chapt6_ws/install/setup.bash'
[4.128s] INFO:colcon.colcon_core.shell:Creating prefix script '/home/lyd/ROS2/chapter6_Simulation/chapt6_ws/install/local_setup.zsh'
[4.130s] INFO:colcon.colcon_core.shell:Creating prefix chain script '/home/lyd/ROS2/chapter6_Simulation/chapt6_ws/install/setup.zsh'
