[0.676s] Invoking command in '/home/lyd/ROS2/chapter3_Topic/Topic_ws/src/demo_python_topic': PYTHONPATH=/home/lyd/ROS2/chapter3_Topic/build/demo_python_topic/prefix_override:/usr/lib/python3/dist-packages/colcon_core/task/python/colcon_distutils_commands:/home/lyd/ROS2/chapter3_Topic/install/demo_python_topic/lib/python3.10/site-packages:${PYTHONPATH} /usr/bin/python3 -W ignore:setup.py install is deprecated -W ignore:easy_install command is deprecated setup.py egg_info --egg-base ../../../build/demo_python_topic build --build-base /home/lyd/ROS2/chapter3_Topic/build/demo_python_topic/build install --record /home/lyd/ROS2/chapter3_Topic/build/demo_python_topic/install.log --single-version-externally-managed install_data
[0.904s] running egg_info
[0.904s] creating ../../../build/demo_python_topic/demo_python_topic.egg-info
[0.904s] writing ../../../build/demo_python_topic/demo_python_topic.egg-info/PKG-INFO
[0.904s] writing dependency_links to ../../../build/demo_python_topic/demo_python_topic.egg-info/dependency_links.txt
[0.905s] writing entry points to ../../../build/demo_python_topic/demo_python_topic.egg-info/entry_points.txt
[0.905s] writing requirements to ../../../build/demo_python_topic/demo_python_topic.egg-info/requires.txt
[0.905s] writing top-level names to ../../../build/demo_python_topic/demo_python_topic.egg-info/top_level.txt
[0.905s] writing manifest file '../../../build/demo_python_topic/demo_python_topic.egg-info/SOURCES.txt'
[0.905s] reading manifest file '../../../build/demo_python_topic/demo_python_topic.egg-info/SOURCES.txt'
[0.905s] adding license file 'LICENSE'
[0.907s] writing manifest file '../../../build/demo_python_topic/demo_python_topic.egg-info/SOURCES.txt'
[0.907s] running build
[0.907s] running build_py
[0.907s] creating /home/lyd/ROS2/chapter3_Topic/build/demo_python_topic/build
[0.907s] creating /home/lyd/ROS2/chapter3_Topic/build/demo_python_topic/build/lib
[0.907s] creating /home/lyd/ROS2/chapter3_Topic/build/demo_python_topic/build/lib/demo_python_topic
[0.907s] copying demo_python_topic/__init__.py -> /home/lyd/ROS2/chapter3_Topic/build/demo_python_topic/build/lib/demo_python_topic
[0.909s] copying demo_python_topic/moban.py -> /home/lyd/ROS2/chapter3_Topic/build/demo_python_topic/build/lib/demo_python_topic
[0.909s] copying demo_python_topic/novel_pub_node.py -> /home/lyd/ROS2/chapter3_Topic/build/demo_python_topic/build/lib/demo_python_topic
[0.909s] copying demo_python_topic/novel_sub_node.py -> /home/lyd/ROS2/chapter3_Topic/build/demo_python_topic/build/lib/demo_python_topic
[0.909s] running install
[0.909s] running install_lib
[0.910s] creating /home/lyd/ROS2/chapter3_Topic/install/demo_python_topic/lib/python3.10/site-packages/demo_python_topic
[0.910s] copying /home/lyd/ROS2/chapter3_Topic/build/demo_python_topic/build/lib/demo_python_topic/__init__.py -> /home/lyd/ROS2/chapter3_Topic/install/demo_python_topic/lib/python3.10/site-packages/demo_python_topic
[0.910s] copying /home/lyd/ROS2/chapter3_Topic/build/demo_python_topic/build/lib/demo_python_topic/moban.py -> /home/lyd/ROS2/chapter3_Topic/install/demo_python_topic/lib/python3.10/site-packages/demo_python_topic
[0.910s] copying /home/lyd/ROS2/chapter3_Topic/build/demo_python_topic/build/lib/demo_python_topic/novel_pub_node.py -> /home/lyd/ROS2/chapter3_Topic/install/demo_python_topic/lib/python3.10/site-packages/demo_python_topic
[0.910s] copying /home/lyd/ROS2/chapter3_Topic/build/demo_python_topic/build/lib/demo_python_topic/novel_sub_node.py -> /home/lyd/ROS2/chapter3_Topic/install/demo_python_topic/lib/python3.10/site-packages/demo_python_topic
[0.911s] byte-compiling /home/lyd/ROS2/chapter3_Topic/install/demo_python_topic/lib/python3.10/site-packages/demo_python_topic/__init__.py to __init__.cpython-310.pyc
[0.911s] byte-compiling /home/lyd/ROS2/chapter3_Topic/install/demo_python_topic/lib/python3.10/site-packages/demo_python_topic/moban.py to moban.cpython-310.pyc
[0.911s] byte-compiling /home/lyd/ROS2/chapter3_Topic/install/demo_python_topic/lib/python3.10/site-packages/demo_python_topic/novel_pub_node.py to novel_pub_node.cpython-310.pyc
[0.911s] byte-compiling /home/lyd/ROS2/chapter3_Topic/install/demo_python_topic/lib/python3.10/site-packages/demo_python_topic/novel_sub_node.py to novel_sub_node.cpython-310.pyc
[0.912s] running install_data
[0.912s] creating /home/lyd/ROS2/chapter3_Topic/install/demo_python_topic/share/ament_index
[0.912s] creating /home/lyd/ROS2/chapter3_Topic/install/demo_python_topic/share/ament_index/resource_index
[0.912s] creating /home/lyd/ROS2/chapter3_Topic/install/demo_python_topic/share/ament_index/resource_index/packages
[0.912s] copying resource/demo_python_topic -> /home/lyd/ROS2/chapter3_Topic/install/demo_python_topic/share/ament_index/resource_index/packages
[0.912s] copying package.xml -> /home/lyd/ROS2/chapter3_Topic/install/demo_python_topic/share/demo_python_topic
[0.912s] running install_egg_info
[0.914s] Copying ../../../build/demo_python_topic/demo_python_topic.egg-info to /home/lyd/ROS2/chapter3_Topic/install/demo_python_topic/lib/python3.10/site-packages/demo_python_topic-0.0.0-py3.10.egg-info
[0.915s] running install_scripts
[0.937s] Installing novel_pub_node script to /home/lyd/ROS2/chapter3_Topic/install/demo_python_topic/lib/demo_python_topic
[0.937s] Installing novel_sub_node script to /home/lyd/ROS2/chapter3_Topic/install/demo_python_topic/lib/demo_python_topic
[0.937s] writing list of installed files to '/home/lyd/ROS2/chapter3_Topic/build/demo_python_topic/install.log'
[0.973s] Invoked command in '/home/lyd/ROS2/chapter3_Topic/Topic_ws/src/demo_python_topic' returned '0': PYTHONPATH=/home/lyd/ROS2/chapter3_Topic/build/demo_python_topic/prefix_override:/usr/lib/python3/dist-packages/colcon_core/task/python/colcon_distutils_commands:/home/lyd/ROS2/chapter3_Topic/install/demo_python_topic/lib/python3.10/site-packages:${PYTHONPATH} /usr/bin/python3 -W ignore:setup.py install is deprecated -W ignore:easy_install command is deprecated setup.py egg_info --egg-base ../../../build/demo_python_topic build --build-base /home/lyd/ROS2/chapter3_Topic/build/demo_python_topic/build install --record /home/lyd/ROS2/chapter3_Topic/build/demo_python_topic/install.log --single-version-externally-managed install_data
