[0.011s] Invoking command in '/home/lyd/ROS2/chapter6_Simulation/chapt6_ws/build/demo_cpp_topic': CMAKE_PREFIX_PATH=${CMAKE_PREFIX_PATH}:/opt/ros/humble /usr/bin/cmake --build /home/lyd/ROS2/chapter6_Simulation/chapt6_ws/build/demo_cpp_topic -- -j4 -l4
[0.051s] -- Found ament_cmake: 1.3.11 (/opt/ros/humble/share/ament_cmake/cmake)
[0.166s] -- Found rclcpp: 16.0.12 (/opt/ros/humble/share/rclcpp/cmake)
[0.189s] -- Found rosidl_generator_c: 3.1.6 (/opt/ros/humble/share/rosidl_generator_c/cmake)
[0.191s] -- Found rosidl_adapter: 3.1.6 (/opt/ros/humble/share/rosidl_adapter/cmake)
[0.194s] -- Found rosidl_generator_cpp: 3.1.6 (/opt/ros/humble/share/rosidl_generator_cpp/cmake)
[0.201s] -- Using all available rosidl_typesupport_c: rosidl_typesupport_fastrtps_c;rosidl_typesupport_introspection_c
[0.211s] -- Using all available rosidl_typesupport_cpp: rosidl_typesupport_fastrtps_cpp;rosidl_typesupport_introspection_cpp
[0.240s] -- Found rmw_implementation_cmake: 6.1.2 (/opt/ros/humble/share/rmw_implementation_cmake/cmake)
[0.241s] -- Found rmw_fastrtps_cpp: 6.2.7 (/opt/ros/humble/share/rmw_fastrtps_cpp/cmake)
[0.325s] -- Using RMW implementation 'rmw_fastrtps_cpp' as default
[0.366s] -- Found geometry_msgs: 4.8.0 (/opt/ros/humble/share/geometry_msgs/cmake)
[0.375s] -- Found ament_lint_auto: 0.12.12 (/opt/ros/humble/share/ament_lint_auto/cmake)
[0.431s] -- Added test 'cppcheck' to perform static code analysis on C / C++ code
[0.434s] -- Configured cppcheck include dirs: 
[0.434s] -- Configured cppcheck exclude dirs and/or files: 
[0.435s] -- Added test 'lint_cmake' to check CMake code style
[0.435s] -- Added test 'uncrustify' to check C / C++ code style
[0.435s] -- Configured uncrustify additional arguments: 
[0.435s] -- Added test 'xmllint' to check XML markup files
[0.435s] -- Configuring done
[0.441s] -- Generating done
[0.444s] -- Build files have been written to: /home/lyd/ROS2/chapter6_Simulation/chapt6_ws/build/demo_cpp_topic
[0.477s] [ 50%] [32mBuilding CXX object CMakeFiles/circle_motion.dir/src/CircleMotion.cpp.o[0m
[0.640s] [01m[K/home/lyd/ROS2/chapter6_Simulation/chapt6_ws/src/demo_cpp_topic/src/CircleMotion.cpp:38:46:[m[K [01;35m[Kwarning: [m[Kcharacter constant too long for its type
[0.640s]    38 |   auto node = std::make_shared<CircleMotion>([01;35m[K'circle_motion'[m[K);
[0.640s]       |                                              [01;35m[K^~~~~~~~~~~~~~~[m[K
[2.717s] In file included from [01m[K/usr/include/x86_64-linux-gnu/c++/11/bits/c++allocator.h:33[m[K,
[2.717s]                  from [01m[K/usr/include/c++/11/bits/allocator.h:46[m[K,
[2.717s]                  from [01m[K/usr/include/c++/11/memory:64[m[K,
[2.717s]                  from [01m[K/opt/ros/humble/include/rclcpp/rclcpp/rclcpp.hpp:153[m[K,
[2.717s]                  from [01m[K/home/lyd/ROS2/chapter6_Simulation/chapt6_ws/src/demo_cpp_topic/src/CircleMotion.cpp:1[m[K:
[2.717s] /usr/include/c++/11/ext/new_allocator.h: In instantiation of ‘[01m[Kvoid __gnu_cxx::new_allocator<_Tp>::construct(_Up*, _Args&& ...) [with _Up = CircleMotion; _Args = {int}; _Tp = CircleMotion][m[K’:
[2.717s] [01m[K/usr/include/c++/11/bits/alloc_traits.h:516:17:[m[K   required from ‘[01m[Kstatic void std::allocator_traits<std::allocator<_Tp1> >::construct(std::allocator_traits<std::allocator<_Tp1> >::allocator_type&, _Up*, _Args&& ...) [with _Up = CircleMotion; _Args = {int}; _Tp = CircleMotion; std::allocator_traits<std::allocator<_Tp1> >::allocator_type = std::allocator<CircleMotion>][m[K’
[2.717s] [01m[K/usr/include/c++/11/bits/shared_ptr_base.h:519:39:[m[K   required from ‘[01m[Kstd::_Sp_counted_ptr_inplace<_Tp, _Alloc, _Lp>::_Sp_counted_ptr_inplace(_Alloc, _Args&& ...) [with _Args = {int}; _Tp = CircleMotion; _Alloc = std::allocator<CircleMotion>; __gnu_cxx::_Lock_policy _Lp = __gnu_cxx::_S_atomic][m[K’
[2.717s] [01m[K/usr/include/c++/11/bits/shared_ptr_base.h:650:16:[m[K   required from ‘[01m[Kstd::__shared_count<_Lp>::__shared_count(_Tp*&, std::_Sp_alloc_shared_tag<_Alloc>, _Args&& ...) [with _Tp = CircleMotion; _Alloc = std::allocator<CircleMotion>; _Args = {int}; __gnu_cxx::_Lock_policy _Lp = __gnu_cxx::_S_atomic][m[K’
[2.717s] [01m[K/usr/include/c++/11/bits/shared_ptr_base.h:1342:14:[m[K   required from ‘[01m[Kstd::__shared_ptr<_Tp, _Lp>::__shared_ptr(std::_Sp_alloc_shared_tag<_Tp>, _Args&& ...) [with _Alloc = std::allocator<CircleMotion>; _Args = {int}; _Tp = CircleMotion; __gnu_cxx::_Lock_policy _Lp = __gnu_cxx::_S_atomic][m[K’
[2.717s] [01m[K/usr/include/c++/11/bits/shared_ptr.h:409:59:[m[K   required from ‘[01m[Kstd::shared_ptr<_Tp>::shared_ptr(std::_Sp_alloc_shared_tag<_Tp>, _Args&& ...) [with _Alloc = std::allocator<CircleMotion>; _Args = {int}; _Tp = CircleMotion][m[K’
[2.717s] [01m[K/usr/include/c++/11/bits/shared_ptr.h:862:14:[m[K   required from ‘[01m[Kstd::shared_ptr<_Tp> std::allocate_shared(const _Alloc&, _Args&& ...) [with _Tp = CircleMotion; _Alloc = std::allocator<CircleMotion>; _Args = {int}][m[K’
[2.717s] [01m[K/usr/include/c++/11/bits/shared_ptr.h:878:39:[m[K   required from ‘[01m[Kstd::shared_ptr<_Tp> std::make_shared(_Args&& ...) [with _Tp = CircleMotion; _Args = {int}][m[K’
[2.717s] [01m[K/home/lyd/ROS2/chapter6_Simulation/chapt6_ws/src/demo_cpp_topic/src/CircleMotion.cpp:38:45:[m[K   required from here
[2.717s] [01m[K/usr/include/c++/11/ext/new_allocator.h:162:11:[m[K [01;31m[Kerror: [m[Kno matching function for call to ‘[01m[KCircleMotion::CircleMotion(int)[m[K’
[2.718s]   162 |         { [01;31m[K::new((void *)__p) _Up(std::forward<_Args>(__args)...)[m[K; }
[2.718s]       |           [01;31m[K^~~~~~~~~~~~~~~~~~~~~~~~~~~~~~~~~~~~~~~~~~~~~~~~~~~~~~[m[K
[2.718s] [01m[K/home/lyd/ROS2/chapter6_Simulation/chapt6_ws/src/demo_cpp_topic/src/CircleMotion.cpp:10:12:[m[K [01;36m[Knote: [m[Kcandidate: ‘[01m[KCircleMotion::CircleMotion(const string&)[m[K’
[2.718s]    10 |   explicit [01;36m[KCircleMotion[m[K(const std::string& node_name) : Node(node_name)
[2.718s]       |            [01;36m[K^~~~~~~~~~~~[m[K
[2.718s] [01m[K/home/lyd/ROS2/chapter6_Simulation/chapt6_ws/src/demo_cpp_topic/src/CircleMotion.cpp:10:44:[m[K [01;36m[Knote: [m[K  no known conversion for argument 1 from ‘[01m[Kint[m[K’ to ‘[01m[Kconst string&[m[K’ {aka ‘[01m[Kconst std::__cxx11::basic_string<char>&[m[K’}
[2.718s]    10 |   explicit CircleMotion([01;36m[Kconst std::string& node_name[m[K) : Node(node_name)
[2.718s]       |                         [01;36m[K~~~~~~~~~~~~~~~~~~~^~~~~~~~~[m[K
[2.957s] gmake[2]: *** [CMakeFiles/circle_motion.dir/build.make:76：CMakeFiles/circle_motion.dir/src/CircleMotion.cpp.o] 错误 1
[2.957s] gmake[1]: *** [CMakeFiles/Makefile2:137：CMakeFiles/circle_motion.dir/all] 错误 2
[2.957s] gmake: *** [Makefile:146：all] 错误 2
[2.960s] Invoked command in '/home/lyd/ROS2/chapter6_Simulation/chapt6_ws/build/demo_cpp_topic' returned '2': CMAKE_PREFIX_PATH=${CMAKE_PREFIX_PATH}:/opt/ros/humble /usr/bin/cmake --build /home/lyd/ROS2/chapter6_Simulation/chapt6_ws/build/demo_cpp_topic -- -j4 -l4
