[35m[1mConsolidate compiler generated dependencies of target circle_motion[0m
[ 50%] [32mBuilding CXX object CMakeFiles/circle_motion.dir/src/CircleMotion.cpp.o[0m
[100%] [32m[1mLinking CXX executable circle_motion[0m
[100%] Built target circle_motion
-- Install configuration: ""
-- Installing: /home/lyd/ROS2/chapter6_Simulation/chapt6_ws/install/demo_cpp_topic/lib/demo_cpp_topic/circle_motion
-- Set runtime path of "/home/lyd/ROS2/chapter6_Simulation/chapt6_ws/install/demo_cpp_topic/lib/demo_cpp_topic/circle_motion" to ""
-- Installing: /home/lyd/ROS2/chapter6_Simulation/chapt6_ws/install/demo_cpp_topic/share/ament_index/resource_index/package_run_dependencies/demo_cpp_topic
-- Installing: /home/lyd/ROS2/chapter6_Simulation/chapt6_ws/install/demo_cpp_topic/share/ament_index/resource_index/parent_prefix_path/demo_cpp_topic
-- Installing: /home/lyd/ROS2/chapter6_Simulation/chapt6_ws/install/demo_cpp_topic/share/demo_cpp_topic/environment/ament_prefix_path.sh
-- Installing: /home/lyd/ROS2/chapter6_Simulation/chapt6_ws/install/demo_cpp_topic/share/demo_cpp_topic/environment/ament_prefix_path.dsv
-- Installing: /home/lyd/ROS2/chapter6_Simulation/chapt6_ws/install/demo_cpp_topic/share/demo_cpp_topic/environment/path.sh
-- Installing: /home/lyd/ROS2/chapter6_Simulation/chapt6_ws/install/demo_cpp_topic/share/demo_cpp_topic/environment/path.dsv
-- Installing: /home/lyd/ROS2/chapter6_Simulation/chapt6_ws/install/demo_cpp_topic/share/demo_cpp_topic/local_setup.bash
-- Installing: /home/lyd/ROS2/chapter6_Simulation/chapt6_ws/install/demo_cpp_topic/share/demo_cpp_topic/local_setup.sh
-- Installing: /home/lyd/ROS2/chapter6_Simulation/chapt6_ws/install/demo_cpp_topic/share/demo_cpp_topic/local_setup.zsh
-- Installing: /home/lyd/ROS2/chapter6_Simulation/chapt6_ws/install/demo_cpp_topic/share/demo_cpp_topic/local_setup.dsv
-- Installing: /home/lyd/ROS2/chapter6_Simulation/chapt6_ws/install/demo_cpp_topic/share/demo_cpp_topic/package.dsv
-- Installing: /home/lyd/ROS2/chapter6_Simulation/chapt6_ws/install/demo_cpp_topic/share/ament_index/resource_index/packages/demo_cpp_topic
-- Installing: /home/lyd/ROS2/chapter6_Simulation/chapt6_ws/install/demo_cpp_topic/share/demo_cpp_topic/cmake/demo_cpp_topicConfig.cmake
-- Installing: /home/lyd/ROS2/chapter6_Simulation/chapt6_ws/install/demo_cpp_topic/share/demo_cpp_topic/cmake/demo_cpp_topicConfig-version.cmake
-- Installing: /home/lyd/ROS2/chapter6_Simulation/chapt6_ws/install/demo_cpp_topic/share/demo_cpp_topic/package.xml
