[0.146s] DEBUG:colcon:Command line arguments: ['/usr/bin/colcon', 'build']
[0.146s] DEBUG:colcon:Parsed command line arguments: Namespace(log_base=None, log_level=None, verb_name='build', build_base='build', install_base='install', merge_install=False, symlink_install=False, test_result_base=None, continue_on_error=False, executor='parallel', parallel_workers=4, event_handlers=None, ignore_user_meta=False, metas=['./colcon.meta'], base_paths=['.'], packages_ignore=None, packages_ignore_regex=None, paths=None, packages_up_to=None, packages_up_to_regex=None, packages_above=None, packages_above_and_dependencies=None, packages_above_depth=None, packages_select_by_dep=None, packages_skip_by_dep=None, packages_skip_up_to=None, packages_select_build_failed=False, packages_skip_build_finished=False, packages_select_test_failures=False, packages_skip_test_passed=False, packages_select=None, packages_skip=None, packages_select_regex=None, packages_skip_regex=None, packages_start=None, packages_end=None, allow_overriding=[], cmake_args=None, cmake_target=None, cmake_target_skip_unavailable=False, cmake_clean_cache=False, cmake_clean_first=False, cmake_force_configure=False, ament_cmake_args=None, catkin_cmake_args=None, catkin_skip_building_tests=False, verb_parser=<colcon_defaults.argument_parser.defaults.DefaultArgumentsDecorator object at 0x73ada3727070>, verb_extension=<colcon_core.verb.build.BuildVerb object at 0x73ada38684c0>, main=<bound method BuildVerb.main of <colcon_core.verb.build.BuildVerb object at 0x73ada38684c0>>)
[0.314s] Level 1:colcon.colcon_core.package_discovery:discover_packages(colcon_meta) check parameters
[0.314s] Level 1:colcon.colcon_core.package_discovery:discover_packages(recursive) check parameters
[0.314s] Level 1:colcon.colcon_core.package_discovery:discover_packages(ignore) check parameters
[0.314s] Level 1:colcon.colcon_core.package_discovery:discover_packages(path) check parameters
[0.314s] Level 1:colcon.colcon_core.package_discovery:discover_packages(colcon_meta) discover
[0.314s] Level 1:colcon.colcon_core.package_discovery:discover_packages(recursive) discover
[0.314s] INFO:colcon.colcon_core.package_discovery:Crawling recursively for packages in '/home/lyd/ROS2/chapter3_Topic'
[0.314s] Level 1:colcon.colcon_core.package_identification:_identify(.) by extensions ['ignore', 'ignore_ament_install']
[0.314s] Level 1:colcon.colcon_core.package_identification:_identify(.) by extension 'ignore'
[0.314s] Level 1:colcon.colcon_core.package_identification:_identify(.) by extension 'ignore_ament_install'
[0.314s] Level 1:colcon.colcon_core.package_identification:_identify(.) by extensions ['colcon_pkg']
[0.314s] Level 1:colcon.colcon_core.package_identification:_identify(.) by extension 'colcon_pkg'
[0.314s] Level 1:colcon.colcon_core.package_identification:_identify(.) by extensions ['colcon_meta']
[0.314s] Level 1:colcon.colcon_core.package_identification:_identify(.) by extension 'colcon_meta'
[0.314s] Level 1:colcon.colcon_core.package_identification:_identify(.) by extensions ['ros']
[0.314s] Level 1:colcon.colcon_core.package_identification:_identify(.) by extension 'ros'
[0.334s] Level 1:colcon.colcon_core.package_identification:_identify(.) by extensions ['cmake', 'python']
[0.334s] Level 1:colcon.colcon_core.package_identification:_identify(.) by extension 'cmake'
[0.334s] Level 1:colcon.colcon_core.package_identification:_identify(.) by extension 'python'
[0.334s] Level 1:colcon.colcon_core.package_identification:_identify(.) by extensions ['python_setup_py']
[0.334s] Level 1:colcon.colcon_core.package_identification:_identify(.) by extension 'python_setup_py'
[0.334s] Level 1:colcon.colcon_core.package_identification:_identify(Topic_ws) by extensions ['ignore', 'ignore_ament_install']
[0.334s] Level 1:colcon.colcon_core.package_identification:_identify(Topic_ws) by extension 'ignore'
[0.335s] Level 1:colcon.colcon_core.package_identification:_identify(Topic_ws) by extension 'ignore_ament_install'
[0.335s] Level 1:colcon.colcon_core.package_identification:_identify(Topic_ws) by extensions ['colcon_pkg']
[0.335s] Level 1:colcon.colcon_core.package_identification:_identify(Topic_ws) by extension 'colcon_pkg'
[0.335s] Level 1:colcon.colcon_core.package_identification:_identify(Topic_ws) by extensions ['colcon_meta']
[0.335s] Level 1:colcon.colcon_core.package_identification:_identify(Topic_ws) by extension 'colcon_meta'
[0.335s] Level 1:colcon.colcon_core.package_identification:_identify(Topic_ws) by extensions ['ros']
[0.335s] Level 1:colcon.colcon_core.package_identification:_identify(Topic_ws) by extension 'ros'
[0.335s] Level 1:colcon.colcon_core.package_identification:_identify(Topic_ws) by extensions ['cmake', 'python']
[0.335s] Level 1:colcon.colcon_core.package_identification:_identify(Topic_ws) by extension 'cmake'
[0.335s] Level 1:colcon.colcon_core.package_identification:_identify(Topic_ws) by extension 'python'
[0.335s] Level 1:colcon.colcon_core.package_identification:_identify(Topic_ws) by extensions ['python_setup_py']
[0.335s] Level 1:colcon.colcon_core.package_identification:_identify(Topic_ws) by extension 'python_setup_py'
[0.335s] Level 1:colcon.colcon_core.package_identification:_identify(Topic_ws/build) by extensions ['ignore', 'ignore_ament_install']
[0.335s] Level 1:colcon.colcon_core.package_identification:_identify(Topic_ws/build) by extension 'ignore'
[0.335s] Level 1:colcon.colcon_core.package_identification:_identify(Topic_ws/build) ignored
[0.335s] Level 1:colcon.colcon_core.package_identification:_identify(Topic_ws/install) by extensions ['ignore', 'ignore_ament_install']
[0.335s] Level 1:colcon.colcon_core.package_identification:_identify(Topic_ws/install) by extension 'ignore'
[0.335s] Level 1:colcon.colcon_core.package_identification:_identify(Topic_ws/install) ignored
[0.335s] Level 1:colcon.colcon_core.package_identification:_identify(Topic_ws/log) by extensions ['ignore', 'ignore_ament_install']
[0.335s] Level 1:colcon.colcon_core.package_identification:_identify(Topic_ws/log) by extension 'ignore'
[0.335s] Level 1:colcon.colcon_core.package_identification:_identify(Topic_ws/log) ignored
[0.335s] Level 1:colcon.colcon_core.package_identification:_identify(Topic_ws/src) by extensions ['ignore', 'ignore_ament_install']
[0.335s] Level 1:colcon.colcon_core.package_identification:_identify(Topic_ws/src) by extension 'ignore'
[0.336s] Level 1:colcon.colcon_core.package_identification:_identify(Topic_ws/src) by extension 'ignore_ament_install'
[0.336s] Level 1:colcon.colcon_core.package_identification:_identify(Topic_ws/src) by extensions ['colcon_pkg']
[0.336s] Level 1:colcon.colcon_core.package_identification:_identify(Topic_ws/src) by extension 'colcon_pkg'
[0.336s] Level 1:colcon.colcon_core.package_identification:_identify(Topic_ws/src) by extensions ['colcon_meta']
[0.336s] Level 1:colcon.colcon_core.package_identification:_identify(Topic_ws/src) by extension 'colcon_meta'
[0.336s] Level 1:colcon.colcon_core.package_identification:_identify(Topic_ws/src) by extensions ['ros']
[0.336s] Level 1:colcon.colcon_core.package_identification:_identify(Topic_ws/src) by extension 'ros'
[0.336s] Level 1:colcon.colcon_core.package_identification:_identify(Topic_ws/src) by extensions ['cmake', 'python']
[0.336s] Level 1:colcon.colcon_core.package_identification:_identify(Topic_ws/src) by extension 'cmake'
[0.336s] Level 1:colcon.colcon_core.package_identification:_identify(Topic_ws/src) by extension 'python'
[0.336s] Level 1:colcon.colcon_core.package_identification:_identify(Topic_ws/src) by extensions ['python_setup_py']
[0.336s] Level 1:colcon.colcon_core.package_identification:_identify(Topic_ws/src) by extension 'python_setup_py'
[0.336s] Level 1:colcon.colcon_core.package_identification:_identify(Topic_ws/src/demo_python_topic) by extensions ['ignore', 'ignore_ament_install']
[0.336s] Level 1:colcon.colcon_core.package_identification:_identify(Topic_ws/src/demo_python_topic) by extension 'ignore'
[0.336s] Level 1:colcon.colcon_core.package_identification:_identify(Topic_ws/src/demo_python_topic) by extension 'ignore_ament_install'
[0.336s] Level 1:colcon.colcon_core.package_identification:_identify(Topic_ws/src/demo_python_topic) by extensions ['colcon_pkg']
[0.336s] Level 1:colcon.colcon_core.package_identification:_identify(Topic_ws/src/demo_python_topic) by extension 'colcon_pkg'
[0.336s] Level 1:colcon.colcon_core.package_identification:_identify(Topic_ws/src/demo_python_topic) by extensions ['colcon_meta']
[0.336s] Level 1:colcon.colcon_core.package_identification:_identify(Topic_ws/src/demo_python_topic) by extension 'colcon_meta'
[0.336s] Level 1:colcon.colcon_core.package_identification:_identify(Topic_ws/src/demo_python_topic) by extensions ['ros']
[0.336s] Level 1:colcon.colcon_core.package_identification:_identify(Topic_ws/src/demo_python_topic) by extension 'ros'
[0.340s] DEBUG:colcon.colcon_core.package_identification:Package 'Topic_ws/src/demo_python_topic' with type 'ros.ament_python' and name 'demo_python_topic'
[0.340s] Level 1:colcon.colcon_core.package_identification:_identify(build) by extensions ['ignore', 'ignore_ament_install']
[0.340s] Level 1:colcon.colcon_core.package_identification:_identify(build) by extension 'ignore'
[0.340s] Level 1:colcon.colcon_core.package_identification:_identify(build) ignored
[0.340s] Level 1:colcon.colcon_core.package_identification:_identify(install) by extensions ['ignore', 'ignore_ament_install']
[0.340s] Level 1:colcon.colcon_core.package_identification:_identify(install) by extension 'ignore'
[0.340s] Level 1:colcon.colcon_core.package_identification:_identify(install) ignored
[0.340s] Level 1:colcon.colcon_core.package_identification:_identify(log) by extensions ['ignore', 'ignore_ament_install']
[0.340s] Level 1:colcon.colcon_core.package_identification:_identify(log) by extension 'ignore'
[0.340s] Level 1:colcon.colcon_core.package_identification:_identify(log) ignored
[0.341s] Level 1:colcon.colcon_core.package_discovery:discover_packages(recursive) using defaults
[0.341s] Level 1:colcon.colcon_core.package_discovery:discover_packages(ignore) discover
[0.341s] Level 1:colcon.colcon_core.package_discovery:discover_packages(ignore) using defaults
[0.341s] Level 1:colcon.colcon_core.package_discovery:discover_packages(path) discover
[0.341s] Level 1:colcon.colcon_core.package_discovery:discover_packages(path) using defaults
[0.366s] Level 1:colcon.colcon_core.package_discovery:discover_packages(prefix_path) check parameters
[0.366s] Level 1:colcon.colcon_core.package_discovery:discover_packages(prefix_path) discover
[0.370s] DEBUG:colcon.colcon_installed_package_information.package_discovery:Found 271 installed packages in /opt/ros/humble
[0.373s] Level 1:colcon.colcon_core.package_discovery:discover_packages(prefix_path) using defaults
[0.418s] Level 5:colcon.colcon_core.verb:set package 'demo_python_topic' build argument 'cmake_args' from command line to 'None'
[0.418s] Level 5:colcon.colcon_core.verb:set package 'demo_python_topic' build argument 'cmake_target' from command line to 'None'
[0.418s] Level 5:colcon.colcon_core.verb:set package 'demo_python_topic' build argument 'cmake_target_skip_unavailable' from command line to 'False'
[0.418s] Level 5:colcon.colcon_core.verb:set package 'demo_python_topic' build argument 'cmake_clean_cache' from command line to 'False'
[0.418s] Level 5:colcon.colcon_core.verb:set package 'demo_python_topic' build argument 'cmake_clean_first' from command line to 'False'
[0.418s] Level 5:colcon.colcon_core.verb:set package 'demo_python_topic' build argument 'cmake_force_configure' from command line to 'False'
[0.418s] Level 5:colcon.colcon_core.verb:set package 'demo_python_topic' build argument 'ament_cmake_args' from command line to 'None'
[0.418s] Level 5:colcon.colcon_core.verb:set package 'demo_python_topic' build argument 'catkin_cmake_args' from command line to 'None'
[0.418s] Level 5:colcon.colcon_core.verb:set package 'demo_python_topic' build argument 'catkin_skip_building_tests' from command line to 'False'
[0.418s] DEBUG:colcon.colcon_core.verb:Building package 'demo_python_topic' with the following arguments: {'ament_cmake_args': None, 'build_base': '/home/lyd/ROS2/chapter3_Topic/build/demo_python_topic', 'catkin_cmake_args': None, 'catkin_skip_building_tests': False, 'cmake_args': None, 'cmake_clean_cache': False, 'cmake_clean_first': False, 'cmake_force_configure': False, 'cmake_target': None, 'cmake_target_skip_unavailable': False, 'install_base': '/home/lyd/ROS2/chapter3_Topic/install/demo_python_topic', 'merge_install': False, 'path': '/home/lyd/ROS2/chapter3_Topic/Topic_ws/src/demo_python_topic', 'symlink_install': False, 'test_result_base': None}
[0.418s] INFO:colcon.colcon_core.executor:Executing jobs using 'parallel' executor
[0.420s] DEBUG:colcon.colcon_parallel_executor.executor.parallel:run_until_complete
[0.420s] INFO:colcon.colcon_ros.task.ament_python.build:Building ROS package in '/home/lyd/ROS2/chapter3_Topic/Topic_ws/src/demo_python_topic' with build type 'ament_python'
[0.420s] Level 1:colcon.colcon_core.shell:create_environment_hook('demo_python_topic', 'ament_prefix_path')
[0.424s] INFO:colcon.colcon_core.plugin_system:Skipping extension 'colcon_core.shell.bat': Not used on non-Windows systems
[0.425s] INFO:colcon.colcon_core.shell:Creating environment hook '/home/lyd/ROS2/chapter3_Topic/install/demo_python_topic/share/demo_python_topic/hook/ament_prefix_path.ps1'
[0.426s] INFO:colcon.colcon_core.shell:Creating environment descriptor '/home/lyd/ROS2/chapter3_Topic/install/demo_python_topic/share/demo_python_topic/hook/ament_prefix_path.dsv'
[0.426s] INFO:colcon.colcon_core.shell:Creating environment hook '/home/lyd/ROS2/chapter3_Topic/install/demo_python_topic/share/demo_python_topic/hook/ament_prefix_path.sh'
[0.427s] INFO:colcon.colcon_core.shell:Skip shell extension 'powershell' for command environment: Not usable outside of PowerShell
[0.427s] DEBUG:colcon.colcon_core.shell:Skip shell extension 'dsv' for command environment
[0.675s] INFO:colcon.colcon_core.task.python.build:Building Python package in '/home/lyd/ROS2/chapter3_Topic/Topic_ws/src/demo_python_topic'
[0.675s] INFO:colcon.colcon_core.shell:Skip shell extension 'powershell' for command environment: Not usable outside of PowerShell
[0.675s] DEBUG:colcon.colcon_core.shell:Skip shell extension 'dsv' for command environment
[1.096s] DEBUG:colcon.colcon_core.event_handler.log_command:Invoking command in '/home/lyd/ROS2/chapter3_Topic/Topic_ws/src/demo_python_topic': PYTHONPATH=/home/lyd/ROS2/chapter3_Topic/build/demo_python_topic/prefix_override:/usr/lib/python3/dist-packages/colcon_core/task/python/colcon_distutils_commands:/home/lyd/ROS2/chapter3_Topic/install/demo_python_topic/lib/python3.10/site-packages:${PYTHONPATH} /usr/bin/python3 -W ignore:setup.py install is deprecated -W ignore:easy_install command is deprecated setup.py egg_info --egg-base ../../../build/demo_python_topic build --build-base /home/lyd/ROS2/chapter3_Topic/build/demo_python_topic/build install --record /home/lyd/ROS2/chapter3_Topic/build/demo_python_topic/install.log --single-version-externally-managed install_data
[1.393s] DEBUG:colcon.colcon_core.event_handler.log_command:Invoked command in '/home/lyd/ROS2/chapter3_Topic/Topic_ws/src/demo_python_topic' returned '0': PYTHONPATH=/home/lyd/ROS2/chapter3_Topic/build/demo_python_topic/prefix_override:/usr/lib/python3/dist-packages/colcon_core/task/python/colcon_distutils_commands:/home/lyd/ROS2/chapter3_Topic/install/demo_python_topic/lib/python3.10/site-packages:${PYTHONPATH} /usr/bin/python3 -W ignore:setup.py install is deprecated -W ignore:easy_install command is deprecated setup.py egg_info --egg-base ../../../build/demo_python_topic build --build-base /home/lyd/ROS2/chapter3_Topic/build/demo_python_topic/build install --record /home/lyd/ROS2/chapter3_Topic/build/demo_python_topic/install.log --single-version-externally-managed install_data
[1.402s] Level 1:colcon.colcon_core.environment:checking '/home/lyd/ROS2/chapter3_Topic/install/demo_python_topic' for CMake module files
[1.402s] Level 1:colcon.colcon_core.environment:checking '/home/lyd/ROS2/chapter3_Topic/install/demo_python_topic' for CMake config files
[1.403s] Level 1:colcon.colcon_core.environment:checking '/home/lyd/ROS2/chapter3_Topic/install/demo_python_topic/lib'
[1.403s] Level 1:colcon.colcon_core.environment:checking '/home/lyd/ROS2/chapter3_Topic/install/demo_python_topic/bin'
[1.403s] Level 1:colcon.colcon_core.environment:checking '/home/lyd/ROS2/chapter3_Topic/install/demo_python_topic/lib/pkgconfig/demo_python_topic.pc'
[1.404s] Level 1:colcon.colcon_core.environment:checking '/home/lyd/ROS2/chapter3_Topic/install/demo_python_topic/lib/python3.10/site-packages'
[1.404s] Level 1:colcon.colcon_core.shell:create_environment_hook('demo_python_topic', 'pythonpath')
[1.404s] INFO:colcon.colcon_core.shell:Creating environment hook '/home/lyd/ROS2/chapter3_Topic/install/demo_python_topic/share/demo_python_topic/hook/pythonpath.ps1'
[1.405s] INFO:colcon.colcon_core.shell:Creating environment descriptor '/home/lyd/ROS2/chapter3_Topic/install/demo_python_topic/share/demo_python_topic/hook/pythonpath.dsv'
[1.405s] INFO:colcon.colcon_core.shell:Creating environment hook '/home/lyd/ROS2/chapter3_Topic/install/demo_python_topic/share/demo_python_topic/hook/pythonpath.sh'
[1.406s] Level 1:colcon.colcon_core.environment:checking '/home/lyd/ROS2/chapter3_Topic/install/demo_python_topic/bin'
[1.406s] Level 1:colcon.colcon_core.environment:create_environment_scripts_only(demo_python_topic)
[1.406s] INFO:colcon.colcon_core.shell:Creating package script '/home/lyd/ROS2/chapter3_Topic/install/demo_python_topic/share/demo_python_topic/package.ps1'
[1.408s] INFO:colcon.colcon_core.shell:Creating package descriptor '/home/lyd/ROS2/chapter3_Topic/install/demo_python_topic/share/demo_python_topic/package.dsv'
[1.408s] INFO:colcon.colcon_core.shell:Creating package script '/home/lyd/ROS2/chapter3_Topic/install/demo_python_topic/share/demo_python_topic/package.sh'
[1.409s] INFO:colcon.colcon_core.shell:Creating package script '/home/lyd/ROS2/chapter3_Topic/install/demo_python_topic/share/demo_python_topic/package.bash'
[1.410s] INFO:colcon.colcon_core.shell:Creating package script '/home/lyd/ROS2/chapter3_Topic/install/demo_python_topic/share/demo_python_topic/package.zsh'
[1.411s] Level 1:colcon.colcon_core.environment:create_file_with_runtime_dependencies(/home/lyd/ROS2/chapter3_Topic/install/demo_python_topic/share/colcon-core/packages/demo_python_topic)
[1.411s] DEBUG:colcon.colcon_parallel_executor.executor.parallel:closing loop
[1.412s] DEBUG:colcon.colcon_parallel_executor.executor.parallel:loop closed
[1.412s] DEBUG:colcon.colcon_parallel_executor.executor.parallel:run_until_complete finished with '0'
[1.412s] DEBUG:colcon.colcon_core.event_reactor:joining thread
[1.422s] INFO:colcon.colcon_core.plugin_system:Skipping extension 'colcon_notification.desktop_notification.terminal_notifier': Not used on non-Darwin systems
[1.422s] INFO:colcon.colcon_core.plugin_system:Skipping extension 'colcon_notification.desktop_notification.win32': Not used on non-Windows systems
[1.422s] INFO:colcon.colcon_notification.desktop_notification:Sending desktop notification using 'notify2'
[1.463s] DEBUG:colcon.colcon_core.event_reactor:joined thread
[1.464s] INFO:colcon.colcon_core.shell:Creating prefix script '/home/lyd/ROS2/chapter3_Topic/install/local_setup.ps1'
[1.467s] INFO:colcon.colcon_core.shell:Creating prefix util module '/home/lyd/ROS2/chapter3_Topic/install/_local_setup_util_ps1.py'
[1.468s] INFO:colcon.colcon_core.shell:Creating prefix chain script '/home/lyd/ROS2/chapter3_Topic/install/setup.ps1'
[1.473s] INFO:colcon.colcon_core.shell:Creating prefix script '/home/lyd/ROS2/chapter3_Topic/install/local_setup.sh'
[1.474s] INFO:colcon.colcon_core.shell:Creating prefix util module '/home/lyd/ROS2/chapter3_Topic/install/_local_setup_util_sh.py'
[1.474s] INFO:colcon.colcon_core.shell:Creating prefix chain script '/home/lyd/ROS2/chapter3_Topic/install/setup.sh'
[1.475s] INFO:colcon.colcon_core.shell:Creating prefix script '/home/lyd/ROS2/chapter3_Topic/install/local_setup.bash'
[1.477s] INFO:colcon.colcon_core.shell:Creating prefix chain script '/home/lyd/ROS2/chapter3_Topic/install/setup.bash'
[1.480s] INFO:colcon.colcon_core.shell:Creating prefix script '/home/lyd/ROS2/chapter3_Topic/install/local_setup.zsh'
[1.481s] INFO:colcon.colcon_core.shell:Creating prefix chain script '/home/lyd/ROS2/chapter3_Topic/install/setup.zsh'
