[0.016s] Invoking command in '/home/lyd/ROS2/chapter3_Topic/topic_practice_ws/build/status_interfaces': CMAKE_PREFIX_PATH=/opt/ros/humble /usr/bin/cmake /home/lyd/ROS2/chapter3_Topic/topic_practice_ws/src/status_interfaces -DCMAKE_INSTALL_PREFIX=/home/lyd/ROS2/chapter3_Topic/topic_practice_ws/install/status_interfaces
[0.100s] -- The C compiler identification is GNU 11.4.0
[0.175s] -- The CXX compiler identification is GNU 11.4.0
[0.186s] -- Detecting C compiler ABI info
[0.275s] -- Detecting C compiler ABI info - done
[0.280s] -- Check for working C compiler: /usr/bin/cc - skipped
[0.281s] -- Detecting C compile features
[0.282s] -- Detecting C compile features - done
[0.286s] -- Detecting CXX compiler ABI info
[0.383s] -- Detecting CXX compiler ABI info - done
[0.388s] -- Check for working CXX compiler: /usr/bin/c++ - skipped
[0.388s] -- Detecting CXX compile features
[0.389s] -- Detecting CXX compile features - done
[0.396s] -- Found ament_cmake: 1.3.11 (/opt/ros/humble/share/ament_cmake/cmake)
[0.540s] -- Found Python3: /usr/bin/python3 (found version "3.10.12") found components: Interpreter 
[0.652s] -- Found rosidl_default_generators: 1.2.0 (/opt/ros/humble/share/rosidl_default_generators/cmake)
[0.659s] -- Using all available rosidl_typesupport_c: rosidl_typesupport_fastrtps_c;rosidl_typesupport_introspection_c
[0.667s] -- Found rosidl_adapter: 3.1.6 (/opt/ros/humble/share/rosidl_adapter/cmake)
[0.731s] -- Using all available rosidl_typesupport_cpp: rosidl_typesupport_fastrtps_cpp;rosidl_typesupport_introspection_cpp
[0.784s] -- Found builtin_interfaces: 1.2.1 (/opt/ros/humble/share/builtin_interfaces/cmake)
[1.060s] -- Found ament_cmake_ros: 0.10.0 (/opt/ros/humble/share/ament_cmake_ros/cmake)
[1.259s] -- Using all available rosidl_typesupport_c: rosidl_typesupport_fastrtps_c;rosidl_typesupport_introspection_c
[1.515s] -- Using all available rosidl_typesupport_cpp: rosidl_typesupport_fastrtps_cpp;rosidl_typesupport_introspection_cpp
[1.539s] -- Found PythonInterp: /usr/bin/python3 (found suitable version "3.10.12", minimum required is "3.6") 
[1.541s] -- Found python_cmake_module: 0.10.0 (/opt/ros/humble/share/python_cmake_module/cmake)
[1.576s] -- Found PythonLibs: /usr/lib/x86_64-linux-gnu/libpython3.10.so (found suitable version "3.10.12", minimum required is "3.5") 
[1.576s] -- Using PYTHON_EXECUTABLE: /usr/bin/python3
[1.576s] -- Using PYTHON_INCLUDE_DIRS: /usr/include/python3.10
[1.576s] -- Using PYTHON_LIBRARIES: /usr/lib/x86_64-linux-gnu/libpython3.10.so
[1.597s] -- Found PythonExtra: .so  
[1.638s] -- Found ament_lint_auto: 0.12.12 (/opt/ros/humble/share/ament_lint_auto/cmake)
[1.676s] -- Added test 'lint_cmake' to check CMake code style
[1.677s] -- Added test 'xmllint' to check XML markup files
[1.681s] -- Configuring done
[1.710s] -- Generating done
[1.721s] -- Build files have been written to: /home/lyd/ROS2/chapter3_Topic/topic_practice_ws/build/status_interfaces
[1.734s] Invoked command in '/home/lyd/ROS2/chapter3_Topic/topic_practice_ws/build/status_interfaces' returned '0': CMAKE_PREFIX_PATH=/opt/ros/humble /usr/bin/cmake /home/lyd/ROS2/chapter3_Topic/topic_practice_ws/src/status_interfaces -DCMAKE_INSTALL_PREFIX=/home/lyd/ROS2/chapter3_Topic/topic_practice_ws/install/status_interfaces
[1.735s] Invoking command in '/home/lyd/ROS2/chapter3_Topic/topic_practice_ws/build/status_interfaces': CMAKE_PREFIX_PATH=/opt/ros/humble /usr/bin/cmake --build /home/lyd/ROS2/chapter3_Topic/topic_practice_ws/build/status_interfaces -- -j4 -l4
[1.789s] [  3%] [34m[1mGenerating C code for ROS interfaces[0m
[1.802s] [  6%] [34m[1mGenerating C++ code for ROS interfaces[0m
[1.811s] [  6%] Built target ament_cmake_python_copy_status_interfaces
[2.107s] running egg_info
[2.111s] creating status_interfaces.egg-info
[2.111s] writing status_interfaces.egg-info/PKG-INFO
[2.111s] writing dependency_links to status_interfaces.egg-info/dependency_links.txt
[2.111s] writing top-level names to status_interfaces.egg-info/top_level.txt
[2.111s] writing manifest file 'status_interfaces.egg-info/SOURCES.txt'
[2.129s] reading manifest file 'status_interfaces.egg-info/SOURCES.txt'
[2.129s] writing manifest file 'status_interfaces.egg-info/SOURCES.txt'
[2.168s] [  6%] Built target ament_cmake_python_build_status_interfaces_egg
[2.212s] [  9%] [32mBuilding C object CMakeFiles/status_interfaces__rosidl_generator_c.dir/rosidl_generator_c/status_interfaces/msg/detail/system_status__functions.c.o[0m
[2.221s] [  9%] Built target status_interfaces__cpp
[2.233s] [ 12%] [34m[1mGenerating C++ type support for eProsima Fast-RTPS[0m
[2.234s] [ 16%] [34m[1mGenerating C++ type support dispatch for ROS interfaces[0m
[2.248s] [ 19%] [34m[1mGenerating C++ introspection for ROS interfaces[0m
[2.324s] [ 22%] [32m[1mLinking C shared library libstatus_interfaces__rosidl_generator_c.so[0m
[2.408s] [ 22%] Built target status_interfaces__rosidl_generator_c
[2.432s] [ 25%] [34m[1mGenerating C type support for eProsima Fast-RTPS[0m
[2.661s] [ 29%] [32mBuilding CXX object CMakeFiles/status_interfaces__rosidl_typesupport_cpp.dir/rosidl_typesupport_cpp/status_interfaces/msg/system_status__type_support.cpp.o[0m
[2.688s] [ 32%] [32mBuilding CXX object CMakeFiles/status_interfaces__rosidl_typesupport_fastrtps_cpp.dir/rosidl_typesupport_fastrtps_cpp/status_interfaces/msg/detail/dds_fastrtps/system_status__type_support.cpp.o[0m
[2.728s] [ 35%] [32mBuilding CXX object CMakeFiles/status_interfaces__rosidl_typesupport_introspection_cpp.dir/rosidl_typesupport_introspection_cpp/status_interfaces/msg/detail/system_status__type_support.cpp.o[0m
[2.874s] [ 38%] [32mBuilding CXX object CMakeFiles/status_interfaces__rosidl_typesupport_fastrtps_c.dir/rosidl_typesupport_fastrtps_c/status_interfaces/msg/detail/system_status__type_support_c.cpp.o[0m
[3.080s] [ 41%] [32m[1mLinking CXX shared library libstatus_interfaces__rosidl_typesupport_cpp.so[0m
[3.169s] [ 41%] Built target status_interfaces__rosidl_typesupport_cpp
[3.190s] [ 45%] [34m[1mGenerating C introspection for ROS interfaces[0m
[3.299s] [ 48%] [32m[1mLinking CXX shared library libstatus_interfaces__rosidl_typesupport_fastrtps_cpp.so[0m
[3.339s] [ 51%] [32m[1mLinking CXX shared library libstatus_interfaces__rosidl_typesupport_introspection_cpp.so[0m
[3.351s] [ 54%] [32m[1mLinking CXX shared library libstatus_interfaces__rosidl_typesupport_fastrtps_c.so[0m
[3.491s] [ 54%] Built target status_interfaces__rosidl_typesupport_fastrtps_cpp
[3.508s] [ 58%] [34m[1mGenerating C type support dispatch for ROS interfaces[0m
[3.514s] [ 58%] Built target status_interfaces__rosidl_typesupport_fastrtps_c
[3.519s] [ 58%] Built target status_interfaces__rosidl_typesupport_introspection_cpp
[3.615s] [ 61%] [32mBuilding C object CMakeFiles/status_interfaces__rosidl_typesupport_introspection_c.dir/rosidl_typesupport_introspection_c/status_interfaces/msg/detail/system_status__type_support.c.o[0m
[3.666s] [ 64%] [32m[1mLinking C shared library libstatus_interfaces__rosidl_typesupport_introspection_c.so[0m
[3.719s] [ 64%] Built target status_interfaces__rosidl_typesupport_introspection_c
[3.827s] [ 67%] [32mBuilding CXX object CMakeFiles/status_interfaces__rosidl_typesupport_c.dir/rosidl_typesupport_c/status_interfaces/msg/system_status__type_support.cpp.o[0m
[3.862s] [ 70%] [32m[1mLinking CXX shared library libstatus_interfaces__rosidl_typesupport_c.so[0m
[3.911s] [ 70%] Built target status_interfaces__rosidl_typesupport_c
[3.936s] [ 70%] Built target status_interfaces
[3.963s] [ 74%] [34m[1mGenerating Python code for ROS interfaces[0m
[4.400s] [ 74%] Built target status_interfaces__py
[4.426s] [ 77%] [32mBuilding C object CMakeFiles/status_interfaces__rosidl_generator_py.dir/rosidl_generator_py/status_interfaces/msg/_system_status_s.c.o[0m
[4.569s] [ 80%] [32m[1mLinking C shared library rosidl_generator_py/status_interfaces/libstatus_interfaces__rosidl_generator_py.so[0m
[4.613s] [ 80%] Built target status_interfaces__rosidl_generator_py
[4.632s] [ 90%] [32mBuilding C object CMakeFiles/status_interfaces__rosidl_typesupport_fastrtps_c__pyext.dir/rosidl_generator_py/status_interfaces/_status_interfaces_s.ep.rosidl_typesupport_fastrtps_c.c.o[0m
[4.632s] [ 90%] [32mBuilding C object CMakeFiles/status_interfaces__rosidl_typesupport_introspection_c__pyext.dir/rosidl_generator_py/status_interfaces/_status_interfaces_s.ep.rosidl_typesupport_introspection_c.c.o[0m
[4.633s] [ 90%] [32mBuilding C object CMakeFiles/status_interfaces__rosidl_typesupport_c__pyext.dir/rosidl_generator_py/status_interfaces/_status_interfaces_s.ep.rosidl_typesupport_c.c.o[0m
[4.732s] [ 93%] [32m[1mLinking C shared library rosidl_generator_py/status_interfaces/status_interfaces_s__rosidl_typesupport_c.cpython-310-x86_64-linux-gnu.so[0m
[4.738s] [ 96%] [32m[1mLinking C shared library rosidl_generator_py/status_interfaces/status_interfaces_s__rosidl_typesupport_fastrtps_c.cpython-310-x86_64-linux-gnu.so[0m
[4.746s] [100%] [32m[1mLinking C shared library rosidl_generator_py/status_interfaces/status_interfaces_s__rosidl_typesupport_introspection_c.cpython-310-x86_64-linux-gnu.so[0m
[4.789s] [100%] Built target status_interfaces__rosidl_typesupport_c__pyext
[4.793s] [100%] Built target status_interfaces__rosidl_typesupport_fastrtps_c__pyext
[4.806s] [100%] Built target status_interfaces__rosidl_typesupport_introspection_c__pyext
[4.822s] Invoked command in '/home/lyd/ROS2/chapter3_Topic/topic_practice_ws/build/status_interfaces' returned '0': CMAKE_PREFIX_PATH=/opt/ros/humble /usr/bin/cmake --build /home/lyd/ROS2/chapter3_Topic/topic_practice_ws/build/status_interfaces -- -j4 -l4
[4.833s] Invoking command in '/home/lyd/ROS2/chapter3_Topic/topic_practice_ws/build/status_interfaces': CMAKE_PREFIX_PATH=/opt/ros/humble /usr/bin/cmake --install /home/lyd/ROS2/chapter3_Topic/topic_practice_ws/build/status_interfaces
[4.842s] -- Install configuration: ""
[4.842s] -- Installing: /home/lyd/ROS2/chapter3_Topic/topic_practice_ws/install/status_interfaces/share/ament_index/resource_index/rosidl_interfaces/status_interfaces
[4.842s] -- Installing: /home/lyd/ROS2/chapter3_Topic/topic_practice_ws/install/status_interfaces/include/status_interfaces/status_interfaces
[4.842s] -- Installing: /home/lyd/ROS2/chapter3_Topic/topic_practice_ws/install/status_interfaces/include/status_interfaces/status_interfaces/msg
[4.842s] -- Installing: /home/lyd/ROS2/chapter3_Topic/topic_practice_ws/install/status_interfaces/include/status_interfaces/status_interfaces/msg/detail
[4.842s] -- Installing: /home/lyd/ROS2/chapter3_Topic/topic_practice_ws/install/status_interfaces/include/status_interfaces/status_interfaces/msg/detail/system_status__struct.h
[4.843s] -- Installing: /home/lyd/ROS2/chapter3_Topic/topic_practice_ws/install/status_interfaces/include/status_interfaces/status_interfaces/msg/detail/system_status__functions.c
[4.843s] -- Installing: /home/lyd/ROS2/chapter3_Topic/topic_practice_ws/install/status_interfaces/include/status_interfaces/status_interfaces/msg/detail/system_status__functions.h
[4.843s] -- Installing: /home/lyd/ROS2/chapter3_Topic/topic_practice_ws/install/status_interfaces/include/status_interfaces/status_interfaces/msg/detail/system_status__type_support.h
[4.843s] -- Installing: /home/lyd/ROS2/chapter3_Topic/topic_practice_ws/install/status_interfaces/include/status_interfaces/status_interfaces/msg/system_status.h
[4.843s] -- Installing: /home/lyd/ROS2/chapter3_Topic/topic_practice_ws/install/status_interfaces/include/status_interfaces/status_interfaces/msg/rosidl_generator_c__visibility_control.h
[4.843s] -- Installing: /home/lyd/ROS2/chapter3_Topic/topic_practice_ws/install/status_interfaces/share/status_interfaces/environment/library_path.sh
[4.843s] -- Installing: /home/lyd/ROS2/chapter3_Topic/topic_practice_ws/install/status_interfaces/share/status_interfaces/environment/library_path.dsv
[4.844s] -- Installing: /home/lyd/ROS2/chapter3_Topic/topic_practice_ws/install/status_interfaces/lib/libstatus_interfaces__rosidl_generator_c.so
[4.844s] -- Set runtime path of "/home/lyd/ROS2/chapter3_Topic/topic_practice_ws/install/status_interfaces/lib/libstatus_interfaces__rosidl_generator_c.so" to ""
[4.844s] -- Up-to-date: /home/lyd/ROS2/chapter3_Topic/topic_practice_ws/install/status_interfaces/include/status_interfaces/status_interfaces
[4.844s] -- Up-to-date: /home/lyd/ROS2/chapter3_Topic/topic_practice_ws/install/status_interfaces/include/status_interfaces/status_interfaces/msg
[4.844s] -- Installing: /home/lyd/ROS2/chapter3_Topic/topic_practice_ws/install/status_interfaces/include/status_interfaces/status_interfaces/msg/rosidl_typesupport_fastrtps_c__visibility_control.h
[4.844s] -- Up-to-date: /home/lyd/ROS2/chapter3_Topic/topic_practice_ws/install/status_interfaces/include/status_interfaces/status_interfaces/msg/detail
[4.844s] -- Installing: /home/lyd/ROS2/chapter3_Topic/topic_practice_ws/install/status_interfaces/include/status_interfaces/status_interfaces/msg/detail/system_status__rosidl_typesupport_fastrtps_c.h
[4.844s] -- Installing: /home/lyd/ROS2/chapter3_Topic/topic_practice_ws/install/status_interfaces/lib/libstatus_interfaces__rosidl_typesupport_fastrtps_c.so
[4.845s] -- Set runtime path of "/home/lyd/ROS2/chapter3_Topic/topic_practice_ws/install/status_interfaces/lib/libstatus_interfaces__rosidl_typesupport_fastrtps_c.so" to ""
[4.845s] -- Up-to-date: /home/lyd/ROS2/chapter3_Topic/topic_practice_ws/install/status_interfaces/include/status_interfaces/status_interfaces
[4.845s] -- Up-to-date: /home/lyd/ROS2/chapter3_Topic/topic_practice_ws/install/status_interfaces/include/status_interfaces/status_interfaces/msg
[4.845s] -- Up-to-date: /home/lyd/ROS2/chapter3_Topic/topic_practice_ws/install/status_interfaces/include/status_interfaces/status_interfaces/msg/detail
[4.845s] -- Installing: /home/lyd/ROS2/chapter3_Topic/topic_practice_ws/install/status_interfaces/include/status_interfaces/status_interfaces/msg/detail/system_status__type_support.c
[4.845s] -- Installing: /home/lyd/ROS2/chapter3_Topic/topic_practice_ws/install/status_interfaces/include/status_interfaces/status_interfaces/msg/detail/system_status__rosidl_typesupport_introspection_c.h
[4.845s] -- Installing: /home/lyd/ROS2/chapter3_Topic/topic_practice_ws/install/status_interfaces/include/status_interfaces/status_interfaces/msg/rosidl_typesupport_introspection_c__visibility_control.h
[4.845s] -- Installing: /home/lyd/ROS2/chapter3_Topic/topic_practice_ws/install/status_interfaces/lib/libstatus_interfaces__rosidl_typesupport_introspection_c.so
[4.846s] -- Set runtime path of "/home/lyd/ROS2/chapter3_Topic/topic_practice_ws/install/status_interfaces/lib/libstatus_interfaces__rosidl_typesupport_introspection_c.so" to ""
[4.846s] -- Installing: /home/lyd/ROS2/chapter3_Topic/topic_practice_ws/install/status_interfaces/lib/libstatus_interfaces__rosidl_typesupport_c.so
[4.846s] -- Set runtime path of "/home/lyd/ROS2/chapter3_Topic/topic_practice_ws/install/status_interfaces/lib/libstatus_interfaces__rosidl_typesupport_c.so" to ""
[4.846s] -- Up-to-date: /home/lyd/ROS2/chapter3_Topic/topic_practice_ws/install/status_interfaces/include/status_interfaces/status_interfaces
[4.846s] -- Up-to-date: /home/lyd/ROS2/chapter3_Topic/topic_practice_ws/install/status_interfaces/include/status_interfaces/status_interfaces/msg
[4.846s] -- Up-to-date: /home/lyd/ROS2/chapter3_Topic/topic_practice_ws/install/status_interfaces/include/status_interfaces/status_interfaces/msg/detail
[4.846s] -- Installing: /home/lyd/ROS2/chapter3_Topic/topic_practice_ws/install/status_interfaces/include/status_interfaces/status_interfaces/msg/detail/system_status__struct.hpp
[4.846s] -- Installing: /home/lyd/ROS2/chapter3_Topic/topic_practice_ws/install/status_interfaces/include/status_interfaces/status_interfaces/msg/detail/system_status__builder.hpp
[4.846s] -- Installing: /home/lyd/ROS2/chapter3_Topic/topic_practice_ws/install/status_interfaces/include/status_interfaces/status_interfaces/msg/detail/system_status__type_support.hpp
[4.846s] -- Installing: /home/lyd/ROS2/chapter3_Topic/topic_practice_ws/install/status_interfaces/include/status_interfaces/status_interfaces/msg/detail/system_status__traits.hpp
[4.846s] -- Installing: /home/lyd/ROS2/chapter3_Topic/topic_practice_ws/install/status_interfaces/include/status_interfaces/status_interfaces/msg/rosidl_generator_cpp__visibility_control.hpp
[4.847s] -- Installing: /home/lyd/ROS2/chapter3_Topic/topic_practice_ws/install/status_interfaces/include/status_interfaces/status_interfaces/msg/system_status.hpp
[4.847s] -- Up-to-date: /home/lyd/ROS2/chapter3_Topic/topic_practice_ws/install/status_interfaces/include/status_interfaces/status_interfaces
[4.847s] -- Up-to-date: /home/lyd/ROS2/chapter3_Topic/topic_practice_ws/install/status_interfaces/include/status_interfaces/status_interfaces/msg
[4.847s] -- Up-to-date: /home/lyd/ROS2/chapter3_Topic/topic_practice_ws/install/status_interfaces/include/status_interfaces/status_interfaces/msg/detail
[4.847s] -- Installing: /home/lyd/ROS2/chapter3_Topic/topic_practice_ws/install/status_interfaces/include/status_interfaces/status_interfaces/msg/detail/dds_fastrtps
[4.847s] -- Installing: /home/lyd/ROS2/chapter3_Topic/topic_practice_ws/install/status_interfaces/include/status_interfaces/status_interfaces/msg/detail/system_status__rosidl_typesupport_fastrtps_cpp.hpp
[4.847s] -- Installing: /home/lyd/ROS2/chapter3_Topic/topic_practice_ws/install/status_interfaces/include/status_interfaces/status_interfaces/msg/rosidl_typesupport_fastrtps_cpp__visibility_control.h
[4.847s] -- Installing: /home/lyd/ROS2/chapter3_Topic/topic_practice_ws/install/status_interfaces/lib/libstatus_interfaces__rosidl_typesupport_fastrtps_cpp.so
[4.848s] -- Set runtime path of "/home/lyd/ROS2/chapter3_Topic/topic_practice_ws/install/status_interfaces/lib/libstatus_interfaces__rosidl_typesupport_fastrtps_cpp.so" to ""
[4.848s] -- Up-to-date: /home/lyd/ROS2/chapter3_Topic/topic_practice_ws/install/status_interfaces/include/status_interfaces/status_interfaces
[4.848s] -- Up-to-date: /home/lyd/ROS2/chapter3_Topic/topic_practice_ws/install/status_interfaces/include/status_interfaces/status_interfaces/msg
[4.848s] -- Up-to-date: /home/lyd/ROS2/chapter3_Topic/topic_practice_ws/install/status_interfaces/include/status_interfaces/status_interfaces/msg/detail
[4.848s] -- Installing: /home/lyd/ROS2/chapter3_Topic/topic_practice_ws/install/status_interfaces/include/status_interfaces/status_interfaces/msg/detail/system_status__type_support.cpp
[4.848s] -- Installing: /home/lyd/ROS2/chapter3_Topic/topic_practice_ws/install/status_interfaces/include/status_interfaces/status_interfaces/msg/detail/system_status__rosidl_typesupport_introspection_cpp.hpp
[4.848s] -- Installing: /home/lyd/ROS2/chapter3_Topic/topic_practice_ws/install/status_interfaces/lib/libstatus_interfaces__rosidl_typesupport_introspection_cpp.so
[4.848s] -- Set runtime path of "/home/lyd/ROS2/chapter3_Topic/topic_practice_ws/install/status_interfaces/lib/libstatus_interfaces__rosidl_typesupport_introspection_cpp.so" to ""
[4.848s] -- Installing: /home/lyd/ROS2/chapter3_Topic/topic_practice_ws/install/status_interfaces/lib/libstatus_interfaces__rosidl_typesupport_cpp.so
[4.849s] -- Set runtime path of "/home/lyd/ROS2/chapter3_Topic/topic_practice_ws/install/status_interfaces/lib/libstatus_interfaces__rosidl_typesupport_cpp.so" to ""
[4.849s] -- Installing: /home/lyd/ROS2/chapter3_Topic/topic_practice_ws/install/status_interfaces/share/status_interfaces/environment/pythonpath.sh
[4.849s] -- Installing: /home/lyd/ROS2/chapter3_Topic/topic_practice_ws/install/status_interfaces/share/status_interfaces/environment/pythonpath.dsv
[4.849s] -- Installing: /home/lyd/ROS2/chapter3_Topic/topic_practice_ws/install/status_interfaces/local/lib/python3.10/dist-packages/status_interfaces-0.0.0-py3.10.egg-info
[4.849s] -- Installing: /home/lyd/ROS2/chapter3_Topic/topic_practice_ws/install/status_interfaces/local/lib/python3.10/dist-packages/status_interfaces-0.0.0-py3.10.egg-info/PKG-INFO
[4.849s] -- Installing: /home/lyd/ROS2/chapter3_Topic/topic_practice_ws/install/status_interfaces/local/lib/python3.10/dist-packages/status_interfaces-0.0.0-py3.10.egg-info/dependency_links.txt
[4.849s] -- Installing: /home/lyd/ROS2/chapter3_Topic/topic_practice_ws/install/status_interfaces/local/lib/python3.10/dist-packages/status_interfaces-0.0.0-py3.10.egg-info/top_level.txt
[4.849s] -- Installing: /home/lyd/ROS2/chapter3_Topic/topic_practice_ws/install/status_interfaces/local/lib/python3.10/dist-packages/status_interfaces-0.0.0-py3.10.egg-info/SOURCES.txt
[4.850s] -- Installing: /home/lyd/ROS2/chapter3_Topic/topic_practice_ws/install/status_interfaces/local/lib/python3.10/dist-packages/status_interfaces
[4.850s] -- Installing: /home/lyd/ROS2/chapter3_Topic/topic_practice_ws/install/status_interfaces/local/lib/python3.10/dist-packages/status_interfaces/libstatus_interfaces__rosidl_generator_py.so
[4.850s] -- Installing: /home/lyd/ROS2/chapter3_Topic/topic_practice_ws/install/status_interfaces/local/lib/python3.10/dist-packages/status_interfaces/status_interfaces_s__rosidl_typesupport_fastrtps_c.cpython-310-x86_64-linux-gnu.so
[4.850s] -- Installing: /home/lyd/ROS2/chapter3_Topic/topic_practice_ws/install/status_interfaces/local/lib/python3.10/dist-packages/status_interfaces/_status_interfaces_s.ep.rosidl_typesupport_c.c
[4.850s] -- Installing: /home/lyd/ROS2/chapter3_Topic/topic_practice_ws/install/status_interfaces/local/lib/python3.10/dist-packages/status_interfaces/status_interfaces_s__rosidl_typesupport_c.cpython-310-x86_64-linux-gnu.so
[4.850s] -- Installing: /home/lyd/ROS2/chapter3_Topic/topic_practice_ws/install/status_interfaces/local/lib/python3.10/dist-packages/status_interfaces/_status_interfaces_s.ep.rosidl_typesupport_introspection_c.c
[4.850s] -- Installing: /home/lyd/ROS2/chapter3_Topic/topic_practice_ws/install/status_interfaces/local/lib/python3.10/dist-packages/status_interfaces/__init__.py
[4.850s] -- Installing: /home/lyd/ROS2/chapter3_Topic/topic_practice_ws/install/status_interfaces/local/lib/python3.10/dist-packages/status_interfaces/_status_interfaces_s.ep.rosidl_typesupport_fastrtps_c.c
[4.850s] -- Installing: /home/lyd/ROS2/chapter3_Topic/topic_practice_ws/install/status_interfaces/local/lib/python3.10/dist-packages/status_interfaces/msg
[4.851s] -- Installing: /home/lyd/ROS2/chapter3_Topic/topic_practice_ws/install/status_interfaces/local/lib/python3.10/dist-packages/status_interfaces/msg/_system_status.py
[4.851s] -- Installing: /home/lyd/ROS2/chapter3_Topic/topic_practice_ws/install/status_interfaces/local/lib/python3.10/dist-packages/status_interfaces/msg/__init__.py
[4.851s] -- Installing: /home/lyd/ROS2/chapter3_Topic/topic_practice_ws/install/status_interfaces/local/lib/python3.10/dist-packages/status_interfaces/msg/_system_status_s.c
[4.851s] -- Installing: /home/lyd/ROS2/chapter3_Topic/topic_practice_ws/install/status_interfaces/local/lib/python3.10/dist-packages/status_interfaces/status_interfaces_s__rosidl_typesupport_introspection_c.cpython-310-x86_64-linux-gnu.so
[4.888s] Listing '/home/lyd/ROS2/chapter3_Topic/topic_practice_ws/install/status_interfaces/local/lib/python3.10/dist-packages/status_interfaces'...
[4.888s] Compiling '/home/lyd/ROS2/chapter3_Topic/topic_practice_ws/install/status_interfaces/local/lib/python3.10/dist-packages/status_interfaces/__init__.py'...
[4.888s] Listing '/home/lyd/ROS2/chapter3_Topic/topic_practice_ws/install/status_interfaces/local/lib/python3.10/dist-packages/status_interfaces/msg'...
[4.888s] Compiling '/home/lyd/ROS2/chapter3_Topic/topic_practice_ws/install/status_interfaces/local/lib/python3.10/dist-packages/status_interfaces/msg/__init__.py'...
[4.888s] Compiling '/home/lyd/ROS2/chapter3_Topic/topic_practice_ws/install/status_interfaces/local/lib/python3.10/dist-packages/status_interfaces/msg/_system_status.py'...
[4.895s] -- Installing: /home/lyd/ROS2/chapter3_Topic/topic_practice_ws/install/status_interfaces/local/lib/python3.10/dist-packages/status_interfaces/status_interfaces_s__rosidl_typesupport_fastrtps_c.cpython-310-x86_64-linux-gnu.so
[4.896s] -- Set runtime path of "/home/lyd/ROS2/chapter3_Topic/topic_practice_ws/install/status_interfaces/local/lib/python3.10/dist-packages/status_interfaces/status_interfaces_s__rosidl_typesupport_fastrtps_c.cpython-310-x86_64-linux-gnu.so" to ""
[4.896s] -- Installing: /home/lyd/ROS2/chapter3_Topic/topic_practice_ws/install/status_interfaces/local/lib/python3.10/dist-packages/status_interfaces/status_interfaces_s__rosidl_typesupport_introspection_c.cpython-310-x86_64-linux-gnu.so
[4.896s] -- Set runtime path of "/home/lyd/ROS2/chapter3_Topic/topic_practice_ws/install/status_interfaces/local/lib/python3.10/dist-packages/status_interfaces/status_interfaces_s__rosidl_typesupport_introspection_c.cpython-310-x86_64-linux-gnu.so" to ""
[4.896s] -- Installing: /home/lyd/ROS2/chapter3_Topic/topic_practice_ws/install/status_interfaces/local/lib/python3.10/dist-packages/status_interfaces/status_interfaces_s__rosidl_typesupport_c.cpython-310-x86_64-linux-gnu.so
[4.897s] -- Set runtime path of "/home/lyd/ROS2/chapter3_Topic/topic_practice_ws/install/status_interfaces/local/lib/python3.10/dist-packages/status_interfaces/status_interfaces_s__rosidl_typesupport_c.cpython-310-x86_64-linux-gnu.so" to ""
[4.897s] -- Installing: /home/lyd/ROS2/chapter3_Topic/topic_practice_ws/install/status_interfaces/lib/libstatus_interfaces__rosidl_generator_py.so
[4.897s] -- Set runtime path of "/home/lyd/ROS2/chapter3_Topic/topic_practice_ws/install/status_interfaces/lib/libstatus_interfaces__rosidl_generator_py.so" to ""
[4.897s] -- Installing: /home/lyd/ROS2/chapter3_Topic/topic_practice_ws/install/status_interfaces/share/status_interfaces/msg/SystemStatus.idl
[4.898s] -- Installing: /home/lyd/ROS2/chapter3_Topic/topic_practice_ws/install/status_interfaces/share/status_interfaces/msg/SystemStatus.msg
[4.898s] -- Installing: /home/lyd/ROS2/chapter3_Topic/topic_practice_ws/install/status_interfaces/share/ament_index/resource_index/package_run_dependencies/status_interfaces
[4.898s] -- Installing: /home/lyd/ROS2/chapter3_Topic/topic_practice_ws/install/status_interfaces/share/ament_index/resource_index/parent_prefix_path/status_interfaces
[4.898s] -- Installing: /home/lyd/ROS2/chapter3_Topic/topic_practice_ws/install/status_interfaces/share/status_interfaces/environment/ament_prefix_path.sh
[4.898s] -- Installing: /home/lyd/ROS2/chapter3_Topic/topic_practice_ws/install/status_interfaces/share/status_interfaces/environment/ament_prefix_path.dsv
[4.898s] -- Installing: /home/lyd/ROS2/chapter3_Topic/topic_practice_ws/install/status_interfaces/share/status_interfaces/environment/path.sh
[4.898s] -- Installing: /home/lyd/ROS2/chapter3_Topic/topic_practice_ws/install/status_interfaces/share/status_interfaces/environment/path.dsv
[4.898s] -- Installing: /home/lyd/ROS2/chapter3_Topic/topic_practice_ws/install/status_interfaces/share/status_interfaces/local_setup.bash
[4.898s] -- Installing: /home/lyd/ROS2/chapter3_Topic/topic_practice_ws/install/status_interfaces/share/status_interfaces/local_setup.sh
[4.898s] -- Installing: /home/lyd/ROS2/chapter3_Topic/topic_practice_ws/install/status_interfaces/share/status_interfaces/local_setup.zsh
[4.898s] -- Installing: /home/lyd/ROS2/chapter3_Topic/topic_practice_ws/install/status_interfaces/share/status_interfaces/local_setup.dsv
[4.898s] -- Installing: /home/lyd/ROS2/chapter3_Topic/topic_practice_ws/install/status_interfaces/share/status_interfaces/package.dsv
[4.899s] -- Installing: /home/lyd/ROS2/chapter3_Topic/topic_practice_ws/install/status_interfaces/share/ament_index/resource_index/packages/status_interfaces
[4.899s] -- Installing: /home/lyd/ROS2/chapter3_Topic/topic_practice_ws/install/status_interfaces/share/status_interfaces/cmake/export_status_interfaces__rosidl_generator_cExport.cmake
[4.899s] -- Installing: /home/lyd/ROS2/chapter3_Topic/topic_practice_ws/install/status_interfaces/share/status_interfaces/cmake/export_status_interfaces__rosidl_generator_cExport-noconfig.cmake
[4.899s] -- Installing: /home/lyd/ROS2/chapter3_Topic/topic_practice_ws/install/status_interfaces/share/status_interfaces/cmake/export_status_interfaces__rosidl_typesupport_fastrtps_cExport.cmake
[4.899s] -- Installing: /home/lyd/ROS2/chapter3_Topic/topic_practice_ws/install/status_interfaces/share/status_interfaces/cmake/export_status_interfaces__rosidl_typesupport_fastrtps_cExport-noconfig.cmake
[4.899s] -- Installing: /home/lyd/ROS2/chapter3_Topic/topic_practice_ws/install/status_interfaces/share/status_interfaces/cmake/status_interfaces__rosidl_typesupport_introspection_cExport.cmake
[4.899s] -- Installing: /home/lyd/ROS2/chapter3_Topic/topic_practice_ws/install/status_interfaces/share/status_interfaces/cmake/status_interfaces__rosidl_typesupport_introspection_cExport-noconfig.cmake
[4.899s] -- Installing: /home/lyd/ROS2/chapter3_Topic/topic_practice_ws/install/status_interfaces/share/status_interfaces/cmake/status_interfaces__rosidl_typesupport_cExport.cmake
[4.899s] -- Installing: /home/lyd/ROS2/chapter3_Topic/topic_practice_ws/install/status_interfaces/share/status_interfaces/cmake/status_interfaces__rosidl_typesupport_cExport-noconfig.cmake
[4.899s] -- Installing: /home/lyd/ROS2/chapter3_Topic/topic_practice_ws/install/status_interfaces/share/status_interfaces/cmake/export_status_interfaces__rosidl_generator_cppExport.cmake
[4.900s] -- Installing: /home/lyd/ROS2/chapter3_Topic/topic_practice_ws/install/status_interfaces/share/status_interfaces/cmake/export_status_interfaces__rosidl_typesupport_fastrtps_cppExport.cmake
[4.900s] -- Installing: /home/lyd/ROS2/chapter3_Topic/topic_practice_ws/install/status_interfaces/share/status_interfaces/cmake/export_status_interfaces__rosidl_typesupport_fastrtps_cppExport-noconfig.cmake
[4.900s] -- Installing: /home/lyd/ROS2/chapter3_Topic/topic_practice_ws/install/status_interfaces/share/status_interfaces/cmake/status_interfaces__rosidl_typesupport_introspection_cppExport.cmake
[4.900s] -- Installing: /home/lyd/ROS2/chapter3_Topic/topic_practice_ws/install/status_interfaces/share/status_interfaces/cmake/status_interfaces__rosidl_typesupport_introspection_cppExport-noconfig.cmake
[4.900s] -- Installing: /home/lyd/ROS2/chapter3_Topic/topic_practice_ws/install/status_interfaces/share/status_interfaces/cmake/status_interfaces__rosidl_typesupport_cppExport.cmake
[4.900s] -- Installing: /home/lyd/ROS2/chapter3_Topic/topic_practice_ws/install/status_interfaces/share/status_interfaces/cmake/status_interfaces__rosidl_typesupport_cppExport-noconfig.cmake
[4.900s] -- Installing: /home/lyd/ROS2/chapter3_Topic/topic_practice_ws/install/status_interfaces/share/status_interfaces/cmake/export_status_interfaces__rosidl_generator_pyExport.cmake
[4.900s] -- Installing: /home/lyd/ROS2/chapter3_Topic/topic_practice_ws/install/status_interfaces/share/status_interfaces/cmake/export_status_interfaces__rosidl_generator_pyExport-noconfig.cmake
[4.901s] -- Installing: /home/lyd/ROS2/chapter3_Topic/topic_practice_ws/install/status_interfaces/share/status_interfaces/cmake/rosidl_cmake-extras.cmake
[4.901s] -- Installing: /home/lyd/ROS2/chapter3_Topic/topic_practice_ws/install/status_interfaces/share/status_interfaces/cmake/ament_cmake_export_dependencies-extras.cmake
[4.901s] -- Installing: /home/lyd/ROS2/chapter3_Topic/topic_practice_ws/install/status_interfaces/share/status_interfaces/cmake/ament_cmake_export_include_directories-extras.cmake
[4.901s] -- Installing: /home/lyd/ROS2/chapter3_Topic/topic_practice_ws/install/status_interfaces/share/status_interfaces/cmake/ament_cmake_export_libraries-extras.cmake
[4.901s] -- Installing: /home/lyd/ROS2/chapter3_Topic/topic_practice_ws/install/status_interfaces/share/status_interfaces/cmake/ament_cmake_export_targets-extras.cmake
[4.901s] -- Installing: /home/lyd/ROS2/chapter3_Topic/topic_practice_ws/install/status_interfaces/share/status_interfaces/cmake/rosidl_cmake_export_typesupport_targets-extras.cmake
[4.901s] -- Installing: /home/lyd/ROS2/chapter3_Topic/topic_practice_ws/install/status_interfaces/share/status_interfaces/cmake/rosidl_cmake_export_typesupport_libraries-extras.cmake
[4.901s] -- Installing: /home/lyd/ROS2/chapter3_Topic/topic_practice_ws/install/status_interfaces/share/status_interfaces/cmake/status_interfacesConfig.cmake
[4.901s] -- Installing: /home/lyd/ROS2/chapter3_Topic/topic_practice_ws/install/status_interfaces/share/status_interfaces/cmake/status_interfacesConfig-version.cmake
[4.902s] -- Installing: /home/lyd/ROS2/chapter3_Topic/topic_practice_ws/install/status_interfaces/share/status_interfaces/package.xml
[4.905s] Invoked command in '/home/lyd/ROS2/chapter3_Topic/topic_practice_ws/build/status_interfaces' returned '0': CMAKE_PREFIX_PATH=/opt/ros/humble /usr/bin/cmake --install /home/lyd/ROS2/chapter3_Topic/topic_practice_ws/build/status_interfaces
