[0.016s] Invoking command in '/home/lyd/ROS2/chapter2_Node/chapter2_workspace/build/demo_cpp_pkg': CMAKE_PREFIX_PATH=${CMAKE_PREFIX_PATH}:/home/lyd/ROS2/chapter2_Node/chapter2_workspace/install/demo_python_pkg:/opt/ros/humble /usr/bin/cmake --build /home/lyd/ROS2/chapter2_Node/chapter2_workspace/build/demo_cpp_pkg -- -j4 -l4
[0.049s] -- Found ament_cmake: 1.3.11 (/opt/ros/humble/share/ament_cmake/cmake)
[0.158s] -- Found rclcpp: 16.0.12 (/opt/ros/humble/share/rclcpp/cmake)
[0.179s] -- Found rosidl_generator_c: 3.1.6 (/opt/ros/humble/share/rosidl_generator_c/cmake)
[0.181s] -- Found rosidl_adapter: 3.1.6 (/opt/ros/humble/share/rosidl_adapter/cmake)
[0.187s] -- Found rosidl_generator_cpp: 3.1.6 (/opt/ros/humble/share/rosidl_generator_cpp/cmake)
[0.194s] -- Using all available rosidl_typesupport_c: rosidl_typesupport_fastrtps_c;rosidl_typesupport_introspection_c
[0.205s] -- Using all available rosidl_typesupport_cpp: rosidl_typesupport_fastrtps_cpp;rosidl_typesupport_introspection_cpp
[0.240s] -- Found rmw_implementation_cmake: 6.1.2 (/opt/ros/humble/share/rmw_implementation_cmake/cmake)
[0.241s] -- Found rmw_fastrtps_cpp: 6.2.7 (/opt/ros/humble/share/rmw_fastrtps_cpp/cmake)
[0.317s] -- Using RMW implementation 'rmw_fastrtps_cpp' as default
[0.354s] -- Found ament_lint_auto: 0.12.12 (/opt/ros/humble/share/ament_lint_auto/cmake)
[0.426s] -- Added test 'cppcheck' to perform static code analysis on C / C++ code
[0.427s] -- Configured cppcheck include dirs: /home/lyd/ROS2/chapter2_Node/chapter2_workspace/src/demo_cpp_pkg/include
[0.427s] -- Configured cppcheck exclude dirs and/or files: 
[0.429s] -- Added test 'flake8' to check Python code syntax and style conventions
[0.431s] -- Added test 'lint_cmake' to check CMake code style
[0.433s] -- Added test 'pep257' to check Python code against some of the docstring style conventions in PEP 257
[0.444s] -- Added test 'uncrustify' to check C / C++ code style
[0.445s] -- Configured uncrustify additional arguments: 
[0.446s] -- Added test 'xmllint' to check XML markup files
[0.448s] -- Configuring done
[0.462s] -- Generating done
[0.468s] -- Build files have been written to: /home/lyd/ROS2/chapter2_Node/chapter2_workspace/build/demo_cpp_pkg
[0.517s] [35m[1mConsolidate compiler generated dependencies of target shared_ptr_test[0m
[0.526s] [35m[1mConsolidate compiler generated dependencies of target person_node[0m
[0.527s] [35m[1mConsolidate compiler generated dependencies of target auto_test[0m
[0.531s] [ 14%] Built target shared_ptr_test
[0.531s] [35m[1mConsolidate compiler generated dependencies of target cpp_node[0m
[0.564s] [ 28%] Built target auto_test
[0.564s] [35m[1mConsolidate compiler generated dependencies of target lambda_test[0m
[0.564s] [ 42%] Built target person_node
[0.580s] [ 57%] Built target cpp_node
[0.583s] [35m[1mConsolidate compiler generated dependencies of target funcational_test[0m
[0.584s] [35m[1mConsolidate compiler generated dependencies of target thread_test[0m
[0.588s] [ 71%] Built target lambda_test
[0.603s] [ 85%] Built target funcational_test
[0.606s] [100%] Built target thread_test
[0.629s] Invoked command in '/home/lyd/ROS2/chapter2_Node/chapter2_workspace/build/demo_cpp_pkg' returned '0': CMAKE_PREFIX_PATH=${CMAKE_PREFIX_PATH}:/home/lyd/ROS2/chapter2_Node/chapter2_workspace/install/demo_python_pkg:/opt/ros/humble /usr/bin/cmake --build /home/lyd/ROS2/chapter2_Node/chapter2_workspace/build/demo_cpp_pkg -- -j4 -l4
[0.641s] Invoking command in '/home/lyd/ROS2/chapter2_Node/chapter2_workspace/build/demo_cpp_pkg': CMAKE_PREFIX_PATH=${CMAKE_PREFIX_PATH}:/home/lyd/ROS2/chapter2_Node/chapter2_workspace/install/demo_python_pkg:/opt/ros/humble /usr/bin/cmake --install /home/lyd/ROS2/chapter2_Node/chapter2_workspace/build/demo_cpp_pkg
[0.655s] -- Install configuration: ""
[0.655s] -- Up-to-date: /home/lyd/ROS2/chapter2_Node/chapter2_workspace/install/demo_cpp_pkg/lib/demo_cpp_pkg/cpp_node
[0.656s] -- Up-to-date: /home/lyd/ROS2/chapter2_Node/chapter2_workspace/install/demo_cpp_pkg/lib/demo_cpp_pkg/person_node
[0.656s] -- Up-to-date: /home/lyd/ROS2/chapter2_Node/chapter2_workspace/install/demo_cpp_pkg/lib/demo_cpp_pkg/auto_test
[0.662s] -- Up-to-date: /home/lyd/ROS2/chapter2_Node/chapter2_workspace/install/demo_cpp_pkg/lib/demo_cpp_pkg/shared_ptr_test
[0.662s] -- Up-to-date: /home/lyd/ROS2/chapter2_Node/chapter2_workspace/install/demo_cpp_pkg/lib/demo_cpp_pkg/lambda_test
[0.662s] -- Up-to-date: /home/lyd/ROS2/chapter2_Node/chapter2_workspace/install/demo_cpp_pkg/lib/demo_cpp_pkg/funcational_test
[0.662s] -- Installing: /home/lyd/ROS2/chapter2_Node/chapter2_workspace/install/demo_cpp_pkg/lib/demo_cpp_pkg/thread_test
[0.662s] -- Up-to-date: /home/lyd/ROS2/chapter2_Node/chapter2_workspace/install/demo_cpp_pkg/share/ament_index/resource_index/package_run_dependencies/demo_cpp_pkg
[0.662s] -- Installing: /home/lyd/ROS2/chapter2_Node/chapter2_workspace/install/demo_cpp_pkg/share/ament_index/resource_index/parent_prefix_path/demo_cpp_pkg
[0.662s] -- Up-to-date: /home/lyd/ROS2/chapter2_Node/chapter2_workspace/install/demo_cpp_pkg/share/demo_cpp_pkg/environment/ament_prefix_path.sh
[0.662s] -- Installing: /home/lyd/ROS2/chapter2_Node/chapter2_workspace/install/demo_cpp_pkg/share/demo_cpp_pkg/environment/ament_prefix_path.dsv
[0.662s] -- Up-to-date: /home/lyd/ROS2/chapter2_Node/chapter2_workspace/install/demo_cpp_pkg/share/demo_cpp_pkg/environment/path.sh
[0.662s] -- Installing: /home/lyd/ROS2/chapter2_Node/chapter2_workspace/install/demo_cpp_pkg/share/demo_cpp_pkg/environment/path.dsv
[0.670s] -- Up-to-date: /home/lyd/ROS2/chapter2_Node/chapter2_workspace/install/demo_cpp_pkg/share/demo_cpp_pkg/local_setup.bash
[0.670s] -- Up-to-date: /home/lyd/ROS2/chapter2_Node/chapter2_workspace/install/demo_cpp_pkg/share/demo_cpp_pkg/local_setup.sh
[0.670s] -- Up-to-date: /home/lyd/ROS2/chapter2_Node/chapter2_workspace/install/demo_cpp_pkg/share/demo_cpp_pkg/local_setup.zsh
[0.670s] -- Installing: /home/lyd/ROS2/chapter2_Node/chapter2_workspace/install/demo_cpp_pkg/share/demo_cpp_pkg/local_setup.dsv
[0.670s] -- Installing: /home/lyd/ROS2/chapter2_Node/chapter2_workspace/install/demo_cpp_pkg/share/demo_cpp_pkg/package.dsv
[0.670s] -- Up-to-date: /home/lyd/ROS2/chapter2_Node/chapter2_workspace/install/demo_cpp_pkg/share/ament_index/resource_index/packages/demo_cpp_pkg
[0.670s] -- Up-to-date: /home/lyd/ROS2/chapter2_Node/chapter2_workspace/install/demo_cpp_pkg/share/demo_cpp_pkg/cmake/demo_cpp_pkgConfig.cmake
[0.670s] -- Up-to-date: /home/lyd/ROS2/chapter2_Node/chapter2_workspace/install/demo_cpp_pkg/share/demo_cpp_pkg/cmake/demo_cpp_pkgConfig-version.cmake
[0.670s] -- Up-to-date: /home/lyd/ROS2/chapter2_Node/chapter2_workspace/install/demo_cpp_pkg/share/demo_cpp_pkg/package.xml
[0.670s] Invoked command in '/home/lyd/ROS2/chapter2_Node/chapter2_workspace/build/demo_cpp_pkg' returned '0': CMAKE_PREFIX_PATH=${CMAKE_PREFIX_PATH}:/home/lyd/ROS2/chapter2_Node/chapter2_workspace/install/demo_python_pkg:/opt/ros/humble /usr/bin/cmake --install /home/lyd/ROS2/chapter2_Node/chapter2_workspace/build/demo_cpp_pkg
