[0.736s] Invoking command in '/home/lyd/ROS2/chapter4_Service/Service_ws/src/demo_python_service': CMAKE_PREFIX_PATH=/home/lyd/ROS2/chapter4_Service/install/chapt4_interfaces:/home/lyd/ROS2/chapter4_Service/install/demo_cpp_service PYTHONPATH=/home/lyd/ROS2/chapter4_Service/build/demo_python_service/prefix_override:/usr/lib/python3/dist-packages/colcon_core/task/python/colcon_distutils_commands:/home/lyd/ROS2/chapter4_Service/install/demo_python_service/lib/python3.10/site-packages:${PYTHONPATH} /usr/bin/python3 -W ignore:setup.py install is deprecated -W ignore:easy_install command is deprecated setup.py egg_info --egg-base ../../../build/demo_python_service build --build-base /home/lyd/ROS2/chapter4_Service/build/demo_python_service/build install --record /home/lyd/ROS2/chapter4_Service/build/demo_python_service/install.log --single-version-externally-managed install_data
[1.011s] running egg_info
[1.017s] writing ../../../build/demo_python_service/demo_python_service.egg-info/PKG-INFO
[1.017s] writing dependency_links to ../../../build/demo_python_service/demo_python_service.egg-info/dependency_links.txt
[1.017s] writing entry points to ../../../build/demo_python_service/demo_python_service.egg-info/entry_points.txt
[1.017s] writing requirements to ../../../build/demo_python_service/demo_python_service.egg-info/requires.txt
[1.017s] writing top-level names to ../../../build/demo_python_service/demo_python_service.egg-info/top_level.txt
[1.017s] reading manifest file '../../../build/demo_python_service/demo_python_service.egg-info/SOURCES.txt'
[1.017s] adding license file 'LICENSE'
[1.017s] writing manifest file '../../../build/demo_python_service/demo_python_service.egg-info/SOURCES.txt'
[1.017s] running build
[1.018s] running build_py
[1.018s] running install
[1.018s] running install_lib
[1.022s] running install_data
[1.022s] running install_egg_info
[1.022s] removing '/home/lyd/ROS2/chapter4_Service/install/demo_python_service/lib/python3.10/site-packages/demo_python_service-0.0.0-py3.10.egg-info' (and everything under it)
[1.022s] Copying ../../../build/demo_python_service/demo_python_service.egg-info to /home/lyd/ROS2/chapter4_Service/install/demo_python_service/lib/python3.10/site-packages/demo_python_service-0.0.0-py3.10.egg-info
[1.022s] running install_scripts
[1.046s] Installing face_detect_client_node script to /home/lyd/ROS2/chapter4_Service/install/demo_python_service/lib/demo_python_service
[1.046s] Installing face_detect_node script to /home/lyd/ROS2/chapter4_Service/install/demo_python_service/lib/demo_python_service
[1.046s] Installing learn_face_detect script to /home/lyd/ROS2/chapter4_Service/install/demo_python_service/lib/demo_python_service
[1.047s] writing list of installed files to '/home/lyd/ROS2/chapter4_Service/build/demo_python_service/install.log'
[1.080s] Invoked command in '/home/lyd/ROS2/chapter4_Service/Service_ws/src/demo_python_service' returned '0': CMAKE_PREFIX_PATH=/home/lyd/ROS2/chapter4_Service/install/chapt4_interfaces:/home/lyd/ROS2/chapter4_Service/install/demo_cpp_service PYTHONPATH=/home/lyd/ROS2/chapter4_Service/build/demo_python_service/prefix_override:/usr/lib/python3/dist-packages/colcon_core/task/python/colcon_distutils_commands:/home/lyd/ROS2/chapter4_Service/install/demo_python_service/lib/python3.10/site-packages:${PYTHONPATH} /usr/bin/python3 -W ignore:setup.py install is deprecated -W ignore:easy_install command is deprecated setup.py egg_info --egg-base ../../../build/demo_python_service build --build-base /home/lyd/ROS2/chapter4_Service/build/demo_python_service/build install --record /home/lyd/ROS2/chapter4_Service/build/demo_python_service/install.log --single-version-externally-managed install_data
