[1.212s] Invoking command in '/home/lyd/ROS2/chapter4_Service/Service_ws/src/demo_python_service': AMENT_PREFIX_PATH=/home/lyd/ROS2/chapter4_Service/install/chapt4_interfaces:${AMENT_PREFIX_PATH} CMAKE_PREFIX_PATH=/home/lyd/ROS2/chapter4_Service/install/chapt4_interfaces LD_LIBRARY_PATH=/home/lyd/ROS2/chapter4_Service/install/chapt4_interfaces/lib:${LD_LIBRARY_PATH} PYTHONPATH=/home/lyd/ROS2/chapter4_Service/build/demo_python_service/prefix_override:/usr/lib/python3/dist-packages/colcon_core/task/python/colcon_distutils_commands:/home/lyd/ROS2/chapter4_Service/install/demo_python_service/lib/python3.10/site-packages:/home/lyd/ROS2/chapter4_Service/install/chapt4_interfaces/local/lib/python3.10/dist-packages:${PYTHONPATH} /usr/bin/python3 -W ignore:setup.py install is deprecated -W ignore:easy_install command is deprecated setup.py egg_info --egg-base ../../../build/demo_python_service build --build-base /home/lyd/ROS2/chapter4_Service/build/demo_python_service/build install --record /home/lyd/ROS2/chapter4_Service/build/demo_python_service/install.log --single-version-externally-managed install_data
[1.527s] running egg_info
[1.527s] writing ../../../build/demo_python_service/demo_python_service.egg-info/PKG-INFO
[1.527s] writing dependency_links to ../../../build/demo_python_service/demo_python_service.egg-info/dependency_links.txt
[1.527s] writing entry points to ../../../build/demo_python_service/demo_python_service.egg-info/entry_points.txt
[1.527s] writing requirements to ../../../build/demo_python_service/demo_python_service.egg-info/requires.txt
[1.527s] writing top-level names to ../../../build/demo_python_service/demo_python_service.egg-info/top_level.txt
[1.531s] reading manifest file '../../../build/demo_python_service/demo_python_service.egg-info/SOURCES.txt'
[1.531s] adding license file 'LICENSE'
[1.533s] writing manifest file '../../../build/demo_python_service/demo_python_service.egg-info/SOURCES.txt'
[1.538s] running build
[1.538s] running build_py
[1.538s] copying demo_python_service/face_detect_client_node.py -> /home/lyd/ROS2/chapter4_Service/build/demo_python_service/build/lib/demo_python_service
[1.539s] copying demo_python_service/face_detect_node.py -> /home/lyd/ROS2/chapter4_Service/build/demo_python_service/build/lib/demo_python_service
[1.539s] copying demo_python_service/learn_face_detect.py -> /home/lyd/ROS2/chapter4_Service/build/demo_python_service/build/lib/demo_python_service
[1.539s] running install
[1.539s] running install_lib
[1.541s] copying /home/lyd/ROS2/chapter4_Service/build/demo_python_service/build/lib/demo_python_service/face_detect_client_node.py -> /home/lyd/ROS2/chapter4_Service/install/demo_python_service/lib/python3.10/site-packages/demo_python_service
[1.541s] copying /home/lyd/ROS2/chapter4_Service/build/demo_python_service/build/lib/demo_python_service/face_detect_node.py -> /home/lyd/ROS2/chapter4_Service/install/demo_python_service/lib/python3.10/site-packages/demo_python_service
[1.547s] copying /home/lyd/ROS2/chapter4_Service/build/demo_python_service/build/lib/demo_python_service/learn_face_detect.py -> /home/lyd/ROS2/chapter4_Service/install/demo_python_service/lib/python3.10/site-packages/demo_python_service
[1.547s] byte-compiling /home/lyd/ROS2/chapter4_Service/install/demo_python_service/lib/python3.10/site-packages/demo_python_service/face_detect_client_node.py to face_detect_client_node.cpython-310.pyc
[1.547s] byte-compiling /home/lyd/ROS2/chapter4_Service/install/demo_python_service/lib/python3.10/site-packages/demo_python_service/face_detect_node.py to face_detect_node.cpython-310.pyc
[1.548s] byte-compiling /home/lyd/ROS2/chapter4_Service/install/demo_python_service/lib/python3.10/site-packages/demo_python_service/learn_face_detect.py to learn_face_detect.cpython-310.pyc
[1.549s] running install_data
[1.549s] running install_egg_info
[1.551s] removing '/home/lyd/ROS2/chapter4_Service/install/demo_python_service/lib/python3.10/site-packages/demo_python_service-0.0.0-py3.10.egg-info' (and everything under it)
[1.554s] Copying ../../../build/demo_python_service/demo_python_service.egg-info to /home/lyd/ROS2/chapter4_Service/install/demo_python_service/lib/python3.10/site-packages/demo_python_service-0.0.0-py3.10.egg-info
[1.560s] running install_scripts
[1.577s] Installing face_detect_client_node script to /home/lyd/ROS2/chapter4_Service/install/demo_python_service/lib/demo_python_service
[1.577s] Installing face_detect_node script to /home/lyd/ROS2/chapter4_Service/install/demo_python_service/lib/demo_python_service
[1.577s] Installing learn_face_detect script to /home/lyd/ROS2/chapter4_Service/install/demo_python_service/lib/demo_python_service
[1.577s] writing list of installed files to '/home/lyd/ROS2/chapter4_Service/build/demo_python_service/install.log'
[1.632s] Invoked command in '/home/lyd/ROS2/chapter4_Service/Service_ws/src/demo_python_service' returned '0': AMENT_PREFIX_PATH=/home/lyd/ROS2/chapter4_Service/install/chapt4_interfaces:${AMENT_PREFIX_PATH} CMAKE_PREFIX_PATH=/home/lyd/ROS2/chapter4_Service/install/chapt4_interfaces LD_LIBRARY_PATH=/home/lyd/ROS2/chapter4_Service/install/chapt4_interfaces/lib:${LD_LIBRARY_PATH} PYTHONPATH=/home/lyd/ROS2/chapter4_Service/build/demo_python_service/prefix_override:/usr/lib/python3/dist-packages/colcon_core/task/python/colcon_distutils_commands:/home/lyd/ROS2/chapter4_Service/install/demo_python_service/lib/python3.10/site-packages:/home/lyd/ROS2/chapter4_Service/install/chapt4_interfaces/local/lib/python3.10/dist-packages:${PYTHONPATH} /usr/bin/python3 -W ignore:setup.py install is deprecated -W ignore:easy_install command is deprecated setup.py egg_info --egg-base ../../../build/demo_python_service build --build-base /home/lyd/ROS2/chapter4_Service/build/demo_python_service/build install --record /home/lyd/ROS2/chapter4_Service/build/demo_python_service/install.log --single-version-externally-managed install_data
