[0.909s] Invoking command in '/home/lyd/ROS2/chapter3_Topic/topic_practice_ws/src/status_publisher': CMAKE_PREFIX_PATH=/home/lyd/ROS2/chapter3_Topic/topic_practice_ws/install/status_interfaces:/home/lyd/ROS2/chapter3_Topic/topic_practice_ws/install/status_display PYTHONPATH=/home/lyd/ROS2/chapter3_Topic/topic_practice_ws/build/status_publisher/prefix_override:/usr/lib/python3/dist-packages/colcon_core/task/python/colcon_distutils_commands:/home/lyd/ROS2/chapter3_Topic/topic_practice_ws/install/status_publisher/lib/python3.10/site-packages:${PYTHONPATH} /usr/bin/python3 -W ignore:setup.py install is deprecated -W ignore:easy_install command is deprecated setup.py egg_info --egg-base ../../build/status_publisher build --build-base /home/lyd/ROS2/chapter3_Topic/topic_practice_ws/build/status_publisher/build install --record /home/lyd/ROS2/chapter3_Topic/topic_practice_ws/build/status_publisher/install.log --single-version-externally-managed install_data
[1.286s] running egg_info
[1.286s] writing ../../build/status_publisher/status_publisher.egg-info/PKG-INFO
[1.286s] writing dependency_links to ../../build/status_publisher/status_publisher.egg-info/dependency_links.txt
[1.286s] writing entry points to ../../build/status_publisher/status_publisher.egg-info/entry_points.txt
[1.286s] writing requirements to ../../build/status_publisher/status_publisher.egg-info/requires.txt
[1.291s] writing top-level names to ../../build/status_publisher/status_publisher.egg-info/top_level.txt
[1.294s] reading manifest file '../../build/status_publisher/status_publisher.egg-info/SOURCES.txt'
[1.294s] adding license file 'LICENSE'
[1.294s] writing manifest file '../../build/status_publisher/status_publisher.egg-info/SOURCES.txt'
[1.295s] running build
[1.295s] running build_py
[1.305s] running install
[1.305s] running install_lib
[1.305s] running install_data
[1.305s] running install_egg_info
[1.305s] removing '/home/lyd/ROS2/chapter3_Topic/topic_practice_ws/install/status_publisher/lib/python3.10/site-packages/status_publisher-0.0.0-py3.10.egg-info' (and everything under it)
[1.306s] Copying ../../build/status_publisher/status_publisher.egg-info to /home/lyd/ROS2/chapter3_Topic/topic_practice_ws/install/status_publisher/lib/python3.10/site-packages/status_publisher-0.0.0-py3.10.egg-info
[1.306s] running install_scripts
[1.346s] Installing sys_status_pub script to /home/lyd/ROS2/chapter3_Topic/topic_practice_ws/install/status_publisher/lib/status_publisher
[1.346s] writing list of installed files to '/home/lyd/ROS2/chapter3_Topic/topic_practice_ws/build/status_publisher/install.log'
[1.402s] Invoked command in '/home/lyd/ROS2/chapter3_Topic/topic_practice_ws/src/status_publisher' returned '0': CMAKE_PREFIX_PATH=/home/lyd/ROS2/chapter3_Topic/topic_practice_ws/install/status_interfaces:/home/lyd/ROS2/chapter3_Topic/topic_practice_ws/install/status_display PYTHONPATH=/home/lyd/ROS2/chapter3_Topic/topic_practice_ws/build/status_publisher/prefix_override:/usr/lib/python3/dist-packages/colcon_core/task/python/colcon_distutils_commands:/home/lyd/ROS2/chapter3_Topic/topic_practice_ws/install/status_publisher/lib/python3.10/site-packages:${PYTHONPATH} /usr/bin/python3 -W ignore:setup.py install is deprecated -W ignore:easy_install command is deprecated setup.py egg_info --egg-base ../../build/status_publisher build --build-base /home/lyd/ROS2/chapter3_Topic/topic_practice_ws/build/status_publisher/build install --record /home/lyd/ROS2/chapter3_Topic/topic_practice_ws/build/status_publisher/install.log --single-version-externally-managed install_data
