[ 16%] Built target person_node
[ 41%] Built target auto_test
[ 58%] Built target cpp_node
[ 66%] Built target shared_ptr_test
[35m[1mConsolidate compiler generated dependencies of target funcational_test[0m
[ 83%] Built target lambda_test
[ 91%] [32mBuilding CXX object CMakeFiles/funcational_test.dir/src/funcational_test.cpp.o[0m
[100%] [32m[1mLinking CXX executable funcational_test[0m
[100%] Built target funcational_test
-- Install configuration: ""
-- Up-to-date: /home/lyd/ROS2/chapter2_Node/chapter2_workspace/install/demo_cpp_pkg/lib/demo_cpp_pkg/cpp_node
-- Up-to-date: /home/lyd/ROS2/chapter2_Node/chapter2_workspace/install/demo_cpp_pkg/lib/demo_cpp_pkg/person_node
-- Up-to-date: /home/lyd/ROS2/chapter2_Node/chapter2_workspace/install/demo_cpp_pkg/lib/demo_cpp_pkg/auto_test
-- Up-to-date: /home/lyd/ROS2/chapter2_Node/chapter2_workspace/install/demo_cpp_pkg/lib/demo_cpp_pkg/shared_ptr_test
-- Up-to-date: /home/lyd/ROS2/chapter2_Node/chapter2_workspace/install/demo_cpp_pkg/lib/demo_cpp_pkg/lambda_test
-- Installing: /home/lyd/ROS2/chapter2_Node/chapter2_workspace/install/demo_cpp_pkg/lib/demo_cpp_pkg/funcational_test
-- Up-to-date: /home/lyd/ROS2/chapter2_Node/chapter2_workspace/install/demo_cpp_pkg/share/ament_index/resource_index/package_run_dependencies/demo_cpp_pkg
-- Up-to-date: /home/lyd/ROS2/chapter2_Node/chapter2_workspace/install/demo_cpp_pkg/share/ament_index/resource_index/parent_prefix_path/demo_cpp_pkg
-- Up-to-date: /home/lyd/ROS2/chapter2_Node/chapter2_workspace/install/demo_cpp_pkg/share/demo_cpp_pkg/environment/ament_prefix_path.sh
-- Up-to-date: /home/lyd/ROS2/chapter2_Node/chapter2_workspace/install/demo_cpp_pkg/share/demo_cpp_pkg/environment/ament_prefix_path.dsv
-- Up-to-date: /home/lyd/ROS2/chapter2_Node/chapter2_workspace/install/demo_cpp_pkg/share/demo_cpp_pkg/environment/path.sh
-- Up-to-date: /home/lyd/ROS2/chapter2_Node/chapter2_workspace/install/demo_cpp_pkg/share/demo_cpp_pkg/environment/path.dsv
-- Up-to-date: /home/lyd/ROS2/chapter2_Node/chapter2_workspace/install/demo_cpp_pkg/share/demo_cpp_pkg/local_setup.bash
-- Up-to-date: /home/lyd/ROS2/chapter2_Node/chapter2_workspace/install/demo_cpp_pkg/share/demo_cpp_pkg/local_setup.sh
-- Up-to-date: /home/lyd/ROS2/chapter2_Node/chapter2_workspace/install/demo_cpp_pkg/share/demo_cpp_pkg/local_setup.zsh
-- Up-to-date: /home/lyd/ROS2/chapter2_Node/chapter2_workspace/install/demo_cpp_pkg/share/demo_cpp_pkg/local_setup.dsv
-- Up-to-date: /home/lyd/ROS2/chapter2_Node/chapter2_workspace/install/demo_cpp_pkg/share/demo_cpp_pkg/package.dsv
-- Up-to-date: /home/lyd/ROS2/chapter2_Node/chapter2_workspace/install/demo_cpp_pkg/share/ament_index/resource_index/packages/demo_cpp_pkg
-- Up-to-date: /home/lyd/ROS2/chapter2_Node/chapter2_workspace/install/demo_cpp_pkg/share/demo_cpp_pkg/cmake/demo_cpp_pkgConfig.cmake
-- Up-to-date: /home/lyd/ROS2/chapter2_Node/chapter2_workspace/install/demo_cpp_pkg/share/demo_cpp_pkg/cmake/demo_cpp_pkgConfig-version.cmake
-- Up-to-date: /home/lyd/ROS2/chapter2_Node/chapter2_workspace/install/demo_cpp_pkg/share/demo_cpp_pkg/package.xml
