[0.502s] Invoking command in '/home/lyd/ROS2/chapter5_Tools/chapt5_ws/src/demo_python_tf': PYTHONPATH=/home/lyd/ROS2/chapter5_Tools/build/demo_python_tf/prefix_override:/usr/lib/python3/dist-packages/colcon_core/task/python/colcon_distutils_commands:/home/lyd/ROS2/chapter5_Tools/install/demo_python_tf/lib/python3.10/site-packages:${PYTHONPATH} /usr/bin/python3 -W ignore:setup.py install is deprecated -W ignore:easy_install command is deprecated setup.py egg_info --egg-base ../../../build/demo_python_tf build --build-base /home/lyd/ROS2/chapter5_Tools/build/demo_python_tf/build install --record /home/lyd/ROS2/chapter5_Tools/build/demo_python_tf/install.log --single-version-externally-managed install_data
[0.673s] running egg_info
[0.674s] creating ../../../build/demo_python_tf/demo_python_tf.egg-info
[0.674s] writing ../../../build/demo_python_tf/demo_python_tf.egg-info/PKG-INFO
[0.675s] writing dependency_links to ../../../build/demo_python_tf/demo_python_tf.egg-info/dependency_links.txt
[0.675s] writing entry points to ../../../build/demo_python_tf/demo_python_tf.egg-info/entry_points.txt
[0.675s] writing requirements to ../../../build/demo_python_tf/demo_python_tf.egg-info/requires.txt
[0.675s] writing top-level names to ../../../build/demo_python_tf/demo_python_tf.egg-info/top_level.txt
[0.675s] writing manifest file '../../../build/demo_python_tf/demo_python_tf.egg-info/SOURCES.txt'
[0.675s] reading manifest file '../../../build/demo_python_tf/demo_python_tf.egg-info/SOURCES.txt'
[0.676s] adding license file 'LICENSE'
[0.676s] writing manifest file '../../../build/demo_python_tf/demo_python_tf.egg-info/SOURCES.txt'
[0.676s] running build
[0.676s] running build_py
[0.676s] creating /home/lyd/ROS2/chapter5_Tools/build/demo_python_tf/build
[0.676s] creating /home/lyd/ROS2/chapter5_Tools/build/demo_python_tf/build/lib
[0.676s] creating /home/lyd/ROS2/chapter5_Tools/build/demo_python_tf/build/lib/demo_python_tf
[0.677s] copying demo_python_tf/tf_listener.py -> /home/lyd/ROS2/chapter5_Tools/build/demo_python_tf/build/lib/demo_python_tf
[0.677s] copying demo_python_tf/__init__.py -> /home/lyd/ROS2/chapter5_Tools/build/demo_python_tf/build/lib/demo_python_tf
[0.677s] copying demo_python_tf/dynamic_tf_broadcaster.py -> /home/lyd/ROS2/chapter5_Tools/build/demo_python_tf/build/lib/demo_python_tf
[0.677s] copying demo_python_tf/static_tf_broadcaster.py -> /home/lyd/ROS2/chapter5_Tools/build/demo_python_tf/build/lib/demo_python_tf
[0.677s] running install
[0.677s] running install_lib
[0.677s] creating /home/lyd/ROS2/chapter5_Tools/install/demo_python_tf/lib/python3.10/site-packages/demo_python_tf
[0.678s] copying /home/lyd/ROS2/chapter5_Tools/build/demo_python_tf/build/lib/demo_python_tf/tf_listener.py -> /home/lyd/ROS2/chapter5_Tools/install/demo_python_tf/lib/python3.10/site-packages/demo_python_tf
[0.678s] copying /home/lyd/ROS2/chapter5_Tools/build/demo_python_tf/build/lib/demo_python_tf/__init__.py -> /home/lyd/ROS2/chapter5_Tools/install/demo_python_tf/lib/python3.10/site-packages/demo_python_tf
[0.678s] copying /home/lyd/ROS2/chapter5_Tools/build/demo_python_tf/build/lib/demo_python_tf/dynamic_tf_broadcaster.py -> /home/lyd/ROS2/chapter5_Tools/install/demo_python_tf/lib/python3.10/site-packages/demo_python_tf
[0.678s] copying /home/lyd/ROS2/chapter5_Tools/build/demo_python_tf/build/lib/demo_python_tf/static_tf_broadcaster.py -> /home/lyd/ROS2/chapter5_Tools/install/demo_python_tf/lib/python3.10/site-packages/demo_python_tf
[0.678s] byte-compiling /home/lyd/ROS2/chapter5_Tools/install/demo_python_tf/lib/python3.10/site-packages/demo_python_tf/tf_listener.py to tf_listener.cpython-310.pyc
[0.678s] byte-compiling /home/lyd/ROS2/chapter5_Tools/install/demo_python_tf/lib/python3.10/site-packages/demo_python_tf/__init__.py to __init__.cpython-310.pyc
[0.678s] byte-compiling /home/lyd/ROS2/chapter5_Tools/install/demo_python_tf/lib/python3.10/site-packages/demo_python_tf/dynamic_tf_broadcaster.py to dynamic_tf_broadcaster.cpython-310.pyc
[0.679s] byte-compiling /home/lyd/ROS2/chapter5_Tools/install/demo_python_tf/lib/python3.10/site-packages/demo_python_tf/static_tf_broadcaster.py to static_tf_broadcaster.cpython-310.pyc
[0.679s] running install_data
[0.679s] creating /home/lyd/ROS2/chapter5_Tools/install/demo_python_tf/share/ament_index
[0.679s] creating /home/lyd/ROS2/chapter5_Tools/install/demo_python_tf/share/ament_index/resource_index
[0.680s] creating /home/lyd/ROS2/chapter5_Tools/install/demo_python_tf/share/ament_index/resource_index/packages
[0.680s] copying resource/demo_python_tf -> /home/lyd/ROS2/chapter5_Tools/install/demo_python_tf/share/ament_index/resource_index/packages
[0.680s] copying package.xml -> /home/lyd/ROS2/chapter5_Tools/install/demo_python_tf/share/demo_python_tf
[0.680s] running install_egg_info
[0.681s] Copying ../../../build/demo_python_tf/demo_python_tf.egg-info to /home/lyd/ROS2/chapter5_Tools/install/demo_python_tf/lib/python3.10/site-packages/demo_python_tf-0.0.0-py3.10.egg-info
[0.681s] running install_scripts
[0.699s] Installing dynamic_tf_broadcaster script to /home/lyd/ROS2/chapter5_Tools/install/demo_python_tf/lib/demo_python_tf
[0.700s] Installing static_tf_broadcaster script to /home/lyd/ROS2/chapter5_Tools/install/demo_python_tf/lib/demo_python_tf
[0.700s] Installing tf_listener script to /home/lyd/ROS2/chapter5_Tools/install/demo_python_tf/lib/demo_python_tf
[0.700s] writing list of installed files to '/home/lyd/ROS2/chapter5_Tools/build/demo_python_tf/install.log'
[0.719s] Invoked command in '/home/lyd/ROS2/chapter5_Tools/chapt5_ws/src/demo_python_tf' returned '0': PYTHONPATH=/home/lyd/ROS2/chapter5_Tools/build/demo_python_tf/prefix_override:/usr/lib/python3/dist-packages/colcon_core/task/python/colcon_distutils_commands:/home/lyd/ROS2/chapter5_Tools/install/demo_python_tf/lib/python3.10/site-packages:${PYTHONPATH} /usr/bin/python3 -W ignore:setup.py install is deprecated -W ignore:easy_install command is deprecated setup.py egg_info --egg-base ../../../build/demo_python_tf build --build-base /home/lyd/ROS2/chapter5_Tools/build/demo_python_tf/build install --record /home/lyd/ROS2/chapter5_Tools/build/demo_python_tf/install.log --single-version-externally-managed install_data
