[0.013s] Invoking command in '/home/lyd/ROS2/chapter4_Service/build/demo_cpp_service': CMAKE_PREFIX_PATH=/home/lyd/ROS2/chapter4_Service/install/chapt4_interfaces:/home/lyd/ROS2/chapter4_Service/install/demo_cpp_service:/home/lyd/ROS2/chapter4_Service/install/demo_python_service:/opt/ros/humble /usr/bin/cmake --build /home/lyd/ROS2/chapter4_Service/build/demo_cpp_service -- -j4 -l4
[0.097s] [35m[1mConsolidate compiler generated dependencies of target turtle_control[0m
[0.097s] [35m[1mConsolidate compiler generated dependencies of target patrol_client[0m
[0.137s] [ 25%] [32mBuilding CXX object CMakeFiles/patrol_client.dir/src/patrol_client.cpp.o[0m
[0.148s] [ 75%] Built target turtle_control
[4.827s] [100%] [32m[1mLinking CXX executable patrol_client[0m
[5.023s] [100%] Built target patrol_client
[5.036s] Invoked command in '/home/lyd/ROS2/chapter4_Service/build/demo_cpp_service' returned '0': CMAKE_PREFIX_PATH=/home/lyd/ROS2/chapter4_Service/install/chapt4_interfaces:/home/lyd/ROS2/chapter4_Service/install/demo_cpp_service:/home/lyd/ROS2/chapter4_Service/install/demo_python_service:/opt/ros/humble /usr/bin/cmake --build /home/lyd/ROS2/chapter4_Service/build/demo_cpp_service -- -j4 -l4
[5.037s] Invoking command in '/home/lyd/ROS2/chapter4_Service/build/demo_cpp_service': CMAKE_PREFIX_PATH=/home/lyd/ROS2/chapter4_Service/install/chapt4_interfaces:/home/lyd/ROS2/chapter4_Service/install/demo_cpp_service:/home/lyd/ROS2/chapter4_Service/install/demo_python_service:/opt/ros/humble /usr/bin/cmake --install /home/lyd/ROS2/chapter4_Service/build/demo_cpp_service
[5.046s] -- Install configuration: ""
[5.046s] -- Installing: /home/lyd/ROS2/chapter4_Service/install/demo_cpp_service/lib/demo_cpp_service/turtle_control
[5.048s] -- Set runtime path of "/home/lyd/ROS2/chapter4_Service/install/demo_cpp_service/lib/demo_cpp_service/turtle_control" to ""
[5.048s] -- Installing: /home/lyd/ROS2/chapter4_Service/install/demo_cpp_service/lib/demo_cpp_service/patrol_client
[5.049s] -- Set runtime path of "/home/lyd/ROS2/chapter4_Service/install/demo_cpp_service/lib/demo_cpp_service/patrol_client" to ""
[5.049s] -- Up-to-date: /home/lyd/ROS2/chapter4_Service/install/demo_cpp_service/share/demo_cpp_service/launch
[5.049s] -- Up-to-date: /home/lyd/ROS2/chapter4_Service/install/demo_cpp_service/share/demo_cpp_service/launch/demo.launch.py
[5.049s] -- Up-to-date: /home/lyd/ROS2/chapter4_Service/install/demo_cpp_service/share/ament_index/resource_index/package_run_dependencies/demo_cpp_service
[5.050s] -- Up-to-date: /home/lyd/ROS2/chapter4_Service/install/demo_cpp_service/share/ament_index/resource_index/parent_prefix_path/demo_cpp_service
[5.050s] -- Up-to-date: /home/lyd/ROS2/chapter4_Service/install/demo_cpp_service/share/demo_cpp_service/environment/ament_prefix_path.sh
[5.050s] -- Up-to-date: /home/lyd/ROS2/chapter4_Service/install/demo_cpp_service/share/demo_cpp_service/environment/ament_prefix_path.dsv
[5.050s] -- Up-to-date: /home/lyd/ROS2/chapter4_Service/install/demo_cpp_service/share/demo_cpp_service/environment/path.sh
[5.050s] -- Up-to-date: /home/lyd/ROS2/chapter4_Service/install/demo_cpp_service/share/demo_cpp_service/environment/path.dsv
[5.050s] -- Up-to-date: /home/lyd/ROS2/chapter4_Service/install/demo_cpp_service/share/demo_cpp_service/local_setup.bash
[5.050s] -- Up-to-date: /home/lyd/ROS2/chapter4_Service/install/demo_cpp_service/share/demo_cpp_service/local_setup.sh
[5.050s] -- Up-to-date: /home/lyd/ROS2/chapter4_Service/install/demo_cpp_service/share/demo_cpp_service/local_setup.zsh
[5.050s] -- Up-to-date: /home/lyd/ROS2/chapter4_Service/install/demo_cpp_service/share/demo_cpp_service/local_setup.dsv
[5.050s] -- Installing: /home/lyd/ROS2/chapter4_Service/install/demo_cpp_service/share/demo_cpp_service/package.dsv
[5.051s] -- Up-to-date: /home/lyd/ROS2/chapter4_Service/install/demo_cpp_service/share/ament_index/resource_index/packages/demo_cpp_service
[5.051s] -- Up-to-date: /home/lyd/ROS2/chapter4_Service/install/demo_cpp_service/share/demo_cpp_service/cmake/demo_cpp_serviceConfig.cmake
[5.051s] -- Up-to-date: /home/lyd/ROS2/chapter4_Service/install/demo_cpp_service/share/demo_cpp_service/cmake/demo_cpp_serviceConfig-version.cmake
[5.051s] -- Up-to-date: /home/lyd/ROS2/chapter4_Service/install/demo_cpp_service/share/demo_cpp_service/package.xml
[5.052s] Invoked command in '/home/lyd/ROS2/chapter4_Service/build/demo_cpp_service' returned '0': CMAKE_PREFIX_PATH=/home/lyd/ROS2/chapter4_Service/install/chapt4_interfaces:/home/lyd/ROS2/chapter4_Service/install/demo_cpp_service:/home/lyd/ROS2/chapter4_Service/install/demo_python_service:/opt/ros/humble /usr/bin/cmake --install /home/lyd/ROS2/chapter4_Service/build/demo_cpp_service
