[0.016s] Invoking command in '/home/lyd/ROS2/chapter5_Tools/build/demo_cpp_tf': CMAKE_PREFIX_PATH=/opt/ros/humble /usr/bin/cmake --build /home/lyd/ROS2/chapter5_Tools/build/demo_cpp_tf -- -j4 -l4
[0.143s] [ 33%] Built target dynamic_tf_broadcaster
[0.143s] [ 50%] [32mBuilding CXX object CMakeFiles/static_tf_broadcaster.dir/src/static_tf_broadcaster.cpp.o[0m
[0.158s] [ 83%] Built target tf_listener
[3.782s] [100%] [32m[1mLinking CXX executable static_tf_broadcaster[0m
[4.034s] [100%] Built target static_tf_broadcaster
[4.050s] Invoked command in '/home/lyd/ROS2/chapter5_Tools/build/demo_cpp_tf' returned '0': CMAKE_PREFIX_PATH=/opt/ros/humble /usr/bin/cmake --build /home/lyd/ROS2/chapter5_Tools/build/demo_cpp_tf -- -j4 -l4
[4.061s] Invoking command in '/home/lyd/ROS2/chapter5_Tools/build/demo_cpp_tf': CMAKE_PREFIX_PATH=/opt/ros/humble /usr/bin/cmake --install /home/lyd/ROS2/chapter5_Tools/build/demo_cpp_tf
[4.072s] -- Install configuration: ""
[4.073s] -- Up-to-date: /home/lyd/ROS2/chapter5_Tools/install/demo_cpp_tf/lib/demo_cpp_tf/tf_listener
[4.075s] -- Installing: /home/lyd/ROS2/chapter5_Tools/install/demo_cpp_tf/lib/demo_cpp_tf/static_tf_broadcaster
[4.075s] -- Set runtime path of "/home/lyd/ROS2/chapter5_Tools/install/demo_cpp_tf/lib/demo_cpp_tf/static_tf_broadcaster" to ""
[4.076s] -- Up-to-date: /home/lyd/ROS2/chapter5_Tools/install/demo_cpp_tf/lib/demo_cpp_tf/dynamic_tf_broadcaster
[4.077s] -- Up-to-date: /home/lyd/ROS2/chapter5_Tools/install/demo_cpp_tf/share/ament_index/resource_index/package_run_dependencies/demo_cpp_tf
[4.077s] -- Up-to-date: /home/lyd/ROS2/chapter5_Tools/install/demo_cpp_tf/share/ament_index/resource_index/parent_prefix_path/demo_cpp_tf
[4.077s] -- Up-to-date: /home/lyd/ROS2/chapter5_Tools/install/demo_cpp_tf/share/demo_cpp_tf/environment/ament_prefix_path.sh
[4.077s] -- Up-to-date: /home/lyd/ROS2/chapter5_Tools/install/demo_cpp_tf/share/demo_cpp_tf/environment/ament_prefix_path.dsv
[4.078s] -- Up-to-date: /home/lyd/ROS2/chapter5_Tools/install/demo_cpp_tf/share/demo_cpp_tf/environment/path.sh
[4.078s] -- Up-to-date: /home/lyd/ROS2/chapter5_Tools/install/demo_cpp_tf/share/demo_cpp_tf/environment/path.dsv
[4.078s] -- Up-to-date: /home/lyd/ROS2/chapter5_Tools/install/demo_cpp_tf/share/demo_cpp_tf/local_setup.bash
[4.078s] -- Up-to-date: /home/lyd/ROS2/chapter5_Tools/install/demo_cpp_tf/share/demo_cpp_tf/local_setup.sh
[4.078s] -- Up-to-date: /home/lyd/ROS2/chapter5_Tools/install/demo_cpp_tf/share/demo_cpp_tf/local_setup.zsh
[4.078s] -- Up-to-date: /home/lyd/ROS2/chapter5_Tools/install/demo_cpp_tf/share/demo_cpp_tf/local_setup.dsv
[4.078s] -- Installing: /home/lyd/ROS2/chapter5_Tools/install/demo_cpp_tf/share/demo_cpp_tf/package.dsv
[4.080s] -- Up-to-date: /home/lyd/ROS2/chapter5_Tools/install/demo_cpp_tf/share/ament_index/resource_index/packages/demo_cpp_tf
[4.080s] -- Up-to-date: /home/lyd/ROS2/chapter5_Tools/install/demo_cpp_tf/share/demo_cpp_tf/cmake/demo_cpp_tfConfig.cmake
[4.080s] -- Up-to-date: /home/lyd/ROS2/chapter5_Tools/install/demo_cpp_tf/share/demo_cpp_tf/cmake/demo_cpp_tfConfig-version.cmake
[4.080s] -- Up-to-date: /home/lyd/ROS2/chapter5_Tools/install/demo_cpp_tf/share/demo_cpp_tf/package.xml
[4.082s] Invoked command in '/home/lyd/ROS2/chapter5_Tools/build/demo_cpp_tf' returned '0': CMAKE_PREFIX_PATH=/opt/ros/humble /usr/bin/cmake --install /home/lyd/ROS2/chapter5_Tools/build/demo_cpp_tf
