[0.077s] DEBUG:colcon:Command line arguments: ['/usr/bin/colcon', 'build']
[0.077s] DEBUG:colcon:Parsed command line arguments: Namespace(log_base=None, log_level=None, verb_name='build', build_base='build', install_base='install', merge_install=False, symlink_install=False, test_result_base=None, continue_on_error=False, executor='parallel', parallel_workers=4, event_handlers=None, ignore_user_meta=False, metas=['./colcon.meta'], base_paths=['.'], packages_ignore=None, packages_ignore_regex=None, paths=None, packages_up_to=None, packages_up_to_regex=None, packages_above=None, packages_above_and_dependencies=None, packages_above_depth=None, packages_select_by_dep=None, packages_skip_by_dep=None, packages_skip_up_to=None, packages_select_build_failed=False, packages_skip_build_finished=False, packages_select_test_failures=False, packages_skip_test_passed=False, packages_select=None, packages_skip=None, packages_select_regex=None, packages_skip_regex=None, packages_start=None, packages_end=None, allow_overriding=[], cmake_args=None, cmake_target=None, cmake_target_skip_unavailable=False, cmake_clean_cache=False, cmake_clean_first=False, cmake_force_configure=False, ament_cmake_args=None, catkin_cmake_args=None, catkin_skip_building_tests=False, verb_parser=<colcon_defaults.argument_parser.defaults.DefaultArgumentsDecorator object at 0x73953d8d7400>, verb_extension=<colcon_core.verb.build.BuildVerb object at 0x73953da706a0>, main=<bound method BuildVerb.main of <colcon_core.verb.build.BuildVerb object at 0x73953da706a0>>)
[0.190s] Level 1:colcon.colcon_core.package_discovery:discover_packages(colcon_meta) check parameters
[0.190s] Level 1:colcon.colcon_core.package_discovery:discover_packages(recursive) check parameters
[0.190s] Level 1:colcon.colcon_core.package_discovery:discover_packages(ignore) check parameters
[0.190s] Level 1:colcon.colcon_core.package_discovery:discover_packages(path) check parameters
[0.190s] Level 1:colcon.colcon_core.package_discovery:discover_packages(colcon_meta) discover
[0.190s] Level 1:colcon.colcon_core.package_discovery:discover_packages(recursive) discover
[0.190s] INFO:colcon.colcon_core.package_discovery:Crawling recursively for packages in '/home/lyd/ROS2/chapter5_Tools'
[0.190s] Level 1:colcon.colcon_core.package_identification:_identify(.) by extensions ['ignore', 'ignore_ament_install']
[0.191s] Level 1:colcon.colcon_core.package_identification:_identify(.) by extension 'ignore'
[0.191s] Level 1:colcon.colcon_core.package_identification:_identify(.) by extension 'ignore_ament_install'
[0.191s] Level 1:colcon.colcon_core.package_identification:_identify(.) by extensions ['colcon_pkg']
[0.191s] Level 1:colcon.colcon_core.package_identification:_identify(.) by extension 'colcon_pkg'
[0.191s] Level 1:colcon.colcon_core.package_identification:_identify(.) by extensions ['colcon_meta']
[0.191s] Level 1:colcon.colcon_core.package_identification:_identify(.) by extension 'colcon_meta'
[0.191s] Level 1:colcon.colcon_core.package_identification:_identify(.) by extensions ['ros']
[0.191s] Level 1:colcon.colcon_core.package_identification:_identify(.) by extension 'ros'
[0.200s] Level 1:colcon.colcon_core.package_identification:_identify(.) by extensions ['cmake', 'python']
[0.200s] Level 1:colcon.colcon_core.package_identification:_identify(.) by extension 'cmake'
[0.200s] Level 1:colcon.colcon_core.package_identification:_identify(.) by extension 'python'
[0.200s] Level 1:colcon.colcon_core.package_identification:_identify(.) by extensions ['python_setup_py']
[0.200s] Level 1:colcon.colcon_core.package_identification:_identify(.) by extension 'python_setup_py'
[0.200s] Level 1:colcon.colcon_core.package_identification:_identify(build) by extensions ['ignore', 'ignore_ament_install']
[0.200s] Level 1:colcon.colcon_core.package_identification:_identify(build) by extension 'ignore'
[0.200s] Level 1:colcon.colcon_core.package_identification:_identify(build) ignored
[0.200s] Level 1:colcon.colcon_core.package_identification:_identify(chapt5_ws) by extensions ['ignore', 'ignore_ament_install']
[0.201s] Level 1:colcon.colcon_core.package_identification:_identify(chapt5_ws) by extension 'ignore'
[0.201s] Level 1:colcon.colcon_core.package_identification:_identify(chapt5_ws) by extension 'ignore_ament_install'
[0.201s] Level 1:colcon.colcon_core.package_identification:_identify(chapt5_ws) by extensions ['colcon_pkg']
[0.201s] Level 1:colcon.colcon_core.package_identification:_identify(chapt5_ws) by extension 'colcon_pkg'
[0.201s] Level 1:colcon.colcon_core.package_identification:_identify(chapt5_ws) by extensions ['colcon_meta']
[0.201s] Level 1:colcon.colcon_core.package_identification:_identify(chapt5_ws) by extension 'colcon_meta'
[0.201s] Level 1:colcon.colcon_core.package_identification:_identify(chapt5_ws) by extensions ['ros']
[0.201s] Level 1:colcon.colcon_core.package_identification:_identify(chapt5_ws) by extension 'ros'
[0.201s] Level 1:colcon.colcon_core.package_identification:_identify(chapt5_ws) by extensions ['cmake', 'python']
[0.201s] Level 1:colcon.colcon_core.package_identification:_identify(chapt5_ws) by extension 'cmake'
[0.201s] Level 1:colcon.colcon_core.package_identification:_identify(chapt5_ws) by extension 'python'
[0.201s] Level 1:colcon.colcon_core.package_identification:_identify(chapt5_ws) by extensions ['python_setup_py']
[0.201s] Level 1:colcon.colcon_core.package_identification:_identify(chapt5_ws) by extension 'python_setup_py'
[0.201s] Level 1:colcon.colcon_core.package_identification:_identify(chapt5_ws/build) by extensions ['ignore', 'ignore_ament_install']
[0.201s] Level 1:colcon.colcon_core.package_identification:_identify(chapt5_ws/build) by extension 'ignore'
[0.201s] Level 1:colcon.colcon_core.package_identification:_identify(chapt5_ws/build) ignored
[0.201s] Level 1:colcon.colcon_core.package_identification:_identify(chapt5_ws/install) by extensions ['ignore', 'ignore_ament_install']
[0.201s] Level 1:colcon.colcon_core.package_identification:_identify(chapt5_ws/install) by extension 'ignore'
[0.201s] Level 1:colcon.colcon_core.package_identification:_identify(chapt5_ws/install) ignored
[0.201s] Level 1:colcon.colcon_core.package_identification:_identify(chapt5_ws/log) by extensions ['ignore', 'ignore_ament_install']
[0.201s] Level 1:colcon.colcon_core.package_identification:_identify(chapt5_ws/log) by extension 'ignore'
[0.201s] Level 1:colcon.colcon_core.package_identification:_identify(chapt5_ws/log) ignored
[0.201s] Level 1:colcon.colcon_core.package_identification:_identify(chapt5_ws/src) by extensions ['ignore', 'ignore_ament_install']
[0.201s] Level 1:colcon.colcon_core.package_identification:_identify(chapt5_ws/src) by extension 'ignore'
[0.202s] Level 1:colcon.colcon_core.package_identification:_identify(chapt5_ws/src) by extension 'ignore_ament_install'
[0.202s] Level 1:colcon.colcon_core.package_identification:_identify(chapt5_ws/src) by extensions ['colcon_pkg']
[0.202s] Level 1:colcon.colcon_core.package_identification:_identify(chapt5_ws/src) by extension 'colcon_pkg'
[0.202s] Level 1:colcon.colcon_core.package_identification:_identify(chapt5_ws/src) by extensions ['colcon_meta']
[0.202s] Level 1:colcon.colcon_core.package_identification:_identify(chapt5_ws/src) by extension 'colcon_meta'
[0.202s] Level 1:colcon.colcon_core.package_identification:_identify(chapt5_ws/src) by extensions ['ros']
[0.202s] Level 1:colcon.colcon_core.package_identification:_identify(chapt5_ws/src) by extension 'ros'
[0.202s] Level 1:colcon.colcon_core.package_identification:_identify(chapt5_ws/src) by extensions ['cmake', 'python']
[0.202s] Level 1:colcon.colcon_core.package_identification:_identify(chapt5_ws/src) by extension 'cmake'
[0.202s] Level 1:colcon.colcon_core.package_identification:_identify(chapt5_ws/src) by extension 'python'
[0.202s] Level 1:colcon.colcon_core.package_identification:_identify(chapt5_ws/src) by extensions ['python_setup_py']
[0.202s] Level 1:colcon.colcon_core.package_identification:_identify(chapt5_ws/src) by extension 'python_setup_py'
[0.202s] Level 1:colcon.colcon_core.package_identification:_identify(chapt5_ws/src/demo_cpp_tf) by extensions ['ignore', 'ignore_ament_install']
[0.202s] Level 1:colcon.colcon_core.package_identification:_identify(chapt5_ws/src/demo_cpp_tf) by extension 'ignore'
[0.202s] Level 1:colcon.colcon_core.package_identification:_identify(chapt5_ws/src/demo_cpp_tf) by extension 'ignore_ament_install'
[0.202s] Level 1:colcon.colcon_core.package_identification:_identify(chapt5_ws/src/demo_cpp_tf) by extensions ['colcon_pkg']
[0.202s] Level 1:colcon.colcon_core.package_identification:_identify(chapt5_ws/src/demo_cpp_tf) by extension 'colcon_pkg'
[0.202s] Level 1:colcon.colcon_core.package_identification:_identify(chapt5_ws/src/demo_cpp_tf) by extensions ['colcon_meta']
[0.202s] Level 1:colcon.colcon_core.package_identification:_identify(chapt5_ws/src/demo_cpp_tf) by extension 'colcon_meta'
[0.202s] Level 1:colcon.colcon_core.package_identification:_identify(chapt5_ws/src/demo_cpp_tf) by extensions ['ros']
[0.202s] Level 1:colcon.colcon_core.package_identification:_identify(chapt5_ws/src/demo_cpp_tf) by extension 'ros'
[0.204s] DEBUG:colcon.colcon_core.package_identification:Package 'chapt5_ws/src/demo_cpp_tf' with type 'ros.ament_cmake' and name 'demo_cpp_tf'
[0.204s] Level 1:colcon.colcon_core.package_identification:_identify(chapt5_ws/src/demo_python_tf) by extensions ['ignore', 'ignore_ament_install']
[0.204s] Level 1:colcon.colcon_core.package_identification:_identify(chapt5_ws/src/demo_python_tf) by extension 'ignore'
[0.204s] Level 1:colcon.colcon_core.package_identification:_identify(chapt5_ws/src/demo_python_tf) by extension 'ignore_ament_install'
[0.204s] Level 1:colcon.colcon_core.package_identification:_identify(chapt5_ws/src/demo_python_tf) by extensions ['colcon_pkg']
[0.204s] Level 1:colcon.colcon_core.package_identification:_identify(chapt5_ws/src/demo_python_tf) by extension 'colcon_pkg'
[0.204s] Level 1:colcon.colcon_core.package_identification:_identify(chapt5_ws/src/demo_python_tf) by extensions ['colcon_meta']
[0.205s] Level 1:colcon.colcon_core.package_identification:_identify(chapt5_ws/src/demo_python_tf) by extension 'colcon_meta'
[0.205s] Level 1:colcon.colcon_core.package_identification:_identify(chapt5_ws/src/demo_python_tf) by extensions ['ros']
[0.205s] Level 1:colcon.colcon_core.package_identification:_identify(chapt5_ws/src/demo_python_tf) by extension 'ros'
[0.205s] DEBUG:colcon.colcon_core.package_identification:Package 'chapt5_ws/src/demo_python_tf' with type 'ros.ament_python' and name 'demo_python_tf'
[0.205s] Level 1:colcon.colcon_core.package_identification:_identify(install) by extensions ['ignore', 'ignore_ament_install']
[0.205s] Level 1:colcon.colcon_core.package_identification:_identify(install) by extension 'ignore'
[0.205s] Level 1:colcon.colcon_core.package_identification:_identify(install) ignored
[0.206s] Level 1:colcon.colcon_core.package_identification:_identify(log) by extensions ['ignore', 'ignore_ament_install']
[0.206s] Level 1:colcon.colcon_core.package_identification:_identify(log) by extension 'ignore'
[0.206s] Level 1:colcon.colcon_core.package_identification:_identify(log) ignored
[0.206s] Level 1:colcon.colcon_core.package_discovery:discover_packages(recursive) using defaults
[0.206s] Level 1:colcon.colcon_core.package_discovery:discover_packages(ignore) discover
[0.206s] Level 1:colcon.colcon_core.package_discovery:discover_packages(ignore) using defaults
[0.206s] Level 1:colcon.colcon_core.package_discovery:discover_packages(path) discover
[0.206s] Level 1:colcon.colcon_core.package_discovery:discover_packages(path) using defaults
[0.221s] Level 1:colcon.colcon_core.package_discovery:discover_packages(prefix_path) check parameters
[0.221s] Level 1:colcon.colcon_core.package_discovery:discover_packages(prefix_path) discover
[0.222s] DEBUG:colcon.colcon_installed_package_information.package_discovery:Found 2 installed packages in /home/lyd/ROS2/chapter5_Tools/install
[0.223s] DEBUG:colcon.colcon_installed_package_information.package_discovery:Found 272 installed packages in /opt/ros/humble
[0.225s] Level 1:colcon.colcon_core.package_discovery:discover_packages(prefix_path) using defaults
[0.258s] Level 5:colcon.colcon_core.verb:set package 'demo_cpp_tf' build argument 'cmake_args' from command line to 'None'
[0.258s] Level 5:colcon.colcon_core.verb:set package 'demo_cpp_tf' build argument 'cmake_target' from command line to 'None'
[0.258s] Level 5:colcon.colcon_core.verb:set package 'demo_cpp_tf' build argument 'cmake_target_skip_unavailable' from command line to 'False'
[0.258s] Level 5:colcon.colcon_core.verb:set package 'demo_cpp_tf' build argument 'cmake_clean_cache' from command line to 'False'
[0.258s] Level 5:colcon.colcon_core.verb:set package 'demo_cpp_tf' build argument 'cmake_clean_first' from command line to 'False'
[0.258s] Level 5:colcon.colcon_core.verb:set package 'demo_cpp_tf' build argument 'cmake_force_configure' from command line to 'False'
[0.258s] Level 5:colcon.colcon_core.verb:set package 'demo_cpp_tf' build argument 'ament_cmake_args' from command line to 'None'
[0.258s] Level 5:colcon.colcon_core.verb:set package 'demo_cpp_tf' build argument 'catkin_cmake_args' from command line to 'None'
[0.258s] Level 5:colcon.colcon_core.verb:set package 'demo_cpp_tf' build argument 'catkin_skip_building_tests' from command line to 'False'
[0.258s] DEBUG:colcon.colcon_core.verb:Building package 'demo_cpp_tf' with the following arguments: {'ament_cmake_args': None, 'build_base': '/home/lyd/ROS2/chapter5_Tools/build/demo_cpp_tf', 'catkin_cmake_args': None, 'catkin_skip_building_tests': False, 'cmake_args': None, 'cmake_clean_cache': False, 'cmake_clean_first': False, 'cmake_force_configure': False, 'cmake_target': None, 'cmake_target_skip_unavailable': False, 'install_base': '/home/lyd/ROS2/chapter5_Tools/install/demo_cpp_tf', 'merge_install': False, 'path': '/home/lyd/ROS2/chapter5_Tools/chapt5_ws/src/demo_cpp_tf', 'symlink_install': False, 'test_result_base': None}
[0.258s] Level 5:colcon.colcon_core.verb:set package 'demo_python_tf' build argument 'cmake_args' from command line to 'None'
[0.259s] Level 5:colcon.colcon_core.verb:set package 'demo_python_tf' build argument 'cmake_target' from command line to 'None'
[0.259s] Level 5:colcon.colcon_core.verb:set package 'demo_python_tf' build argument 'cmake_target_skip_unavailable' from command line to 'False'
[0.259s] Level 5:colcon.colcon_core.verb:set package 'demo_python_tf' build argument 'cmake_clean_cache' from command line to 'False'
[0.259s] Level 5:colcon.colcon_core.verb:set package 'demo_python_tf' build argument 'cmake_clean_first' from command line to 'False'
[0.259s] Level 5:colcon.colcon_core.verb:set package 'demo_python_tf' build argument 'cmake_force_configure' from command line to 'False'
[0.259s] Level 5:colcon.colcon_core.verb:set package 'demo_python_tf' build argument 'ament_cmake_args' from command line to 'None'
[0.259s] Level 5:colcon.colcon_core.verb:set package 'demo_python_tf' build argument 'catkin_cmake_args' from command line to 'None'
[0.259s] Level 5:colcon.colcon_core.verb:set package 'demo_python_tf' build argument 'catkin_skip_building_tests' from command line to 'False'
[0.259s] DEBUG:colcon.colcon_core.verb:Building package 'demo_python_tf' with the following arguments: {'ament_cmake_args': None, 'build_base': '/home/lyd/ROS2/chapter5_Tools/build/demo_python_tf', 'catkin_cmake_args': None, 'catkin_skip_building_tests': False, 'cmake_args': None, 'cmake_clean_cache': False, 'cmake_clean_first': False, 'cmake_force_configure': False, 'cmake_target': None, 'cmake_target_skip_unavailable': False, 'install_base': '/home/lyd/ROS2/chapter5_Tools/install/demo_python_tf', 'merge_install': False, 'path': '/home/lyd/ROS2/chapter5_Tools/chapt5_ws/src/demo_python_tf', 'symlink_install': False, 'test_result_base': None}
[0.259s] INFO:colcon.colcon_core.executor:Executing jobs using 'parallel' executor
[0.260s] DEBUG:colcon.colcon_parallel_executor.executor.parallel:run_until_complete
[0.260s] INFO:colcon.colcon_ros.task.ament_cmake.build:Building ROS package in '/home/lyd/ROS2/chapter5_Tools/chapt5_ws/src/demo_cpp_tf' with build type 'ament_cmake'
[0.260s] INFO:colcon.colcon_cmake.task.cmake.build:Building CMake package in '/home/lyd/ROS2/chapter5_Tools/chapt5_ws/src/demo_cpp_tf'
[0.262s] INFO:colcon.colcon_core.plugin_system:Skipping extension 'colcon_core.shell.bat': Not used on non-Windows systems
[0.262s] INFO:colcon.colcon_core.shell:Skip shell extension 'powershell' for command environment: Not usable outside of PowerShell
[0.262s] DEBUG:colcon.colcon_core.shell:Skip shell extension 'dsv' for command environment
[0.265s] INFO:colcon.colcon_ros.task.ament_python.build:Building ROS package in '/home/lyd/ROS2/chapter5_Tools/chapt5_ws/src/demo_python_tf' with build type 'ament_python'
[0.265s] Level 1:colcon.colcon_core.shell:create_environment_hook('demo_python_tf', 'ament_prefix_path')
[0.265s] INFO:colcon.colcon_core.shell:Creating environment hook '/home/lyd/ROS2/chapter5_Tools/install/demo_python_tf/share/demo_python_tf/hook/ament_prefix_path.ps1'
[0.266s] INFO:colcon.colcon_core.shell:Creating environment descriptor '/home/lyd/ROS2/chapter5_Tools/install/demo_python_tf/share/demo_python_tf/hook/ament_prefix_path.dsv'
[0.267s] INFO:colcon.colcon_core.shell:Creating environment hook '/home/lyd/ROS2/chapter5_Tools/install/demo_python_tf/share/demo_python_tf/hook/ament_prefix_path.sh'
[0.267s] INFO:colcon.colcon_core.shell:Skip shell extension 'powershell' for command environment: Not usable outside of PowerShell
[0.267s] DEBUG:colcon.colcon_core.shell:Skip shell extension 'dsv' for command environment
[0.276s] DEBUG:colcon.colcon_core.event_handler.log_command:Invoking command in '/home/lyd/ROS2/chapter5_Tools/build/demo_cpp_tf': CMAKE_PREFIX_PATH=${CMAKE_PREFIX_PATH}:/home/lyd/ROS2/chapter5_Tools/install/demo_python_tf:/opt/ros/humble /usr/bin/cmake --build /home/lyd/ROS2/chapter5_Tools/build/demo_cpp_tf -- -j4 -l4
[0.512s] INFO:colcon.colcon_core.task.python.build:Building Python package in '/home/lyd/ROS2/chapter5_Tools/chapt5_ws/src/demo_python_tf'
[0.512s] INFO:colcon.colcon_core.shell:Skip shell extension 'powershell' for command environment: Not usable outside of PowerShell
[0.512s] DEBUG:colcon.colcon_core.shell:Skip shell extension 'dsv' for command environment
[0.808s] DEBUG:colcon.colcon_core.event_handler.log_command:Invoking command in '/home/lyd/ROS2/chapter5_Tools/chapt5_ws/src/demo_python_tf': PYTHONPATH=/home/lyd/ROS2/chapter5_Tools/build/demo_python_tf/prefix_override:/usr/lib/python3/dist-packages/colcon_core/task/python/colcon_distutils_commands:/home/lyd/ROS2/chapter5_Tools/install/demo_python_tf/lib/python3.10/site-packages:${PYTHONPATH} /usr/bin/python3 -W ignore:setup.py install is deprecated -W ignore:easy_install command is deprecated setup.py egg_info --egg-base ../../../build/demo_python_tf build --build-base /home/lyd/ROS2/chapter5_Tools/build/demo_python_tf/build install --record /home/lyd/ROS2/chapter5_Tools/build/demo_python_tf/install.log --single-version-externally-managed install_data
[1.077s] Level 1:colcon.colcon_core.environment:checking '/home/lyd/ROS2/chapter5_Tools/install/demo_python_tf' for CMake module files
[1.077s] DEBUG:colcon.colcon_core.event_handler.log_command:Invoked command in '/home/lyd/ROS2/chapter5_Tools/chapt5_ws/src/demo_python_tf' returned '0': PYTHONPATH=/home/lyd/ROS2/chapter5_Tools/build/demo_python_tf/prefix_override:/usr/lib/python3/dist-packages/colcon_core/task/python/colcon_distutils_commands:/home/lyd/ROS2/chapter5_Tools/install/demo_python_tf/lib/python3.10/site-packages:${PYTHONPATH} /usr/bin/python3 -W ignore:setup.py install is deprecated -W ignore:easy_install command is deprecated setup.py egg_info --egg-base ../../../build/demo_python_tf build --build-base /home/lyd/ROS2/chapter5_Tools/build/demo_python_tf/build install --record /home/lyd/ROS2/chapter5_Tools/build/demo_python_tf/install.log --single-version-externally-managed install_data
[1.078s] Level 1:colcon.colcon_core.environment:checking '/home/lyd/ROS2/chapter5_Tools/install/demo_python_tf' for CMake config files
[1.079s] Level 1:colcon.colcon_core.environment:checking '/home/lyd/ROS2/chapter5_Tools/install/demo_python_tf/lib'
[1.079s] Level 1:colcon.colcon_core.environment:checking '/home/lyd/ROS2/chapter5_Tools/install/demo_python_tf/bin'
[1.079s] Level 1:colcon.colcon_core.environment:checking '/home/lyd/ROS2/chapter5_Tools/install/demo_python_tf/lib/pkgconfig/demo_python_tf.pc'
[1.079s] Level 1:colcon.colcon_core.environment:checking '/home/lyd/ROS2/chapter5_Tools/install/demo_python_tf/lib/python3.10/site-packages'
[1.079s] Level 1:colcon.colcon_core.shell:create_environment_hook('demo_python_tf', 'pythonpath')
[1.080s] INFO:colcon.colcon_core.shell:Creating environment hook '/home/lyd/ROS2/chapter5_Tools/install/demo_python_tf/share/demo_python_tf/hook/pythonpath.ps1'
[1.080s] INFO:colcon.colcon_core.shell:Creating environment descriptor '/home/lyd/ROS2/chapter5_Tools/install/demo_python_tf/share/demo_python_tf/hook/pythonpath.dsv'
[1.081s] INFO:colcon.colcon_core.shell:Creating environment hook '/home/lyd/ROS2/chapter5_Tools/install/demo_python_tf/share/demo_python_tf/hook/pythonpath.sh'
[1.081s] Level 1:colcon.colcon_core.environment:checking '/home/lyd/ROS2/chapter5_Tools/install/demo_python_tf/bin'
[1.082s] Level 1:colcon.colcon_core.environment:create_environment_scripts_only(demo_python_tf)
[1.083s] INFO:colcon.colcon_core.shell:Creating package script '/home/lyd/ROS2/chapter5_Tools/install/demo_python_tf/share/demo_python_tf/package.ps1'
[1.084s] INFO:colcon.colcon_core.shell:Creating package descriptor '/home/lyd/ROS2/chapter5_Tools/install/demo_python_tf/share/demo_python_tf/package.dsv'
[1.084s] INFO:colcon.colcon_core.shell:Creating package script '/home/lyd/ROS2/chapter5_Tools/install/demo_python_tf/share/demo_python_tf/package.sh'
[1.085s] INFO:colcon.colcon_core.shell:Creating package script '/home/lyd/ROS2/chapter5_Tools/install/demo_python_tf/share/demo_python_tf/package.bash'
[1.086s] INFO:colcon.colcon_core.shell:Creating package script '/home/lyd/ROS2/chapter5_Tools/install/demo_python_tf/share/demo_python_tf/package.zsh'
[1.086s] Level 1:colcon.colcon_core.environment:create_file_with_runtime_dependencies(/home/lyd/ROS2/chapter5_Tools/install/demo_python_tf/share/colcon-core/packages/demo_python_tf)
[4.313s] DEBUG:colcon.colcon_core.event_handler.log_command:Invoked command in '/home/lyd/ROS2/chapter5_Tools/build/demo_cpp_tf' returned '0': CMAKE_PREFIX_PATH=${CMAKE_PREFIX_PATH}:/home/lyd/ROS2/chapter5_Tools/install/demo_python_tf:/opt/ros/humble /usr/bin/cmake --build /home/lyd/ROS2/chapter5_Tools/build/demo_cpp_tf -- -j4 -l4
[4.320s] DEBUG:colcon.colcon_core.event_handler.log_command:Invoking command in '/home/lyd/ROS2/chapter5_Tools/build/demo_cpp_tf': CMAKE_PREFIX_PATH=${CMAKE_PREFIX_PATH}:/home/lyd/ROS2/chapter5_Tools/install/demo_python_tf:/opt/ros/humble /usr/bin/cmake --install /home/lyd/ROS2/chapter5_Tools/build/demo_cpp_tf
[4.338s] Level 1:colcon.colcon_core.environment:create_environment_scripts_only(demo_cpp_tf)
[4.338s] Level 1:colcon.colcon_core.environment:checking '/home/lyd/ROS2/chapter5_Tools/install/demo_cpp_tf' for CMake module files
[4.339s] DEBUG:colcon.colcon_core.event_handler.log_command:Invoked command in '/home/lyd/ROS2/chapter5_Tools/build/demo_cpp_tf' returned '0': CMAKE_PREFIX_PATH=${CMAKE_PREFIX_PATH}:/home/lyd/ROS2/chapter5_Tools/install/demo_python_tf:/opt/ros/humble /usr/bin/cmake --install /home/lyd/ROS2/chapter5_Tools/build/demo_cpp_tf
[4.339s] Level 1:colcon.colcon_core.environment:checking '/home/lyd/ROS2/chapter5_Tools/install/demo_cpp_tf' for CMake config files
[4.339s] Level 1:colcon.colcon_core.shell:create_environment_hook('demo_cpp_tf', 'cmake_prefix_path')
[4.339s] INFO:colcon.colcon_core.shell:Creating environment hook '/home/lyd/ROS2/chapter5_Tools/install/demo_cpp_tf/share/demo_cpp_tf/hook/cmake_prefix_path.ps1'
[4.340s] INFO:colcon.colcon_core.shell:Creating environment descriptor '/home/lyd/ROS2/chapter5_Tools/install/demo_cpp_tf/share/demo_cpp_tf/hook/cmake_prefix_path.dsv'
[4.340s] INFO:colcon.colcon_core.shell:Creating environment hook '/home/lyd/ROS2/chapter5_Tools/install/demo_cpp_tf/share/demo_cpp_tf/hook/cmake_prefix_path.sh'
[4.341s] Level 1:colcon.colcon_core.environment:checking '/home/lyd/ROS2/chapter5_Tools/install/demo_cpp_tf/lib'
[4.341s] Level 1:colcon.colcon_core.environment:checking '/home/lyd/ROS2/chapter5_Tools/install/demo_cpp_tf/bin'
[4.341s] Level 1:colcon.colcon_core.environment:checking '/home/lyd/ROS2/chapter5_Tools/install/demo_cpp_tf/lib/pkgconfig/demo_cpp_tf.pc'
[4.341s] Level 1:colcon.colcon_core.environment:checking '/home/lyd/ROS2/chapter5_Tools/install/demo_cpp_tf/lib/python3.10/site-packages'
[4.341s] Level 1:colcon.colcon_core.environment:checking '/home/lyd/ROS2/chapter5_Tools/install/demo_cpp_tf/bin'
[4.342s] INFO:colcon.colcon_core.shell:Creating package script '/home/lyd/ROS2/chapter5_Tools/install/demo_cpp_tf/share/demo_cpp_tf/package.ps1'
[4.343s] INFO:colcon.colcon_core.shell:Creating package descriptor '/home/lyd/ROS2/chapter5_Tools/install/demo_cpp_tf/share/demo_cpp_tf/package.dsv'
[4.343s] INFO:colcon.colcon_core.shell:Creating package script '/home/lyd/ROS2/chapter5_Tools/install/demo_cpp_tf/share/demo_cpp_tf/package.sh'
[4.344s] INFO:colcon.colcon_core.shell:Creating package script '/home/lyd/ROS2/chapter5_Tools/install/demo_cpp_tf/share/demo_cpp_tf/package.bash'
[4.344s] INFO:colcon.colcon_core.shell:Creating package script '/home/lyd/ROS2/chapter5_Tools/install/demo_cpp_tf/share/demo_cpp_tf/package.zsh'
[4.345s] Level 1:colcon.colcon_core.environment:create_file_with_runtime_dependencies(/home/lyd/ROS2/chapter5_Tools/install/demo_cpp_tf/share/colcon-core/packages/demo_cpp_tf)
[4.346s] Level 1:colcon.colcon_core.environment:create_environment_scripts_only(demo_cpp_tf)
[4.346s] Level 1:colcon.colcon_core.environment:checking '/home/lyd/ROS2/chapter5_Tools/install/demo_cpp_tf' for CMake module files
[4.347s] Level 1:colcon.colcon_core.environment:checking '/home/lyd/ROS2/chapter5_Tools/install/demo_cpp_tf' for CMake config files
[4.347s] Level 1:colcon.colcon_core.shell:create_environment_hook('demo_cpp_tf', 'cmake_prefix_path')
[4.347s] INFO:colcon.colcon_core.shell:Creating environment hook '/home/lyd/ROS2/chapter5_Tools/install/demo_cpp_tf/share/demo_cpp_tf/hook/cmake_prefix_path.ps1'
[4.347s] INFO:colcon.colcon_core.shell:Creating environment descriptor '/home/lyd/ROS2/chapter5_Tools/install/demo_cpp_tf/share/demo_cpp_tf/hook/cmake_prefix_path.dsv'
[4.348s] INFO:colcon.colcon_core.shell:Creating environment hook '/home/lyd/ROS2/chapter5_Tools/install/demo_cpp_tf/share/demo_cpp_tf/hook/cmake_prefix_path.sh'
[4.348s] Level 1:colcon.colcon_core.environment:checking '/home/lyd/ROS2/chapter5_Tools/install/demo_cpp_tf/lib'
[4.348s] Level 1:colcon.colcon_core.environment:checking '/home/lyd/ROS2/chapter5_Tools/install/demo_cpp_tf/bin'
[4.348s] Level 1:colcon.colcon_core.environment:checking '/home/lyd/ROS2/chapter5_Tools/install/demo_cpp_tf/lib/pkgconfig/demo_cpp_tf.pc'
[4.348s] Level 1:colcon.colcon_core.environment:checking '/home/lyd/ROS2/chapter5_Tools/install/demo_cpp_tf/lib/python3.10/site-packages'
[4.349s] Level 1:colcon.colcon_core.environment:checking '/home/lyd/ROS2/chapter5_Tools/install/demo_cpp_tf/bin'
[4.349s] INFO:colcon.colcon_core.shell:Creating package script '/home/lyd/ROS2/chapter5_Tools/install/demo_cpp_tf/share/demo_cpp_tf/package.ps1'
[4.349s] INFO:colcon.colcon_core.shell:Creating package descriptor '/home/lyd/ROS2/chapter5_Tools/install/demo_cpp_tf/share/demo_cpp_tf/package.dsv'
[4.349s] INFO:colcon.colcon_core.shell:Creating package script '/home/lyd/ROS2/chapter5_Tools/install/demo_cpp_tf/share/demo_cpp_tf/package.sh'
[4.350s] INFO:colcon.colcon_core.shell:Creating package script '/home/lyd/ROS2/chapter5_Tools/install/demo_cpp_tf/share/demo_cpp_tf/package.bash'
[4.350s] INFO:colcon.colcon_core.shell:Creating package script '/home/lyd/ROS2/chapter5_Tools/install/demo_cpp_tf/share/demo_cpp_tf/package.zsh'
[4.350s] Level 1:colcon.colcon_core.environment:create_file_with_runtime_dependencies(/home/lyd/ROS2/chapter5_Tools/install/demo_cpp_tf/share/colcon-core/packages/demo_cpp_tf)
[4.351s] DEBUG:colcon.colcon_parallel_executor.executor.parallel:closing loop
[4.351s] DEBUG:colcon.colcon_parallel_executor.executor.parallel:loop closed
[4.351s] DEBUG:colcon.colcon_parallel_executor.executor.parallel:run_until_complete finished with '0'
[4.351s] DEBUG:colcon.colcon_core.event_reactor:joining thread
[4.357s] INFO:colcon.colcon_core.plugin_system:Skipping extension 'colcon_notification.desktop_notification.terminal_notifier': Not used on non-Darwin systems
[4.357s] INFO:colcon.colcon_core.plugin_system:Skipping extension 'colcon_notification.desktop_notification.win32': Not used on non-Windows systems
[4.357s] INFO:colcon.colcon_notification.desktop_notification:Sending desktop notification using 'notify2'
[4.371s] DEBUG:colcon.colcon_core.event_reactor:joined thread
[4.372s] INFO:colcon.colcon_core.shell:Creating prefix script '/home/lyd/ROS2/chapter5_Tools/install/local_setup.ps1'
[4.373s] INFO:colcon.colcon_core.shell:Creating prefix util module '/home/lyd/ROS2/chapter5_Tools/install/_local_setup_util_ps1.py'
[4.374s] INFO:colcon.colcon_core.shell:Creating prefix chain script '/home/lyd/ROS2/chapter5_Tools/install/setup.ps1'
[4.375s] INFO:colcon.colcon_core.shell:Creating prefix script '/home/lyd/ROS2/chapter5_Tools/install/local_setup.sh'
[4.376s] INFO:colcon.colcon_core.shell:Creating prefix util module '/home/lyd/ROS2/chapter5_Tools/install/_local_setup_util_sh.py'
[4.376s] INFO:colcon.colcon_core.shell:Creating prefix chain script '/home/lyd/ROS2/chapter5_Tools/install/setup.sh'
[4.377s] INFO:colcon.colcon_core.shell:Creating prefix script '/home/lyd/ROS2/chapter5_Tools/install/local_setup.bash'
[4.378s] INFO:colcon.colcon_core.shell:Creating prefix chain script '/home/lyd/ROS2/chapter5_Tools/install/setup.bash'
[4.379s] INFO:colcon.colcon_core.shell:Creating prefix script '/home/lyd/ROS2/chapter5_Tools/install/local_setup.zsh'
[4.379s] INFO:colcon.colcon_core.shell:Creating prefix chain script '/home/lyd/ROS2/chapter5_Tools/install/setup.zsh'
