[0.459s] Invoking command in '/home/lyd/ROS2/chapter5_Tools/chapt5_ws/src/demo_python_tf': PYTHONPATH=/home/lyd/ROS2/chapter5_Tools/build/demo_python_tf/prefix_override:/usr/lib/python3/dist-packages/colcon_core/task/python/colcon_distutils_commands:/home/lyd/ROS2/chapter5_Tools/install/demo_python_tf/lib/python3.10/site-packages:${PYTHONPATH} /usr/bin/python3 -W ignore:setup.py install is deprecated -W ignore:easy_install command is deprecated setup.py egg_info --egg-base ../../../build/demo_python_tf build --build-base /home/lyd/ROS2/chapter5_Tools/build/demo_python_tf/build install --record /home/lyd/ROS2/chapter5_Tools/build/demo_python_tf/install.log --single-version-externally-managed install_data
[0.616s] running egg_info
[0.617s] writing ../../../build/demo_python_tf/demo_python_tf.egg-info/PKG-INFO
[0.617s] writing dependency_links to ../../../build/demo_python_tf/demo_python_tf.egg-info/dependency_links.txt
[0.618s] writing entry points to ../../../build/demo_python_tf/demo_python_tf.egg-info/entry_points.txt
[0.618s] writing requirements to ../../../build/demo_python_tf/demo_python_tf.egg-info/requires.txt
[0.618s] writing top-level names to ../../../build/demo_python_tf/demo_python_tf.egg-info/top_level.txt
[0.619s] reading manifest file '../../../build/demo_python_tf/demo_python_tf.egg-info/SOURCES.txt'
[0.619s] adding license file 'LICENSE'
[0.620s] writing manifest file '../../../build/demo_python_tf/demo_python_tf.egg-info/SOURCES.txt'
[0.620s] running build
[0.620s] running build_py
[0.620s] copying demo_python_tf/dynamic_tf_broadcaster.py -> /home/lyd/ROS2/chapter5_Tools/build/demo_python_tf/build/lib/demo_python_tf
[0.620s] running install
[0.621s] running install_lib
[0.621s] copying /home/lyd/ROS2/chapter5_Tools/build/demo_python_tf/build/lib/demo_python_tf/dynamic_tf_broadcaster.py -> /home/lyd/ROS2/chapter5_Tools/install/demo_python_tf/lib/python3.10/site-packages/demo_python_tf
[0.622s] byte-compiling /home/lyd/ROS2/chapter5_Tools/install/demo_python_tf/lib/python3.10/site-packages/demo_python_tf/dynamic_tf_broadcaster.py to dynamic_tf_broadcaster.cpython-310.pyc
[0.622s] running install_data
[0.622s] running install_egg_info
[0.627s] removing '/home/lyd/ROS2/chapter5_Tools/install/demo_python_tf/lib/python3.10/site-packages/demo_python_tf-0.0.0-py3.10.egg-info' (and everything under it)
[0.627s] Copying ../../../build/demo_python_tf/demo_python_tf.egg-info to /home/lyd/ROS2/chapter5_Tools/install/demo_python_tf/lib/python3.10/site-packages/demo_python_tf-0.0.0-py3.10.egg-info
[0.627s] running install_scripts
[0.643s] Installing dynamic_tf_broadcaster script to /home/lyd/ROS2/chapter5_Tools/install/demo_python_tf/lib/demo_python_tf
[0.643s] Installing static_tf_broadcaster script to /home/lyd/ROS2/chapter5_Tools/install/demo_python_tf/lib/demo_python_tf
[0.643s] Installing tf_listener script to /home/lyd/ROS2/chapter5_Tools/install/demo_python_tf/lib/demo_python_tf
[0.643s] writing list of installed files to '/home/lyd/ROS2/chapter5_Tools/build/demo_python_tf/install.log'
[0.659s] Invoked command in '/home/lyd/ROS2/chapter5_Tools/chapt5_ws/src/demo_python_tf' returned '0': PYTHONPATH=/home/lyd/ROS2/chapter5_Tools/build/demo_python_tf/prefix_override:/usr/lib/python3/dist-packages/colcon_core/task/python/colcon_distutils_commands:/home/lyd/ROS2/chapter5_Tools/install/demo_python_tf/lib/python3.10/site-packages:${PYTHONPATH} /usr/bin/python3 -W ignore:setup.py install is deprecated -W ignore:easy_install command is deprecated setup.py egg_info --egg-base ../../../build/demo_python_tf build --build-base /home/lyd/ROS2/chapter5_Tools/build/demo_python_tf/build install --record /home/lyd/ROS2/chapter5_Tools/build/demo_python_tf/install.log --single-version-externally-managed install_data
