[0.015s] Invoking command in '/home/lyd/ROS2/chapter4_Service/Service_ws/build/demo_cpp_service': CMAKE_PREFIX_PATH=/home/lyd/ROS2/chapter4_Service/Service_ws/install/chapt4_interfaces:/home/lyd/ROS2/chapter4_Service/Service_ws/install/demo_cpp_service:/home/lyd/ROS2/chapter4_Service/Service_ws/install/demo_python_service:/opt/ros/humble /usr/bin/cmake --build /home/lyd/ROS2/chapter4_Service/Service_ws/build/demo_cpp_service -- -j4 -l4
[0.064s] [ 50%] Built target turtle_control
[0.066s] [100%] Built target patrol_client
[0.216s] Invoked command in '/home/lyd/ROS2/chapter4_Service/Service_ws/build/demo_cpp_service' returned '0': CMAKE_PREFIX_PATH=/home/lyd/ROS2/chapter4_Service/Service_ws/install/chapt4_interfaces:/home/lyd/ROS2/chapter4_Service/Service_ws/install/demo_cpp_service:/home/lyd/ROS2/chapter4_Service/Service_ws/install/demo_python_service:/opt/ros/humble /usr/bin/cmake --build /home/lyd/ROS2/chapter4_Service/Service_ws/build/demo_cpp_service -- -j4 -l4
[0.219s] Invoking command in '/home/lyd/ROS2/chapter4_Service/Service_ws/build/demo_cpp_service': CMAKE_PREFIX_PATH=/home/lyd/ROS2/chapter4_Service/Service_ws/install/chapt4_interfaces:/home/lyd/ROS2/chapter4_Service/Service_ws/install/demo_cpp_service:/home/lyd/ROS2/chapter4_Service/Service_ws/install/demo_python_service:/opt/ros/humble /usr/bin/cmake --install /home/lyd/ROS2/chapter4_Service/Service_ws/build/demo_cpp_service
[0.225s] -- Install configuration: ""
[0.225s] -- Up-to-date: /home/lyd/ROS2/chapter4_Service/Service_ws/install/demo_cpp_service/lib/demo_cpp_service/turtle_control
[0.226s] -- Up-to-date: /home/lyd/ROS2/chapter4_Service/Service_ws/install/demo_cpp_service/lib/demo_cpp_service/patrol_client
[0.226s] -- Up-to-date: /home/lyd/ROS2/chapter4_Service/Service_ws/install/demo_cpp_service/share/demo_cpp_service/launch
[0.226s] -- Up-to-date: /home/lyd/ROS2/chapter4_Service/Service_ws/install/demo_cpp_service/share/demo_cpp_service/launch/demo.launch.py
[0.226s] -- Up-to-date: /home/lyd/ROS2/chapter4_Service/Service_ws/install/demo_cpp_service/share/ament_index/resource_index/package_run_dependencies/demo_cpp_service
[0.226s] -- Up-to-date: /home/lyd/ROS2/chapter4_Service/Service_ws/install/demo_cpp_service/share/ament_index/resource_index/parent_prefix_path/demo_cpp_service
[0.227s] -- Up-to-date: /home/lyd/ROS2/chapter4_Service/Service_ws/install/demo_cpp_service/share/demo_cpp_service/environment/ament_prefix_path.sh
[0.227s] -- Up-to-date: /home/lyd/ROS2/chapter4_Service/Service_ws/install/demo_cpp_service/share/demo_cpp_service/environment/ament_prefix_path.dsv
[0.227s] -- Up-to-date: /home/lyd/ROS2/chapter4_Service/Service_ws/install/demo_cpp_service/share/demo_cpp_service/environment/path.sh
[0.227s] -- Up-to-date: /home/lyd/ROS2/chapter4_Service/Service_ws/install/demo_cpp_service/share/demo_cpp_service/environment/path.dsv
[0.227s] -- Up-to-date: /home/lyd/ROS2/chapter4_Service/Service_ws/install/demo_cpp_service/share/demo_cpp_service/local_setup.bash
[0.227s] -- Up-to-date: /home/lyd/ROS2/chapter4_Service/Service_ws/install/demo_cpp_service/share/demo_cpp_service/local_setup.sh
[0.227s] -- Up-to-date: /home/lyd/ROS2/chapter4_Service/Service_ws/install/demo_cpp_service/share/demo_cpp_service/local_setup.zsh
[0.227s] -- Up-to-date: /home/lyd/ROS2/chapter4_Service/Service_ws/install/demo_cpp_service/share/demo_cpp_service/local_setup.dsv
[0.227s] -- Installing: /home/lyd/ROS2/chapter4_Service/Service_ws/install/demo_cpp_service/share/demo_cpp_service/package.dsv
[0.227s] -- Up-to-date: /home/lyd/ROS2/chapter4_Service/Service_ws/install/demo_cpp_service/share/ament_index/resource_index/packages/demo_cpp_service
[0.227s] -- Up-to-date: /home/lyd/ROS2/chapter4_Service/Service_ws/install/demo_cpp_service/share/demo_cpp_service/cmake/demo_cpp_serviceConfig.cmake
[0.227s] -- Up-to-date: /home/lyd/ROS2/chapter4_Service/Service_ws/install/demo_cpp_service/share/demo_cpp_service/cmake/demo_cpp_serviceConfig-version.cmake
[0.227s] -- Up-to-date: /home/lyd/ROS2/chapter4_Service/Service_ws/install/demo_cpp_service/share/demo_cpp_service/package.xml
[0.231s] Invoked command in '/home/lyd/ROS2/chapter4_Service/Service_ws/build/demo_cpp_service' returned '0': CMAKE_PREFIX_PATH=/home/lyd/ROS2/chapter4_Service/Service_ws/install/chapt4_interfaces:/home/lyd/ROS2/chapter4_Service/Service_ws/install/demo_cpp_service:/home/lyd/ROS2/chapter4_Service/Service_ws/install/demo_python_service:/opt/ros/humble /usr/bin/cmake --install /home/lyd/ROS2/chapter4_Service/Service_ws/build/demo_cpp_service
