[0.523s] Invoking command in '/home/lyd/ROS2/chapter3_Topic/topic_practice_ws/src/status_publisher': AMENT_PREFIX_PATH=/home/lyd/ROS2/chapter3_Topic/topic_practice_ws/install/status_interfaces:${AMENT_PREFIX_PATH} CMAKE_PREFIX_PATH=/home/lyd/ROS2/chapter3_Topic/topic_practice_ws/install/status_interfaces LD_LIBRARY_PATH=/home/lyd/ROS2/chapter3_Topic/topic_practice_ws/install/status_interfaces/lib:${LD_LIBRARY_PATH} PYTHONPATH=/home/lyd/ROS2/chapter3_Topic/topic_practice_ws/build/status_publisher/prefix_override:/usr/lib/python3/dist-packages/colcon_core/task/python/colcon_distutils_commands:/home/lyd/ROS2/chapter3_Topic/topic_practice_ws/install/status_publisher/lib/python3.10/site-packages:/home/lyd/ROS2/chapter3_Topic/topic_practice_ws/install/status_interfaces/local/lib/python3.10/dist-packages:${PYTHONPATH} /usr/bin/python3 -W ignore:setup.py install is deprecated -W ignore:easy_install command is deprecated setup.py egg_info --egg-base ../../build/status_publisher build --build-base /home/lyd/ROS2/chapter3_Topic/topic_practice_ws/build/status_publisher/build install --record /home/lyd/ROS2/chapter3_Topic/topic_practice_ws/build/status_publisher/install.log --single-version-externally-managed install_data
[0.681s] running egg_info
[0.681s] writing ../../build/status_publisher/status_publisher.egg-info/PKG-INFO
[0.681s] writing dependency_links to ../../build/status_publisher/status_publisher.egg-info/dependency_links.txt
[0.681s] writing entry points to ../../build/status_publisher/status_publisher.egg-info/entry_points.txt
[0.681s] writing requirements to ../../build/status_publisher/status_publisher.egg-info/requires.txt
[0.681s] writing top-level names to ../../build/status_publisher/status_publisher.egg-info/top_level.txt
[0.682s] reading manifest file '../../build/status_publisher/status_publisher.egg-info/SOURCES.txt'
[0.682s] adding license file 'LICENSE'
[0.682s] writing manifest file '../../build/status_publisher/status_publisher.egg-info/SOURCES.txt'
[0.683s] running build
[0.683s] running build_py
[0.683s] copying status_publisher/sys_status_pub.py -> /home/lyd/ROS2/chapter3_Topic/topic_practice_ws/build/status_publisher/build/lib/status_publisher
[0.683s] running install
[0.684s] running install_lib
[0.688s] copying /home/lyd/ROS2/chapter3_Topic/topic_practice_ws/build/status_publisher/build/lib/status_publisher/sys_status_pub.py -> /home/lyd/ROS2/chapter3_Topic/topic_practice_ws/install/status_publisher/lib/python3.10/site-packages/status_publisher
[0.688s] byte-compiling /home/lyd/ROS2/chapter3_Topic/topic_practice_ws/install/status_publisher/lib/python3.10/site-packages/status_publisher/sys_status_pub.py to sys_status_pub.cpython-310.pyc
[0.688s] running install_data
[0.688s] running install_egg_info
[0.688s] removing '/home/lyd/ROS2/chapter3_Topic/topic_practice_ws/install/status_publisher/lib/python3.10/site-packages/status_publisher-0.0.0-py3.10.egg-info' (and everything under it)
[0.689s] Copying ../../build/status_publisher/status_publisher.egg-info to /home/lyd/ROS2/chapter3_Topic/topic_practice_ws/install/status_publisher/lib/python3.10/site-packages/status_publisher-0.0.0-py3.10.egg-info
[0.690s] running install_scripts
[0.704s] Installing sys_status_pub script to /home/lyd/ROS2/chapter3_Topic/topic_practice_ws/install/status_publisher/lib/status_publisher
[0.704s] writing list of installed files to '/home/lyd/ROS2/chapter3_Topic/topic_practice_ws/build/status_publisher/install.log'
[0.725s] Invoked command in '/home/lyd/ROS2/chapter3_Topic/topic_practice_ws/src/status_publisher' returned '0': AMENT_PREFIX_PATH=/home/lyd/ROS2/chapter3_Topic/topic_practice_ws/install/status_interfaces:${AMENT_PREFIX_PATH} CMAKE_PREFIX_PATH=/home/lyd/ROS2/chapter3_Topic/topic_practice_ws/install/status_interfaces LD_LIBRARY_PATH=/home/lyd/ROS2/chapter3_Topic/topic_practice_ws/install/status_interfaces/lib:${LD_LIBRARY_PATH} PYTHONPATH=/home/lyd/ROS2/chapter3_Topic/topic_practice_ws/build/status_publisher/prefix_override:/usr/lib/python3/dist-packages/colcon_core/task/python/colcon_distutils_commands:/home/lyd/ROS2/chapter3_Topic/topic_practice_ws/install/status_publisher/lib/python3.10/site-packages:/home/lyd/ROS2/chapter3_Topic/topic_practice_ws/install/status_interfaces/local/lib/python3.10/dist-packages:${PYTHONPATH} /usr/bin/python3 -W ignore:setup.py install is deprecated -W ignore:easy_install command is deprecated setup.py egg_info --egg-base ../../build/status_publisher build --build-base /home/lyd/ROS2/chapter3_Topic/topic_practice_ws/build/status_publisher/build install --record /home/lyd/ROS2/chapter3_Topic/topic_practice_ws/build/status_publisher/install.log --single-version-externally-managed install_data
