[0.020s] Invoking command in '/home/lyd/ROS2/chapter4_Service/build/demo_cpp_service': AMENT_PREFIX_PATH=/home/lyd/ROS2/chapter4_Service/install/chapt4_interfaces:${AMENT_PREFIX_PATH} CMAKE_PREFIX_PATH=/home/lyd/ROS2/chapter4_Service/install/chapt4_interfaces:/opt/ros/humble LD_LIBRARY_PATH=/home/lyd/ROS2/chapter4_Service/install/chapt4_interfaces/lib:${LD_LIBRARY_PATH} PYTHONPATH=/home/lyd/ROS2/chapter4_Service/install/chapt4_interfaces/local/lib/python3.10/dist-packages:${PYTHONPATH} /usr/bin/cmake --build /home/lyd/ROS2/chapter4_Service/build/demo_cpp_service -- -j4 -l4
[0.103s] [35m[1mConsolidate compiler generated dependencies of target patrol_client[0m
[0.118s] [ 50%] Built target turtle_control
[0.133s] [100%] Built target patrol_client
[0.317s] Invoked command in '/home/lyd/ROS2/chapter4_Service/build/demo_cpp_service' returned '0': AMENT_PREFIX_PATH=/home/lyd/ROS2/chapter4_Service/install/chapt4_interfaces:${AMENT_PREFIX_PATH} CMAKE_PREFIX_PATH=/home/lyd/ROS2/chapter4_Service/install/chapt4_interfaces:/opt/ros/humble LD_LIBRARY_PATH=/home/lyd/ROS2/chapter4_Service/install/chapt4_interfaces/lib:${LD_LIBRARY_PATH} PYTHONPATH=/home/lyd/ROS2/chapter4_Service/install/chapt4_interfaces/local/lib/python3.10/dist-packages:${PYTHONPATH} /usr/bin/cmake --build /home/lyd/ROS2/chapter4_Service/build/demo_cpp_service -- -j4 -l4
[0.319s] Invoking command in '/home/lyd/ROS2/chapter4_Service/build/demo_cpp_service': AMENT_PREFIX_PATH=/home/lyd/ROS2/chapter4_Service/install/chapt4_interfaces:${AMENT_PREFIX_PATH} CMAKE_PREFIX_PATH=/home/lyd/ROS2/chapter4_Service/install/chapt4_interfaces:/opt/ros/humble LD_LIBRARY_PATH=/home/lyd/ROS2/chapter4_Service/install/chapt4_interfaces/lib:${LD_LIBRARY_PATH} PYTHONPATH=/home/lyd/ROS2/chapter4_Service/install/chapt4_interfaces/local/lib/python3.10/dist-packages:${PYTHONPATH} /usr/bin/cmake --install /home/lyd/ROS2/chapter4_Service/build/demo_cpp_service
[0.330s] -- Install configuration: ""
[0.330s] -- Up-to-date: /home/lyd/ROS2/chapter4_Service/install/demo_cpp_service/lib/demo_cpp_service/turtle_control
[0.330s] -- Up-to-date: /home/lyd/ROS2/chapter4_Service/install/demo_cpp_service/lib/demo_cpp_service/patrol_client
[0.330s] -- Up-to-date: /home/lyd/ROS2/chapter4_Service/install/demo_cpp_service/share/demo_cpp_service/launch
[0.330s] -- Installing: /home/lyd/ROS2/chapter4_Service/install/demo_cpp_service/share/demo_cpp_service/launch/demo.launch.py
[0.330s] -- Up-to-date: /home/lyd/ROS2/chapter4_Service/install/demo_cpp_service/share/ament_index/resource_index/package_run_dependencies/demo_cpp_service
[0.330s] -- Up-to-date: /home/lyd/ROS2/chapter4_Service/install/demo_cpp_service/share/ament_index/resource_index/parent_prefix_path/demo_cpp_service
[0.330s] -- Up-to-date: /home/lyd/ROS2/chapter4_Service/install/demo_cpp_service/share/demo_cpp_service/environment/ament_prefix_path.sh
[0.330s] -- Up-to-date: /home/lyd/ROS2/chapter4_Service/install/demo_cpp_service/share/demo_cpp_service/environment/ament_prefix_path.dsv
[0.330s] -- Up-to-date: /home/lyd/ROS2/chapter4_Service/install/demo_cpp_service/share/demo_cpp_service/environment/path.sh
[0.330s] -- Up-to-date: /home/lyd/ROS2/chapter4_Service/install/demo_cpp_service/share/demo_cpp_service/environment/path.dsv
[0.330s] -- Up-to-date: /home/lyd/ROS2/chapter4_Service/install/demo_cpp_service/share/demo_cpp_service/local_setup.bash
[0.330s] -- Up-to-date: /home/lyd/ROS2/chapter4_Service/install/demo_cpp_service/share/demo_cpp_service/local_setup.sh
[0.330s] -- Up-to-date: /home/lyd/ROS2/chapter4_Service/install/demo_cpp_service/share/demo_cpp_service/local_setup.zsh
[0.338s] -- Up-to-date: /home/lyd/ROS2/chapter4_Service/install/demo_cpp_service/share/demo_cpp_service/local_setup.dsv
[0.338s] -- Installing: /home/lyd/ROS2/chapter4_Service/install/demo_cpp_service/share/demo_cpp_service/package.dsv
[0.338s] -- Up-to-date: /home/lyd/ROS2/chapter4_Service/install/demo_cpp_service/share/ament_index/resource_index/packages/demo_cpp_service
[0.338s] -- Up-to-date: /home/lyd/ROS2/chapter4_Service/install/demo_cpp_service/share/demo_cpp_service/cmake/demo_cpp_serviceConfig.cmake
[0.338s] -- Up-to-date: /home/lyd/ROS2/chapter4_Service/install/demo_cpp_service/share/demo_cpp_service/cmake/demo_cpp_serviceConfig-version.cmake
[0.338s] -- Up-to-date: /home/lyd/ROS2/chapter4_Service/install/demo_cpp_service/share/demo_cpp_service/package.xml
[0.341s] Invoked command in '/home/lyd/ROS2/chapter4_Service/build/demo_cpp_service' returned '0': AMENT_PREFIX_PATH=/home/lyd/ROS2/chapter4_Service/install/chapt4_interfaces:${AMENT_PREFIX_PATH} CMAKE_PREFIX_PATH=/home/lyd/ROS2/chapter4_Service/install/chapt4_interfaces:/opt/ros/humble LD_LIBRARY_PATH=/home/lyd/ROS2/chapter4_Service/install/chapt4_interfaces/lib:${LD_LIBRARY_PATH} PYTHONPATH=/home/lyd/ROS2/chapter4_Service/install/chapt4_interfaces/local/lib/python3.10/dist-packages:${PYTHONPATH} /usr/bin/cmake --install /home/lyd/ROS2/chapter4_Service/build/demo_cpp_service
