[0.103s] DEBUG:colcon:Command line arguments: ['/usr/bin/colcon', 'build']
[0.104s] DEBUG:colcon:Parsed command line arguments: Namespace(log_base=None, log_level=None, verb_name='build', build_base='build', install_base='install', merge_install=False, symlink_install=False, test_result_base=None, continue_on_error=False, executor='parallel', parallel_workers=4, event_handlers=None, ignore_user_meta=False, metas=['./colcon.meta'], base_paths=['.'], packages_ignore=None, packages_ignore_regex=None, paths=None, packages_up_to=None, packages_up_to_regex=None, packages_above=None, packages_above_and_dependencies=None, packages_above_depth=None, packages_select_by_dep=None, packages_skip_by_dep=None, packages_skip_up_to=None, packages_select_build_failed=False, packages_skip_build_finished=False, packages_select_test_failures=False, packages_skip_test_passed=False, packages_select=None, packages_skip=None, packages_select_regex=None, packages_skip_regex=None, packages_start=None, packages_end=None, allow_overriding=[], cmake_args=None, cmake_target=None, cmake_target_skip_unavailable=False, cmake_clean_cache=False, cmake_clean_first=False, cmake_force_configure=False, ament_cmake_args=None, catkin_cmake_args=None, catkin_skip_building_tests=False, verb_parser=<colcon_defaults.argument_parser.defaults.DefaultArgumentsDecorator object at 0x77a889da3580>, verb_extension=<colcon_core.verb.build.BuildVerb object at 0x77a889f5c9d0>, main=<bound method BuildVerb.main of <colcon_core.verb.build.BuildVerb object at 0x77a889f5c9d0>>)
[0.240s] Level 1:colcon.colcon_core.package_discovery:discover_packages(colcon_meta) check parameters
[0.240s] Level 1:colcon.colcon_core.package_discovery:discover_packages(recursive) check parameters
[0.240s] Level 1:colcon.colcon_core.package_discovery:discover_packages(ignore) check parameters
[0.240s] Level 1:colcon.colcon_core.package_discovery:discover_packages(path) check parameters
[0.240s] Level 1:colcon.colcon_core.package_discovery:discover_packages(colcon_meta) discover
[0.240s] Level 1:colcon.colcon_core.package_discovery:discover_packages(recursive) discover
[0.240s] INFO:colcon.colcon_core.package_discovery:Crawling recursively for packages in '/home/lyd/ROS2/chapter3_Topic/topic_practice_ws'
[0.240s] Level 1:colcon.colcon_core.package_identification:_identify(.) by extensions ['ignore', 'ignore_ament_install']
[0.240s] Level 1:colcon.colcon_core.package_identification:_identify(.) by extension 'ignore'
[0.240s] Level 1:colcon.colcon_core.package_identification:_identify(.) by extension 'ignore_ament_install'
[0.240s] Level 1:colcon.colcon_core.package_identification:_identify(.) by extensions ['colcon_pkg']
[0.241s] Level 1:colcon.colcon_core.package_identification:_identify(.) by extension 'colcon_pkg'
[0.241s] Level 1:colcon.colcon_core.package_identification:_identify(.) by extensions ['colcon_meta']
[0.241s] Level 1:colcon.colcon_core.package_identification:_identify(.) by extension 'colcon_meta'
[0.241s] Level 1:colcon.colcon_core.package_identification:_identify(.) by extensions ['ros']
[0.241s] Level 1:colcon.colcon_core.package_identification:_identify(.) by extension 'ros'
[0.255s] Level 1:colcon.colcon_core.package_identification:_identify(.) by extensions ['cmake', 'python']
[0.255s] Level 1:colcon.colcon_core.package_identification:_identify(.) by extension 'cmake'
[0.255s] Level 1:colcon.colcon_core.package_identification:_identify(.) by extension 'python'
[0.255s] Level 1:colcon.colcon_core.package_identification:_identify(.) by extensions ['python_setup_py']
[0.255s] Level 1:colcon.colcon_core.package_identification:_identify(.) by extension 'python_setup_py'
[0.255s] Level 1:colcon.colcon_core.package_identification:_identify(build) by extensions ['ignore', 'ignore_ament_install']
[0.255s] Level 1:colcon.colcon_core.package_identification:_identify(build) by extension 'ignore'
[0.255s] Level 1:colcon.colcon_core.package_identification:_identify(build) ignored
[0.256s] Level 1:colcon.colcon_core.package_identification:_identify(install) by extensions ['ignore', 'ignore_ament_install']
[0.256s] Level 1:colcon.colcon_core.package_identification:_identify(install) by extension 'ignore'
[0.256s] Level 1:colcon.colcon_core.package_identification:_identify(install) ignored
[0.256s] Level 1:colcon.colcon_core.package_identification:_identify(log) by extensions ['ignore', 'ignore_ament_install']
[0.256s] Level 1:colcon.colcon_core.package_identification:_identify(log) by extension 'ignore'
[0.256s] Level 1:colcon.colcon_core.package_identification:_identify(log) ignored
[0.256s] Level 1:colcon.colcon_core.package_identification:_identify(src) by extensions ['ignore', 'ignore_ament_install']
[0.256s] Level 1:colcon.colcon_core.package_identification:_identify(src) by extension 'ignore'
[0.256s] Level 1:colcon.colcon_core.package_identification:_identify(src) by extension 'ignore_ament_install'
[0.256s] Level 1:colcon.colcon_core.package_identification:_identify(src) by extensions ['colcon_pkg']
[0.256s] Level 1:colcon.colcon_core.package_identification:_identify(src) by extension 'colcon_pkg'
[0.256s] Level 1:colcon.colcon_core.package_identification:_identify(src) by extensions ['colcon_meta']
[0.256s] Level 1:colcon.colcon_core.package_identification:_identify(src) by extension 'colcon_meta'
[0.256s] Level 1:colcon.colcon_core.package_identification:_identify(src) by extensions ['ros']
[0.256s] Level 1:colcon.colcon_core.package_identification:_identify(src) by extension 'ros'
[0.256s] Level 1:colcon.colcon_core.package_identification:_identify(src) by extensions ['cmake', 'python']
[0.256s] Level 1:colcon.colcon_core.package_identification:_identify(src) by extension 'cmake'
[0.256s] Level 1:colcon.colcon_core.package_identification:_identify(src) by extension 'python'
[0.256s] Level 1:colcon.colcon_core.package_identification:_identify(src) by extensions ['python_setup_py']
[0.256s] Level 1:colcon.colcon_core.package_identification:_identify(src) by extension 'python_setup_py'
[0.256s] Level 1:colcon.colcon_core.package_identification:_identify(src/status_display) by extensions ['ignore', 'ignore_ament_install']
[0.257s] Level 1:colcon.colcon_core.package_identification:_identify(src/status_display) by extension 'ignore'
[0.257s] Level 1:colcon.colcon_core.package_identification:_identify(src/status_display) by extension 'ignore_ament_install'
[0.257s] Level 1:colcon.colcon_core.package_identification:_identify(src/status_display) by extensions ['colcon_pkg']
[0.257s] Level 1:colcon.colcon_core.package_identification:_identify(src/status_display) by extension 'colcon_pkg'
[0.257s] Level 1:colcon.colcon_core.package_identification:_identify(src/status_display) by extensions ['colcon_meta']
[0.257s] Level 1:colcon.colcon_core.package_identification:_identify(src/status_display) by extension 'colcon_meta'
[0.257s] Level 1:colcon.colcon_core.package_identification:_identify(src/status_display) by extensions ['ros']
[0.257s] Level 1:colcon.colcon_core.package_identification:_identify(src/status_display) by extension 'ros'
[0.260s] DEBUG:colcon.colcon_core.package_identification:Package 'src/status_display' with type 'ros.ament_cmake' and name 'status_display'
[0.260s] Level 1:colcon.colcon_core.package_identification:_identify(src/status_interfaces) by extensions ['ignore', 'ignore_ament_install']
[0.260s] Level 1:colcon.colcon_core.package_identification:_identify(src/status_interfaces) by extension 'ignore'
[0.260s] Level 1:colcon.colcon_core.package_identification:_identify(src/status_interfaces) by extension 'ignore_ament_install'
[0.260s] Level 1:colcon.colcon_core.package_identification:_identify(src/status_interfaces) by extensions ['colcon_pkg']
[0.260s] Level 1:colcon.colcon_core.package_identification:_identify(src/status_interfaces) by extension 'colcon_pkg'
[0.260s] Level 1:colcon.colcon_core.package_identification:_identify(src/status_interfaces) by extensions ['colcon_meta']
[0.260s] Level 1:colcon.colcon_core.package_identification:_identify(src/status_interfaces) by extension 'colcon_meta'
[0.260s] Level 1:colcon.colcon_core.package_identification:_identify(src/status_interfaces) by extensions ['ros']
[0.260s] Level 1:colcon.colcon_core.package_identification:_identify(src/status_interfaces) by extension 'ros'
[0.261s] DEBUG:colcon.colcon_core.package_identification:Package 'src/status_interfaces' with type 'ros.ament_cmake' and name 'status_interfaces'
[0.261s] Level 1:colcon.colcon_core.package_identification:_identify(src/status_publisher) by extensions ['ignore', 'ignore_ament_install']
[0.261s] Level 1:colcon.colcon_core.package_identification:_identify(src/status_publisher) by extension 'ignore'
[0.261s] Level 1:colcon.colcon_core.package_identification:_identify(src/status_publisher) by extension 'ignore_ament_install'
[0.261s] Level 1:colcon.colcon_core.package_identification:_identify(src/status_publisher) by extensions ['colcon_pkg']
[0.262s] Level 1:colcon.colcon_core.package_identification:_identify(src/status_publisher) by extension 'colcon_pkg'
[0.262s] Level 1:colcon.colcon_core.package_identification:_identify(src/status_publisher) by extensions ['colcon_meta']
[0.262s] Level 1:colcon.colcon_core.package_identification:_identify(src/status_publisher) by extension 'colcon_meta'
[0.262s] Level 1:colcon.colcon_core.package_identification:_identify(src/status_publisher) by extensions ['ros']
[0.262s] Level 1:colcon.colcon_core.package_identification:_identify(src/status_publisher) by extension 'ros'
[0.262s] DEBUG:colcon.colcon_core.package_identification:Package 'src/status_publisher' with type 'ros.ament_python' and name 'status_publisher'
[0.262s] Level 1:colcon.colcon_core.package_discovery:discover_packages(recursive) using defaults
[0.262s] Level 1:colcon.colcon_core.package_discovery:discover_packages(ignore) discover
[0.262s] Level 1:colcon.colcon_core.package_discovery:discover_packages(ignore) using defaults
[0.262s] Level 1:colcon.colcon_core.package_discovery:discover_packages(path) discover
[0.262s] Level 1:colcon.colcon_core.package_discovery:discover_packages(path) using defaults
[0.281s] Level 1:colcon.colcon_core.package_discovery:discover_packages(prefix_path) check parameters
[0.281s] Level 1:colcon.colcon_core.package_discovery:discover_packages(prefix_path) discover
[0.282s] DEBUG:colcon.colcon_installed_package_information.package_discovery:Found 3 installed packages in /home/lyd/ROS2/chapter3_Topic/topic_practice_ws/install
[0.284s] DEBUG:colcon.colcon_installed_package_information.package_discovery:Found 271 installed packages in /opt/ros/humble
[0.285s] Level 1:colcon.colcon_core.package_discovery:discover_packages(prefix_path) using defaults
[0.329s] Level 5:colcon.colcon_core.verb:set package 'status_interfaces' build argument 'cmake_args' from command line to 'None'
[0.329s] Level 5:colcon.colcon_core.verb:set package 'status_interfaces' build argument 'cmake_target' from command line to 'None'
[0.329s] Level 5:colcon.colcon_core.verb:set package 'status_interfaces' build argument 'cmake_target_skip_unavailable' from command line to 'False'
[0.329s] Level 5:colcon.colcon_core.verb:set package 'status_interfaces' build argument 'cmake_clean_cache' from command line to 'False'
[0.329s] Level 5:colcon.colcon_core.verb:set package 'status_interfaces' build argument 'cmake_clean_first' from command line to 'False'
[0.329s] Level 5:colcon.colcon_core.verb:set package 'status_interfaces' build argument 'cmake_force_configure' from command line to 'False'
[0.329s] Level 5:colcon.colcon_core.verb:set package 'status_interfaces' build argument 'ament_cmake_args' from command line to 'None'
[0.329s] Level 5:colcon.colcon_core.verb:set package 'status_interfaces' build argument 'catkin_cmake_args' from command line to 'None'
[0.329s] Level 5:colcon.colcon_core.verb:set package 'status_interfaces' build argument 'catkin_skip_building_tests' from command line to 'False'
[0.329s] DEBUG:colcon.colcon_core.verb:Building package 'status_interfaces' with the following arguments: {'ament_cmake_args': None, 'build_base': '/home/lyd/ROS2/chapter3_Topic/topic_practice_ws/build/status_interfaces', 'catkin_cmake_args': None, 'catkin_skip_building_tests': False, 'cmake_args': None, 'cmake_clean_cache': False, 'cmake_clean_first': False, 'cmake_force_configure': False, 'cmake_target': None, 'cmake_target_skip_unavailable': False, 'install_base': '/home/lyd/ROS2/chapter3_Topic/topic_practice_ws/install/status_interfaces', 'merge_install': False, 'path': '/home/lyd/ROS2/chapter3_Topic/topic_practice_ws/src/status_interfaces', 'symlink_install': False, 'test_result_base': None}
[0.329s] Level 5:colcon.colcon_core.verb:set package 'status_display' build argument 'cmake_args' from command line to 'None'
[0.329s] Level 5:colcon.colcon_core.verb:set package 'status_display' build argument 'cmake_target' from command line to 'None'
[0.329s] Level 5:colcon.colcon_core.verb:set package 'status_display' build argument 'cmake_target_skip_unavailable' from command line to 'False'
[0.329s] Level 5:colcon.colcon_core.verb:set package 'status_display' build argument 'cmake_clean_cache' from command line to 'False'
[0.330s] Level 5:colcon.colcon_core.verb:set package 'status_display' build argument 'cmake_clean_first' from command line to 'False'
[0.330s] Level 5:colcon.colcon_core.verb:set package 'status_display' build argument 'cmake_force_configure' from command line to 'False'
[0.330s] Level 5:colcon.colcon_core.verb:set package 'status_display' build argument 'ament_cmake_args' from command line to 'None'
[0.330s] Level 5:colcon.colcon_core.verb:set package 'status_display' build argument 'catkin_cmake_args' from command line to 'None'
[0.330s] Level 5:colcon.colcon_core.verb:set package 'status_display' build argument 'catkin_skip_building_tests' from command line to 'False'
[0.330s] DEBUG:colcon.colcon_core.verb:Building package 'status_display' with the following arguments: {'ament_cmake_args': None, 'build_base': '/home/lyd/ROS2/chapter3_Topic/topic_practice_ws/build/status_display', 'catkin_cmake_args': None, 'catkin_skip_building_tests': False, 'cmake_args': None, 'cmake_clean_cache': False, 'cmake_clean_first': False, 'cmake_force_configure': False, 'cmake_target': None, 'cmake_target_skip_unavailable': False, 'install_base': '/home/lyd/ROS2/chapter3_Topic/topic_practice_ws/install/status_display', 'merge_install': False, 'path': '/home/lyd/ROS2/chapter3_Topic/topic_practice_ws/src/status_display', 'symlink_install': False, 'test_result_base': None}
[0.330s] Level 5:colcon.colcon_core.verb:set package 'status_publisher' build argument 'cmake_args' from command line to 'None'
[0.330s] Level 5:colcon.colcon_core.verb:set package 'status_publisher' build argument 'cmake_target' from command line to 'None'
[0.330s] Level 5:colcon.colcon_core.verb:set package 'status_publisher' build argument 'cmake_target_skip_unavailable' from command line to 'False'
[0.330s] Level 5:colcon.colcon_core.verb:set package 'status_publisher' build argument 'cmake_clean_cache' from command line to 'False'
[0.330s] Level 5:colcon.colcon_core.verb:set package 'status_publisher' build argument 'cmake_clean_first' from command line to 'False'
[0.330s] Level 5:colcon.colcon_core.verb:set package 'status_publisher' build argument 'cmake_force_configure' from command line to 'False'
[0.330s] Level 5:colcon.colcon_core.verb:set package 'status_publisher' build argument 'ament_cmake_args' from command line to 'None'
[0.330s] Level 5:colcon.colcon_core.verb:set package 'status_publisher' build argument 'catkin_cmake_args' from command line to 'None'
[0.330s] Level 5:colcon.colcon_core.verb:set package 'status_publisher' build argument 'catkin_skip_building_tests' from command line to 'False'
[0.330s] DEBUG:colcon.colcon_core.verb:Building package 'status_publisher' with the following arguments: {'ament_cmake_args': None, 'build_base': '/home/lyd/ROS2/chapter3_Topic/topic_practice_ws/build/status_publisher', 'catkin_cmake_args': None, 'catkin_skip_building_tests': False, 'cmake_args': None, 'cmake_clean_cache': False, 'cmake_clean_first': False, 'cmake_force_configure': False, 'cmake_target': None, 'cmake_target_skip_unavailable': False, 'install_base': '/home/lyd/ROS2/chapter3_Topic/topic_practice_ws/install/status_publisher', 'merge_install': False, 'path': '/home/lyd/ROS2/chapter3_Topic/topic_practice_ws/src/status_publisher', 'symlink_install': False, 'test_result_base': None}
[0.330s] INFO:colcon.colcon_core.executor:Executing jobs using 'parallel' executor
[0.331s] DEBUG:colcon.colcon_parallel_executor.executor.parallel:run_until_complete
[0.332s] INFO:colcon.colcon_ros.task.ament_cmake.build:Building ROS package in '/home/lyd/ROS2/chapter3_Topic/topic_practice_ws/src/status_interfaces' with build type 'ament_cmake'
[0.332s] INFO:colcon.colcon_cmake.task.cmake.build:Building CMake package in '/home/lyd/ROS2/chapter3_Topic/topic_practice_ws/src/status_interfaces'
[0.333s] INFO:colcon.colcon_core.plugin_system:Skipping extension 'colcon_core.shell.bat': Not used on non-Windows systems
[0.333s] INFO:colcon.colcon_core.shell:Skip shell extension 'powershell' for command environment: Not usable outside of PowerShell
[0.333s] DEBUG:colcon.colcon_core.shell:Skip shell extension 'dsv' for command environment
[0.340s] DEBUG:colcon.colcon_core.event_handler.log_command:Invoking command in '/home/lyd/ROS2/chapter3_Topic/topic_practice_ws/build/status_interfaces': CMAKE_PREFIX_PATH=${CMAKE_PREFIX_PATH}:/home/lyd/ROS2/chapter3_Topic/topic_practice_ws/install/status_publisher:/opt/ros/humble /usr/bin/cmake --build /home/lyd/ROS2/chapter3_Topic/topic_practice_ws/build/status_interfaces -- -j4 -l4
[0.809s] DEBUG:colcon.colcon_core.event_handler.log_command:Invoked command in '/home/lyd/ROS2/chapter3_Topic/topic_practice_ws/build/status_interfaces' returned '0': CMAKE_PREFIX_PATH=${CMAKE_PREFIX_PATH}:/home/lyd/ROS2/chapter3_Topic/topic_practice_ws/install/status_publisher:/opt/ros/humble /usr/bin/cmake --build /home/lyd/ROS2/chapter3_Topic/topic_practice_ws/build/status_interfaces -- -j4 -l4
[0.825s] DEBUG:colcon.colcon_core.event_handler.log_command:Invoking command in '/home/lyd/ROS2/chapter3_Topic/topic_practice_ws/build/status_interfaces': CMAKE_PREFIX_PATH=${CMAKE_PREFIX_PATH}:/home/lyd/ROS2/chapter3_Topic/topic_practice_ws/install/status_publisher:/opt/ros/humble /usr/bin/cmake --install /home/lyd/ROS2/chapter3_Topic/topic_practice_ws/build/status_interfaces
[0.899s] Level 1:colcon.colcon_core.environment:create_environment_scripts_only(status_interfaces)
[0.900s] DEBUG:colcon.colcon_core.event_handler.log_command:Invoked command in '/home/lyd/ROS2/chapter3_Topic/topic_practice_ws/build/status_interfaces' returned '0': CMAKE_PREFIX_PATH=${CMAKE_PREFIX_PATH}:/home/lyd/ROS2/chapter3_Topic/topic_practice_ws/install/status_publisher:/opt/ros/humble /usr/bin/cmake --install /home/lyd/ROS2/chapter3_Topic/topic_practice_ws/build/status_interfaces
[0.904s] Level 1:colcon.colcon_core.environment:checking '/home/lyd/ROS2/chapter3_Topic/topic_practice_ws/install/status_interfaces' for CMake module files
[0.906s] Level 1:colcon.colcon_core.environment:checking '/home/lyd/ROS2/chapter3_Topic/topic_practice_ws/install/status_interfaces' for CMake config files
[0.906s] Level 1:colcon.colcon_core.shell:create_environment_hook('status_interfaces', 'cmake_prefix_path')
[0.907s] INFO:colcon.colcon_core.shell:Creating environment hook '/home/lyd/ROS2/chapter3_Topic/topic_practice_ws/install/status_interfaces/share/status_interfaces/hook/cmake_prefix_path.ps1'
[0.907s] INFO:colcon.colcon_core.shell:Creating environment descriptor '/home/lyd/ROS2/chapter3_Topic/topic_practice_ws/install/status_interfaces/share/status_interfaces/hook/cmake_prefix_path.dsv'
[0.908s] INFO:colcon.colcon_core.shell:Creating environment hook '/home/lyd/ROS2/chapter3_Topic/topic_practice_ws/install/status_interfaces/share/status_interfaces/hook/cmake_prefix_path.sh'
[0.912s] Level 1:colcon.colcon_core.environment:checking '/home/lyd/ROS2/chapter3_Topic/topic_practice_ws/install/status_interfaces/lib'
[0.912s] Level 1:colcon.colcon_core.shell:create_environment_hook('status_interfaces', 'ld_library_path_lib')
[0.912s] INFO:colcon.colcon_core.shell:Creating environment hook '/home/lyd/ROS2/chapter3_Topic/topic_practice_ws/install/status_interfaces/share/status_interfaces/hook/ld_library_path_lib.ps1'
[0.913s] INFO:colcon.colcon_core.shell:Creating environment descriptor '/home/lyd/ROS2/chapter3_Topic/topic_practice_ws/install/status_interfaces/share/status_interfaces/hook/ld_library_path_lib.dsv'
[0.913s] INFO:colcon.colcon_core.shell:Creating environment hook '/home/lyd/ROS2/chapter3_Topic/topic_practice_ws/install/status_interfaces/share/status_interfaces/hook/ld_library_path_lib.sh'
[0.917s] Level 1:colcon.colcon_core.environment:checking '/home/lyd/ROS2/chapter3_Topic/topic_practice_ws/install/status_interfaces/bin'
[0.917s] Level 1:colcon.colcon_core.environment:checking '/home/lyd/ROS2/chapter3_Topic/topic_practice_ws/install/status_interfaces/lib/pkgconfig/status_interfaces.pc'
[0.917s] Level 1:colcon.colcon_core.environment:checking '/home/lyd/ROS2/chapter3_Topic/topic_practice_ws/install/status_interfaces/lib/python3.10/site-packages'
[0.917s] Level 1:colcon.colcon_core.environment:checking '/home/lyd/ROS2/chapter3_Topic/topic_practice_ws/install/status_interfaces/bin'
[0.918s] INFO:colcon.colcon_core.shell:Creating package script '/home/lyd/ROS2/chapter3_Topic/topic_practice_ws/install/status_interfaces/share/status_interfaces/package.ps1'
[0.918s] INFO:colcon.colcon_core.shell:Creating package descriptor '/home/lyd/ROS2/chapter3_Topic/topic_practice_ws/install/status_interfaces/share/status_interfaces/package.dsv'
[0.919s] INFO:colcon.colcon_core.shell:Creating package script '/home/lyd/ROS2/chapter3_Topic/topic_practice_ws/install/status_interfaces/share/status_interfaces/package.sh'
[0.920s] INFO:colcon.colcon_core.shell:Creating package script '/home/lyd/ROS2/chapter3_Topic/topic_practice_ws/install/status_interfaces/share/status_interfaces/package.bash'
[0.921s] INFO:colcon.colcon_core.shell:Creating package script '/home/lyd/ROS2/chapter3_Topic/topic_practice_ws/install/status_interfaces/share/status_interfaces/package.zsh'
[0.922s] Level 1:colcon.colcon_core.environment:create_file_with_runtime_dependencies(/home/lyd/ROS2/chapter3_Topic/topic_practice_ws/install/status_interfaces/share/colcon-core/packages/status_interfaces)
[0.923s] Level 1:colcon.colcon_core.environment:create_environment_scripts_only(status_interfaces)
[0.923s] Level 1:colcon.colcon_core.environment:checking '/home/lyd/ROS2/chapter3_Topic/topic_practice_ws/install/status_interfaces' for CMake module files
[0.924s] Level 1:colcon.colcon_core.environment:checking '/home/lyd/ROS2/chapter3_Topic/topic_practice_ws/install/status_interfaces' for CMake config files
[0.924s] Level 1:colcon.colcon_core.shell:create_environment_hook('status_interfaces', 'cmake_prefix_path')
[0.924s] INFO:colcon.colcon_core.shell:Creating environment hook '/home/lyd/ROS2/chapter3_Topic/topic_practice_ws/install/status_interfaces/share/status_interfaces/hook/cmake_prefix_path.ps1'
[0.925s] INFO:colcon.colcon_core.shell:Creating environment descriptor '/home/lyd/ROS2/chapter3_Topic/topic_practice_ws/install/status_interfaces/share/status_interfaces/hook/cmake_prefix_path.dsv'
[0.926s] INFO:colcon.colcon_core.shell:Creating environment hook '/home/lyd/ROS2/chapter3_Topic/topic_practice_ws/install/status_interfaces/share/status_interfaces/hook/cmake_prefix_path.sh'
[0.927s] Level 1:colcon.colcon_core.environment:checking '/home/lyd/ROS2/chapter3_Topic/topic_practice_ws/install/status_interfaces/lib'
[0.927s] Level 1:colcon.colcon_core.shell:create_environment_hook('status_interfaces', 'ld_library_path_lib')
[0.927s] INFO:colcon.colcon_core.shell:Creating environment hook '/home/lyd/ROS2/chapter3_Topic/topic_practice_ws/install/status_interfaces/share/status_interfaces/hook/ld_library_path_lib.ps1'
[0.928s] INFO:colcon.colcon_core.shell:Creating environment descriptor '/home/lyd/ROS2/chapter3_Topic/topic_practice_ws/install/status_interfaces/share/status_interfaces/hook/ld_library_path_lib.dsv'
[0.928s] INFO:colcon.colcon_core.shell:Creating environment hook '/home/lyd/ROS2/chapter3_Topic/topic_practice_ws/install/status_interfaces/share/status_interfaces/hook/ld_library_path_lib.sh'
[0.928s] Level 1:colcon.colcon_core.environment:checking '/home/lyd/ROS2/chapter3_Topic/topic_practice_ws/install/status_interfaces/bin'
[0.928s] Level 1:colcon.colcon_core.environment:checking '/home/lyd/ROS2/chapter3_Topic/topic_practice_ws/install/status_interfaces/lib/pkgconfig/status_interfaces.pc'
[0.929s] Level 1:colcon.colcon_core.environment:checking '/home/lyd/ROS2/chapter3_Topic/topic_practice_ws/install/status_interfaces/lib/python3.10/site-packages'
[0.929s] Level 1:colcon.colcon_core.environment:checking '/home/lyd/ROS2/chapter3_Topic/topic_practice_ws/install/status_interfaces/bin'
[0.929s] INFO:colcon.colcon_core.shell:Creating package script '/home/lyd/ROS2/chapter3_Topic/topic_practice_ws/install/status_interfaces/share/status_interfaces/package.ps1'
[0.930s] INFO:colcon.colcon_core.shell:Creating package descriptor '/home/lyd/ROS2/chapter3_Topic/topic_practice_ws/install/status_interfaces/share/status_interfaces/package.dsv'
[0.931s] INFO:colcon.colcon_core.shell:Creating package script '/home/lyd/ROS2/chapter3_Topic/topic_practice_ws/install/status_interfaces/share/status_interfaces/package.sh'
[0.931s] INFO:colcon.colcon_core.shell:Creating package script '/home/lyd/ROS2/chapter3_Topic/topic_practice_ws/install/status_interfaces/share/status_interfaces/package.bash'
[0.932s] INFO:colcon.colcon_core.shell:Creating package script '/home/lyd/ROS2/chapter3_Topic/topic_practice_ws/install/status_interfaces/share/status_interfaces/package.zsh'
[0.934s] Level 1:colcon.colcon_core.environment:create_file_with_runtime_dependencies(/home/lyd/ROS2/chapter3_Topic/topic_practice_ws/install/status_interfaces/share/colcon-core/packages/status_interfaces)
[0.934s] INFO:colcon.colcon_ros.task.ament_cmake.build:Building ROS package in '/home/lyd/ROS2/chapter3_Topic/topic_practice_ws/src/status_display' with build type 'ament_cmake'
[0.934s] INFO:colcon.colcon_cmake.task.cmake.build:Building CMake package in '/home/lyd/ROS2/chapter3_Topic/topic_practice_ws/src/status_display'
[0.934s] INFO:colcon.colcon_core.shell:Skip shell extension 'powershell' for command environment: Not usable outside of PowerShell
[0.934s] DEBUG:colcon.colcon_core.shell:Skip shell extension 'dsv' for command environment
[0.939s] INFO:colcon.colcon_ros.task.ament_python.build:Building ROS package in '/home/lyd/ROS2/chapter3_Topic/topic_practice_ws/src/status_publisher' with build type 'ament_python'
[0.939s] Level 1:colcon.colcon_core.shell:create_environment_hook('status_publisher', 'ament_prefix_path')
[0.940s] INFO:colcon.colcon_core.shell:Creating environment hook '/home/lyd/ROS2/chapter3_Topic/topic_practice_ws/install/status_publisher/share/status_publisher/hook/ament_prefix_path.ps1'
[0.940s] INFO:colcon.colcon_core.shell:Creating environment descriptor '/home/lyd/ROS2/chapter3_Topic/topic_practice_ws/install/status_publisher/share/status_publisher/hook/ament_prefix_path.dsv'
[0.940s] INFO:colcon.colcon_core.shell:Creating environment hook '/home/lyd/ROS2/chapter3_Topic/topic_practice_ws/install/status_publisher/share/status_publisher/hook/ament_prefix_path.sh'
[0.941s] INFO:colcon.colcon_core.shell:Skip shell extension 'powershell' for command environment: Not usable outside of PowerShell
[0.941s] DEBUG:colcon.colcon_core.shell:Skip shell extension 'dsv' for command environment
[0.951s] DEBUG:colcon.colcon_core.event_handler.log_command:Invoking command in '/home/lyd/ROS2/chapter3_Topic/topic_practice_ws/build/status_display': CMAKE_PREFIX_PATH=/home/lyd/ROS2/chapter3_Topic/topic_practice_ws/install/status_interfaces:/home/lyd/ROS2/chapter3_Topic/topic_practice_ws/install/status_display:/home/lyd/ROS2/chapter3_Topic/topic_practice_ws/install/status_publisher:/opt/ros/humble /usr/bin/cmake --build /home/lyd/ROS2/chapter3_Topic/topic_practice_ws/build/status_display -- -j4 -l4
[1.327s] INFO:colcon.colcon_core.task.python.build:Building Python package in '/home/lyd/ROS2/chapter3_Topic/topic_practice_ws/src/status_publisher'
[1.328s] INFO:colcon.colcon_core.shell:Skip shell extension 'powershell' for command environment: Not usable outside of PowerShell
[1.328s] DEBUG:colcon.colcon_core.shell:Skip shell extension 'dsv' for command environment
[1.850s] DEBUG:colcon.colcon_core.event_handler.log_command:Invoking command in '/home/lyd/ROS2/chapter3_Topic/topic_practice_ws/src/status_publisher': CMAKE_PREFIX_PATH=/home/lyd/ROS2/chapter3_Topic/topic_practice_ws/install/status_interfaces:/home/lyd/ROS2/chapter3_Topic/topic_practice_ws/install/status_display PYTHONPATH=/home/lyd/ROS2/chapter3_Topic/topic_practice_ws/build/status_publisher/prefix_override:/usr/lib/python3/dist-packages/colcon_core/task/python/colcon_distutils_commands:/home/lyd/ROS2/chapter3_Topic/topic_practice_ws/install/status_publisher/lib/python3.10/site-packages:${PYTHONPATH} /usr/bin/python3 -W ignore:setup.py install is deprecated -W ignore:easy_install command is deprecated setup.py egg_info --egg-base ../../build/status_publisher build --build-base /home/lyd/ROS2/chapter3_Topic/topic_practice_ws/build/status_publisher/build install --record /home/lyd/ROS2/chapter3_Topic/topic_practice_ws/build/status_publisher/install.log --single-version-externally-managed install_data
[2.336s] Level 1:colcon.colcon_core.environment:checking '/home/lyd/ROS2/chapter3_Topic/topic_practice_ws/install/status_publisher' for CMake module files
[2.337s] Level 1:colcon.colcon_core.environment:checking '/home/lyd/ROS2/chapter3_Topic/topic_practice_ws/install/status_publisher' for CMake config files
[2.337s] Level 1:colcon.colcon_core.environment:checking '/home/lyd/ROS2/chapter3_Topic/topic_practice_ws/install/status_publisher/lib'
[2.338s] Level 1:colcon.colcon_core.environment:checking '/home/lyd/ROS2/chapter3_Topic/topic_practice_ws/install/status_publisher/bin'
[2.338s] Level 1:colcon.colcon_core.environment:checking '/home/lyd/ROS2/chapter3_Topic/topic_practice_ws/install/status_publisher/lib/pkgconfig/status_publisher.pc'
[2.338s] Level 1:colcon.colcon_core.environment:checking '/home/lyd/ROS2/chapter3_Topic/topic_practice_ws/install/status_publisher/lib/python3.10/site-packages'
[2.338s] Level 1:colcon.colcon_core.shell:create_environment_hook('status_publisher', 'pythonpath')
[2.338s] INFO:colcon.colcon_core.shell:Creating environment hook '/home/lyd/ROS2/chapter3_Topic/topic_practice_ws/install/status_publisher/share/status_publisher/hook/pythonpath.ps1'
[2.343s] DEBUG:colcon.colcon_core.event_handler.log_command:Invoked command in '/home/lyd/ROS2/chapter3_Topic/topic_practice_ws/src/status_publisher' returned '0': CMAKE_PREFIX_PATH=/home/lyd/ROS2/chapter3_Topic/topic_practice_ws/install/status_interfaces:/home/lyd/ROS2/chapter3_Topic/topic_practice_ws/install/status_display PYTHONPATH=/home/lyd/ROS2/chapter3_Topic/topic_practice_ws/build/status_publisher/prefix_override:/usr/lib/python3/dist-packages/colcon_core/task/python/colcon_distutils_commands:/home/lyd/ROS2/chapter3_Topic/topic_practice_ws/install/status_publisher/lib/python3.10/site-packages:${PYTHONPATH} /usr/bin/python3 -W ignore:setup.py install is deprecated -W ignore:easy_install command is deprecated setup.py egg_info --egg-base ../../build/status_publisher build --build-base /home/lyd/ROS2/chapter3_Topic/topic_practice_ws/build/status_publisher/build install --record /home/lyd/ROS2/chapter3_Topic/topic_practice_ws/build/status_publisher/install.log --single-version-externally-managed install_data
[2.344s] INFO:colcon.colcon_core.shell:Creating environment descriptor '/home/lyd/ROS2/chapter3_Topic/topic_practice_ws/install/status_publisher/share/status_publisher/hook/pythonpath.dsv'
[2.345s] INFO:colcon.colcon_core.shell:Creating environment hook '/home/lyd/ROS2/chapter3_Topic/topic_practice_ws/install/status_publisher/share/status_publisher/hook/pythonpath.sh'
[2.346s] Level 1:colcon.colcon_core.environment:checking '/home/lyd/ROS2/chapter3_Topic/topic_practice_ws/install/status_publisher/bin'
[2.346s] Level 1:colcon.colcon_core.environment:create_environment_scripts_only(status_publisher)
[2.357s] INFO:colcon.colcon_core.shell:Creating package script '/home/lyd/ROS2/chapter3_Topic/topic_practice_ws/install/status_publisher/share/status_publisher/package.ps1'
[2.358s] INFO:colcon.colcon_core.shell:Creating package descriptor '/home/lyd/ROS2/chapter3_Topic/topic_practice_ws/install/status_publisher/share/status_publisher/package.dsv'
[2.363s] INFO:colcon.colcon_core.shell:Creating package script '/home/lyd/ROS2/chapter3_Topic/topic_practice_ws/install/status_publisher/share/status_publisher/package.sh'
[2.363s] INFO:colcon.colcon_core.shell:Creating package script '/home/lyd/ROS2/chapter3_Topic/topic_practice_ws/install/status_publisher/share/status_publisher/package.bash'
[2.364s] INFO:colcon.colcon_core.shell:Creating package script '/home/lyd/ROS2/chapter3_Topic/topic_practice_ws/install/status_publisher/share/status_publisher/package.zsh'
[2.365s] Level 1:colcon.colcon_core.environment:create_file_with_runtime_dependencies(/home/lyd/ROS2/chapter3_Topic/topic_practice_ws/install/status_publisher/share/colcon-core/packages/status_publisher)
[11.667s] DEBUG:colcon.colcon_core.event_handler.log_command:Invoked command in '/home/lyd/ROS2/chapter3_Topic/topic_practice_ws/build/status_display' returned '0': CMAKE_PREFIX_PATH=/home/lyd/ROS2/chapter3_Topic/topic_practice_ws/install/status_interfaces:/home/lyd/ROS2/chapter3_Topic/topic_practice_ws/install/status_display:/home/lyd/ROS2/chapter3_Topic/topic_practice_ws/install/status_publisher:/opt/ros/humble /usr/bin/cmake --build /home/lyd/ROS2/chapter3_Topic/topic_practice_ws/build/status_display -- -j4 -l4
[11.668s] DEBUG:colcon.colcon_core.event_handler.log_command:Invoking command in '/home/lyd/ROS2/chapter3_Topic/topic_practice_ws/build/status_display': CMAKE_PREFIX_PATH=/home/lyd/ROS2/chapter3_Topic/topic_practice_ws/install/status_interfaces:/home/lyd/ROS2/chapter3_Topic/topic_practice_ws/install/status_display:/home/lyd/ROS2/chapter3_Topic/topic_practice_ws/install/status_publisher:/opt/ros/humble /usr/bin/cmake --install /home/lyd/ROS2/chapter3_Topic/topic_practice_ws/build/status_display
[11.678s] Level 1:colcon.colcon_core.environment:create_environment_scripts_only(status_display)
[11.679s] Level 1:colcon.colcon_core.environment:checking '/home/lyd/ROS2/chapter3_Topic/topic_practice_ws/install/status_display' for CMake module files
[11.679s] Level 1:colcon.colcon_core.environment:checking '/home/lyd/ROS2/chapter3_Topic/topic_practice_ws/install/status_display' for CMake config files
[11.679s] Level 1:colcon.colcon_core.shell:create_environment_hook('status_display', 'cmake_prefix_path')
[11.683s] INFO:colcon.colcon_core.shell:Creating environment hook '/home/lyd/ROS2/chapter3_Topic/topic_practice_ws/install/status_display/share/status_display/hook/cmake_prefix_path.ps1'
[11.683s] INFO:colcon.colcon_core.shell:Creating environment descriptor '/home/lyd/ROS2/chapter3_Topic/topic_practice_ws/install/status_display/share/status_display/hook/cmake_prefix_path.dsv'
[11.684s] DEBUG:colcon.colcon_core.event_handler.log_command:Invoked command in '/home/lyd/ROS2/chapter3_Topic/topic_practice_ws/build/status_display' returned '0': CMAKE_PREFIX_PATH=/home/lyd/ROS2/chapter3_Topic/topic_practice_ws/install/status_interfaces:/home/lyd/ROS2/chapter3_Topic/topic_practice_ws/install/status_display:/home/lyd/ROS2/chapter3_Topic/topic_practice_ws/install/status_publisher:/opt/ros/humble /usr/bin/cmake --install /home/lyd/ROS2/chapter3_Topic/topic_practice_ws/build/status_display
[11.684s] INFO:colcon.colcon_core.shell:Creating environment hook '/home/lyd/ROS2/chapter3_Topic/topic_practice_ws/install/status_display/share/status_display/hook/cmake_prefix_path.sh'
[11.685s] Level 1:colcon.colcon_core.environment:checking '/home/lyd/ROS2/chapter3_Topic/topic_practice_ws/install/status_display/lib'
[11.685s] Level 1:colcon.colcon_core.environment:checking '/home/lyd/ROS2/chapter3_Topic/topic_practice_ws/install/status_display/bin'
[11.685s] Level 1:colcon.colcon_core.environment:checking '/home/lyd/ROS2/chapter3_Topic/topic_practice_ws/install/status_display/lib/pkgconfig/status_display.pc'
[11.685s] Level 1:colcon.colcon_core.environment:checking '/home/lyd/ROS2/chapter3_Topic/topic_practice_ws/install/status_display/lib/python3.10/site-packages'
[11.685s] Level 1:colcon.colcon_core.environment:checking '/home/lyd/ROS2/chapter3_Topic/topic_practice_ws/install/status_display/bin'
[11.686s] INFO:colcon.colcon_core.shell:Creating package script '/home/lyd/ROS2/chapter3_Topic/topic_practice_ws/install/status_display/share/status_display/package.ps1'
[11.686s] INFO:colcon.colcon_core.shell:Creating package descriptor '/home/lyd/ROS2/chapter3_Topic/topic_practice_ws/install/status_display/share/status_display/package.dsv'
[11.686s] INFO:colcon.colcon_core.shell:Creating package script '/home/lyd/ROS2/chapter3_Topic/topic_practice_ws/install/status_display/share/status_display/package.sh'
[11.687s] INFO:colcon.colcon_core.shell:Creating package script '/home/lyd/ROS2/chapter3_Topic/topic_practice_ws/install/status_display/share/status_display/package.bash'
[11.687s] INFO:colcon.colcon_core.shell:Creating package script '/home/lyd/ROS2/chapter3_Topic/topic_practice_ws/install/status_display/share/status_display/package.zsh'
[11.687s] Level 1:colcon.colcon_core.environment:create_file_with_runtime_dependencies(/home/lyd/ROS2/chapter3_Topic/topic_practice_ws/install/status_display/share/colcon-core/packages/status_display)
[11.688s] Level 1:colcon.colcon_core.environment:create_environment_scripts_only(status_display)
[11.688s] Level 1:colcon.colcon_core.environment:checking '/home/lyd/ROS2/chapter3_Topic/topic_practice_ws/install/status_display' for CMake module files
[11.688s] Level 1:colcon.colcon_core.environment:checking '/home/lyd/ROS2/chapter3_Topic/topic_practice_ws/install/status_display' for CMake config files
[11.688s] Level 1:colcon.colcon_core.shell:create_environment_hook('status_display', 'cmake_prefix_path')
[11.688s] INFO:colcon.colcon_core.shell:Creating environment hook '/home/lyd/ROS2/chapter3_Topic/topic_practice_ws/install/status_display/share/status_display/hook/cmake_prefix_path.ps1'
[11.689s] INFO:colcon.colcon_core.shell:Creating environment descriptor '/home/lyd/ROS2/chapter3_Topic/topic_practice_ws/install/status_display/share/status_display/hook/cmake_prefix_path.dsv'
[11.689s] INFO:colcon.colcon_core.shell:Creating environment hook '/home/lyd/ROS2/chapter3_Topic/topic_practice_ws/install/status_display/share/status_display/hook/cmake_prefix_path.sh'
[11.691s] Level 1:colcon.colcon_core.environment:checking '/home/lyd/ROS2/chapter3_Topic/topic_practice_ws/install/status_display/lib'
[11.691s] Level 1:colcon.colcon_core.environment:checking '/home/lyd/ROS2/chapter3_Topic/topic_practice_ws/install/status_display/bin'
[11.691s] Level 1:colcon.colcon_core.environment:checking '/home/lyd/ROS2/chapter3_Topic/topic_practice_ws/install/status_display/lib/pkgconfig/status_display.pc'
[11.691s] Level 1:colcon.colcon_core.environment:checking '/home/lyd/ROS2/chapter3_Topic/topic_practice_ws/install/status_display/lib/python3.10/site-packages'
[11.691s] Level 1:colcon.colcon_core.environment:checking '/home/lyd/ROS2/chapter3_Topic/topic_practice_ws/install/status_display/bin'
[11.691s] INFO:colcon.colcon_core.shell:Creating package script '/home/lyd/ROS2/chapter3_Topic/topic_practice_ws/install/status_display/share/status_display/package.ps1'
[11.692s] INFO:colcon.colcon_core.shell:Creating package descriptor '/home/lyd/ROS2/chapter3_Topic/topic_practice_ws/install/status_display/share/status_display/package.dsv'
[11.692s] INFO:colcon.colcon_core.shell:Creating package script '/home/lyd/ROS2/chapter3_Topic/topic_practice_ws/install/status_display/share/status_display/package.sh'
[11.692s] INFO:colcon.colcon_core.shell:Creating package script '/home/lyd/ROS2/chapter3_Topic/topic_practice_ws/install/status_display/share/status_display/package.bash'
[11.693s] INFO:colcon.colcon_core.shell:Creating package script '/home/lyd/ROS2/chapter3_Topic/topic_practice_ws/install/status_display/share/status_display/package.zsh'
[11.693s] Level 1:colcon.colcon_core.environment:create_file_with_runtime_dependencies(/home/lyd/ROS2/chapter3_Topic/topic_practice_ws/install/status_display/share/colcon-core/packages/status_display)
[11.693s] DEBUG:colcon.colcon_parallel_executor.executor.parallel:closing loop
[11.695s] DEBUG:colcon.colcon_parallel_executor.executor.parallel:loop closed
[11.695s] DEBUG:colcon.colcon_parallel_executor.executor.parallel:run_until_complete finished with '0'
[11.695s] DEBUG:colcon.colcon_core.event_reactor:joining thread
[11.701s] INFO:colcon.colcon_core.plugin_system:Skipping extension 'colcon_notification.desktop_notification.terminal_notifier': Not used on non-Darwin systems
[11.701s] INFO:colcon.colcon_core.plugin_system:Skipping extension 'colcon_notification.desktop_notification.win32': Not used on non-Windows systems
[11.701s] INFO:colcon.colcon_notification.desktop_notification:Sending desktop notification using 'notify2'
[11.724s] DEBUG:colcon.colcon_core.event_reactor:joined thread
[11.725s] INFO:colcon.colcon_core.shell:Creating prefix script '/home/lyd/ROS2/chapter3_Topic/topic_practice_ws/install/local_setup.ps1'
[11.726s] INFO:colcon.colcon_core.shell:Creating prefix util module '/home/lyd/ROS2/chapter3_Topic/topic_practice_ws/install/_local_setup_util_ps1.py'
[11.727s] INFO:colcon.colcon_core.shell:Creating prefix chain script '/home/lyd/ROS2/chapter3_Topic/topic_practice_ws/install/setup.ps1'
[11.727s] INFO:colcon.colcon_core.shell:Creating prefix script '/home/lyd/ROS2/chapter3_Topic/topic_practice_ws/install/local_setup.sh'
[11.728s] INFO:colcon.colcon_core.shell:Creating prefix util module '/home/lyd/ROS2/chapter3_Topic/topic_practice_ws/install/_local_setup_util_sh.py'
[11.728s] INFO:colcon.colcon_core.shell:Creating prefix chain script '/home/lyd/ROS2/chapter3_Topic/topic_practice_ws/install/setup.sh'
[11.729s] INFO:colcon.colcon_core.shell:Creating prefix script '/home/lyd/ROS2/chapter3_Topic/topic_practice_ws/install/local_setup.bash'
[11.730s] INFO:colcon.colcon_core.shell:Creating prefix chain script '/home/lyd/ROS2/chapter3_Topic/topic_practice_ws/install/setup.bash'
[11.730s] INFO:colcon.colcon_core.shell:Creating prefix script '/home/lyd/ROS2/chapter3_Topic/topic_practice_ws/install/local_setup.zsh'
[11.731s] INFO:colcon.colcon_core.shell:Creating prefix chain script '/home/lyd/ROS2/chapter3_Topic/topic_practice_ws/install/setup.zsh'
