[0.504s] Invoking command in '/home/lyd/ROS2/chapter3_Topic/Topic_ws/src/demo_python_topic': PYTHONPATH=/home/lyd/ROS2/chapter3_Topic/Topic_ws/build/demo_python_topic/prefix_override:/usr/lib/python3/dist-packages/colcon_core/task/python/colcon_distutils_commands:/home/lyd/ROS2/chapter3_Topic/Topic_ws/install/demo_python_topic/lib/python3.10/site-packages:${PYTHONPATH} /usr/bin/python3 -W ignore:setup.py install is deprecated -W ignore:easy_install command is deprecated setup.py egg_info --egg-base ../../build/demo_python_topic build --build-base /home/lyd/ROS2/chapter3_Topic/Topic_ws/build/demo_python_topic/build install --record /home/lyd/ROS2/chapter3_Topic/Topic_ws/build/demo_python_topic/install.log --single-version-externally-managed install_data
[0.685s] running egg_info
[0.686s] creating ../../build/demo_python_topic/demo_python_topic.egg-info
[0.687s] writing ../../build/demo_python_topic/demo_python_topic.egg-info/PKG-INFO
[0.687s] writing dependency_links to ../../build/demo_python_topic/demo_python_topic.egg-info/dependency_links.txt
[0.687s] writing entry points to ../../build/demo_python_topic/demo_python_topic.egg-info/entry_points.txt
[0.687s] writing requirements to ../../build/demo_python_topic/demo_python_topic.egg-info/requires.txt
[0.687s] writing top-level names to ../../build/demo_python_topic/demo_python_topic.egg-info/top_level.txt
[0.687s] writing manifest file '../../build/demo_python_topic/demo_python_topic.egg-info/SOURCES.txt'
[0.688s] reading manifest file '../../build/demo_python_topic/demo_python_topic.egg-info/SOURCES.txt'
[0.689s] adding license file 'LICENSE'
[0.689s] writing manifest file '../../build/demo_python_topic/demo_python_topic.egg-info/SOURCES.txt'
[0.689s] running build
[0.689s] running build_py
[0.689s] creating /home/lyd/ROS2/chapter3_Topic/Topic_ws/build/demo_python_topic/build
[0.689s] creating /home/lyd/ROS2/chapter3_Topic/Topic_ws/build/demo_python_topic/build/lib
[0.689s] creating /home/lyd/ROS2/chapter3_Topic/Topic_ws/build/demo_python_topic/build/lib/demo_python_topic
[0.689s] copying demo_python_topic/__init__.py -> /home/lyd/ROS2/chapter3_Topic/Topic_ws/build/demo_python_topic/build/lib/demo_python_topic
[0.689s] running install
[0.689s] running install_lib
[0.689s] creating /home/lyd/ROS2/chapter3_Topic/Topic_ws/install/demo_python_topic/lib/python3.10/site-packages/demo_python_topic
[0.689s] copying /home/lyd/ROS2/chapter3_Topic/Topic_ws/build/demo_python_topic/build/lib/demo_python_topic/__init__.py -> /home/lyd/ROS2/chapter3_Topic/Topic_ws/install/demo_python_topic/lib/python3.10/site-packages/demo_python_topic
[0.690s] byte-compiling /home/lyd/ROS2/chapter3_Topic/Topic_ws/install/demo_python_topic/lib/python3.10/site-packages/demo_python_topic/__init__.py to __init__.cpython-310.pyc
[0.690s] running install_data
[0.690s] creating /home/lyd/ROS2/chapter3_Topic/Topic_ws/install/demo_python_topic/share/ament_index
[0.690s] creating /home/lyd/ROS2/chapter3_Topic/Topic_ws/install/demo_python_topic/share/ament_index/resource_index
[0.690s] creating /home/lyd/ROS2/chapter3_Topic/Topic_ws/install/demo_python_topic/share/ament_index/resource_index/packages
[0.690s] copying resource/demo_python_topic -> /home/lyd/ROS2/chapter3_Topic/Topic_ws/install/demo_python_topic/share/ament_index/resource_index/packages
[0.690s] copying package.xml -> /home/lyd/ROS2/chapter3_Topic/Topic_ws/install/demo_python_topic/share/demo_python_topic
[0.690s] running install_egg_info
[0.692s] Copying ../../build/demo_python_topic/demo_python_topic.egg-info to /home/lyd/ROS2/chapter3_Topic/Topic_ws/install/demo_python_topic/lib/python3.10/site-packages/demo_python_topic-0.0.0-py3.10.egg-info
[0.692s] running install_scripts
[0.710s] writing list of installed files to '/home/lyd/ROS2/chapter3_Topic/Topic_ws/build/demo_python_topic/install.log'
[0.728s] Invoked command in '/home/lyd/ROS2/chapter3_Topic/Topic_ws/src/demo_python_topic' returned '0': PYTHONPATH=/home/lyd/ROS2/chapter3_Topic/Topic_ws/build/demo_python_topic/prefix_override:/usr/lib/python3/dist-packages/colcon_core/task/python/colcon_distutils_commands:/home/lyd/ROS2/chapter3_Topic/Topic_ws/install/demo_python_topic/lib/python3.10/site-packages:${PYTHONPATH} /usr/bin/python3 -W ignore:setup.py install is deprecated -W ignore:easy_install command is deprecated setup.py egg_info --egg-base ../../build/demo_python_topic build --build-base /home/lyd/ROS2/chapter3_Topic/Topic_ws/build/demo_python_topic/build install --record /home/lyd/ROS2/chapter3_Topic/Topic_ws/build/demo_python_topic/install.log --single-version-externally-managed install_data
