[0.628s] Invoking command in '/home/lyd/ROS2/chapter3_Topic/topic_practice_ws/src/status_publisher': CMAKE_PREFIX_PATH=/home/lyd/ROS2/chapter3_Topic/topic_practice_ws/install/status_interfaces:/home/lyd/ROS2/chapter3_Topic/topic_practice_ws/install/status_display PYTHONPATH=/home/lyd/ROS2/chapter3_Topic/topic_practice_ws/build/status_publisher/prefix_override:/usr/lib/python3/dist-packages/colcon_core/task/python/colcon_distutils_commands:/home/lyd/ROS2/chapter3_Topic/topic_practice_ws/install/status_publisher/lib/python3.10/site-packages:${PYTHONPATH} /usr/bin/python3 -W ignore:setup.py install is deprecated -W ignore:easy_install command is deprecated setup.py egg_info --egg-base ../../build/status_publisher build --build-base /home/lyd/ROS2/chapter3_Topic/topic_practice_ws/build/status_publisher/build install --record /home/lyd/ROS2/chapter3_Topic/topic_practice_ws/build/status_publisher/install.log --single-version-externally-managed install_data
[0.827s] running egg_info
[0.827s] writing ../../build/status_publisher/status_publisher.egg-info/PKG-INFO
[0.827s] writing dependency_links to ../../build/status_publisher/status_publisher.egg-info/dependency_links.txt
[0.828s] writing entry points to ../../build/status_publisher/status_publisher.egg-info/entry_points.txt
[0.828s] writing requirements to ../../build/status_publisher/status_publisher.egg-info/requires.txt
[0.828s] writing top-level names to ../../build/status_publisher/status_publisher.egg-info/top_level.txt
[0.832s] reading manifest file '../../build/status_publisher/status_publisher.egg-info/SOURCES.txt'
[0.832s] adding license file 'LICENSE'
[0.832s] writing manifest file '../../build/status_publisher/status_publisher.egg-info/SOURCES.txt'
[0.832s] running build
[0.833s] running build_py
[0.833s] copying status_publisher/sys_status_pub.py -> /home/lyd/ROS2/chapter3_Topic/topic_practice_ws/build/status_publisher/build/lib/status_publisher
[0.833s] running install
[0.833s] running install_lib
[0.833s] copying /home/lyd/ROS2/chapter3_Topic/topic_practice_ws/build/status_publisher/build/lib/status_publisher/sys_status_pub.py -> /home/lyd/ROS2/chapter3_Topic/topic_practice_ws/install/status_publisher/lib/python3.10/site-packages/status_publisher
[0.833s] byte-compiling /home/lyd/ROS2/chapter3_Topic/topic_practice_ws/install/status_publisher/lib/python3.10/site-packages/status_publisher/sys_status_pub.py to sys_status_pub.cpython-310.pyc
[0.833s] running install_data
[0.833s] running install_egg_info
[0.839s] removing '/home/lyd/ROS2/chapter3_Topic/topic_practice_ws/install/status_publisher/lib/python3.10/site-packages/status_publisher-0.0.0-py3.10.egg-info' (and everything under it)
[0.839s] Copying ../../build/status_publisher/status_publisher.egg-info to /home/lyd/ROS2/chapter3_Topic/topic_practice_ws/install/status_publisher/lib/python3.10/site-packages/status_publisher-0.0.0-py3.10.egg-info
[0.839s] running install_scripts
[0.858s] Installing sys_status_pub script to /home/lyd/ROS2/chapter3_Topic/topic_practice_ws/install/status_publisher/lib/status_publisher
[0.859s] writing list of installed files to '/home/lyd/ROS2/chapter3_Topic/topic_practice_ws/build/status_publisher/install.log'
[0.896s] Invoked command in '/home/lyd/ROS2/chapter3_Topic/topic_practice_ws/src/status_publisher' returned '0': CMAKE_PREFIX_PATH=/home/lyd/ROS2/chapter3_Topic/topic_practice_ws/install/status_interfaces:/home/lyd/ROS2/chapter3_Topic/topic_practice_ws/install/status_display PYTHONPATH=/home/lyd/ROS2/chapter3_Topic/topic_practice_ws/build/status_publisher/prefix_override:/usr/lib/python3/dist-packages/colcon_core/task/python/colcon_distutils_commands:/home/lyd/ROS2/chapter3_Topic/topic_practice_ws/install/status_publisher/lib/python3.10/site-packages:${PYTHONPATH} /usr/bin/python3 -W ignore:setup.py install is deprecated -W ignore:easy_install command is deprecated setup.py egg_info --egg-base ../../build/status_publisher build --build-base /home/lyd/ROS2/chapter3_Topic/topic_practice_ws/build/status_publisher/build install --record /home/lyd/ROS2/chapter3_Topic/topic_practice_ws/build/status_publisher/install.log --single-version-externally-managed install_data
