[35m[1mConsolidate compiler generated dependencies of target person_node[0m
[ 25%] [32mBuilding CXX object CMakeFiles/person_node.dir/src/class_node.cpp.o[0m
[ 75%] Built target cpp_node
[01m[K/home/lyd/ROS2/chapter2_Node/chapter2_workspace/src/demo_cpp_pkg/src/class_node.cpp:[m[K In function ‘[01m[Kint main(int, char**)[m[K’:
[01m[K/home/lyd/ROS2/chapter2_Node/chapter2_workspace/src/demo_cpp_pkg/src/class_node.cpp:29:15:[m[K [01;31m[Kerror: [m[Kcannot bind non-const lvalue reference of type ‘[01m[Kstd::string&[m[K’ {aka ‘[01m[Kstd::__cxx11::basic_string<char>&[m[K’} to an rvalue of type ‘[01m[Kstd::string[m[K’ {aka ‘[01m[Kstd::__cxx11::basic_string<char>[m[K’}
   29 |     node->eat([01;31m[K"apple"[m[K);
      |               [01;31m[K^~~~~~~[m[K
In file included from [01m[K/usr/include/c++/11/string:55[m[K,
                 from [01m[K/usr/include/c++/11/stdexcept:39[m[K,
                 from [01m[K/usr/include/c++/11/system_error:41[m[K,
                 from [01m[K/usr/include/c++/11/mutex:42[m[K,
                 from [01m[K/usr/include/c++/11/future:38[m[K,
                 from [01m[K/opt/ros/humble/include/rclcpp/rclcpp/executors.hpp:18[m[K,
                 from [01m[K/opt/ros/humble/include/rclcpp/rclcpp/rclcpp.hpp:155[m[K,
                 from [01m[K/home/lyd/ROS2/chapter2_Node/chapter2_workspace/src/demo_cpp_pkg/src/class_node.cpp:1[m[K:
[01m[K/usr/include/c++/11/bits/basic_string.h:533:7:[m[K [01;36m[Knote: [m[K  after user-defined conversion: ‘[01m[Kstd::__cxx11::basic_string<_CharT, _Traits, _Alloc>::basic_string(const _CharT*, const _Alloc&) [with <template-parameter-2-1> = std::allocator<char>; _CharT = char; _Traits = std::char_traits<char>; _Alloc = std::allocator<char>][m[K’
  533 |       [01;36m[Kbasic_string[m[K(const _CharT* __s, const _Alloc& __a = _Alloc())
      |       [01;36m[K^~~~~~~~~~~~[m[K
[01m[K/home/lyd/ROS2/chapter2_Node/chapter2_workspace/src/demo_cpp_pkg/src/class_node.cpp:16:27:[m[K [01;36m[Knote: [m[K  initializing argument 1 of ‘[01m[Kvoid PersonNode::eat(std::string&)[m[K’
   16 |     void eat([01;36m[Kstd::string &food_name[m[K)
      |              [01;36m[K~~~~~~~~~~~~~^~~~~~~~~[m[K
gmake[2]: *** [CMakeFiles/person_node.dir/build.make:76：CMakeFiles/person_node.dir/src/class_node.cpp.o] 错误 1
gmake[1]: *** [CMakeFiles/Makefile2:165：CMakeFiles/person_node.dir/all] 错误 2
gmake: *** [Makefile:146：all] 错误 2
