[0.014s] Invoking command in '/home/lyd/ROS2/chapter5_Tools/chapt5_ws/build/demo_cpp_tf': CMAKE_PREFIX_PATH=/opt/ros/humble /usr/bin/cmake /home/lyd/ROS2/chapter5_Tools/chapt5_ws/src/demo_cpp_tf -DCMAKE_INSTALL_PREFIX=/home/lyd/ROS2/chapter5_Tools/chapt5_ws/install/demo_cpp_tf
[0.097s] -- The C compiler identification is GNU 11.4.0
[0.181s] -- The CXX compiler identification is GNU 11.4.0
[0.193s] -- Detecting C compiler ABI info
[0.258s] -- Detecting C compiler ABI info - done
[0.262s] -- Check for working C compiler: /usr/bin/cc - skipped
[0.263s] -- Detecting C compile features
[0.264s] -- Detecting C compile features - done
[0.267s] -- Detecting CXX compiler ABI info
[0.338s] -- Detecting CXX compiler ABI info - done
[0.346s] -- Check for working CXX compiler: /usr/bin/c++ - skipped
[0.347s] -- Detecting CXX compile features
[0.347s] -- Detecting CXX compile features - done
[0.352s] -- Found ament_cmake: 1.3.11 (/opt/ros/humble/share/ament_cmake/cmake)
[0.482s] -- Found Python3: /usr/bin/python3 (found version "3.10.12") found components: Interpreter 
[0.576s] -- Found rclcpp: 16.0.12 (/opt/ros/humble/share/rclcpp/cmake)
[0.630s] -- Found rosidl_generator_c: 3.1.6 (/opt/ros/humble/share/rosidl_generator_c/cmake)
[0.635s] -- Found rosidl_adapter: 3.1.6 (/opt/ros/humble/share/rosidl_adapter/cmake)
[0.650s] -- Found rosidl_generator_cpp: 3.1.6 (/opt/ros/humble/share/rosidl_generator_cpp/cmake)
[0.666s] -- Using all available rosidl_typesupport_c: rosidl_typesupport_fastrtps_c;rosidl_typesupport_introspection_c
[0.684s] -- Using all available rosidl_typesupport_cpp: rosidl_typesupport_fastrtps_cpp;rosidl_typesupport_introspection_cpp
[0.744s] -- Found rmw_implementation_cmake: 6.1.2 (/opt/ros/humble/share/rmw_implementation_cmake/cmake)
[0.747s] -- Found rmw_fastrtps_cpp: 6.2.7 (/opt/ros/humble/share/rmw_fastrtps_cpp/cmake)
[0.824s] -- Found OpenSSL: /usr/lib/x86_64-linux-gnu/libcrypto.so (found version "3.0.2")  
[0.848s] -- Found FastRTPS: /opt/ros/humble/include  
[0.876s] -- Using RMW implementation 'rmw_fastrtps_cpp' as default
[0.886s] -- Looking for pthread.h
[0.959s] -- Looking for pthread.h - found
[0.959s] -- Performing Test CMAKE_HAVE_LIBC_PTHREAD
[1.018s] -- Performing Test CMAKE_HAVE_LIBC_PTHREAD - Success
[1.018s] -- Found Threads: TRUE  
[1.089s] -- Found tf2: 0.25.12 (/opt/ros/humble/share/tf2/cmake)
[1.121s] -- Found tf2_ros: 0.25.12 (/opt/ros/humble/share/tf2_ros/cmake)
[1.237s] -- Found tf2_geometry_msgs: 0.25.12 (/opt/ros/humble/share/tf2_geometry_msgs/cmake)
[1.257s] -- Found eigen3_cmake_module: 0.1.1 (/opt/ros/humble/share/eigen3_cmake_module/cmake)
[1.260s] -- Found Eigen3: TRUE (found version "3.4.0") 
[1.260s] -- Ensuring Eigen3 include directory is part of orocos-kdl CMake target
[1.266s] -- Found ament_lint_auto: 0.12.12 (/opt/ros/humble/share/ament_lint_auto/cmake)
[1.341s] -- Added test 'cppcheck' to perform static code analysis on C / C++ code
[1.341s] -- Configured cppcheck include dirs: 
[1.341s] -- Configured cppcheck exclude dirs and/or files: 
[1.342s] -- Added test 'lint_cmake' to check CMake code style
[1.343s] -- Added test 'uncrustify' to check C / C++ code style
[1.343s] -- Configured uncrustify additional arguments: 
[1.344s] -- Added test 'xmllint' to check XML markup files
[1.346s] -- Configuring done
[1.361s] -- Generating done
[1.367s] -- Build files have been written to: /home/lyd/ROS2/chapter5_Tools/chapt5_ws/build/demo_cpp_tf
[1.375s] Invoked command in '/home/lyd/ROS2/chapter5_Tools/chapt5_ws/build/demo_cpp_tf' returned '0': CMAKE_PREFIX_PATH=/opt/ros/humble /usr/bin/cmake /home/lyd/ROS2/chapter5_Tools/chapt5_ws/src/demo_cpp_tf -DCMAKE_INSTALL_PREFIX=/home/lyd/ROS2/chapter5_Tools/chapt5_ws/install/demo_cpp_tf
[1.377s] Invoking command in '/home/lyd/ROS2/chapter5_Tools/chapt5_ws/build/demo_cpp_tf': CMAKE_PREFIX_PATH=/opt/ros/humble /usr/bin/cmake --build /home/lyd/ROS2/chapter5_Tools/chapt5_ws/build/demo_cpp_tf -- -j4 -l4
[1.415s] [ 33%] [32mBuilding CXX object CMakeFiles/dynamic_tf_broadcaster.dir/src/dynamic_tf_broadcaster.cpp.o[0m
[1.415s] [ 33%] [32mBuilding CXX object CMakeFiles/static_tf_broadcaster.dir/src/static_tf_broadcaster.cpp.o[0m
[1.415s] [ 50%] [32mBuilding CXX object CMakeFiles/tf_listener.dir/src/tf_listener.cpp.o[0m
[8.011s] [ 66%] [32m[1mLinking CXX executable static_tf_broadcaster[0m
[8.213s] [ 66%] Built target static_tf_broadcaster
[8.300s] [ 83%] [32m[1mLinking CXX executable dynamic_tf_broadcaster[0m
[8.464s] [ 83%] Built target dynamic_tf_broadcaster
[11.881s] [100%] [32m[1mLinking CXX executable tf_listener[0m
[12.212s] [100%] Built target tf_listener
[12.222s] Invoked command in '/home/lyd/ROS2/chapter5_Tools/chapt5_ws/build/demo_cpp_tf' returned '0': CMAKE_PREFIX_PATH=/opt/ros/humble /usr/bin/cmake --build /home/lyd/ROS2/chapter5_Tools/chapt5_ws/build/demo_cpp_tf -- -j4 -l4
[12.231s] Invoking command in '/home/lyd/ROS2/chapter5_Tools/chapt5_ws/build/demo_cpp_tf': CMAKE_PREFIX_PATH=/opt/ros/humble /usr/bin/cmake --install /home/lyd/ROS2/chapter5_Tools/chapt5_ws/build/demo_cpp_tf
[12.238s] -- Install configuration: ""
[12.238s] -- Installing: /home/lyd/ROS2/chapter5_Tools/chapt5_ws/install/demo_cpp_tf/lib/demo_cpp_tf/tf_listener
[12.241s] -- Set runtime path of "/home/lyd/ROS2/chapter5_Tools/chapt5_ws/install/demo_cpp_tf/lib/demo_cpp_tf/tf_listener" to ""
[12.241s] -- Installing: /home/lyd/ROS2/chapter5_Tools/chapt5_ws/install/demo_cpp_tf/lib/demo_cpp_tf/static_tf_broadcaster
[12.242s] -- Set runtime path of "/home/lyd/ROS2/chapter5_Tools/chapt5_ws/install/demo_cpp_tf/lib/demo_cpp_tf/static_tf_broadcaster" to ""
[12.242s] -- Installing: /home/lyd/ROS2/chapter5_Tools/chapt5_ws/install/demo_cpp_tf/lib/demo_cpp_tf/dynamic_tf_broadcaster
[12.243s] -- Set runtime path of "/home/lyd/ROS2/chapter5_Tools/chapt5_ws/install/demo_cpp_tf/lib/demo_cpp_tf/dynamic_tf_broadcaster" to ""
[12.243s] -- Installing: /home/lyd/ROS2/chapter5_Tools/chapt5_ws/install/demo_cpp_tf/share/ament_index/resource_index/package_run_dependencies/demo_cpp_tf
[12.243s] -- Installing: /home/lyd/ROS2/chapter5_Tools/chapt5_ws/install/demo_cpp_tf/share/ament_index/resource_index/parent_prefix_path/demo_cpp_tf
[12.243s] -- Installing: /home/lyd/ROS2/chapter5_Tools/chapt5_ws/install/demo_cpp_tf/share/demo_cpp_tf/environment/ament_prefix_path.sh
[12.243s] -- Installing: /home/lyd/ROS2/chapter5_Tools/chapt5_ws/install/demo_cpp_tf/share/demo_cpp_tf/environment/ament_prefix_path.dsv
[12.243s] -- Installing: /home/lyd/ROS2/chapter5_Tools/chapt5_ws/install/demo_cpp_tf/share/demo_cpp_tf/environment/path.sh
[12.243s] -- Installing: /home/lyd/ROS2/chapter5_Tools/chapt5_ws/install/demo_cpp_tf/share/demo_cpp_tf/environment/path.dsv
[12.243s] -- Installing: /home/lyd/ROS2/chapter5_Tools/chapt5_ws/install/demo_cpp_tf/share/demo_cpp_tf/local_setup.bash
[12.244s] -- Installing: /home/lyd/ROS2/chapter5_Tools/chapt5_ws/install/demo_cpp_tf/share/demo_cpp_tf/local_setup.sh
[12.244s] -- Installing: /home/lyd/ROS2/chapter5_Tools/chapt5_ws/install/demo_cpp_tf/share/demo_cpp_tf/local_setup.zsh
[12.244s] -- Installing: /home/lyd/ROS2/chapter5_Tools/chapt5_ws/install/demo_cpp_tf/share/demo_cpp_tf/local_setup.dsv
[12.244s] -- Installing: /home/lyd/ROS2/chapter5_Tools/chapt5_ws/install/demo_cpp_tf/share/demo_cpp_tf/package.dsv
[12.244s] -- Installing: /home/lyd/ROS2/chapter5_Tools/chapt5_ws/install/demo_cpp_tf/share/ament_index/resource_index/packages/demo_cpp_tf
[12.244s] -- Installing: /home/lyd/ROS2/chapter5_Tools/chapt5_ws/install/demo_cpp_tf/share/demo_cpp_tf/cmake/demo_cpp_tfConfig.cmake
[12.244s] -- Installing: /home/lyd/ROS2/chapter5_Tools/chapt5_ws/install/demo_cpp_tf/share/demo_cpp_tf/cmake/demo_cpp_tfConfig-version.cmake
[12.244s] -- Installing: /home/lyd/ROS2/chapter5_Tools/chapt5_ws/install/demo_cpp_tf/share/demo_cpp_tf/package.xml
[12.246s] Invoked command in '/home/lyd/ROS2/chapter5_Tools/chapt5_ws/build/demo_cpp_tf' returned '0': CMAKE_PREFIX_PATH=/opt/ros/humble /usr/bin/cmake --install /home/lyd/ROS2/chapter5_Tools/chapt5_ws/build/demo_cpp_tf
