[0.011s] Invoking command in '/home/lyd/ROS2/chapter5_Tools/build/demo_cpp_tf': CMAKE_PREFIX_PATH=${CMAKE_PREFIX_PATH}:/home/lyd/ROS2/chapter5_Tools/install/demo_python_tf:/opt/ros/humble /usr/bin/cmake --build /home/lyd/ROS2/chapter5_Tools/build/demo_cpp_tf -- -j4 -l4
[0.056s] [35m[1mConsolidate compiler generated dependencies of target static_tf_broadcaster[0m
[0.056s] [35m[1mConsolidate compiler generated dependencies of target dynamic_tf_broadcaster[0m
[0.056s] [35m[1mConsolidate compiler generated dependencies of target tf_listener[0m
[0.069s] [ 33%] Built target tf_listener
[0.070s] [ 66%] Built target static_tf_broadcaster
[0.073s] [100%] Built target dynamic_tf_broadcaster
[0.211s] Invoked command in '/home/lyd/ROS2/chapter5_Tools/build/demo_cpp_tf' returned '0': CMAKE_PREFIX_PATH=${CMAKE_PREFIX_PATH}:/home/lyd/ROS2/chapter5_Tools/install/demo_python_tf:/opt/ros/humble /usr/bin/cmake --build /home/lyd/ROS2/chapter5_Tools/build/demo_cpp_tf -- -j4 -l4
[0.221s] Invoking command in '/home/lyd/ROS2/chapter5_Tools/build/demo_cpp_tf': CMAKE_PREFIX_PATH=${CMAKE_PREFIX_PATH}:/home/lyd/ROS2/chapter5_Tools/install/demo_python_tf:/opt/ros/humble /usr/bin/cmake --install /home/lyd/ROS2/chapter5_Tools/build/demo_cpp_tf
[0.232s] -- Install configuration: ""
[0.232s] -- Up-to-date: /home/lyd/ROS2/chapter5_Tools/install/demo_cpp_tf/lib/demo_cpp_tf/tf_listener
[0.232s] -- Up-to-date: /home/lyd/ROS2/chapter5_Tools/install/demo_cpp_tf/lib/demo_cpp_tf/static_tf_broadcaster
[0.232s] -- Up-to-date: /home/lyd/ROS2/chapter5_Tools/install/demo_cpp_tf/lib/demo_cpp_tf/dynamic_tf_broadcaster
[0.232s] -- Up-to-date: /home/lyd/ROS2/chapter5_Tools/install/demo_cpp_tf/share/ament_index/resource_index/package_run_dependencies/demo_cpp_tf
[0.232s] -- Up-to-date: /home/lyd/ROS2/chapter5_Tools/install/demo_cpp_tf/share/ament_index/resource_index/parent_prefix_path/demo_cpp_tf
[0.232s] -- Up-to-date: /home/lyd/ROS2/chapter5_Tools/install/demo_cpp_tf/share/demo_cpp_tf/environment/ament_prefix_path.sh
[0.232s] -- Up-to-date: /home/lyd/ROS2/chapter5_Tools/install/demo_cpp_tf/share/demo_cpp_tf/environment/ament_prefix_path.dsv
[0.232s] -- Up-to-date: /home/lyd/ROS2/chapter5_Tools/install/demo_cpp_tf/share/demo_cpp_tf/environment/path.sh
[0.232s] -- Up-to-date: /home/lyd/ROS2/chapter5_Tools/install/demo_cpp_tf/share/demo_cpp_tf/environment/path.dsv
[0.232s] -- Up-to-date: /home/lyd/ROS2/chapter5_Tools/install/demo_cpp_tf/share/demo_cpp_tf/local_setup.bash
[0.232s] -- Up-to-date: /home/lyd/ROS2/chapter5_Tools/install/demo_cpp_tf/share/demo_cpp_tf/local_setup.sh
[0.232s] -- Up-to-date: /home/lyd/ROS2/chapter5_Tools/install/demo_cpp_tf/share/demo_cpp_tf/local_setup.zsh
[0.232s] -- Up-to-date: /home/lyd/ROS2/chapter5_Tools/install/demo_cpp_tf/share/demo_cpp_tf/local_setup.dsv
[0.232s] -- Installing: /home/lyd/ROS2/chapter5_Tools/install/demo_cpp_tf/share/demo_cpp_tf/package.dsv
[0.232s] -- Up-to-date: /home/lyd/ROS2/chapter5_Tools/install/demo_cpp_tf/share/ament_index/resource_index/packages/demo_cpp_tf
[0.232s] -- Up-to-date: /home/lyd/ROS2/chapter5_Tools/install/demo_cpp_tf/share/demo_cpp_tf/cmake/demo_cpp_tfConfig.cmake
[0.232s] -- Up-to-date: /home/lyd/ROS2/chapter5_Tools/install/demo_cpp_tf/share/demo_cpp_tf/cmake/demo_cpp_tfConfig-version.cmake
[0.232s] -- Up-to-date: /home/lyd/ROS2/chapter5_Tools/install/demo_cpp_tf/share/demo_cpp_tf/package.xml
[0.235s] Invoked command in '/home/lyd/ROS2/chapter5_Tools/build/demo_cpp_tf' returned '0': CMAKE_PREFIX_PATH=${CMAKE_PREFIX_PATH}:/home/lyd/ROS2/chapter5_Tools/install/demo_python_tf:/opt/ros/humble /usr/bin/cmake --install /home/lyd/ROS2/chapter5_Tools/build/demo_cpp_tf
