[0.475s] Invoking command in '/home/lyd/ROS2/chapter2_Node/chapter2_workspace/src/demo_python_pkg': PYTHONPATH=/home/lyd/ROS2/chapter2_Node/chapter2_workspace/build/demo_python_pkg/prefix_override:/usr/lib/python3/dist-packages/colcon_core/task/python/colcon_distutils_commands:/home/lyd/ROS2/chapter2_Node/chapter2_workspace/install/demo_python_pkg/lib/python3.10/site-packages:${PYTHONPATH} /usr/bin/python3 -W ignore:setup.py install is deprecated -W ignore:easy_install command is deprecated setup.py egg_info --egg-base ../../build/demo_python_pkg build --build-base /home/lyd/ROS2/chapter2_Node/chapter2_workspace/build/demo_python_pkg/build install --record /home/lyd/ROS2/chapter2_Node/chapter2_workspace/build/demo_python_pkg/install.log --single-version-externally-managed install_data
[0.640s] running egg_info
[0.641s] writing ../../build/demo_python_pkg/demo_python_pkg.egg-info/PKG-INFO
[0.641s] writing dependency_links to ../../build/demo_python_pkg/demo_python_pkg.egg-info/dependency_links.txt
[0.642s] writing entry points to ../../build/demo_python_pkg/demo_python_pkg.egg-info/entry_points.txt
[0.642s] writing requirements to ../../build/demo_python_pkg/demo_python_pkg.egg-info/requires.txt
[0.642s] writing top-level names to ../../build/demo_python_pkg/demo_python_pkg.egg-info/top_level.txt
[0.644s] reading manifest file '../../build/demo_python_pkg/demo_python_pkg.egg-info/SOURCES.txt'
[0.644s] adding license file 'LICENSE'
[0.645s] writing manifest file '../../build/demo_python_pkg/demo_python_pkg.egg-info/SOURCES.txt'
[0.645s] running build
[0.645s] running build_py
[0.645s] copying demo_python_pkg/inheritance_node.py -> /home/lyd/ROS2/chapter2_Node/chapter2_workspace/build/demo_python_pkg/build/lib/demo_python_pkg
[0.645s] running install
[0.646s] running install_lib
[0.646s] copying /home/lyd/ROS2/chapter2_Node/chapter2_workspace/build/demo_python_pkg/build/lib/demo_python_pkg/inheritance_node.py -> /home/lyd/ROS2/chapter2_Node/chapter2_workspace/install/demo_python_pkg/lib/python3.10/site-packages/demo_python_pkg
[0.647s] byte-compiling /home/lyd/ROS2/chapter2_Node/chapter2_workspace/install/demo_python_pkg/lib/python3.10/site-packages/demo_python_pkg/inheritance_node.py to inheritance_node.cpython-310.pyc
[0.648s] running install_data
[0.648s] running install_egg_info
[0.650s] removing '/home/lyd/ROS2/chapter2_Node/chapter2_workspace/install/demo_python_pkg/lib/python3.10/site-packages/demo_python_pkg-0.0.0-py3.10.egg-info' (and everything under it)
[0.652s] Copying ../../build/demo_python_pkg/demo_python_pkg.egg-info to /home/lyd/ROS2/chapter2_Node/chapter2_workspace/install/demo_python_pkg/lib/python3.10/site-packages/demo_python_pkg-0.0.0-py3.10.egg-info
[0.652s] running install_scripts
[0.670s] Installing class_node script to /home/lyd/ROS2/chapter2_Node/chapter2_workspace/install/demo_python_pkg/lib/demo_python_pkg
[0.670s] Installing inheritance_node script to /home/lyd/ROS2/chapter2_Node/chapter2_workspace/install/demo_python_pkg/lib/demo_python_pkg
[0.670s] Installing python_node script to /home/lyd/ROS2/chapter2_Node/chapter2_workspace/install/demo_python_pkg/lib/demo_python_pkg
[0.670s] writing list of installed files to '/home/lyd/ROS2/chapter2_Node/chapter2_workspace/build/demo_python_pkg/install.log'
[0.689s] Invoked command in '/home/lyd/ROS2/chapter2_Node/chapter2_workspace/src/demo_python_pkg' returned '0': PYTHONPATH=/home/lyd/ROS2/chapter2_Node/chapter2_workspace/build/demo_python_pkg/prefix_override:/usr/lib/python3/dist-packages/colcon_core/task/python/colcon_distutils_commands:/home/lyd/ROS2/chapter2_Node/chapter2_workspace/install/demo_python_pkg/lib/python3.10/site-packages:${PYTHONPATH} /usr/bin/python3 -W ignore:setup.py install is deprecated -W ignore:easy_install command is deprecated setup.py egg_info --egg-base ../../build/demo_python_pkg build --build-base /home/lyd/ROS2/chapter2_Node/chapter2_workspace/build/demo_python_pkg/build install --record /home/lyd/ROS2/chapter2_Node/chapter2_workspace/build/demo_python_pkg/install.log --single-version-externally-managed install_data
