[0.014s] Invoking command in '/home/lyd/ROS2/chapter2_Node/build/demo_cpp_pkg': CMAKE_PREFIX_PATH=/opt/ros/humble /usr/bin/cmake /home/lyd/ROS2/chapter2_Node/demo_cpp_pkg -DCMAKE_INSTALL_PREFIX=/home/lyd/ROS2/chapter2_Node/install/demo_cpp_pkg
[0.074s] -- The C compiler identification is GNU 11.4.0
[0.126s] -- The CXX compiler identification is GNU 11.4.0
[0.128s] -- Detecting C compiler ABI info
[0.188s] -- Detecting C compiler ABI info - done
[0.195s] -- Check for working C compiler: /usr/bin/cc - skipped
[0.195s] -- Detecting C compile features
[0.195s] -- Detecting C compile features - done
[0.197s] -- Detecting CXX compiler ABI info
[0.264s] -- Detecting CXX compiler ABI info - done
[0.268s] -- Check for working CXX compiler: /usr/bin/c++ - skipped
[0.268s] -- Detecting CXX compile features
[0.268s] -- Detecting CXX compile features - done
[0.270s] -- Found ament_cmake: 1.3.11 (/opt/ros/humble/share/ament_cmake/cmake)
[0.394s] -- Found Python3: /usr/bin/python3 (found version "3.10.12") found components: Interpreter 
[0.484s] -- Found rclcpp: 16.0.12 (/opt/ros/humble/share/rclcpp/cmake)
[0.529s] -- Found rosidl_generator_c: 3.1.6 (/opt/ros/humble/share/rosidl_generator_c/cmake)
[0.532s] -- Found rosidl_adapter: 3.1.6 (/opt/ros/humble/share/rosidl_adapter/cmake)
[0.548s] -- Found rosidl_generator_cpp: 3.1.6 (/opt/ros/humble/share/rosidl_generator_cpp/cmake)
[0.557s] -- Using all available rosidl_typesupport_c: rosidl_typesupport_fastrtps_c;rosidl_typesupport_introspection_c
[0.568s] -- Using all available rosidl_typesupport_cpp: rosidl_typesupport_fastrtps_cpp;rosidl_typesupport_introspection_cpp
[0.599s] -- Found rmw_implementation_cmake: 6.1.2 (/opt/ros/humble/share/rmw_implementation_cmake/cmake)
[0.600s] -- Found rmw_fastrtps_cpp: 6.2.7 (/opt/ros/humble/share/rmw_fastrtps_cpp/cmake)
[0.673s] -- Found OpenSSL: /usr/lib/x86_64-linux-gnu/libcrypto.so (found version "3.0.2")  
[0.692s] -- Found FastRTPS: /opt/ros/humble/include  
[0.725s] -- Using RMW implementation 'rmw_fastrtps_cpp' as default
[0.730s] -- Looking for pthread.h
[0.795s] -- Looking for pthread.h - found
[0.795s] -- Performing Test CMAKE_HAVE_LIBC_PTHREAD
[0.851s] -- Performing Test CMAKE_HAVE_LIBC_PTHREAD - Success
[0.853s] -- Found Threads: TRUE  
[0.889s] -- Found ament_lint_auto: 0.12.12 (/opt/ros/humble/share/ament_lint_auto/cmake)
[0.944s] -- Added test 'cppcheck' to perform static code analysis on C / C++ code
[0.945s] -- Configured cppcheck include dirs: 
[0.945s] -- Configured cppcheck exclude dirs and/or files: 
[0.946s] -- Added test 'lint_cmake' to check CMake code style
[0.949s] -- Added test 'uncrustify' to check C / C++ code style
[0.949s] -- Configured uncrustify additional arguments: 
[0.950s] -- Added test 'xmllint' to check XML markup files
[0.952s] -- Configuring done
[0.960s] -- Generating done
[0.960s] -- Build files have been written to: /home/lyd/ROS2/chapter2_Node/build/demo_cpp_pkg
[0.967s] Invoked command in '/home/lyd/ROS2/chapter2_Node/build/demo_cpp_pkg' returned '0': CMAKE_PREFIX_PATH=/opt/ros/humble /usr/bin/cmake /home/lyd/ROS2/chapter2_Node/demo_cpp_pkg -DCMAKE_INSTALL_PREFIX=/home/lyd/ROS2/chapter2_Node/install/demo_cpp_pkg
[0.970s] Invoking command in '/home/lyd/ROS2/chapter2_Node/build/demo_cpp_pkg': CMAKE_PREFIX_PATH=/opt/ros/humble /usr/bin/cmake --build /home/lyd/ROS2/chapter2_Node/build/demo_cpp_pkg -- -j4 -l4
[1.006s] [ 50%] [32mBuilding CXX object CMakeFiles/cpp_node.dir/src/cpp_node.cpp.o[0m
[3.069s] [100%] [32m[1mLinking CXX executable cpp_node[0m
[3.143s] [100%] Built target cpp_node
[3.154s] Invoked command in '/home/lyd/ROS2/chapter2_Node/build/demo_cpp_pkg' returned '0': CMAKE_PREFIX_PATH=/opt/ros/humble /usr/bin/cmake --build /home/lyd/ROS2/chapter2_Node/build/demo_cpp_pkg -- -j4 -l4
[3.158s] Invoking command in '/home/lyd/ROS2/chapter2_Node/build/demo_cpp_pkg': CMAKE_PREFIX_PATH=/opt/ros/humble /usr/bin/cmake --install /home/lyd/ROS2/chapter2_Node/build/demo_cpp_pkg
[3.164s] -- Install configuration: ""
[3.165s] -- Installing: /home/lyd/ROS2/chapter2_Node/install/demo_cpp_pkg/share/ament_index/resource_index/package_run_dependencies/demo_cpp_pkg
[3.165s] -- Installing: /home/lyd/ROS2/chapter2_Node/install/demo_cpp_pkg/share/ament_index/resource_index/parent_prefix_path/demo_cpp_pkg
[3.165s] -- Installing: /home/lyd/ROS2/chapter2_Node/install/demo_cpp_pkg/share/demo_cpp_pkg/environment/ament_prefix_path.sh
[3.165s] -- Installing: /home/lyd/ROS2/chapter2_Node/install/demo_cpp_pkg/share/demo_cpp_pkg/environment/ament_prefix_path.dsv
[3.165s] -- Installing: /home/lyd/ROS2/chapter2_Node/install/demo_cpp_pkg/share/demo_cpp_pkg/environment/path.sh
[3.165s] -- Installing: /home/lyd/ROS2/chapter2_Node/install/demo_cpp_pkg/share/demo_cpp_pkg/environment/path.dsv
[3.165s] -- Installing: /home/lyd/ROS2/chapter2_Node/install/demo_cpp_pkg/share/demo_cpp_pkg/local_setup.bash
[3.165s] -- Installing: /home/lyd/ROS2/chapter2_Node/install/demo_cpp_pkg/share/demo_cpp_pkg/local_setup.sh
[3.165s] -- Installing: /home/lyd/ROS2/chapter2_Node/install/demo_cpp_pkg/share/demo_cpp_pkg/local_setup.zsh
[3.166s] -- Installing: /home/lyd/ROS2/chapter2_Node/install/demo_cpp_pkg/share/demo_cpp_pkg/local_setup.dsv
[3.167s] -- Installing: /home/lyd/ROS2/chapter2_Node/install/demo_cpp_pkg/share/demo_cpp_pkg/package.dsv
[3.167s] -- Installing: /home/lyd/ROS2/chapter2_Node/install/demo_cpp_pkg/share/ament_index/resource_index/packages/demo_cpp_pkg
[3.167s] -- Installing: /home/lyd/ROS2/chapter2_Node/install/demo_cpp_pkg/share/demo_cpp_pkg/cmake/demo_cpp_pkgConfig.cmake
[3.167s] -- Installing: /home/lyd/ROS2/chapter2_Node/install/demo_cpp_pkg/share/demo_cpp_pkg/cmake/demo_cpp_pkgConfig-version.cmake
[3.167s] -- Installing: /home/lyd/ROS2/chapter2_Node/install/demo_cpp_pkg/share/demo_cpp_pkg/package.xml
[3.168s] Invoked command in '/home/lyd/ROS2/chapter2_Node/build/demo_cpp_pkg' returned '0': CMAKE_PREFIX_PATH=/opt/ros/humble /usr/bin/cmake --install /home/lyd/ROS2/chapter2_Node/build/demo_cpp_pkg
