[0.146s] DEBUG:colcon:Command line arguments: ['/usr/bin/colcon', 'build']
[0.146s] DEBUG:colcon:Parsed command line arguments: Namespace(log_base=None, log_level=None, verb_name='build', build_base='build', install_base='install', merge_install=False, symlink_install=False, test_result_base=None, continue_on_error=False, executor='parallel', parallel_workers=4, event_handlers=None, ignore_user_meta=False, metas=['./colcon.meta'], base_paths=['.'], packages_ignore=None, packages_ignore_regex=None, paths=None, packages_up_to=None, packages_up_to_regex=None, packages_above=None, packages_above_and_dependencies=None, packages_above_depth=None, packages_select_by_dep=None, packages_skip_by_dep=None, packages_skip_up_to=None, packages_select_build_failed=False, packages_skip_build_finished=False, packages_select_test_failures=False, packages_skip_test_passed=False, packages_select=None, packages_skip=None, packages_select_regex=None, packages_skip_regex=None, packages_start=None, packages_end=None, allow_overriding=[], cmake_args=None, cmake_target=None, cmake_target_skip_unavailable=False, cmake_clean_cache=False, cmake_clean_first=False, cmake_force_configure=False, ament_cmake_args=None, catkin_cmake_args=None, catkin_skip_building_tests=False, verb_parser=<colcon_defaults.argument_parser.defaults.DefaultArgumentsDecorator object at 0x7f4848feb040>, verb_extension=<colcon_core.verb.build.BuildVerb object at 0x7f484916c490>, main=<bound method BuildVerb.main of <colcon_core.verb.build.BuildVerb object at 0x7f484916c490>>)
[0.358s] Level 1:colcon.colcon_core.package_discovery:discover_packages(colcon_meta) check parameters
[0.358s] Level 1:colcon.colcon_core.package_discovery:discover_packages(recursive) check parameters
[0.358s] Level 1:colcon.colcon_core.package_discovery:discover_packages(ignore) check parameters
[0.358s] Level 1:colcon.colcon_core.package_discovery:discover_packages(path) check parameters
[0.358s] Level 1:colcon.colcon_core.package_discovery:discover_packages(colcon_meta) discover
[0.358s] Level 1:colcon.colcon_core.package_discovery:discover_packages(recursive) discover
[0.358s] INFO:colcon.colcon_core.package_discovery:Crawling recursively for packages in '/home/lyd/ROS2/chapter3_Topic/topic_practice_ws'
[0.358s] Level 1:colcon.colcon_core.package_identification:_identify(.) by extensions ['ignore', 'ignore_ament_install']
[0.358s] Level 1:colcon.colcon_core.package_identification:_identify(.) by extension 'ignore'
[0.358s] Level 1:colcon.colcon_core.package_identification:_identify(.) by extension 'ignore_ament_install'
[0.358s] Level 1:colcon.colcon_core.package_identification:_identify(.) by extensions ['colcon_pkg']
[0.358s] Level 1:colcon.colcon_core.package_identification:_identify(.) by extension 'colcon_pkg'
[0.358s] Level 1:colcon.colcon_core.package_identification:_identify(.) by extensions ['colcon_meta']
[0.358s] Level 1:colcon.colcon_core.package_identification:_identify(.) by extension 'colcon_meta'
[0.358s] Level 1:colcon.colcon_core.package_identification:_identify(.) by extensions ['ros']
[0.358s] Level 1:colcon.colcon_core.package_identification:_identify(.) by extension 'ros'
[0.370s] Level 1:colcon.colcon_core.package_identification:_identify(.) by extensions ['cmake', 'python']
[0.370s] Level 1:colcon.colcon_core.package_identification:_identify(.) by extension 'cmake'
[0.370s] Level 1:colcon.colcon_core.package_identification:_identify(.) by extension 'python'
[0.370s] Level 1:colcon.colcon_core.package_identification:_identify(.) by extensions ['python_setup_py']
[0.370s] Level 1:colcon.colcon_core.package_identification:_identify(.) by extension 'python_setup_py'
[0.370s] Level 1:colcon.colcon_core.package_identification:_identify(build) by extensions ['ignore', 'ignore_ament_install']
[0.370s] Level 1:colcon.colcon_core.package_identification:_identify(build) by extension 'ignore'
[0.370s] Level 1:colcon.colcon_core.package_identification:_identify(build) ignored
[0.370s] Level 1:colcon.colcon_core.package_identification:_identify(install) by extensions ['ignore', 'ignore_ament_install']
[0.370s] Level 1:colcon.colcon_core.package_identification:_identify(install) by extension 'ignore'
[0.370s] Level 1:colcon.colcon_core.package_identification:_identify(install) ignored
[0.370s] Level 1:colcon.colcon_core.package_identification:_identify(log) by extensions ['ignore', 'ignore_ament_install']
[0.370s] Level 1:colcon.colcon_core.package_identification:_identify(log) by extension 'ignore'
[0.370s] Level 1:colcon.colcon_core.package_identification:_identify(log) ignored
[0.370s] Level 1:colcon.colcon_core.package_identification:_identify(src) by extensions ['ignore', 'ignore_ament_install']
[0.370s] Level 1:colcon.colcon_core.package_identification:_identify(src) by extension 'ignore'
[0.370s] Level 1:colcon.colcon_core.package_identification:_identify(src) by extension 'ignore_ament_install'
[0.370s] Level 1:colcon.colcon_core.package_identification:_identify(src) by extensions ['colcon_pkg']
[0.371s] Level 1:colcon.colcon_core.package_identification:_identify(src) by extension 'colcon_pkg'
[0.371s] Level 1:colcon.colcon_core.package_identification:_identify(src) by extensions ['colcon_meta']
[0.371s] Level 1:colcon.colcon_core.package_identification:_identify(src) by extension 'colcon_meta'
[0.371s] Level 1:colcon.colcon_core.package_identification:_identify(src) by extensions ['ros']
[0.371s] Level 1:colcon.colcon_core.package_identification:_identify(src) by extension 'ros'
[0.371s] Level 1:colcon.colcon_core.package_identification:_identify(src) by extensions ['cmake', 'python']
[0.371s] Level 1:colcon.colcon_core.package_identification:_identify(src) by extension 'cmake'
[0.371s] Level 1:colcon.colcon_core.package_identification:_identify(src) by extension 'python'
[0.371s] Level 1:colcon.colcon_core.package_identification:_identify(src) by extensions ['python_setup_py']
[0.371s] Level 1:colcon.colcon_core.package_identification:_identify(src) by extension 'python_setup_py'
[0.371s] Level 1:colcon.colcon_core.package_identification:_identify(src/status_display) by extensions ['ignore', 'ignore_ament_install']
[0.371s] Level 1:colcon.colcon_core.package_identification:_identify(src/status_display) by extension 'ignore'
[0.371s] Level 1:colcon.colcon_core.package_identification:_identify(src/status_display) by extension 'ignore_ament_install'
[0.371s] Level 1:colcon.colcon_core.package_identification:_identify(src/status_display) by extensions ['colcon_pkg']
[0.371s] Level 1:colcon.colcon_core.package_identification:_identify(src/status_display) by extension 'colcon_pkg'
[0.371s] Level 1:colcon.colcon_core.package_identification:_identify(src/status_display) by extensions ['colcon_meta']
[0.371s] Level 1:colcon.colcon_core.package_identification:_identify(src/status_display) by extension 'colcon_meta'
[0.371s] Level 1:colcon.colcon_core.package_identification:_identify(src/status_display) by extensions ['ros']
[0.371s] Level 1:colcon.colcon_core.package_identification:_identify(src/status_display) by extension 'ros'
[0.374s] DEBUG:colcon.colcon_core.package_identification:Package 'src/status_display' with type 'ros.ament_cmake' and name 'status_display'
[0.374s] Level 1:colcon.colcon_core.package_identification:_identify(src/status_interfaces) by extensions ['ignore', 'ignore_ament_install']
[0.374s] Level 1:colcon.colcon_core.package_identification:_identify(src/status_interfaces) by extension 'ignore'
[0.374s] Level 1:colcon.colcon_core.package_identification:_identify(src/status_interfaces) by extension 'ignore_ament_install'
[0.375s] Level 1:colcon.colcon_core.package_identification:_identify(src/status_interfaces) by extensions ['colcon_pkg']
[0.375s] Level 1:colcon.colcon_core.package_identification:_identify(src/status_interfaces) by extension 'colcon_pkg'
[0.375s] Level 1:colcon.colcon_core.package_identification:_identify(src/status_interfaces) by extensions ['colcon_meta']
[0.375s] Level 1:colcon.colcon_core.package_identification:_identify(src/status_interfaces) by extension 'colcon_meta'
[0.375s] Level 1:colcon.colcon_core.package_identification:_identify(src/status_interfaces) by extensions ['ros']
[0.375s] Level 1:colcon.colcon_core.package_identification:_identify(src/status_interfaces) by extension 'ros'
[0.375s] DEBUG:colcon.colcon_core.package_identification:Package 'src/status_interfaces' with type 'ros.ament_cmake' and name 'status_interfaces'
[0.375s] Level 1:colcon.colcon_core.package_identification:_identify(src/status_publisher) by extensions ['ignore', 'ignore_ament_install']
[0.375s] Level 1:colcon.colcon_core.package_identification:_identify(src/status_publisher) by extension 'ignore'
[0.376s] Level 1:colcon.colcon_core.package_identification:_identify(src/status_publisher) by extension 'ignore_ament_install'
[0.376s] Level 1:colcon.colcon_core.package_identification:_identify(src/status_publisher) by extensions ['colcon_pkg']
[0.376s] Level 1:colcon.colcon_core.package_identification:_identify(src/status_publisher) by extension 'colcon_pkg'
[0.376s] Level 1:colcon.colcon_core.package_identification:_identify(src/status_publisher) by extensions ['colcon_meta']
[0.376s] Level 1:colcon.colcon_core.package_identification:_identify(src/status_publisher) by extension 'colcon_meta'
[0.376s] Level 1:colcon.colcon_core.package_identification:_identify(src/status_publisher) by extensions ['ros']
[0.376s] Level 1:colcon.colcon_core.package_identification:_identify(src/status_publisher) by extension 'ros'
[0.377s] DEBUG:colcon.colcon_core.package_identification:Package 'src/status_publisher' with type 'ros.ament_python' and name 'status_publisher'
[0.377s] Level 1:colcon.colcon_core.package_discovery:discover_packages(recursive) using defaults
[0.377s] Level 1:colcon.colcon_core.package_discovery:discover_packages(ignore) discover
[0.377s] Level 1:colcon.colcon_core.package_discovery:discover_packages(ignore) using defaults
[0.377s] Level 1:colcon.colcon_core.package_discovery:discover_packages(path) discover
[0.377s] Level 1:colcon.colcon_core.package_discovery:discover_packages(path) using defaults
[0.401s] Level 1:colcon.colcon_core.package_discovery:discover_packages(prefix_path) check parameters
[0.401s] Level 1:colcon.colcon_core.package_discovery:discover_packages(prefix_path) discover
[0.404s] DEBUG:colcon.colcon_installed_package_information.package_discovery:Found 271 installed packages in /opt/ros/humble
[0.406s] Level 1:colcon.colcon_core.package_discovery:discover_packages(prefix_path) using defaults
[0.442s] Level 5:colcon.colcon_core.verb:set package 'status_interfaces' build argument 'cmake_args' from command line to 'None'
[0.443s] Level 5:colcon.colcon_core.verb:set package 'status_interfaces' build argument 'cmake_target' from command line to 'None'
[0.443s] Level 5:colcon.colcon_core.verb:set package 'status_interfaces' build argument 'cmake_target_skip_unavailable' from command line to 'False'
[0.443s] Level 5:colcon.colcon_core.verb:set package 'status_interfaces' build argument 'cmake_clean_cache' from command line to 'False'
[0.443s] Level 5:colcon.colcon_core.verb:set package 'status_interfaces' build argument 'cmake_clean_first' from command line to 'False'
[0.443s] Level 5:colcon.colcon_core.verb:set package 'status_interfaces' build argument 'cmake_force_configure' from command line to 'False'
[0.443s] Level 5:colcon.colcon_core.verb:set package 'status_interfaces' build argument 'ament_cmake_args' from command line to 'None'
[0.443s] Level 5:colcon.colcon_core.verb:set package 'status_interfaces' build argument 'catkin_cmake_args' from command line to 'None'
[0.443s] Level 5:colcon.colcon_core.verb:set package 'status_interfaces' build argument 'catkin_skip_building_tests' from command line to 'False'
[0.443s] DEBUG:colcon.colcon_core.verb:Building package 'status_interfaces' with the following arguments: {'ament_cmake_args': None, 'build_base': '/home/lyd/ROS2/chapter3_Topic/topic_practice_ws/build/status_interfaces', 'catkin_cmake_args': None, 'catkin_skip_building_tests': False, 'cmake_args': None, 'cmake_clean_cache': False, 'cmake_clean_first': False, 'cmake_force_configure': False, 'cmake_target': None, 'cmake_target_skip_unavailable': False, 'install_base': '/home/lyd/ROS2/chapter3_Topic/topic_practice_ws/install/status_interfaces', 'merge_install': False, 'path': '/home/lyd/ROS2/chapter3_Topic/topic_practice_ws/src/status_interfaces', 'symlink_install': False, 'test_result_base': None}
[0.443s] Level 5:colcon.colcon_core.verb:set package 'status_display' build argument 'cmake_args' from command line to 'None'
[0.443s] Level 5:colcon.colcon_core.verb:set package 'status_display' build argument 'cmake_target' from command line to 'None'
[0.443s] Level 5:colcon.colcon_core.verb:set package 'status_display' build argument 'cmake_target_skip_unavailable' from command line to 'False'
[0.443s] Level 5:colcon.colcon_core.verb:set package 'status_display' build argument 'cmake_clean_cache' from command line to 'False'
[0.443s] Level 5:colcon.colcon_core.verb:set package 'status_display' build argument 'cmake_clean_first' from command line to 'False'
[0.443s] Level 5:colcon.colcon_core.verb:set package 'status_display' build argument 'cmake_force_configure' from command line to 'False'
[0.443s] Level 5:colcon.colcon_core.verb:set package 'status_display' build argument 'ament_cmake_args' from command line to 'None'
[0.443s] Level 5:colcon.colcon_core.verb:set package 'status_display' build argument 'catkin_cmake_args' from command line to 'None'
[0.443s] Level 5:colcon.colcon_core.verb:set package 'status_display' build argument 'catkin_skip_building_tests' from command line to 'False'
[0.443s] DEBUG:colcon.colcon_core.verb:Building package 'status_display' with the following arguments: {'ament_cmake_args': None, 'build_base': '/home/lyd/ROS2/chapter3_Topic/topic_practice_ws/build/status_display', 'catkin_cmake_args': None, 'catkin_skip_building_tests': False, 'cmake_args': None, 'cmake_clean_cache': False, 'cmake_clean_first': False, 'cmake_force_configure': False, 'cmake_target': None, 'cmake_target_skip_unavailable': False, 'install_base': '/home/lyd/ROS2/chapter3_Topic/topic_practice_ws/install/status_display', 'merge_install': False, 'path': '/home/lyd/ROS2/chapter3_Topic/topic_practice_ws/src/status_display', 'symlink_install': False, 'test_result_base': None}
[0.443s] Level 5:colcon.colcon_core.verb:set package 'status_publisher' build argument 'cmake_args' from command line to 'None'
[0.443s] Level 5:colcon.colcon_core.verb:set package 'status_publisher' build argument 'cmake_target' from command line to 'None'
[0.443s] Level 5:colcon.colcon_core.verb:set package 'status_publisher' build argument 'cmake_target_skip_unavailable' from command line to 'False'
[0.443s] Level 5:colcon.colcon_core.verb:set package 'status_publisher' build argument 'cmake_clean_cache' from command line to 'False'
[0.443s] Level 5:colcon.colcon_core.verb:set package 'status_publisher' build argument 'cmake_clean_first' from command line to 'False'
[0.444s] Level 5:colcon.colcon_core.verb:set package 'status_publisher' build argument 'cmake_force_configure' from command line to 'False'
[0.444s] Level 5:colcon.colcon_core.verb:set package 'status_publisher' build argument 'ament_cmake_args' from command line to 'None'
[0.444s] Level 5:colcon.colcon_core.verb:set package 'status_publisher' build argument 'catkin_cmake_args' from command line to 'None'
[0.444s] Level 5:colcon.colcon_core.verb:set package 'status_publisher' build argument 'catkin_skip_building_tests' from command line to 'False'
[0.444s] DEBUG:colcon.colcon_core.verb:Building package 'status_publisher' with the following arguments: {'ament_cmake_args': None, 'build_base': '/home/lyd/ROS2/chapter3_Topic/topic_practice_ws/build/status_publisher', 'catkin_cmake_args': None, 'catkin_skip_building_tests': False, 'cmake_args': None, 'cmake_clean_cache': False, 'cmake_clean_first': False, 'cmake_force_configure': False, 'cmake_target': None, 'cmake_target_skip_unavailable': False, 'install_base': '/home/lyd/ROS2/chapter3_Topic/topic_practice_ws/install/status_publisher', 'merge_install': False, 'path': '/home/lyd/ROS2/chapter3_Topic/topic_practice_ws/src/status_publisher', 'symlink_install': False, 'test_result_base': None}
[0.444s] INFO:colcon.colcon_core.executor:Executing jobs using 'parallel' executor
[0.445s] DEBUG:colcon.colcon_parallel_executor.executor.parallel:run_until_complete
[0.445s] INFO:colcon.colcon_ros.task.ament_cmake.build:Building ROS package in '/home/lyd/ROS2/chapter3_Topic/topic_practice_ws/src/status_interfaces' with build type 'ament_cmake'
[0.445s] INFO:colcon.colcon_cmake.task.cmake.build:Building CMake package in '/home/lyd/ROS2/chapter3_Topic/topic_practice_ws/src/status_interfaces'
[0.451s] INFO:colcon.colcon_core.plugin_system:Skipping extension 'colcon_core.shell.bat': Not used on non-Windows systems
[0.451s] INFO:colcon.colcon_core.shell:Skip shell extension 'powershell' for command environment: Not usable outside of PowerShell
[0.452s] DEBUG:colcon.colcon_core.shell:Skip shell extension 'dsv' for command environment
[0.462s] DEBUG:colcon.colcon_core.event_handler.log_command:Invoking command in '/home/lyd/ROS2/chapter3_Topic/topic_practice_ws/build/status_interfaces': CMAKE_PREFIX_PATH=/opt/ros/humble /usr/bin/cmake /home/lyd/ROS2/chapter3_Topic/topic_practice_ws/src/status_interfaces -DCMAKE_INSTALL_PREFIX=/home/lyd/ROS2/chapter3_Topic/topic_practice_ws/install/status_interfaces
[2.180s] DEBUG:colcon.colcon_core.event_handler.log_command:Invoked command in '/home/lyd/ROS2/chapter3_Topic/topic_practice_ws/build/status_interfaces' returned '0': CMAKE_PREFIX_PATH=/opt/ros/humble /usr/bin/cmake /home/lyd/ROS2/chapter3_Topic/topic_practice_ws/src/status_interfaces -DCMAKE_INSTALL_PREFIX=/home/lyd/ROS2/chapter3_Topic/topic_practice_ws/install/status_interfaces
[2.181s] DEBUG:colcon.colcon_core.event_handler.log_command:Invoking command in '/home/lyd/ROS2/chapter3_Topic/topic_practice_ws/build/status_interfaces': CMAKE_PREFIX_PATH=/opt/ros/humble /usr/bin/cmake --build /home/lyd/ROS2/chapter3_Topic/topic_practice_ws/build/status_interfaces -- -j4 -l4
[5.268s] DEBUG:colcon.colcon_core.event_handler.log_command:Invoked command in '/home/lyd/ROS2/chapter3_Topic/topic_practice_ws/build/status_interfaces' returned '0': CMAKE_PREFIX_PATH=/opt/ros/humble /usr/bin/cmake --build /home/lyd/ROS2/chapter3_Topic/topic_practice_ws/build/status_interfaces -- -j4 -l4
[5.279s] DEBUG:colcon.colcon_core.event_handler.log_command:Invoking command in '/home/lyd/ROS2/chapter3_Topic/topic_practice_ws/build/status_interfaces': CMAKE_PREFIX_PATH=/opt/ros/humble /usr/bin/cmake --install /home/lyd/ROS2/chapter3_Topic/topic_practice_ws/build/status_interfaces
[5.350s] Level 1:colcon.colcon_core.environment:create_environment_scripts_only(status_interfaces)
[5.351s] DEBUG:colcon.colcon_core.event_handler.log_command:Invoked command in '/home/lyd/ROS2/chapter3_Topic/topic_practice_ws/build/status_interfaces' returned '0': CMAKE_PREFIX_PATH=/opt/ros/humble /usr/bin/cmake --install /home/lyd/ROS2/chapter3_Topic/topic_practice_ws/build/status_interfaces
[5.361s] Level 1:colcon.colcon_core.environment:checking '/home/lyd/ROS2/chapter3_Topic/topic_practice_ws/install/status_interfaces' for CMake module files
[5.362s] Level 1:colcon.colcon_core.environment:checking '/home/lyd/ROS2/chapter3_Topic/topic_practice_ws/install/status_interfaces' for CMake config files
[5.362s] Level 1:colcon.colcon_core.shell:create_environment_hook('status_interfaces', 'cmake_prefix_path')
[5.362s] INFO:colcon.colcon_core.shell:Creating environment hook '/home/lyd/ROS2/chapter3_Topic/topic_practice_ws/install/status_interfaces/share/status_interfaces/hook/cmake_prefix_path.ps1'
[5.364s] INFO:colcon.colcon_core.shell:Creating environment descriptor '/home/lyd/ROS2/chapter3_Topic/topic_practice_ws/install/status_interfaces/share/status_interfaces/hook/cmake_prefix_path.dsv'
[5.365s] INFO:colcon.colcon_core.shell:Creating environment hook '/home/lyd/ROS2/chapter3_Topic/topic_practice_ws/install/status_interfaces/share/status_interfaces/hook/cmake_prefix_path.sh'
[5.366s] Level 1:colcon.colcon_core.environment:checking '/home/lyd/ROS2/chapter3_Topic/topic_practice_ws/install/status_interfaces/lib'
[5.366s] Level 1:colcon.colcon_core.shell:create_environment_hook('status_interfaces', 'ld_library_path_lib')
[5.366s] INFO:colcon.colcon_core.shell:Creating environment hook '/home/lyd/ROS2/chapter3_Topic/topic_practice_ws/install/status_interfaces/share/status_interfaces/hook/ld_library_path_lib.ps1'
[5.367s] INFO:colcon.colcon_core.shell:Creating environment descriptor '/home/lyd/ROS2/chapter3_Topic/topic_practice_ws/install/status_interfaces/share/status_interfaces/hook/ld_library_path_lib.dsv'
[5.367s] INFO:colcon.colcon_core.shell:Creating environment hook '/home/lyd/ROS2/chapter3_Topic/topic_practice_ws/install/status_interfaces/share/status_interfaces/hook/ld_library_path_lib.sh'
[5.367s] Level 1:colcon.colcon_core.environment:checking '/home/lyd/ROS2/chapter3_Topic/topic_practice_ws/install/status_interfaces/bin'
[5.367s] Level 1:colcon.colcon_core.environment:checking '/home/lyd/ROS2/chapter3_Topic/topic_practice_ws/install/status_interfaces/lib/pkgconfig/status_interfaces.pc'
[5.367s] Level 1:colcon.colcon_core.environment:checking '/home/lyd/ROS2/chapter3_Topic/topic_practice_ws/install/status_interfaces/lib/python3.10/site-packages'
[5.368s] Level 1:colcon.colcon_core.environment:checking '/home/lyd/ROS2/chapter3_Topic/topic_practice_ws/install/status_interfaces/bin'
[5.368s] INFO:colcon.colcon_core.shell:Creating package script '/home/lyd/ROS2/chapter3_Topic/topic_practice_ws/install/status_interfaces/share/status_interfaces/package.ps1'
[5.369s] INFO:colcon.colcon_core.shell:Creating package descriptor '/home/lyd/ROS2/chapter3_Topic/topic_practice_ws/install/status_interfaces/share/status_interfaces/package.dsv'
[5.370s] INFO:colcon.colcon_core.shell:Creating package script '/home/lyd/ROS2/chapter3_Topic/topic_practice_ws/install/status_interfaces/share/status_interfaces/package.sh'
[5.371s] INFO:colcon.colcon_core.shell:Creating package script '/home/lyd/ROS2/chapter3_Topic/topic_practice_ws/install/status_interfaces/share/status_interfaces/package.bash'
[5.372s] INFO:colcon.colcon_core.shell:Creating package script '/home/lyd/ROS2/chapter3_Topic/topic_practice_ws/install/status_interfaces/share/status_interfaces/package.zsh'
[5.373s] Level 1:colcon.colcon_core.environment:create_file_with_runtime_dependencies(/home/lyd/ROS2/chapter3_Topic/topic_practice_ws/install/status_interfaces/share/colcon-core/packages/status_interfaces)
[5.373s] Level 1:colcon.colcon_core.environment:create_environment_scripts_only(status_interfaces)
[5.373s] Level 1:colcon.colcon_core.environment:checking '/home/lyd/ROS2/chapter3_Topic/topic_practice_ws/install/status_interfaces' for CMake module files
[5.374s] Level 1:colcon.colcon_core.environment:checking '/home/lyd/ROS2/chapter3_Topic/topic_practice_ws/install/status_interfaces' for CMake config files
[5.374s] Level 1:colcon.colcon_core.shell:create_environment_hook('status_interfaces', 'cmake_prefix_path')
[5.374s] INFO:colcon.colcon_core.shell:Creating environment hook '/home/lyd/ROS2/chapter3_Topic/topic_practice_ws/install/status_interfaces/share/status_interfaces/hook/cmake_prefix_path.ps1'
[5.374s] INFO:colcon.colcon_core.shell:Creating environment descriptor '/home/lyd/ROS2/chapter3_Topic/topic_practice_ws/install/status_interfaces/share/status_interfaces/hook/cmake_prefix_path.dsv'
[5.375s] INFO:colcon.colcon_core.shell:Creating environment hook '/home/lyd/ROS2/chapter3_Topic/topic_practice_ws/install/status_interfaces/share/status_interfaces/hook/cmake_prefix_path.sh'
[5.375s] Level 1:colcon.colcon_core.environment:checking '/home/lyd/ROS2/chapter3_Topic/topic_practice_ws/install/status_interfaces/lib'
[5.375s] Level 1:colcon.colcon_core.shell:create_environment_hook('status_interfaces', 'ld_library_path_lib')
[5.375s] INFO:colcon.colcon_core.shell:Creating environment hook '/home/lyd/ROS2/chapter3_Topic/topic_practice_ws/install/status_interfaces/share/status_interfaces/hook/ld_library_path_lib.ps1'
[5.376s] INFO:colcon.colcon_core.shell:Creating environment descriptor '/home/lyd/ROS2/chapter3_Topic/topic_practice_ws/install/status_interfaces/share/status_interfaces/hook/ld_library_path_lib.dsv'
[5.376s] INFO:colcon.colcon_core.shell:Creating environment hook '/home/lyd/ROS2/chapter3_Topic/topic_practice_ws/install/status_interfaces/share/status_interfaces/hook/ld_library_path_lib.sh'
[5.377s] Level 1:colcon.colcon_core.environment:checking '/home/lyd/ROS2/chapter3_Topic/topic_practice_ws/install/status_interfaces/bin'
[5.377s] Level 1:colcon.colcon_core.environment:checking '/home/lyd/ROS2/chapter3_Topic/topic_practice_ws/install/status_interfaces/lib/pkgconfig/status_interfaces.pc'
[5.377s] Level 1:colcon.colcon_core.environment:checking '/home/lyd/ROS2/chapter3_Topic/topic_practice_ws/install/status_interfaces/lib/python3.10/site-packages'
[5.377s] Level 1:colcon.colcon_core.environment:checking '/home/lyd/ROS2/chapter3_Topic/topic_practice_ws/install/status_interfaces/bin'
[5.378s] INFO:colcon.colcon_core.shell:Creating package script '/home/lyd/ROS2/chapter3_Topic/topic_practice_ws/install/status_interfaces/share/status_interfaces/package.ps1'
[5.378s] INFO:colcon.colcon_core.shell:Creating package descriptor '/home/lyd/ROS2/chapter3_Topic/topic_practice_ws/install/status_interfaces/share/status_interfaces/package.dsv'
[5.379s] INFO:colcon.colcon_core.shell:Creating package script '/home/lyd/ROS2/chapter3_Topic/topic_practice_ws/install/status_interfaces/share/status_interfaces/package.sh'
[5.379s] INFO:colcon.colcon_core.shell:Creating package script '/home/lyd/ROS2/chapter3_Topic/topic_practice_ws/install/status_interfaces/share/status_interfaces/package.bash'
[5.380s] INFO:colcon.colcon_core.shell:Creating package script '/home/lyd/ROS2/chapter3_Topic/topic_practice_ws/install/status_interfaces/share/status_interfaces/package.zsh'
[5.380s] Level 1:colcon.colcon_core.environment:create_file_with_runtime_dependencies(/home/lyd/ROS2/chapter3_Topic/topic_practice_ws/install/status_interfaces/share/colcon-core/packages/status_interfaces)
[5.381s] INFO:colcon.colcon_ros.task.ament_cmake.build:Building ROS package in '/home/lyd/ROS2/chapter3_Topic/topic_practice_ws/src/status_display' with build type 'ament_cmake'
[5.381s] INFO:colcon.colcon_cmake.task.cmake.build:Building CMake package in '/home/lyd/ROS2/chapter3_Topic/topic_practice_ws/src/status_display'
[5.381s] INFO:colcon.colcon_core.shell:Skip shell extension 'powershell' for command environment: Not usable outside of PowerShell
[5.381s] DEBUG:colcon.colcon_core.shell:Skip shell extension 'dsv' for command environment
[5.385s] INFO:colcon.colcon_ros.task.ament_python.build:Building ROS package in '/home/lyd/ROS2/chapter3_Topic/topic_practice_ws/src/status_publisher' with build type 'ament_python'
[5.386s] Level 1:colcon.colcon_core.shell:create_environment_hook('status_publisher', 'ament_prefix_path')
[5.386s] INFO:colcon.colcon_core.shell:Creating environment hook '/home/lyd/ROS2/chapter3_Topic/topic_practice_ws/install/status_publisher/share/status_publisher/hook/ament_prefix_path.ps1'
[5.387s] INFO:colcon.colcon_core.shell:Creating environment descriptor '/home/lyd/ROS2/chapter3_Topic/topic_practice_ws/install/status_publisher/share/status_publisher/hook/ament_prefix_path.dsv'
[5.387s] INFO:colcon.colcon_core.shell:Creating environment hook '/home/lyd/ROS2/chapter3_Topic/topic_practice_ws/install/status_publisher/share/status_publisher/hook/ament_prefix_path.sh'
[5.388s] INFO:colcon.colcon_core.shell:Skip shell extension 'powershell' for command environment: Not usable outside of PowerShell
[5.388s] DEBUG:colcon.colcon_core.shell:Skip shell extension 'dsv' for command environment
[5.393s] DEBUG:colcon.colcon_core.event_handler.log_command:Invoking command in '/home/lyd/ROS2/chapter3_Topic/topic_practice_ws/build/status_display': AMENT_PREFIX_PATH=/home/lyd/ROS2/chapter3_Topic/topic_practice_ws/install/status_interfaces:${AMENT_PREFIX_PATH} CMAKE_PREFIX_PATH=/home/lyd/ROS2/chapter3_Topic/topic_practice_ws/install/status_interfaces:/opt/ros/humble LD_LIBRARY_PATH=/home/lyd/ROS2/chapter3_Topic/topic_practice_ws/install/status_interfaces/lib:${LD_LIBRARY_PATH} PYTHONPATH=/home/lyd/ROS2/chapter3_Topic/topic_practice_ws/install/status_interfaces/local/lib/python3.10/dist-packages:${PYTHONPATH} /usr/bin/cmake /home/lyd/ROS2/chapter3_Topic/topic_practice_ws/src/status_display -DCMAKE_INSTALL_PREFIX=/home/lyd/ROS2/chapter3_Topic/topic_practice_ws/install/status_display
[5.677s] INFO:colcon.colcon_core.task.python.build:Building Python package in '/home/lyd/ROS2/chapter3_Topic/topic_practice_ws/src/status_publisher'
[5.678s] INFO:colcon.colcon_core.shell:Skip shell extension 'powershell' for command environment: Not usable outside of PowerShell
[5.678s] DEBUG:colcon.colcon_core.shell:Skip shell extension 'dsv' for command environment
[6.141s] DEBUG:colcon.colcon_core.event_handler.log_command:Invoking command in '/home/lyd/ROS2/chapter3_Topic/topic_practice_ws/src/status_publisher': AMENT_PREFIX_PATH=/home/lyd/ROS2/chapter3_Topic/topic_practice_ws/install/status_interfaces:${AMENT_PREFIX_PATH} CMAKE_PREFIX_PATH=/home/lyd/ROS2/chapter3_Topic/topic_practice_ws/install/status_interfaces LD_LIBRARY_PATH=/home/lyd/ROS2/chapter3_Topic/topic_practice_ws/install/status_interfaces/lib:${LD_LIBRARY_PATH} PYTHONPATH=/home/lyd/ROS2/chapter3_Topic/topic_practice_ws/build/status_publisher/prefix_override:/usr/lib/python3/dist-packages/colcon_core/task/python/colcon_distutils_commands:/home/lyd/ROS2/chapter3_Topic/topic_practice_ws/install/status_publisher/lib/python3.10/site-packages:/home/lyd/ROS2/chapter3_Topic/topic_practice_ws/install/status_interfaces/local/lib/python3.10/dist-packages:${PYTHONPATH} /usr/bin/python3 -W ignore:setup.py install is deprecated -W ignore:easy_install command is deprecated setup.py egg_info --egg-base ../../build/status_publisher build --build-base /home/lyd/ROS2/chapter3_Topic/topic_practice_ws/build/status_publisher/build install --record /home/lyd/ROS2/chapter3_Topic/topic_practice_ws/build/status_publisher/install.log --single-version-externally-managed install_data
[6.474s] Level 1:colcon.colcon_core.environment:checking '/home/lyd/ROS2/chapter3_Topic/topic_practice_ws/install/status_publisher' for CMake module files
[6.474s] DEBUG:colcon.colcon_core.event_handler.log_command:Invoked command in '/home/lyd/ROS2/chapter3_Topic/topic_practice_ws/src/status_publisher' returned '0': AMENT_PREFIX_PATH=/home/lyd/ROS2/chapter3_Topic/topic_practice_ws/install/status_interfaces:${AMENT_PREFIX_PATH} CMAKE_PREFIX_PATH=/home/lyd/ROS2/chapter3_Topic/topic_practice_ws/install/status_interfaces LD_LIBRARY_PATH=/home/lyd/ROS2/chapter3_Topic/topic_practice_ws/install/status_interfaces/lib:${LD_LIBRARY_PATH} PYTHONPATH=/home/lyd/ROS2/chapter3_Topic/topic_practice_ws/build/status_publisher/prefix_override:/usr/lib/python3/dist-packages/colcon_core/task/python/colcon_distutils_commands:/home/lyd/ROS2/chapter3_Topic/topic_practice_ws/install/status_publisher/lib/python3.10/site-packages:/home/lyd/ROS2/chapter3_Topic/topic_practice_ws/install/status_interfaces/local/lib/python3.10/dist-packages:${PYTHONPATH} /usr/bin/python3 -W ignore:setup.py install is deprecated -W ignore:easy_install command is deprecated setup.py egg_info --egg-base ../../build/status_publisher build --build-base /home/lyd/ROS2/chapter3_Topic/topic_practice_ws/build/status_publisher/build install --record /home/lyd/ROS2/chapter3_Topic/topic_practice_ws/build/status_publisher/install.log --single-version-externally-managed install_data
[6.475s] Level 1:colcon.colcon_core.environment:checking '/home/lyd/ROS2/chapter3_Topic/topic_practice_ws/install/status_publisher' for CMake config files
[6.475s] Level 1:colcon.colcon_core.environment:checking '/home/lyd/ROS2/chapter3_Topic/topic_practice_ws/install/status_publisher/lib'
[6.475s] Level 1:colcon.colcon_core.environment:checking '/home/lyd/ROS2/chapter3_Topic/topic_practice_ws/install/status_publisher/bin'
[6.475s] Level 1:colcon.colcon_core.environment:checking '/home/lyd/ROS2/chapter3_Topic/topic_practice_ws/install/status_publisher/lib/pkgconfig/status_publisher.pc'
[6.476s] Level 1:colcon.colcon_core.environment:checking '/home/lyd/ROS2/chapter3_Topic/topic_practice_ws/install/status_publisher/lib/python3.10/site-packages'
[6.476s] Level 1:colcon.colcon_core.shell:create_environment_hook('status_publisher', 'pythonpath')
[6.476s] INFO:colcon.colcon_core.shell:Creating environment hook '/home/lyd/ROS2/chapter3_Topic/topic_practice_ws/install/status_publisher/share/status_publisher/hook/pythonpath.ps1'
[6.476s] INFO:colcon.colcon_core.shell:Creating environment descriptor '/home/lyd/ROS2/chapter3_Topic/topic_practice_ws/install/status_publisher/share/status_publisher/hook/pythonpath.dsv'
[6.477s] INFO:colcon.colcon_core.shell:Creating environment hook '/home/lyd/ROS2/chapter3_Topic/topic_practice_ws/install/status_publisher/share/status_publisher/hook/pythonpath.sh'
[6.477s] Level 1:colcon.colcon_core.environment:checking '/home/lyd/ROS2/chapter3_Topic/topic_practice_ws/install/status_publisher/bin'
[6.477s] Level 1:colcon.colcon_core.environment:create_environment_scripts_only(status_publisher)
[6.477s] INFO:colcon.colcon_core.shell:Creating package script '/home/lyd/ROS2/chapter3_Topic/topic_practice_ws/install/status_publisher/share/status_publisher/package.ps1'
[6.478s] INFO:colcon.colcon_core.shell:Creating package descriptor '/home/lyd/ROS2/chapter3_Topic/topic_practice_ws/install/status_publisher/share/status_publisher/package.dsv'
[6.478s] INFO:colcon.colcon_core.shell:Creating package script '/home/lyd/ROS2/chapter3_Topic/topic_practice_ws/install/status_publisher/share/status_publisher/package.sh'
[6.478s] INFO:colcon.colcon_core.shell:Creating package script '/home/lyd/ROS2/chapter3_Topic/topic_practice_ws/install/status_publisher/share/status_publisher/package.bash'
[6.479s] INFO:colcon.colcon_core.shell:Creating package script '/home/lyd/ROS2/chapter3_Topic/topic_practice_ws/install/status_publisher/share/status_publisher/package.zsh'
[6.479s] Level 1:colcon.colcon_core.environment:create_file_with_runtime_dependencies(/home/lyd/ROS2/chapter3_Topic/topic_practice_ws/install/status_publisher/share/colcon-core/packages/status_publisher)
[6.969s] DEBUG:colcon.colcon_core.event_handler.log_command:Invoked command in '/home/lyd/ROS2/chapter3_Topic/topic_practice_ws/build/status_display' returned '0': AMENT_PREFIX_PATH=/home/lyd/ROS2/chapter3_Topic/topic_practice_ws/install/status_interfaces:${AMENT_PREFIX_PATH} CMAKE_PREFIX_PATH=/home/lyd/ROS2/chapter3_Topic/topic_practice_ws/install/status_interfaces:/opt/ros/humble LD_LIBRARY_PATH=/home/lyd/ROS2/chapter3_Topic/topic_practice_ws/install/status_interfaces/lib:${LD_LIBRARY_PATH} PYTHONPATH=/home/lyd/ROS2/chapter3_Topic/topic_practice_ws/install/status_interfaces/local/lib/python3.10/dist-packages:${PYTHONPATH} /usr/bin/cmake /home/lyd/ROS2/chapter3_Topic/topic_practice_ws/src/status_display -DCMAKE_INSTALL_PREFIX=/home/lyd/ROS2/chapter3_Topic/topic_practice_ws/install/status_display
[6.970s] DEBUG:colcon.colcon_core.event_handler.log_command:Invoking command in '/home/lyd/ROS2/chapter3_Topic/topic_practice_ws/build/status_display': AMENT_PREFIX_PATH=/home/lyd/ROS2/chapter3_Topic/topic_practice_ws/install/status_interfaces:${AMENT_PREFIX_PATH} CMAKE_PREFIX_PATH=/home/lyd/ROS2/chapter3_Topic/topic_practice_ws/install/status_interfaces:/opt/ros/humble LD_LIBRARY_PATH=/home/lyd/ROS2/chapter3_Topic/topic_practice_ws/install/status_interfaces/lib:${LD_LIBRARY_PATH} PYTHONPATH=/home/lyd/ROS2/chapter3_Topic/topic_practice_ws/install/status_interfaces/local/lib/python3.10/dist-packages:${PYTHONPATH} /usr/bin/cmake --build /home/lyd/ROS2/chapter3_Topic/topic_practice_ws/build/status_display -- -j4 -l4
[19.603s] DEBUG:colcon.colcon_core.event_handler.log_command:Invoked command in '/home/lyd/ROS2/chapter3_Topic/topic_practice_ws/build/status_display' returned '0': AMENT_PREFIX_PATH=/home/lyd/ROS2/chapter3_Topic/topic_practice_ws/install/status_interfaces:${AMENT_PREFIX_PATH} CMAKE_PREFIX_PATH=/home/lyd/ROS2/chapter3_Topic/topic_practice_ws/install/status_interfaces:/opt/ros/humble LD_LIBRARY_PATH=/home/lyd/ROS2/chapter3_Topic/topic_practice_ws/install/status_interfaces/lib:${LD_LIBRARY_PATH} PYTHONPATH=/home/lyd/ROS2/chapter3_Topic/topic_practice_ws/install/status_interfaces/local/lib/python3.10/dist-packages:${PYTHONPATH} /usr/bin/cmake --build /home/lyd/ROS2/chapter3_Topic/topic_practice_ws/build/status_display -- -j4 -l4
[19.605s] DEBUG:colcon.colcon_core.event_handler.log_command:Invoking command in '/home/lyd/ROS2/chapter3_Topic/topic_practice_ws/build/status_display': AMENT_PREFIX_PATH=/home/lyd/ROS2/chapter3_Topic/topic_practice_ws/install/status_interfaces:${AMENT_PREFIX_PATH} CMAKE_PREFIX_PATH=/home/lyd/ROS2/chapter3_Topic/topic_practice_ws/install/status_interfaces:/opt/ros/humble LD_LIBRARY_PATH=/home/lyd/ROS2/chapter3_Topic/topic_practice_ws/install/status_interfaces/lib:${LD_LIBRARY_PATH} PYTHONPATH=/home/lyd/ROS2/chapter3_Topic/topic_practice_ws/install/status_interfaces/local/lib/python3.10/dist-packages:${PYTHONPATH} /usr/bin/cmake --install /home/lyd/ROS2/chapter3_Topic/topic_practice_ws/build/status_display
[19.625s] Level 1:colcon.colcon_core.environment:create_environment_scripts_only(status_display)
[19.625s] Level 1:colcon.colcon_core.environment:checking '/home/lyd/ROS2/chapter3_Topic/topic_practice_ws/install/status_display' for CMake module files
[19.626s] Level 1:colcon.colcon_core.environment:checking '/home/lyd/ROS2/chapter3_Topic/topic_practice_ws/install/status_display' for CMake config files
[19.626s] Level 1:colcon.colcon_core.shell:create_environment_hook('status_display', 'cmake_prefix_path')
[19.626s] INFO:colcon.colcon_core.shell:Creating environment hook '/home/lyd/ROS2/chapter3_Topic/topic_practice_ws/install/status_display/share/status_display/hook/cmake_prefix_path.ps1'
[19.627s] DEBUG:colcon.colcon_core.event_handler.log_command:Invoked command in '/home/lyd/ROS2/chapter3_Topic/topic_practice_ws/build/status_display' returned '0': AMENT_PREFIX_PATH=/home/lyd/ROS2/chapter3_Topic/topic_practice_ws/install/status_interfaces:${AMENT_PREFIX_PATH} CMAKE_PREFIX_PATH=/home/lyd/ROS2/chapter3_Topic/topic_practice_ws/install/status_interfaces:/opt/ros/humble LD_LIBRARY_PATH=/home/lyd/ROS2/chapter3_Topic/topic_practice_ws/install/status_interfaces/lib:${LD_LIBRARY_PATH} PYTHONPATH=/home/lyd/ROS2/chapter3_Topic/topic_practice_ws/install/status_interfaces/local/lib/python3.10/dist-packages:${PYTHONPATH} /usr/bin/cmake --install /home/lyd/ROS2/chapter3_Topic/topic_practice_ws/build/status_display
[19.628s] INFO:colcon.colcon_core.shell:Creating environment descriptor '/home/lyd/ROS2/chapter3_Topic/topic_practice_ws/install/status_display/share/status_display/hook/cmake_prefix_path.dsv'
[19.628s] INFO:colcon.colcon_core.shell:Creating environment hook '/home/lyd/ROS2/chapter3_Topic/topic_practice_ws/install/status_display/share/status_display/hook/cmake_prefix_path.sh'
[19.629s] Level 1:colcon.colcon_core.environment:checking '/home/lyd/ROS2/chapter3_Topic/topic_practice_ws/install/status_display/lib'
[19.630s] Level 1:colcon.colcon_core.environment:checking '/home/lyd/ROS2/chapter3_Topic/topic_practice_ws/install/status_display/bin'
[19.630s] Level 1:colcon.colcon_core.environment:checking '/home/lyd/ROS2/chapter3_Topic/topic_practice_ws/install/status_display/lib/pkgconfig/status_display.pc'
[19.630s] Level 1:colcon.colcon_core.environment:checking '/home/lyd/ROS2/chapter3_Topic/topic_practice_ws/install/status_display/lib/python3.10/site-packages'
[19.630s] Level 1:colcon.colcon_core.environment:checking '/home/lyd/ROS2/chapter3_Topic/topic_practice_ws/install/status_display/bin'
[19.630s] INFO:colcon.colcon_core.shell:Creating package script '/home/lyd/ROS2/chapter3_Topic/topic_practice_ws/install/status_display/share/status_display/package.ps1'
[19.631s] INFO:colcon.colcon_core.shell:Creating package descriptor '/home/lyd/ROS2/chapter3_Topic/topic_practice_ws/install/status_display/share/status_display/package.dsv'
[19.631s] INFO:colcon.colcon_core.shell:Creating package script '/home/lyd/ROS2/chapter3_Topic/topic_practice_ws/install/status_display/share/status_display/package.sh'
[19.632s] INFO:colcon.colcon_core.shell:Creating package script '/home/lyd/ROS2/chapter3_Topic/topic_practice_ws/install/status_display/share/status_display/package.bash'
[19.632s] INFO:colcon.colcon_core.shell:Creating package script '/home/lyd/ROS2/chapter3_Topic/topic_practice_ws/install/status_display/share/status_display/package.zsh'
[19.632s] Level 1:colcon.colcon_core.environment:create_file_with_runtime_dependencies(/home/lyd/ROS2/chapter3_Topic/topic_practice_ws/install/status_display/share/colcon-core/packages/status_display)
[19.633s] Level 1:colcon.colcon_core.environment:create_environment_scripts_only(status_display)
[19.633s] Level 1:colcon.colcon_core.environment:checking '/home/lyd/ROS2/chapter3_Topic/topic_practice_ws/install/status_display' for CMake module files
[19.634s] Level 1:colcon.colcon_core.environment:checking '/home/lyd/ROS2/chapter3_Topic/topic_practice_ws/install/status_display' for CMake config files
[19.634s] Level 1:colcon.colcon_core.shell:create_environment_hook('status_display', 'cmake_prefix_path')
[19.634s] INFO:colcon.colcon_core.shell:Creating environment hook '/home/lyd/ROS2/chapter3_Topic/topic_practice_ws/install/status_display/share/status_display/hook/cmake_prefix_path.ps1'
[19.634s] INFO:colcon.colcon_core.shell:Creating environment descriptor '/home/lyd/ROS2/chapter3_Topic/topic_practice_ws/install/status_display/share/status_display/hook/cmake_prefix_path.dsv'
[19.635s] INFO:colcon.colcon_core.shell:Creating environment hook '/home/lyd/ROS2/chapter3_Topic/topic_practice_ws/install/status_display/share/status_display/hook/cmake_prefix_path.sh'
[19.635s] Level 1:colcon.colcon_core.environment:checking '/home/lyd/ROS2/chapter3_Topic/topic_practice_ws/install/status_display/lib'
[19.635s] Level 1:colcon.colcon_core.environment:checking '/home/lyd/ROS2/chapter3_Topic/topic_practice_ws/install/status_display/bin'
[19.635s] Level 1:colcon.colcon_core.environment:checking '/home/lyd/ROS2/chapter3_Topic/topic_practice_ws/install/status_display/lib/pkgconfig/status_display.pc'
[19.636s] Level 1:colcon.colcon_core.environment:checking '/home/lyd/ROS2/chapter3_Topic/topic_practice_ws/install/status_display/lib/python3.10/site-packages'
[19.636s] Level 1:colcon.colcon_core.environment:checking '/home/lyd/ROS2/chapter3_Topic/topic_practice_ws/install/status_display/bin'
[19.636s] INFO:colcon.colcon_core.shell:Creating package script '/home/lyd/ROS2/chapter3_Topic/topic_practice_ws/install/status_display/share/status_display/package.ps1'
[19.637s] INFO:colcon.colcon_core.shell:Creating package descriptor '/home/lyd/ROS2/chapter3_Topic/topic_practice_ws/install/status_display/share/status_display/package.dsv'
[19.637s] INFO:colcon.colcon_core.shell:Creating package script '/home/lyd/ROS2/chapter3_Topic/topic_practice_ws/install/status_display/share/status_display/package.sh'
[19.638s] INFO:colcon.colcon_core.shell:Creating package script '/home/lyd/ROS2/chapter3_Topic/topic_practice_ws/install/status_display/share/status_display/package.bash'
[19.638s] INFO:colcon.colcon_core.shell:Creating package script '/home/lyd/ROS2/chapter3_Topic/topic_practice_ws/install/status_display/share/status_display/package.zsh'
[19.638s] Level 1:colcon.colcon_core.environment:create_file_with_runtime_dependencies(/home/lyd/ROS2/chapter3_Topic/topic_practice_ws/install/status_display/share/colcon-core/packages/status_display)
[19.639s] DEBUG:colcon.colcon_parallel_executor.executor.parallel:closing loop
[19.639s] DEBUG:colcon.colcon_parallel_executor.executor.parallel:loop closed
[19.639s] DEBUG:colcon.colcon_parallel_executor.executor.parallel:run_until_complete finished with '0'
[19.639s] DEBUG:colcon.colcon_core.event_reactor:joining thread
[19.652s] INFO:colcon.colcon_core.plugin_system:Skipping extension 'colcon_notification.desktop_notification.terminal_notifier': Not used on non-Darwin systems
[19.652s] INFO:colcon.colcon_core.plugin_system:Skipping extension 'colcon_notification.desktop_notification.win32': Not used on non-Windows systems
[19.652s] INFO:colcon.colcon_notification.desktop_notification:Sending desktop notification using 'notify2'
[19.706s] DEBUG:colcon.colcon_core.event_reactor:joined thread
[19.706s] INFO:colcon.colcon_core.shell:Creating prefix script '/home/lyd/ROS2/chapter3_Topic/topic_practice_ws/install/local_setup.ps1'
[19.708s] INFO:colcon.colcon_core.shell:Creating prefix util module '/home/lyd/ROS2/chapter3_Topic/topic_practice_ws/install/_local_setup_util_ps1.py'
[19.709s] INFO:colcon.colcon_core.shell:Creating prefix chain script '/home/lyd/ROS2/chapter3_Topic/topic_practice_ws/install/setup.ps1'
[19.711s] INFO:colcon.colcon_core.shell:Creating prefix script '/home/lyd/ROS2/chapter3_Topic/topic_practice_ws/install/local_setup.sh'
[19.713s] INFO:colcon.colcon_core.shell:Creating prefix util module '/home/lyd/ROS2/chapter3_Topic/topic_practice_ws/install/_local_setup_util_sh.py'
[19.713s] INFO:colcon.colcon_core.shell:Creating prefix chain script '/home/lyd/ROS2/chapter3_Topic/topic_practice_ws/install/setup.sh'
[19.715s] INFO:colcon.colcon_core.shell:Creating prefix script '/home/lyd/ROS2/chapter3_Topic/topic_practice_ws/install/local_setup.bash'
[19.716s] INFO:colcon.colcon_core.shell:Creating prefix chain script '/home/lyd/ROS2/chapter3_Topic/topic_practice_ws/install/setup.bash'
[19.717s] INFO:colcon.colcon_core.shell:Creating prefix script '/home/lyd/ROS2/chapter3_Topic/topic_practice_ws/install/local_setup.zsh'
[19.717s] INFO:colcon.colcon_core.shell:Creating prefix chain script '/home/lyd/ROS2/chapter3_Topic/topic_practice_ws/install/setup.zsh'
