[0.269s] DEBUG:colcon:Command line arguments: ['/usr/bin/colcon', 'build']
[0.269s] DEBUG:colcon:Parsed command line arguments: Namespace(log_base=None, log_level=None, verb_name='build', build_base='build', install_base='install', merge_install=False, symlink_install=False, test_result_base=None, continue_on_error=False, executor='parallel', parallel_workers=4, event_handlers=None, ignore_user_meta=False, metas=['./colcon.meta'], base_paths=['.'], packages_ignore=None, packages_ignore_regex=None, paths=None, packages_up_to=None, packages_up_to_regex=None, packages_above=None, packages_above_and_dependencies=None, packages_above_depth=None, packages_select_by_dep=None, packages_skip_by_dep=None, packages_skip_up_to=None, packages_select_build_failed=False, packages_skip_build_finished=False, packages_select_test_failures=False, packages_skip_test_passed=False, packages_select=None, packages_skip=None, packages_select_regex=None, packages_skip_regex=None, packages_start=None, packages_end=None, allow_overriding=[], cmake_args=None, cmake_target=None, cmake_target_skip_unavailable=False, cmake_clean_cache=False, cmake_clean_first=False, cmake_force_configure=False, ament_cmake_args=None, catkin_cmake_args=None, catkin_skip_building_tests=False, verb_parser=<colcon_defaults.argument_parser.defaults.DefaultArgumentsDecorator object at 0x77e58692f0d0>, verb_extension=<colcon_core.verb.build.BuildVerb object at 0x77e586a70520>, main=<bound method BuildVerb.main of <colcon_core.verb.build.BuildVerb object at 0x77e586a70520>>)
[0.521s] Level 1:colcon.colcon_core.package_discovery:discover_packages(colcon_meta) check parameters
[0.521s] Level 1:colcon.colcon_core.package_discovery:discover_packages(recursive) check parameters
[0.521s] Level 1:colcon.colcon_core.package_discovery:discover_packages(ignore) check parameters
[0.521s] Level 1:colcon.colcon_core.package_discovery:discover_packages(path) check parameters
[0.521s] Level 1:colcon.colcon_core.package_discovery:discover_packages(colcon_meta) discover
[0.521s] Level 1:colcon.colcon_core.package_discovery:discover_packages(recursive) discover
[0.521s] INFO:colcon.colcon_core.package_discovery:Crawling recursively for packages in '/home/lyd/ROS2/chapter4_Service'
[0.521s] Level 1:colcon.colcon_core.package_identification:_identify(.) by extensions ['ignore', 'ignore_ament_install']
[0.521s] Level 1:colcon.colcon_core.package_identification:_identify(.) by extension 'ignore'
[0.521s] Level 1:colcon.colcon_core.package_identification:_identify(.) by extension 'ignore_ament_install'
[0.521s] Level 1:colcon.colcon_core.package_identification:_identify(.) by extensions ['colcon_pkg']
[0.521s] Level 1:colcon.colcon_core.package_identification:_identify(.) by extension 'colcon_pkg'
[0.521s] Level 1:colcon.colcon_core.package_identification:_identify(.) by extensions ['colcon_meta']
[0.521s] Level 1:colcon.colcon_core.package_identification:_identify(.) by extension 'colcon_meta'
[0.521s] Level 1:colcon.colcon_core.package_identification:_identify(.) by extensions ['ros']
[0.521s] Level 1:colcon.colcon_core.package_identification:_identify(.) by extension 'ros'
[0.536s] Level 1:colcon.colcon_core.package_identification:_identify(.) by extensions ['cmake', 'python']
[0.536s] Level 1:colcon.colcon_core.package_identification:_identify(.) by extension 'cmake'
[0.536s] Level 1:colcon.colcon_core.package_identification:_identify(.) by extension 'python'
[0.536s] Level 1:colcon.colcon_core.package_identification:_identify(.) by extensions ['python_setup_py']
[0.536s] Level 1:colcon.colcon_core.package_identification:_identify(.) by extension 'python_setup_py'
[0.537s] Level 1:colcon.colcon_core.package_identification:_identify(Service_ws) by extensions ['ignore', 'ignore_ament_install']
[0.537s] Level 1:colcon.colcon_core.package_identification:_identify(Service_ws) by extension 'ignore'
[0.537s] Level 1:colcon.colcon_core.package_identification:_identify(Service_ws) by extension 'ignore_ament_install'
[0.537s] Level 1:colcon.colcon_core.package_identification:_identify(Service_ws) by extensions ['colcon_pkg']
[0.537s] Level 1:colcon.colcon_core.package_identification:_identify(Service_ws) by extension 'colcon_pkg'
[0.537s] Level 1:colcon.colcon_core.package_identification:_identify(Service_ws) by extensions ['colcon_meta']
[0.537s] Level 1:colcon.colcon_core.package_identification:_identify(Service_ws) by extension 'colcon_meta'
[0.537s] Level 1:colcon.colcon_core.package_identification:_identify(Service_ws) by extensions ['ros']
[0.537s] Level 1:colcon.colcon_core.package_identification:_identify(Service_ws) by extension 'ros'
[0.537s] Level 1:colcon.colcon_core.package_identification:_identify(Service_ws) by extensions ['cmake', 'python']
[0.537s] Level 1:colcon.colcon_core.package_identification:_identify(Service_ws) by extension 'cmake'
[0.537s] Level 1:colcon.colcon_core.package_identification:_identify(Service_ws) by extension 'python'
[0.537s] Level 1:colcon.colcon_core.package_identification:_identify(Service_ws) by extensions ['python_setup_py']
[0.537s] Level 1:colcon.colcon_core.package_identification:_identify(Service_ws) by extension 'python_setup_py'
[0.537s] Level 1:colcon.colcon_core.package_identification:_identify(Service_ws/build) by extensions ['ignore', 'ignore_ament_install']
[0.537s] Level 1:colcon.colcon_core.package_identification:_identify(Service_ws/build) by extension 'ignore'
[0.537s] Level 1:colcon.colcon_core.package_identification:_identify(Service_ws/build) ignored
[0.537s] Level 1:colcon.colcon_core.package_identification:_identify(Service_ws/install) by extensions ['ignore', 'ignore_ament_install']
[0.538s] Level 1:colcon.colcon_core.package_identification:_identify(Service_ws/install) by extension 'ignore'
[0.538s] Level 1:colcon.colcon_core.package_identification:_identify(Service_ws/install) ignored
[0.538s] Level 1:colcon.colcon_core.package_identification:_identify(Service_ws/log) by extensions ['ignore', 'ignore_ament_install']
[0.538s] Level 1:colcon.colcon_core.package_identification:_identify(Service_ws/log) by extension 'ignore'
[0.538s] Level 1:colcon.colcon_core.package_identification:_identify(Service_ws/log) ignored
[0.538s] Level 1:colcon.colcon_core.package_identification:_identify(Service_ws/src) by extensions ['ignore', 'ignore_ament_install']
[0.538s] Level 1:colcon.colcon_core.package_identification:_identify(Service_ws/src) by extension 'ignore'
[0.538s] Level 1:colcon.colcon_core.package_identification:_identify(Service_ws/src) by extension 'ignore_ament_install'
[0.538s] Level 1:colcon.colcon_core.package_identification:_identify(Service_ws/src) by extensions ['colcon_pkg']
[0.538s] Level 1:colcon.colcon_core.package_identification:_identify(Service_ws/src) by extension 'colcon_pkg'
[0.538s] Level 1:colcon.colcon_core.package_identification:_identify(Service_ws/src) by extensions ['colcon_meta']
[0.538s] Level 1:colcon.colcon_core.package_identification:_identify(Service_ws/src) by extension 'colcon_meta'
[0.538s] Level 1:colcon.colcon_core.package_identification:_identify(Service_ws/src) by extensions ['ros']
[0.538s] Level 1:colcon.colcon_core.package_identification:_identify(Service_ws/src) by extension 'ros'
[0.538s] Level 1:colcon.colcon_core.package_identification:_identify(Service_ws/src) by extensions ['cmake', 'python']
[0.538s] Level 1:colcon.colcon_core.package_identification:_identify(Service_ws/src) by extension 'cmake'
[0.538s] Level 1:colcon.colcon_core.package_identification:_identify(Service_ws/src) by extension 'python'
[0.539s] Level 1:colcon.colcon_core.package_identification:_identify(Service_ws/src) by extensions ['python_setup_py']
[0.539s] Level 1:colcon.colcon_core.package_identification:_identify(Service_ws/src) by extension 'python_setup_py'
[0.539s] Level 1:colcon.colcon_core.package_identification:_identify(Service_ws/src/chapt4_interfaces) by extensions ['ignore', 'ignore_ament_install']
[0.539s] Level 1:colcon.colcon_core.package_identification:_identify(Service_ws/src/chapt4_interfaces) by extension 'ignore'
[0.539s] Level 1:colcon.colcon_core.package_identification:_identify(Service_ws/src/chapt4_interfaces) by extension 'ignore_ament_install'
[0.539s] Level 1:colcon.colcon_core.package_identification:_identify(Service_ws/src/chapt4_interfaces) by extensions ['colcon_pkg']
[0.539s] Level 1:colcon.colcon_core.package_identification:_identify(Service_ws/src/chapt4_interfaces) by extension 'colcon_pkg'
[0.539s] Level 1:colcon.colcon_core.package_identification:_identify(Service_ws/src/chapt4_interfaces) by extensions ['colcon_meta']
[0.539s] Level 1:colcon.colcon_core.package_identification:_identify(Service_ws/src/chapt4_interfaces) by extension 'colcon_meta'
[0.539s] Level 1:colcon.colcon_core.package_identification:_identify(Service_ws/src/chapt4_interfaces) by extensions ['ros']
[0.539s] Level 1:colcon.colcon_core.package_identification:_identify(Service_ws/src/chapt4_interfaces) by extension 'ros'
[0.544s] DEBUG:colcon.colcon_core.package_identification:Package 'Service_ws/src/chapt4_interfaces' with type 'ros.ament_cmake' and name 'chapt4_interfaces'
[0.544s] Level 1:colcon.colcon_core.package_identification:_identify(Service_ws/src/demo_cpp_service) by extensions ['ignore', 'ignore_ament_install']
[0.545s] Level 1:colcon.colcon_core.package_identification:_identify(Service_ws/src/demo_cpp_service) by extension 'ignore'
[0.545s] Level 1:colcon.colcon_core.package_identification:_identify(Service_ws/src/demo_cpp_service) by extension 'ignore_ament_install'
[0.545s] Level 1:colcon.colcon_core.package_identification:_identify(Service_ws/src/demo_cpp_service) by extensions ['colcon_pkg']
[0.545s] Level 1:colcon.colcon_core.package_identification:_identify(Service_ws/src/demo_cpp_service) by extension 'colcon_pkg'
[0.545s] Level 1:colcon.colcon_core.package_identification:_identify(Service_ws/src/demo_cpp_service) by extensions ['colcon_meta']
[0.545s] Level 1:colcon.colcon_core.package_identification:_identify(Service_ws/src/demo_cpp_service) by extension 'colcon_meta'
[0.545s] Level 1:colcon.colcon_core.package_identification:_identify(Service_ws/src/demo_cpp_service) by extensions ['ros']
[0.545s] Level 1:colcon.colcon_core.package_identification:_identify(Service_ws/src/demo_cpp_service) by extension 'ros'
[0.546s] DEBUG:colcon.colcon_core.package_identification:Package 'Service_ws/src/demo_cpp_service' with type 'ros.ament_cmake' and name 'demo_cpp_service'
[0.546s] Level 1:colcon.colcon_core.package_identification:_identify(Service_ws/src/demo_python_service) by extensions ['ignore', 'ignore_ament_install']
[0.546s] Level 1:colcon.colcon_core.package_identification:_identify(Service_ws/src/demo_python_service) by extension 'ignore'
[0.546s] Level 1:colcon.colcon_core.package_identification:_identify(Service_ws/src/demo_python_service) by extension 'ignore_ament_install'
[0.546s] Level 1:colcon.colcon_core.package_identification:_identify(Service_ws/src/demo_python_service) by extensions ['colcon_pkg']
[0.546s] Level 1:colcon.colcon_core.package_identification:_identify(Service_ws/src/demo_python_service) by extension 'colcon_pkg'
[0.546s] Level 1:colcon.colcon_core.package_identification:_identify(Service_ws/src/demo_python_service) by extensions ['colcon_meta']
[0.546s] Level 1:colcon.colcon_core.package_identification:_identify(Service_ws/src/demo_python_service) by extension 'colcon_meta'
[0.547s] Level 1:colcon.colcon_core.package_identification:_identify(Service_ws/src/demo_python_service) by extensions ['ros']
[0.547s] Level 1:colcon.colcon_core.package_identification:_identify(Service_ws/src/demo_python_service) by extension 'ros'
[0.547s] DEBUG:colcon.colcon_core.package_identification:Package 'Service_ws/src/demo_python_service' with type 'ros.ament_python' and name 'demo_python_service'
[0.547s] Level 1:colcon.colcon_core.package_identification:_identify(build) by extensions ['ignore', 'ignore_ament_install']
[0.547s] Level 1:colcon.colcon_core.package_identification:_identify(build) by extension 'ignore'
[0.548s] Level 1:colcon.colcon_core.package_identification:_identify(build) ignored
[0.548s] Level 1:colcon.colcon_core.package_identification:_identify(install) by extensions ['ignore', 'ignore_ament_install']
[0.548s] Level 1:colcon.colcon_core.package_identification:_identify(install) by extension 'ignore'
[0.548s] Level 1:colcon.colcon_core.package_identification:_identify(install) ignored
[0.548s] Level 1:colcon.colcon_core.package_identification:_identify(log) by extensions ['ignore', 'ignore_ament_install']
[0.548s] Level 1:colcon.colcon_core.package_identification:_identify(log) by extension 'ignore'
[0.548s] Level 1:colcon.colcon_core.package_identification:_identify(log) ignored
[0.548s] Level 1:colcon.colcon_core.package_discovery:discover_packages(recursive) using defaults
[0.548s] Level 1:colcon.colcon_core.package_discovery:discover_packages(ignore) discover
[0.548s] Level 1:colcon.colcon_core.package_discovery:discover_packages(ignore) using defaults
[0.548s] Level 1:colcon.colcon_core.package_discovery:discover_packages(path) discover
[0.548s] Level 1:colcon.colcon_core.package_discovery:discover_packages(path) using defaults
[0.591s] Level 1:colcon.colcon_core.package_discovery:discover_packages(prefix_path) check parameters
[0.592s] Level 1:colcon.colcon_core.package_discovery:discover_packages(prefix_path) discover
[0.596s] DEBUG:colcon.colcon_installed_package_information.package_discovery:Found 271 installed packages in /opt/ros/humble
[0.599s] Level 1:colcon.colcon_core.package_discovery:discover_packages(prefix_path) using defaults
[0.651s] Level 5:colcon.colcon_core.verb:set package 'chapt4_interfaces' build argument 'cmake_args' from command line to 'None'
[0.652s] Level 5:colcon.colcon_core.verb:set package 'chapt4_interfaces' build argument 'cmake_target' from command line to 'None'
[0.652s] Level 5:colcon.colcon_core.verb:set package 'chapt4_interfaces' build argument 'cmake_target_skip_unavailable' from command line to 'False'
[0.652s] Level 5:colcon.colcon_core.verb:set package 'chapt4_interfaces' build argument 'cmake_clean_cache' from command line to 'False'
[0.652s] Level 5:colcon.colcon_core.verb:set package 'chapt4_interfaces' build argument 'cmake_clean_first' from command line to 'False'
[0.652s] Level 5:colcon.colcon_core.verb:set package 'chapt4_interfaces' build argument 'cmake_force_configure' from command line to 'False'
[0.652s] Level 5:colcon.colcon_core.verb:set package 'chapt4_interfaces' build argument 'ament_cmake_args' from command line to 'None'
[0.652s] Level 5:colcon.colcon_core.verb:set package 'chapt4_interfaces' build argument 'catkin_cmake_args' from command line to 'None'
[0.652s] Level 5:colcon.colcon_core.verb:set package 'chapt4_interfaces' build argument 'catkin_skip_building_tests' from command line to 'False'
[0.652s] DEBUG:colcon.colcon_core.verb:Building package 'chapt4_interfaces' with the following arguments: {'ament_cmake_args': None, 'build_base': '/home/lyd/ROS2/chapter4_Service/build/chapt4_interfaces', 'catkin_cmake_args': None, 'catkin_skip_building_tests': False, 'cmake_args': None, 'cmake_clean_cache': False, 'cmake_clean_first': False, 'cmake_force_configure': False, 'cmake_target': None, 'cmake_target_skip_unavailable': False, 'install_base': '/home/lyd/ROS2/chapter4_Service/install/chapt4_interfaces', 'merge_install': False, 'path': '/home/lyd/ROS2/chapter4_Service/Service_ws/src/chapt4_interfaces', 'symlink_install': False, 'test_result_base': None}
[0.652s] Level 5:colcon.colcon_core.verb:set package 'demo_cpp_service' build argument 'cmake_args' from command line to 'None'
[0.652s] Level 5:colcon.colcon_core.verb:set package 'demo_cpp_service' build argument 'cmake_target' from command line to 'None'
[0.652s] Level 5:colcon.colcon_core.verb:set package 'demo_cpp_service' build argument 'cmake_target_skip_unavailable' from command line to 'False'
[0.652s] Level 5:colcon.colcon_core.verb:set package 'demo_cpp_service' build argument 'cmake_clean_cache' from command line to 'False'
[0.652s] Level 5:colcon.colcon_core.verb:set package 'demo_cpp_service' build argument 'cmake_clean_first' from command line to 'False'
[0.652s] Level 5:colcon.colcon_core.verb:set package 'demo_cpp_service' build argument 'cmake_force_configure' from command line to 'False'
[0.652s] Level 5:colcon.colcon_core.verb:set package 'demo_cpp_service' build argument 'ament_cmake_args' from command line to 'None'
[0.652s] Level 5:colcon.colcon_core.verb:set package 'demo_cpp_service' build argument 'catkin_cmake_args' from command line to 'None'
[0.652s] Level 5:colcon.colcon_core.verb:set package 'demo_cpp_service' build argument 'catkin_skip_building_tests' from command line to 'False'
[0.652s] DEBUG:colcon.colcon_core.verb:Building package 'demo_cpp_service' with the following arguments: {'ament_cmake_args': None, 'build_base': '/home/lyd/ROS2/chapter4_Service/build/demo_cpp_service', 'catkin_cmake_args': None, 'catkin_skip_building_tests': False, 'cmake_args': None, 'cmake_clean_cache': False, 'cmake_clean_first': False, 'cmake_force_configure': False, 'cmake_target': None, 'cmake_target_skip_unavailable': False, 'install_base': '/home/lyd/ROS2/chapter4_Service/install/demo_cpp_service', 'merge_install': False, 'path': '/home/lyd/ROS2/chapter4_Service/Service_ws/src/demo_cpp_service', 'symlink_install': False, 'test_result_base': None}
[0.653s] Level 5:colcon.colcon_core.verb:set package 'demo_python_service' build argument 'cmake_args' from command line to 'None'
[0.653s] Level 5:colcon.colcon_core.verb:set package 'demo_python_service' build argument 'cmake_target' from command line to 'None'
[0.653s] Level 5:colcon.colcon_core.verb:set package 'demo_python_service' build argument 'cmake_target_skip_unavailable' from command line to 'False'
[0.653s] Level 5:colcon.colcon_core.verb:set package 'demo_python_service' build argument 'cmake_clean_cache' from command line to 'False'
[0.653s] Level 5:colcon.colcon_core.verb:set package 'demo_python_service' build argument 'cmake_clean_first' from command line to 'False'
[0.653s] Level 5:colcon.colcon_core.verb:set package 'demo_python_service' build argument 'cmake_force_configure' from command line to 'False'
[0.653s] Level 5:colcon.colcon_core.verb:set package 'demo_python_service' build argument 'ament_cmake_args' from command line to 'None'
[0.653s] Level 5:colcon.colcon_core.verb:set package 'demo_python_service' build argument 'catkin_cmake_args' from command line to 'None'
[0.653s] Level 5:colcon.colcon_core.verb:set package 'demo_python_service' build argument 'catkin_skip_building_tests' from command line to 'False'
[0.653s] DEBUG:colcon.colcon_core.verb:Building package 'demo_python_service' with the following arguments: {'ament_cmake_args': None, 'build_base': '/home/lyd/ROS2/chapter4_Service/build/demo_python_service', 'catkin_cmake_args': None, 'catkin_skip_building_tests': False, 'cmake_args': None, 'cmake_clean_cache': False, 'cmake_clean_first': False, 'cmake_force_configure': False, 'cmake_target': None, 'cmake_target_skip_unavailable': False, 'install_base': '/home/lyd/ROS2/chapter4_Service/install/demo_python_service', 'merge_install': False, 'path': '/home/lyd/ROS2/chapter4_Service/Service_ws/src/demo_python_service', 'symlink_install': False, 'test_result_base': None}
[0.653s] INFO:colcon.colcon_core.executor:Executing jobs using 'parallel' executor
[0.654s] DEBUG:colcon.colcon_parallel_executor.executor.parallel:run_until_complete
[0.655s] INFO:colcon.colcon_ros.task.ament_cmake.build:Building ROS package in '/home/lyd/ROS2/chapter4_Service/Service_ws/src/chapt4_interfaces' with build type 'ament_cmake'
[0.655s] INFO:colcon.colcon_cmake.task.cmake.build:Building CMake package in '/home/lyd/ROS2/chapter4_Service/Service_ws/src/chapt4_interfaces'
[0.665s] INFO:colcon.colcon_core.plugin_system:Skipping extension 'colcon_core.shell.bat': Not used on non-Windows systems
[0.665s] INFO:colcon.colcon_core.shell:Skip shell extension 'powershell' for command environment: Not usable outside of PowerShell
[0.665s] DEBUG:colcon.colcon_core.shell:Skip shell extension 'dsv' for command environment
[0.680s] DEBUG:colcon.colcon_core.event_handler.log_command:Invoking command in '/home/lyd/ROS2/chapter4_Service/build/chapt4_interfaces': CMAKE_PREFIX_PATH=/opt/ros/humble /usr/bin/cmake --build /home/lyd/ROS2/chapter4_Service/build/chapt4_interfaces -- -j4 -l4
[1.318s] DEBUG:colcon.colcon_core.event_handler.log_command:Invoked command in '/home/lyd/ROS2/chapter4_Service/build/chapt4_interfaces' returned '0': CMAKE_PREFIX_PATH=/opt/ros/humble /usr/bin/cmake --build /home/lyd/ROS2/chapter4_Service/build/chapt4_interfaces -- -j4 -l4
[1.334s] DEBUG:colcon.colcon_core.event_handler.log_command:Invoking command in '/home/lyd/ROS2/chapter4_Service/build/chapt4_interfaces': CMAKE_PREFIX_PATH=/opt/ros/humble /usr/bin/cmake --install /home/lyd/ROS2/chapter4_Service/build/chapt4_interfaces
[1.436s] Level 1:colcon.colcon_core.environment:create_environment_scripts_only(chapt4_interfaces)
[1.437s] DEBUG:colcon.colcon_core.event_handler.log_command:Invoked command in '/home/lyd/ROS2/chapter4_Service/build/chapt4_interfaces' returned '0': CMAKE_PREFIX_PATH=/opt/ros/humble /usr/bin/cmake --install /home/lyd/ROS2/chapter4_Service/build/chapt4_interfaces
[1.444s] Level 1:colcon.colcon_core.environment:checking '/home/lyd/ROS2/chapter4_Service/install/chapt4_interfaces' for CMake module files
[1.444s] Level 1:colcon.colcon_core.environment:checking '/home/lyd/ROS2/chapter4_Service/install/chapt4_interfaces' for CMake config files
[1.445s] Level 1:colcon.colcon_core.shell:create_environment_hook('chapt4_interfaces', 'cmake_prefix_path')
[1.445s] INFO:colcon.colcon_core.shell:Creating environment hook '/home/lyd/ROS2/chapter4_Service/install/chapt4_interfaces/share/chapt4_interfaces/hook/cmake_prefix_path.ps1'
[1.447s] INFO:colcon.colcon_core.shell:Creating environment descriptor '/home/lyd/ROS2/chapter4_Service/install/chapt4_interfaces/share/chapt4_interfaces/hook/cmake_prefix_path.dsv'
[1.448s] INFO:colcon.colcon_core.shell:Creating environment hook '/home/lyd/ROS2/chapter4_Service/install/chapt4_interfaces/share/chapt4_interfaces/hook/cmake_prefix_path.sh'
[1.449s] Level 1:colcon.colcon_core.environment:checking '/home/lyd/ROS2/chapter4_Service/install/chapt4_interfaces/lib'
[1.450s] Level 1:colcon.colcon_core.shell:create_environment_hook('chapt4_interfaces', 'ld_library_path_lib')
[1.450s] INFO:colcon.colcon_core.shell:Creating environment hook '/home/lyd/ROS2/chapter4_Service/install/chapt4_interfaces/share/chapt4_interfaces/hook/ld_library_path_lib.ps1'
[1.450s] INFO:colcon.colcon_core.shell:Creating environment descriptor '/home/lyd/ROS2/chapter4_Service/install/chapt4_interfaces/share/chapt4_interfaces/hook/ld_library_path_lib.dsv'
[1.450s] INFO:colcon.colcon_core.shell:Creating environment hook '/home/lyd/ROS2/chapter4_Service/install/chapt4_interfaces/share/chapt4_interfaces/hook/ld_library_path_lib.sh'
[1.451s] Level 1:colcon.colcon_core.environment:checking '/home/lyd/ROS2/chapter4_Service/install/chapt4_interfaces/bin'
[1.451s] Level 1:colcon.colcon_core.environment:checking '/home/lyd/ROS2/chapter4_Service/install/chapt4_interfaces/lib/pkgconfig/chapt4_interfaces.pc'
[1.451s] Level 1:colcon.colcon_core.environment:checking '/home/lyd/ROS2/chapter4_Service/install/chapt4_interfaces/lib/python3.10/site-packages'
[1.451s] Level 1:colcon.colcon_core.environment:checking '/home/lyd/ROS2/chapter4_Service/install/chapt4_interfaces/bin'
[1.452s] INFO:colcon.colcon_core.shell:Creating package script '/home/lyd/ROS2/chapter4_Service/install/chapt4_interfaces/share/chapt4_interfaces/package.ps1'
[1.452s] INFO:colcon.colcon_core.shell:Creating package descriptor '/home/lyd/ROS2/chapter4_Service/install/chapt4_interfaces/share/chapt4_interfaces/package.dsv'
[1.453s] INFO:colcon.colcon_core.shell:Creating package script '/home/lyd/ROS2/chapter4_Service/install/chapt4_interfaces/share/chapt4_interfaces/package.sh'
[1.454s] INFO:colcon.colcon_core.shell:Creating package script '/home/lyd/ROS2/chapter4_Service/install/chapt4_interfaces/share/chapt4_interfaces/package.bash'
[1.455s] INFO:colcon.colcon_core.shell:Creating package script '/home/lyd/ROS2/chapter4_Service/install/chapt4_interfaces/share/chapt4_interfaces/package.zsh'
[1.456s] Level 1:colcon.colcon_core.environment:create_file_with_runtime_dependencies(/home/lyd/ROS2/chapter4_Service/install/chapt4_interfaces/share/colcon-core/packages/chapt4_interfaces)
[1.459s] Level 1:colcon.colcon_core.environment:create_environment_scripts_only(chapt4_interfaces)
[1.459s] Level 1:colcon.colcon_core.environment:checking '/home/lyd/ROS2/chapter4_Service/install/chapt4_interfaces' for CMake module files
[1.460s] Level 1:colcon.colcon_core.environment:checking '/home/lyd/ROS2/chapter4_Service/install/chapt4_interfaces' for CMake config files
[1.460s] Level 1:colcon.colcon_core.shell:create_environment_hook('chapt4_interfaces', 'cmake_prefix_path')
[1.460s] INFO:colcon.colcon_core.shell:Creating environment hook '/home/lyd/ROS2/chapter4_Service/install/chapt4_interfaces/share/chapt4_interfaces/hook/cmake_prefix_path.ps1'
[1.461s] INFO:colcon.colcon_core.shell:Creating environment descriptor '/home/lyd/ROS2/chapter4_Service/install/chapt4_interfaces/share/chapt4_interfaces/hook/cmake_prefix_path.dsv'
[1.461s] INFO:colcon.colcon_core.shell:Creating environment hook '/home/lyd/ROS2/chapter4_Service/install/chapt4_interfaces/share/chapt4_interfaces/hook/cmake_prefix_path.sh'
[1.462s] Level 1:colcon.colcon_core.environment:checking '/home/lyd/ROS2/chapter4_Service/install/chapt4_interfaces/lib'
[1.462s] Level 1:colcon.colcon_core.shell:create_environment_hook('chapt4_interfaces', 'ld_library_path_lib')
[1.462s] INFO:colcon.colcon_core.shell:Creating environment hook '/home/lyd/ROS2/chapter4_Service/install/chapt4_interfaces/share/chapt4_interfaces/hook/ld_library_path_lib.ps1'
[1.462s] INFO:colcon.colcon_core.shell:Creating environment descriptor '/home/lyd/ROS2/chapter4_Service/install/chapt4_interfaces/share/chapt4_interfaces/hook/ld_library_path_lib.dsv'
[1.462s] INFO:colcon.colcon_core.shell:Creating environment hook '/home/lyd/ROS2/chapter4_Service/install/chapt4_interfaces/share/chapt4_interfaces/hook/ld_library_path_lib.sh'
[1.463s] Level 1:colcon.colcon_core.environment:checking '/home/lyd/ROS2/chapter4_Service/install/chapt4_interfaces/bin'
[1.463s] Level 1:colcon.colcon_core.environment:checking '/home/lyd/ROS2/chapter4_Service/install/chapt4_interfaces/lib/pkgconfig/chapt4_interfaces.pc'
[1.463s] Level 1:colcon.colcon_core.environment:checking '/home/lyd/ROS2/chapter4_Service/install/chapt4_interfaces/lib/python3.10/site-packages'
[1.463s] Level 1:colcon.colcon_core.environment:checking '/home/lyd/ROS2/chapter4_Service/install/chapt4_interfaces/bin'
[1.464s] INFO:colcon.colcon_core.shell:Creating package script '/home/lyd/ROS2/chapter4_Service/install/chapt4_interfaces/share/chapt4_interfaces/package.ps1'
[1.464s] INFO:colcon.colcon_core.shell:Creating package descriptor '/home/lyd/ROS2/chapter4_Service/install/chapt4_interfaces/share/chapt4_interfaces/package.dsv'
[1.465s] INFO:colcon.colcon_core.shell:Creating package script '/home/lyd/ROS2/chapter4_Service/install/chapt4_interfaces/share/chapt4_interfaces/package.sh'
[1.465s] INFO:colcon.colcon_core.shell:Creating package script '/home/lyd/ROS2/chapter4_Service/install/chapt4_interfaces/share/chapt4_interfaces/package.bash'
[1.465s] INFO:colcon.colcon_core.shell:Creating package script '/home/lyd/ROS2/chapter4_Service/install/chapt4_interfaces/share/chapt4_interfaces/package.zsh'
[1.466s] Level 1:colcon.colcon_core.environment:create_file_with_runtime_dependencies(/home/lyd/ROS2/chapter4_Service/install/chapt4_interfaces/share/colcon-core/packages/chapt4_interfaces)
[1.466s] INFO:colcon.colcon_ros.task.ament_cmake.build:Building ROS package in '/home/lyd/ROS2/chapter4_Service/Service_ws/src/demo_cpp_service' with build type 'ament_cmake'
[1.466s] INFO:colcon.colcon_cmake.task.cmake.build:Building CMake package in '/home/lyd/ROS2/chapter4_Service/Service_ws/src/demo_cpp_service'
[1.467s] INFO:colcon.colcon_core.shell:Skip shell extension 'powershell' for command environment: Not usable outside of PowerShell
[1.467s] DEBUG:colcon.colcon_core.shell:Skip shell extension 'dsv' for command environment
[1.471s] INFO:colcon.colcon_ros.task.ament_python.build:Building ROS package in '/home/lyd/ROS2/chapter4_Service/Service_ws/src/demo_python_service' with build type 'ament_python'
[1.471s] Level 1:colcon.colcon_core.shell:create_environment_hook('demo_python_service', 'ament_prefix_path')
[1.471s] INFO:colcon.colcon_core.shell:Creating environment hook '/home/lyd/ROS2/chapter4_Service/install/demo_python_service/share/demo_python_service/hook/ament_prefix_path.ps1'
[1.472s] INFO:colcon.colcon_core.shell:Creating environment descriptor '/home/lyd/ROS2/chapter4_Service/install/demo_python_service/share/demo_python_service/hook/ament_prefix_path.dsv'
[1.473s] INFO:colcon.colcon_core.shell:Creating environment hook '/home/lyd/ROS2/chapter4_Service/install/demo_python_service/share/demo_python_service/hook/ament_prefix_path.sh'
[1.473s] INFO:colcon.colcon_core.shell:Skip shell extension 'powershell' for command environment: Not usable outside of PowerShell
[1.473s] DEBUG:colcon.colcon_core.shell:Skip shell extension 'dsv' for command environment
[1.486s] DEBUG:colcon.colcon_core.event_handler.log_command:Invoking command in '/home/lyd/ROS2/chapter4_Service/build/demo_cpp_service': AMENT_PREFIX_PATH=/home/lyd/ROS2/chapter4_Service/install/chapt4_interfaces:${AMENT_PREFIX_PATH} CMAKE_PREFIX_PATH=/home/lyd/ROS2/chapter4_Service/install/chapt4_interfaces:/opt/ros/humble LD_LIBRARY_PATH=/home/lyd/ROS2/chapter4_Service/install/chapt4_interfaces/lib:${LD_LIBRARY_PATH} PYTHONPATH=/home/lyd/ROS2/chapter4_Service/install/chapt4_interfaces/local/lib/python3.10/dist-packages:${PYTHONPATH} /usr/bin/cmake --build /home/lyd/ROS2/chapter4_Service/build/demo_cpp_service -- -j4 -l4
[1.871s] INFO:colcon.colcon_core.task.python.build:Building Python package in '/home/lyd/ROS2/chapter4_Service/Service_ws/src/demo_python_service'
[1.872s] INFO:colcon.colcon_core.shell:Skip shell extension 'powershell' for command environment: Not usable outside of PowerShell
[1.872s] DEBUG:colcon.colcon_core.shell:Skip shell extension 'dsv' for command environment
[2.328s] DEBUG:colcon.colcon_core.event_handler.log_command:Invoking command in '/home/lyd/ROS2/chapter4_Service/Service_ws/src/demo_python_service': AMENT_PREFIX_PATH=/home/lyd/ROS2/chapter4_Service/install/chapt4_interfaces:${AMENT_PREFIX_PATH} CMAKE_PREFIX_PATH=/home/lyd/ROS2/chapter4_Service/install/chapt4_interfaces LD_LIBRARY_PATH=/home/lyd/ROS2/chapter4_Service/install/chapt4_interfaces/lib:${LD_LIBRARY_PATH} PYTHONPATH=/home/lyd/ROS2/chapter4_Service/build/demo_python_service/prefix_override:/usr/lib/python3/dist-packages/colcon_core/task/python/colcon_distutils_commands:/home/lyd/ROS2/chapter4_Service/install/demo_python_service/lib/python3.10/site-packages:/home/lyd/ROS2/chapter4_Service/install/chapt4_interfaces/local/lib/python3.10/dist-packages:${PYTHONPATH} /usr/bin/python3 -W ignore:setup.py install is deprecated -W ignore:easy_install command is deprecated setup.py egg_info --egg-base ../../../build/demo_python_service build --build-base /home/lyd/ROS2/chapter4_Service/build/demo_python_service/build install --record /home/lyd/ROS2/chapter4_Service/build/demo_python_service/install.log --single-version-externally-managed install_data
[2.687s] Level 1:colcon.colcon_core.environment:checking '/home/lyd/ROS2/chapter4_Service/install/demo_python_service' for CMake module files
[2.688s] DEBUG:colcon.colcon_core.event_handler.log_command:Invoked command in '/home/lyd/ROS2/chapter4_Service/Service_ws/src/demo_python_service' returned '0': AMENT_PREFIX_PATH=/home/lyd/ROS2/chapter4_Service/install/chapt4_interfaces:${AMENT_PREFIX_PATH} CMAKE_PREFIX_PATH=/home/lyd/ROS2/chapter4_Service/install/chapt4_interfaces LD_LIBRARY_PATH=/home/lyd/ROS2/chapter4_Service/install/chapt4_interfaces/lib:${LD_LIBRARY_PATH} PYTHONPATH=/home/lyd/ROS2/chapter4_Service/build/demo_python_service/prefix_override:/usr/lib/python3/dist-packages/colcon_core/task/python/colcon_distutils_commands:/home/lyd/ROS2/chapter4_Service/install/demo_python_service/lib/python3.10/site-packages:/home/lyd/ROS2/chapter4_Service/install/chapt4_interfaces/local/lib/python3.10/dist-packages:${PYTHONPATH} /usr/bin/python3 -W ignore:setup.py install is deprecated -W ignore:easy_install command is deprecated setup.py egg_info --egg-base ../../../build/demo_python_service build --build-base /home/lyd/ROS2/chapter4_Service/build/demo_python_service/build install --record /home/lyd/ROS2/chapter4_Service/build/demo_python_service/install.log --single-version-externally-managed install_data
[2.689s] Level 1:colcon.colcon_core.environment:checking '/home/lyd/ROS2/chapter4_Service/install/demo_python_service' for CMake config files
[2.690s] Level 1:colcon.colcon_core.environment:checking '/home/lyd/ROS2/chapter4_Service/install/demo_python_service/lib'
[2.690s] Level 1:colcon.colcon_core.environment:checking '/home/lyd/ROS2/chapter4_Service/install/demo_python_service/bin'
[2.691s] Level 1:colcon.colcon_core.environment:checking '/home/lyd/ROS2/chapter4_Service/install/demo_python_service/lib/pkgconfig/demo_python_service.pc'
[2.691s] Level 1:colcon.colcon_core.environment:checking '/home/lyd/ROS2/chapter4_Service/install/demo_python_service/lib/python3.10/site-packages'
[2.691s] Level 1:colcon.colcon_core.shell:create_environment_hook('demo_python_service', 'pythonpath')
[2.692s] INFO:colcon.colcon_core.shell:Creating environment hook '/home/lyd/ROS2/chapter4_Service/install/demo_python_service/share/demo_python_service/hook/pythonpath.ps1'
[2.692s] INFO:colcon.colcon_core.shell:Creating environment descriptor '/home/lyd/ROS2/chapter4_Service/install/demo_python_service/share/demo_python_service/hook/pythonpath.dsv'
[2.693s] INFO:colcon.colcon_core.shell:Creating environment hook '/home/lyd/ROS2/chapter4_Service/install/demo_python_service/share/demo_python_service/hook/pythonpath.sh'
[2.693s] Level 1:colcon.colcon_core.environment:checking '/home/lyd/ROS2/chapter4_Service/install/demo_python_service/bin'
[2.693s] Level 1:colcon.colcon_core.environment:create_environment_scripts_only(demo_python_service)
[2.694s] INFO:colcon.colcon_core.shell:Creating package script '/home/lyd/ROS2/chapter4_Service/install/demo_python_service/share/demo_python_service/package.ps1'
[2.694s] INFO:colcon.colcon_core.shell:Creating package descriptor '/home/lyd/ROS2/chapter4_Service/install/demo_python_service/share/demo_python_service/package.dsv'
[2.694s] INFO:colcon.colcon_core.shell:Creating package script '/home/lyd/ROS2/chapter4_Service/install/demo_python_service/share/demo_python_service/package.sh'
[2.695s] INFO:colcon.colcon_core.shell:Creating package script '/home/lyd/ROS2/chapter4_Service/install/demo_python_service/share/demo_python_service/package.bash'
[2.695s] INFO:colcon.colcon_core.shell:Creating package script '/home/lyd/ROS2/chapter4_Service/install/demo_python_service/share/demo_python_service/package.zsh'
[2.696s] Level 1:colcon.colcon_core.environment:create_file_with_runtime_dependencies(/home/lyd/ROS2/chapter4_Service/install/demo_python_service/share/colcon-core/packages/demo_python_service)
[13.425s] DEBUG:colcon.colcon_core.event_handler.log_command:Invoked command in '/home/lyd/ROS2/chapter4_Service/build/demo_cpp_service' returned '0': AMENT_PREFIX_PATH=/home/lyd/ROS2/chapter4_Service/install/chapt4_interfaces:${AMENT_PREFIX_PATH} CMAKE_PREFIX_PATH=/home/lyd/ROS2/chapter4_Service/install/chapt4_interfaces:/opt/ros/humble LD_LIBRARY_PATH=/home/lyd/ROS2/chapter4_Service/install/chapt4_interfaces/lib:${LD_LIBRARY_PATH} PYTHONPATH=/home/lyd/ROS2/chapter4_Service/install/chapt4_interfaces/local/lib/python3.10/dist-packages:${PYTHONPATH} /usr/bin/cmake --build /home/lyd/ROS2/chapter4_Service/build/demo_cpp_service -- -j4 -l4
[13.428s] DEBUG:colcon.colcon_core.event_handler.log_command:Invoking command in '/home/lyd/ROS2/chapter4_Service/build/demo_cpp_service': AMENT_PREFIX_PATH=/home/lyd/ROS2/chapter4_Service/install/chapt4_interfaces:${AMENT_PREFIX_PATH} CMAKE_PREFIX_PATH=/home/lyd/ROS2/chapter4_Service/install/chapt4_interfaces:/opt/ros/humble LD_LIBRARY_PATH=/home/lyd/ROS2/chapter4_Service/install/chapt4_interfaces/lib:${LD_LIBRARY_PATH} PYTHONPATH=/home/lyd/ROS2/chapter4_Service/install/chapt4_interfaces/local/lib/python3.10/dist-packages:${PYTHONPATH} /usr/bin/cmake --install /home/lyd/ROS2/chapter4_Service/build/demo_cpp_service
[13.442s] Level 1:colcon.colcon_core.environment:create_environment_scripts_only(demo_cpp_service)
[13.442s] DEBUG:colcon.colcon_core.event_handler.log_command:Invoked command in '/home/lyd/ROS2/chapter4_Service/build/demo_cpp_service' returned '0': AMENT_PREFIX_PATH=/home/lyd/ROS2/chapter4_Service/install/chapt4_interfaces:${AMENT_PREFIX_PATH} CMAKE_PREFIX_PATH=/home/lyd/ROS2/chapter4_Service/install/chapt4_interfaces:/opt/ros/humble LD_LIBRARY_PATH=/home/lyd/ROS2/chapter4_Service/install/chapt4_interfaces/lib:${LD_LIBRARY_PATH} PYTHONPATH=/home/lyd/ROS2/chapter4_Service/install/chapt4_interfaces/local/lib/python3.10/dist-packages:${PYTHONPATH} /usr/bin/cmake --install /home/lyd/ROS2/chapter4_Service/build/demo_cpp_service
[13.443s] Level 1:colcon.colcon_core.environment:checking '/home/lyd/ROS2/chapter4_Service/install/demo_cpp_service' for CMake module files
[13.443s] Level 1:colcon.colcon_core.environment:checking '/home/lyd/ROS2/chapter4_Service/install/demo_cpp_service' for CMake config files
[13.443s] Level 1:colcon.colcon_core.shell:create_environment_hook('demo_cpp_service', 'cmake_prefix_path')
[13.444s] INFO:colcon.colcon_core.shell:Creating environment hook '/home/lyd/ROS2/chapter4_Service/install/demo_cpp_service/share/demo_cpp_service/hook/cmake_prefix_path.ps1'
[13.444s] INFO:colcon.colcon_core.shell:Creating environment descriptor '/home/lyd/ROS2/chapter4_Service/install/demo_cpp_service/share/demo_cpp_service/hook/cmake_prefix_path.dsv'
[13.444s] INFO:colcon.colcon_core.shell:Creating environment hook '/home/lyd/ROS2/chapter4_Service/install/demo_cpp_service/share/demo_cpp_service/hook/cmake_prefix_path.sh'
[13.445s] Level 1:colcon.colcon_core.environment:checking '/home/lyd/ROS2/chapter4_Service/install/demo_cpp_service/lib'
[13.445s] Level 1:colcon.colcon_core.environment:checking '/home/lyd/ROS2/chapter4_Service/install/demo_cpp_service/bin'
[13.445s] Level 1:colcon.colcon_core.environment:checking '/home/lyd/ROS2/chapter4_Service/install/demo_cpp_service/lib/pkgconfig/demo_cpp_service.pc'
[13.445s] Level 1:colcon.colcon_core.environment:checking '/home/lyd/ROS2/chapter4_Service/install/demo_cpp_service/lib/python3.10/site-packages'
[13.445s] Level 1:colcon.colcon_core.environment:checking '/home/lyd/ROS2/chapter4_Service/install/demo_cpp_service/bin'
[13.446s] INFO:colcon.colcon_core.shell:Creating package script '/home/lyd/ROS2/chapter4_Service/install/demo_cpp_service/share/demo_cpp_service/package.ps1'
[13.450s] INFO:colcon.colcon_core.shell:Creating package descriptor '/home/lyd/ROS2/chapter4_Service/install/demo_cpp_service/share/demo_cpp_service/package.dsv'
[13.450s] INFO:colcon.colcon_core.shell:Creating package script '/home/lyd/ROS2/chapter4_Service/install/demo_cpp_service/share/demo_cpp_service/package.sh'
[13.450s] INFO:colcon.colcon_core.shell:Creating package script '/home/lyd/ROS2/chapter4_Service/install/demo_cpp_service/share/demo_cpp_service/package.bash'
[13.451s] INFO:colcon.colcon_core.shell:Creating package script '/home/lyd/ROS2/chapter4_Service/install/demo_cpp_service/share/demo_cpp_service/package.zsh'
[13.452s] Level 1:colcon.colcon_core.environment:create_file_with_runtime_dependencies(/home/lyd/ROS2/chapter4_Service/install/demo_cpp_service/share/colcon-core/packages/demo_cpp_service)
[13.452s] Level 1:colcon.colcon_core.environment:create_environment_scripts_only(demo_cpp_service)
[13.452s] Level 1:colcon.colcon_core.environment:checking '/home/lyd/ROS2/chapter4_Service/install/demo_cpp_service' for CMake module files
[13.453s] Level 1:colcon.colcon_core.environment:checking '/home/lyd/ROS2/chapter4_Service/install/demo_cpp_service' for CMake config files
[13.453s] Level 1:colcon.colcon_core.shell:create_environment_hook('demo_cpp_service', 'cmake_prefix_path')
[13.453s] INFO:colcon.colcon_core.shell:Creating environment hook '/home/lyd/ROS2/chapter4_Service/install/demo_cpp_service/share/demo_cpp_service/hook/cmake_prefix_path.ps1'
[13.453s] INFO:colcon.colcon_core.shell:Creating environment descriptor '/home/lyd/ROS2/chapter4_Service/install/demo_cpp_service/share/demo_cpp_service/hook/cmake_prefix_path.dsv'
[13.454s] INFO:colcon.colcon_core.shell:Creating environment hook '/home/lyd/ROS2/chapter4_Service/install/demo_cpp_service/share/demo_cpp_service/hook/cmake_prefix_path.sh'
[13.454s] Level 1:colcon.colcon_core.environment:checking '/home/lyd/ROS2/chapter4_Service/install/demo_cpp_service/lib'
[13.454s] Level 1:colcon.colcon_core.environment:checking '/home/lyd/ROS2/chapter4_Service/install/demo_cpp_service/bin'
[13.454s] Level 1:colcon.colcon_core.environment:checking '/home/lyd/ROS2/chapter4_Service/install/demo_cpp_service/lib/pkgconfig/demo_cpp_service.pc'
[13.454s] Level 1:colcon.colcon_core.environment:checking '/home/lyd/ROS2/chapter4_Service/install/demo_cpp_service/lib/python3.10/site-packages'
[13.454s] Level 1:colcon.colcon_core.environment:checking '/home/lyd/ROS2/chapter4_Service/install/demo_cpp_service/bin'
[13.455s] INFO:colcon.colcon_core.shell:Creating package script '/home/lyd/ROS2/chapter4_Service/install/demo_cpp_service/share/demo_cpp_service/package.ps1'
[13.455s] INFO:colcon.colcon_core.shell:Creating package descriptor '/home/lyd/ROS2/chapter4_Service/install/demo_cpp_service/share/demo_cpp_service/package.dsv'
[13.455s] INFO:colcon.colcon_core.shell:Creating package script '/home/lyd/ROS2/chapter4_Service/install/demo_cpp_service/share/demo_cpp_service/package.sh'
[13.456s] INFO:colcon.colcon_core.shell:Creating package script '/home/lyd/ROS2/chapter4_Service/install/demo_cpp_service/share/demo_cpp_service/package.bash'
[13.456s] INFO:colcon.colcon_core.shell:Creating package script '/home/lyd/ROS2/chapter4_Service/install/demo_cpp_service/share/demo_cpp_service/package.zsh'
[13.456s] Level 1:colcon.colcon_core.environment:create_file_with_runtime_dependencies(/home/lyd/ROS2/chapter4_Service/install/demo_cpp_service/share/colcon-core/packages/demo_cpp_service)
[13.457s] DEBUG:colcon.colcon_parallel_executor.executor.parallel:closing loop
[13.457s] DEBUG:colcon.colcon_parallel_executor.executor.parallel:loop closed
[13.457s] DEBUG:colcon.colcon_parallel_executor.executor.parallel:run_until_complete finished with '0'
[13.457s] DEBUG:colcon.colcon_core.event_reactor:joining thread
[13.463s] INFO:colcon.colcon_core.plugin_system:Skipping extension 'colcon_notification.desktop_notification.terminal_notifier': Not used on non-Darwin systems
[13.463s] INFO:colcon.colcon_core.plugin_system:Skipping extension 'colcon_notification.desktop_notification.win32': Not used on non-Windows systems
[13.463s] INFO:colcon.colcon_notification.desktop_notification:Sending desktop notification using 'notify2'
[13.495s] DEBUG:colcon.colcon_core.event_reactor:joined thread
[13.495s] INFO:colcon.colcon_core.shell:Creating prefix script '/home/lyd/ROS2/chapter4_Service/install/local_setup.ps1'
[13.497s] INFO:colcon.colcon_core.shell:Creating prefix util module '/home/lyd/ROS2/chapter4_Service/install/_local_setup_util_ps1.py'
[13.500s] INFO:colcon.colcon_core.shell:Creating prefix chain script '/home/lyd/ROS2/chapter4_Service/install/setup.ps1'
[13.501s] INFO:colcon.colcon_core.shell:Creating prefix script '/home/lyd/ROS2/chapter4_Service/install/local_setup.sh'
[13.502s] INFO:colcon.colcon_core.shell:Creating prefix util module '/home/lyd/ROS2/chapter4_Service/install/_local_setup_util_sh.py'
[13.502s] INFO:colcon.colcon_core.shell:Creating prefix chain script '/home/lyd/ROS2/chapter4_Service/install/setup.sh'
[13.503s] INFO:colcon.colcon_core.shell:Creating prefix script '/home/lyd/ROS2/chapter4_Service/install/local_setup.bash'
[13.504s] INFO:colcon.colcon_core.shell:Creating prefix chain script '/home/lyd/ROS2/chapter4_Service/install/setup.bash'
[13.505s] INFO:colcon.colcon_core.shell:Creating prefix script '/home/lyd/ROS2/chapter4_Service/install/local_setup.zsh'
[13.507s] INFO:colcon.colcon_core.shell:Creating prefix chain script '/home/lyd/ROS2/chapter4_Service/install/setup.zsh'
