[0.008s] Invoking command in '/home/lyd/ROS2/chapter4_Service/build/chapt4_interfaces': CMAKE_PREFIX_PATH=/opt/ros/humble /usr/bin/cmake /home/lyd/ROS2/chapter4_Service/Service_ws/src/chapt4_interfaces -DCMAKE_INSTALL_PREFIX=/home/lyd/ROS2/chapter4_Service/install/chapt4_interfaces
[0.055s] -- The C compiler identification is GNU 11.4.0
[0.098s] -- The CXX compiler identification is GNU 11.4.0
[0.104s] -- Detecting C compiler ABI info
[0.159s] -- Detecting C compiler ABI info - done
[0.163s] -- Check for working C compiler: /usr/bin/cc - skipped
[0.163s] -- Detecting C compile features
[0.163s] -- Detecting C compile features - done
[0.165s] -- Detecting CXX compiler ABI info
[0.228s] -- Detecting CXX compiler ABI info - done
[0.231s] -- Check for working CXX compiler: /usr/bin/c++ - skipped
[0.232s] -- Detecting CXX compile features
[0.232s] -- Detecting CXX compile features - done
[0.239s] -- Found ament_cmake: 1.3.11 (/opt/ros/humble/share/ament_cmake/cmake)
[0.359s] -- Found Python3: /usr/bin/python3 (found version "3.10.12") found components: Interpreter 
[0.465s] -- Found rosidl_default_generators: 1.2.0 (/opt/ros/humble/share/rosidl_default_generators/cmake)
[0.472s] -- Using all available rosidl_typesupport_c: rosidl_typesupport_fastrtps_c;rosidl_typesupport_introspection_c
[0.483s] -- Found rosidl_adapter: 3.1.6 (/opt/ros/humble/share/rosidl_adapter/cmake)
[0.542s] -- Using all available rosidl_typesupport_cpp: rosidl_typesupport_fastrtps_cpp;rosidl_typesupport_introspection_cpp
[0.583s] -- Found sensor_msgs: 4.8.0 (/opt/ros/humble/share/sensor_msgs/cmake)
[0.891s] -- Found ament_cmake_ros: 0.10.0 (/opt/ros/humble/share/ament_cmake_ros/cmake)
[1.125s] -- Using all available rosidl_typesupport_c: rosidl_typesupport_fastrtps_c;rosidl_typesupport_introspection_c
[1.434s] -- Using all available rosidl_typesupport_cpp: rosidl_typesupport_fastrtps_cpp;rosidl_typesupport_introspection_cpp
[1.454s] -- Found PythonInterp: /usr/bin/python3 (found suitable version "3.10.12", minimum required is "3.6") 
[1.457s] -- Found python_cmake_module: 0.10.0 (/opt/ros/humble/share/python_cmake_module/cmake)
[1.481s] -- Found PythonLibs: /usr/lib/x86_64-linux-gnu/libpython3.10.so (found suitable version "3.10.12", minimum required is "3.5") 
[1.481s] -- Using PYTHON_EXECUTABLE: /usr/bin/python3
[1.481s] -- Using PYTHON_INCLUDE_DIRS: /usr/include/python3.10
[1.481s] -- Using PYTHON_LIBRARIES: /usr/lib/x86_64-linux-gnu/libpython3.10.so
[1.503s] -- Found PythonExtra: .so  
[1.563s] -- Found ament_lint_auto: 0.12.12 (/opt/ros/humble/share/ament_lint_auto/cmake)
[1.595s] -- Added test 'lint_cmake' to check CMake code style
[1.597s] -- Added test 'xmllint' to check XML markup files
[1.600s] -- Configuring done
[1.636s] -- Generating done
[1.647s] -- Build files have been written to: /home/lyd/ROS2/chapter4_Service/build/chapt4_interfaces
[1.656s] Invoked command in '/home/lyd/ROS2/chapter4_Service/build/chapt4_interfaces' returned '0': CMAKE_PREFIX_PATH=/opt/ros/humble /usr/bin/cmake /home/lyd/ROS2/chapter4_Service/Service_ws/src/chapt4_interfaces -DCMAKE_INSTALL_PREFIX=/home/lyd/ROS2/chapter4_Service/install/chapt4_interfaces
[1.657s] Invoking command in '/home/lyd/ROS2/chapter4_Service/build/chapt4_interfaces': CMAKE_PREFIX_PATH=/opt/ros/humble /usr/bin/cmake --build /home/lyd/ROS2/chapter4_Service/build/chapt4_interfaces -- -j4 -l4
[1.694s] [  2%] [34m[1mGenerating C code for ROS interfaces[0m
[1.709s] [  5%] [34m[1mGenerating C++ code for ROS interfaces[0m
[1.715s] [  5%] Built target ament_cmake_python_copy_chapt4_interfaces
[1.973s] running egg_info
[1.974s] creating chapt4_interfaces.egg-info
[1.974s] writing chapt4_interfaces.egg-info/PKG-INFO
[1.974s] writing dependency_links to chapt4_interfaces.egg-info/dependency_links.txt
[1.975s] writing top-level names to chapt4_interfaces.egg-info/top_level.txt
[1.975s] writing manifest file 'chapt4_interfaces.egg-info/SOURCES.txt'
[1.979s] reading manifest file 'chapt4_interfaces.egg-info/SOURCES.txt'
[1.979s] writing manifest file 'chapt4_interfaces.egg-info/SOURCES.txt'
[2.016s] [  5%] Built target ament_cmake_python_build_chapt4_interfaces_egg
[2.111s] [  5%] Built target chapt4_interfaces__cpp
[2.123s] [  7%] [34m[1mGenerating C++ type support dispatch for ROS interfaces[0m
[2.170s] [ 10%] [34m[1mGenerating C++ type support for eProsima Fast-RTPS[0m
[2.170s] [ 12%] [34m[1mGenerating C++ introspection for ROS interfaces[0m
[2.229s] [ 15%] [32mBuilding C object CMakeFiles/chapt4_interfaces__rosidl_generator_c.dir/rosidl_generator_c/chapt4_interfaces/srv/detail/face_detector__functions.c.o[0m
[2.399s] [ 17%] [32mBuilding C object CMakeFiles/chapt4_interfaces__rosidl_generator_c.dir/rosidl_generator_c/chapt4_interfaces/srv/detail/patrol__functions.c.o[0m
[2.494s] [ 20%] [32m[1mLinking C shared library libchapt4_interfaces__rosidl_generator_c.so[0m
[2.530s] [ 23%] [32mBuilding CXX object CMakeFiles/chapt4_interfaces__rosidl_typesupport_cpp.dir/rosidl_typesupport_cpp/chapt4_interfaces/srv/face_detector__type_support.cpp.o[0m
[2.535s] [ 23%] Built target chapt4_interfaces__rosidl_generator_c
[2.555s] [ 25%] [32mBuilding CXX object CMakeFiles/chapt4_interfaces__rosidl_typesupport_cpp.dir/rosidl_typesupport_cpp/chapt4_interfaces/srv/patrol__type_support.cpp.o[0m
[2.666s] [ 28%] [32mBuilding CXX object CMakeFiles/chapt4_interfaces__rosidl_typesupport_introspection_cpp.dir/rosidl_typesupport_introspection_cpp/chapt4_interfaces/srv/detail/face_detector__type_support.cpp.o[0m
[2.802s] [ 30%] [32mBuilding CXX object CMakeFiles/chapt4_interfaces__rosidl_typesupport_fastrtps_cpp.dir/rosidl_typesupport_fastrtps_cpp/chapt4_interfaces/srv/detail/dds_fastrtps/face_detector__type_support.cpp.o[0m
[2.825s] [ 33%] [32mBuilding CXX object CMakeFiles/chapt4_interfaces__rosidl_typesupport_fastrtps_cpp.dir/rosidl_typesupport_fastrtps_cpp/chapt4_interfaces/srv/detail/dds_fastrtps/patrol__type_support.cpp.o[0m
[2.894s] [ 35%] [32m[1mLinking CXX shared library libchapt4_interfaces__rosidl_typesupport_cpp.so[0m
[2.933s] [ 35%] Built target chapt4_interfaces__rosidl_typesupport_cpp
[2.961s] [ 38%] [34m[1mGenerating C type support for eProsima Fast-RTPS[0m
[3.079s] [ 41%] [32mBuilding CXX object CMakeFiles/chapt4_interfaces__rosidl_typesupport_introspection_cpp.dir/rosidl_typesupport_introspection_cpp/chapt4_interfaces/srv/detail/patrol__type_support.cpp.o[0m
[3.145s] [ 43%] [34m[1mGenerating C introspection for ROS interfaces[0m
[3.198s] [ 46%] [32m[1mLinking CXX shared library libchapt4_interfaces__rosidl_typesupport_fastrtps_cpp.so[0m
[3.270s] [ 46%] Built target chapt4_interfaces__rosidl_typesupport_fastrtps_cpp
[3.277s] [ 48%] [34m[1mGenerating C type support dispatch for ROS interfaces[0m
[3.350s] [ 51%] [32mBuilding CXX object CMakeFiles/chapt4_interfaces__rosidl_typesupport_fastrtps_c.dir/rosidl_typesupport_fastrtps_c/chapt4_interfaces/srv/detail/face_detector__type_support_c.cpp.o[0m
[3.404s] [ 53%] [32m[1mLinking CXX shared library libchapt4_interfaces__rosidl_typesupport_introspection_cpp.so[0m
[3.490s] [ 53%] Built target chapt4_interfaces__rosidl_typesupport_introspection_cpp
[3.501s] [ 56%] [32mBuilding CXX object CMakeFiles/chapt4_interfaces__rosidl_typesupport_fastrtps_c.dir/rosidl_typesupport_fastrtps_c/chapt4_interfaces/srv/detail/patrol__type_support_c.cpp.o[0m
[3.535s] [ 58%] [32mBuilding C object CMakeFiles/chapt4_interfaces__rosidl_typesupport_introspection_c.dir/rosidl_typesupport_introspection_c/chapt4_interfaces/srv/detail/face_detector__type_support.c.o[0m
[3.589s] [ 61%] [32mBuilding C object CMakeFiles/chapt4_interfaces__rosidl_typesupport_introspection_c.dir/rosidl_typesupport_introspection_c/chapt4_interfaces/srv/detail/patrol__type_support.c.o[0m
[3.617s] [ 64%] [32mBuilding CXX object CMakeFiles/chapt4_interfaces__rosidl_typesupport_c.dir/rosidl_typesupport_c/chapt4_interfaces/srv/face_detector__type_support.cpp.o[0m
[3.624s] [ 66%] [32m[1mLinking C shared library libchapt4_interfaces__rosidl_typesupport_introspection_c.so[0m
[3.654s] [ 69%] [32mBuilding CXX object CMakeFiles/chapt4_interfaces__rosidl_typesupport_c.dir/rosidl_typesupport_c/chapt4_interfaces/srv/patrol__type_support.cpp.o[0m
[3.660s] [ 69%] Built target chapt4_interfaces__rosidl_typesupport_introspection_c
[3.688s] [ 71%] [32m[1mLinking CXX shared library libchapt4_interfaces__rosidl_typesupport_c.so[0m
[3.725s] [ 71%] Built target chapt4_interfaces__rosidl_typesupport_c
[3.786s] [ 74%] [32m[1mLinking CXX shared library libchapt4_interfaces__rosidl_typesupport_fastrtps_c.so[0m
[3.850s] [ 74%] Built target chapt4_interfaces__rosidl_typesupport_fastrtps_c
[3.872s] [ 74%] Built target chapt4_interfaces
[3.893s] [ 76%] [34m[1mGenerating Python code for ROS interfaces[0m
[4.414s] [ 76%] Built target chapt4_interfaces__py
[4.430s] [ 79%] [32mBuilding C object CMakeFiles/chapt4_interfaces__rosidl_generator_py.dir/rosidl_generator_py/chapt4_interfaces/srv/_face_detector_s.c.o[0m
[4.430s] [ 82%] [32mBuilding C object CMakeFiles/chapt4_interfaces__rosidl_generator_py.dir/rosidl_generator_py/chapt4_interfaces/srv/_patrol_s.c.o[0m
[4.537s] [ 84%] [32m[1mLinking C shared library rosidl_generator_py/chapt4_interfaces/libchapt4_interfaces__rosidl_generator_py.so[0m
[4.579s] [ 84%] Built target chapt4_interfaces__rosidl_generator_py
[4.596s] [ 87%] [32mBuilding C object CMakeFiles/chapt4_interfaces__rosidl_typesupport_fastrtps_c__pyext.dir/rosidl_generator_py/chapt4_interfaces/_chapt4_interfaces_s.ep.rosidl_typesupport_fastrtps_c.c.o[0m
[4.596s] [ 89%] [32mBuilding C object CMakeFiles/chapt4_interfaces__rosidl_typesupport_introspection_c__pyext.dir/rosidl_generator_py/chapt4_interfaces/_chapt4_interfaces_s.ep.rosidl_typesupport_introspection_c.c.o[0m
[4.597s] [ 92%] [32mBuilding C object CMakeFiles/chapt4_interfaces__rosidl_typesupport_c__pyext.dir/rosidl_generator_py/chapt4_interfaces/_chapt4_interfaces_s.ep.rosidl_typesupport_c.c.o[0m
[4.679s] [ 94%] [32m[1mLinking C shared library rosidl_generator_py/chapt4_interfaces/chapt4_interfaces_s__rosidl_typesupport_fastrtps_c.cpython-310-x86_64-linux-gnu.so[0m
[4.682s] [ 97%] [32m[1mLinking C shared library rosidl_generator_py/chapt4_interfaces/chapt4_interfaces_s__rosidl_typesupport_c.cpython-310-x86_64-linux-gnu.so[0m
[4.682s] [100%] [32m[1mLinking C shared library rosidl_generator_py/chapt4_interfaces/chapt4_interfaces_s__rosidl_typesupport_introspection_c.cpython-310-x86_64-linux-gnu.so[0m
[4.715s] [100%] Built target chapt4_interfaces__rosidl_typesupport_fastrtps_c__pyext
[4.719s] [100%] Built target chapt4_interfaces__rosidl_typesupport_c__pyext
[4.719s] [100%] Built target chapt4_interfaces__rosidl_typesupport_introspection_c__pyext
[4.729s] Invoked command in '/home/lyd/ROS2/chapter4_Service/build/chapt4_interfaces' returned '0': CMAKE_PREFIX_PATH=/opt/ros/humble /usr/bin/cmake --build /home/lyd/ROS2/chapter4_Service/build/chapt4_interfaces -- -j4 -l4
[4.737s] Invoking command in '/home/lyd/ROS2/chapter4_Service/build/chapt4_interfaces': CMAKE_PREFIX_PATH=/opt/ros/humble /usr/bin/cmake --install /home/lyd/ROS2/chapter4_Service/build/chapt4_interfaces
[4.743s] -- Install configuration: ""
[4.743s] -- Installing: /home/lyd/ROS2/chapter4_Service/install/chapt4_interfaces/share/ament_index/resource_index/rosidl_interfaces/chapt4_interfaces
[4.745s] -- Installing: /home/lyd/ROS2/chapter4_Service/install/chapt4_interfaces/include/chapt4_interfaces/chapt4_interfaces
[4.745s] -- Installing: /home/lyd/ROS2/chapter4_Service/install/chapt4_interfaces/include/chapt4_interfaces/chapt4_interfaces/srv
[4.745s] -- Installing: /home/lyd/ROS2/chapter4_Service/install/chapt4_interfaces/include/chapt4_interfaces/chapt4_interfaces/srv/detail
[4.745s] -- Installing: /home/lyd/ROS2/chapter4_Service/install/chapt4_interfaces/include/chapt4_interfaces/chapt4_interfaces/srv/detail/face_detector__functions.c
[4.745s] -- Installing: /home/lyd/ROS2/chapter4_Service/install/chapt4_interfaces/include/chapt4_interfaces/chapt4_interfaces/srv/detail/face_detector__struct.h
[4.745s] -- Installing: /home/lyd/ROS2/chapter4_Service/install/chapt4_interfaces/include/chapt4_interfaces/chapt4_interfaces/srv/detail/patrol__type_support.h
[4.746s] -- Installing: /home/lyd/ROS2/chapter4_Service/install/chapt4_interfaces/include/chapt4_interfaces/chapt4_interfaces/srv/detail/patrol__struct.h
[4.746s] -- Installing: /home/lyd/ROS2/chapter4_Service/install/chapt4_interfaces/include/chapt4_interfaces/chapt4_interfaces/srv/detail/face_detector__type_support.h
[4.746s] -- Installing: /home/lyd/ROS2/chapter4_Service/install/chapt4_interfaces/include/chapt4_interfaces/chapt4_interfaces/srv/detail/patrol__functions.h
[4.746s] -- Installing: /home/lyd/ROS2/chapter4_Service/install/chapt4_interfaces/include/chapt4_interfaces/chapt4_interfaces/srv/detail/face_detector__functions.h
[4.746s] -- Installing: /home/lyd/ROS2/chapter4_Service/install/chapt4_interfaces/include/chapt4_interfaces/chapt4_interfaces/srv/detail/patrol__functions.c
[4.747s] -- Installing: /home/lyd/ROS2/chapter4_Service/install/chapt4_interfaces/include/chapt4_interfaces/chapt4_interfaces/srv/face_detector.h
[4.747s] -- Installing: /home/lyd/ROS2/chapter4_Service/install/chapt4_interfaces/include/chapt4_interfaces/chapt4_interfaces/srv/patrol.h
[4.747s] -- Installing: /home/lyd/ROS2/chapter4_Service/install/chapt4_interfaces/include/chapt4_interfaces/chapt4_interfaces/msg
[4.747s] -- Installing: /home/lyd/ROS2/chapter4_Service/install/chapt4_interfaces/include/chapt4_interfaces/chapt4_interfaces/msg/rosidl_generator_c__visibility_control.h
[4.747s] -- Installing: /home/lyd/ROS2/chapter4_Service/install/chapt4_interfaces/share/chapt4_interfaces/environment/library_path.sh
[4.747s] -- Installing: /home/lyd/ROS2/chapter4_Service/install/chapt4_interfaces/share/chapt4_interfaces/environment/library_path.dsv
[4.747s] -- Installing: /home/lyd/ROS2/chapter4_Service/install/chapt4_interfaces/lib/libchapt4_interfaces__rosidl_generator_c.so
[4.747s] -- Set runtime path of "/home/lyd/ROS2/chapter4_Service/install/chapt4_interfaces/lib/libchapt4_interfaces__rosidl_generator_c.so" to ""
[4.749s] -- Up-to-date: /home/lyd/ROS2/chapter4_Service/install/chapt4_interfaces/include/chapt4_interfaces/chapt4_interfaces
[4.749s] -- Up-to-date: /home/lyd/ROS2/chapter4_Service/install/chapt4_interfaces/include/chapt4_interfaces/chapt4_interfaces/srv
[4.749s] -- Up-to-date: /home/lyd/ROS2/chapter4_Service/install/chapt4_interfaces/include/chapt4_interfaces/chapt4_interfaces/srv/detail
[4.749s] -- Installing: /home/lyd/ROS2/chapter4_Service/install/chapt4_interfaces/include/chapt4_interfaces/chapt4_interfaces/srv/detail/face_detector__rosidl_typesupport_fastrtps_c.h
[4.749s] -- Installing: /home/lyd/ROS2/chapter4_Service/install/chapt4_interfaces/include/chapt4_interfaces/chapt4_interfaces/srv/detail/patrol__rosidl_typesupport_fastrtps_c.h
[4.749s] -- Up-to-date: /home/lyd/ROS2/chapter4_Service/install/chapt4_interfaces/include/chapt4_interfaces/chapt4_interfaces/msg
[4.749s] -- Installing: /home/lyd/ROS2/chapter4_Service/install/chapt4_interfaces/include/chapt4_interfaces/chapt4_interfaces/msg/rosidl_typesupport_fastrtps_c__visibility_control.h
[4.749s] -- Installing: /home/lyd/ROS2/chapter4_Service/install/chapt4_interfaces/lib/libchapt4_interfaces__rosidl_typesupport_fastrtps_c.so
[4.749s] -- Set runtime path of "/home/lyd/ROS2/chapter4_Service/install/chapt4_interfaces/lib/libchapt4_interfaces__rosidl_typesupport_fastrtps_c.so" to ""
[4.749s] -- Up-to-date: /home/lyd/ROS2/chapter4_Service/install/chapt4_interfaces/include/chapt4_interfaces/chapt4_interfaces
[4.750s] -- Up-to-date: /home/lyd/ROS2/chapter4_Service/install/chapt4_interfaces/include/chapt4_interfaces/chapt4_interfaces/srv
[4.750s] -- Up-to-date: /home/lyd/ROS2/chapter4_Service/install/chapt4_interfaces/include/chapt4_interfaces/chapt4_interfaces/srv/detail
[4.750s] -- Installing: /home/lyd/ROS2/chapter4_Service/install/chapt4_interfaces/include/chapt4_interfaces/chapt4_interfaces/srv/detail/patrol__rosidl_typesupport_introspection_c.h
[4.750s] -- Installing: /home/lyd/ROS2/chapter4_Service/install/chapt4_interfaces/include/chapt4_interfaces/chapt4_interfaces/srv/detail/face_detector__rosidl_typesupport_introspection_c.h
[4.750s] -- Installing: /home/lyd/ROS2/chapter4_Service/install/chapt4_interfaces/include/chapt4_interfaces/chapt4_interfaces/srv/detail/face_detector__type_support.c
[4.750s] -- Installing: /home/lyd/ROS2/chapter4_Service/install/chapt4_interfaces/include/chapt4_interfaces/chapt4_interfaces/srv/detail/patrol__type_support.c
[4.750s] -- Up-to-date: /home/lyd/ROS2/chapter4_Service/install/chapt4_interfaces/include/chapt4_interfaces/chapt4_interfaces/msg
[4.751s] -- Installing: /home/lyd/ROS2/chapter4_Service/install/chapt4_interfaces/include/chapt4_interfaces/chapt4_interfaces/msg/rosidl_typesupport_introspection_c__visibility_control.h
[4.751s] -- Installing: /home/lyd/ROS2/chapter4_Service/install/chapt4_interfaces/lib/libchapt4_interfaces__rosidl_typesupport_introspection_c.so
[4.751s] -- Set runtime path of "/home/lyd/ROS2/chapter4_Service/install/chapt4_interfaces/lib/libchapt4_interfaces__rosidl_typesupport_introspection_c.so" to ""
[4.751s] -- Installing: /home/lyd/ROS2/chapter4_Service/install/chapt4_interfaces/lib/libchapt4_interfaces__rosidl_typesupport_c.so
[4.751s] -- Set runtime path of "/home/lyd/ROS2/chapter4_Service/install/chapt4_interfaces/lib/libchapt4_interfaces__rosidl_typesupport_c.so" to ""
[4.751s] -- Up-to-date: /home/lyd/ROS2/chapter4_Service/install/chapt4_interfaces/include/chapt4_interfaces/chapt4_interfaces
[4.751s] -- Up-to-date: /home/lyd/ROS2/chapter4_Service/install/chapt4_interfaces/include/chapt4_interfaces/chapt4_interfaces/srv
[4.751s] -- Up-to-date: /home/lyd/ROS2/chapter4_Service/install/chapt4_interfaces/include/chapt4_interfaces/chapt4_interfaces/srv/detail
[4.751s] -- Installing: /home/lyd/ROS2/chapter4_Service/install/chapt4_interfaces/include/chapt4_interfaces/chapt4_interfaces/srv/detail/patrol__struct.hpp
[4.751s] -- Installing: /home/lyd/ROS2/chapter4_Service/install/chapt4_interfaces/include/chapt4_interfaces/chapt4_interfaces/srv/detail/face_detector__traits.hpp
[4.751s] -- Installing: /home/lyd/ROS2/chapter4_Service/install/chapt4_interfaces/include/chapt4_interfaces/chapt4_interfaces/srv/detail/patrol__traits.hpp
[4.751s] -- Installing: /home/lyd/ROS2/chapter4_Service/install/chapt4_interfaces/include/chapt4_interfaces/chapt4_interfaces/srv/detail/face_detector__struct.hpp
[4.751s] -- Installing: /home/lyd/ROS2/chapter4_Service/install/chapt4_interfaces/include/chapt4_interfaces/chapt4_interfaces/srv/detail/face_detector__builder.hpp
[4.751s] -- Installing: /home/lyd/ROS2/chapter4_Service/install/chapt4_interfaces/include/chapt4_interfaces/chapt4_interfaces/srv/detail/patrol__type_support.hpp
[4.751s] -- Installing: /home/lyd/ROS2/chapter4_Service/install/chapt4_interfaces/include/chapt4_interfaces/chapt4_interfaces/srv/detail/face_detector__type_support.hpp
[4.751s] -- Installing: /home/lyd/ROS2/chapter4_Service/install/chapt4_interfaces/include/chapt4_interfaces/chapt4_interfaces/srv/detail/patrol__builder.hpp
[4.751s] -- Installing: /home/lyd/ROS2/chapter4_Service/install/chapt4_interfaces/include/chapt4_interfaces/chapt4_interfaces/srv/face_detector.hpp
[4.751s] -- Installing: /home/lyd/ROS2/chapter4_Service/install/chapt4_interfaces/include/chapt4_interfaces/chapt4_interfaces/srv/patrol.hpp
[4.751s] -- Up-to-date: /home/lyd/ROS2/chapter4_Service/install/chapt4_interfaces/include/chapt4_interfaces/chapt4_interfaces/msg
[4.751s] -- Installing: /home/lyd/ROS2/chapter4_Service/install/chapt4_interfaces/include/chapt4_interfaces/chapt4_interfaces/msg/rosidl_generator_cpp__visibility_control.hpp
[4.751s] -- Up-to-date: /home/lyd/ROS2/chapter4_Service/install/chapt4_interfaces/include/chapt4_interfaces/chapt4_interfaces
[4.751s] -- Up-to-date: /home/lyd/ROS2/chapter4_Service/install/chapt4_interfaces/include/chapt4_interfaces/chapt4_interfaces/srv
[4.751s] -- Up-to-date: /home/lyd/ROS2/chapter4_Service/install/chapt4_interfaces/include/chapt4_interfaces/chapt4_interfaces/srv/detail
[4.751s] -- Installing: /home/lyd/ROS2/chapter4_Service/install/chapt4_interfaces/include/chapt4_interfaces/chapt4_interfaces/srv/detail/dds_fastrtps
[4.752s] -- Installing: /home/lyd/ROS2/chapter4_Service/install/chapt4_interfaces/include/chapt4_interfaces/chapt4_interfaces/srv/detail/patrol__rosidl_typesupport_fastrtps_cpp.hpp
[4.752s] -- Installing: /home/lyd/ROS2/chapter4_Service/install/chapt4_interfaces/include/chapt4_interfaces/chapt4_interfaces/srv/detail/face_detector__rosidl_typesupport_fastrtps_cpp.hpp
[4.752s] -- Up-to-date: /home/lyd/ROS2/chapter4_Service/install/chapt4_interfaces/include/chapt4_interfaces/chapt4_interfaces/msg
[4.752s] -- Installing: /home/lyd/ROS2/chapter4_Service/install/chapt4_interfaces/include/chapt4_interfaces/chapt4_interfaces/msg/rosidl_typesupport_fastrtps_cpp__visibility_control.h
[4.752s] -- Installing: /home/lyd/ROS2/chapter4_Service/install/chapt4_interfaces/lib/libchapt4_interfaces__rosidl_typesupport_fastrtps_cpp.so
[4.752s] -- Set runtime path of "/home/lyd/ROS2/chapter4_Service/install/chapt4_interfaces/lib/libchapt4_interfaces__rosidl_typesupport_fastrtps_cpp.so" to ""
[4.752s] -- Up-to-date: /home/lyd/ROS2/chapter4_Service/install/chapt4_interfaces/include/chapt4_interfaces/chapt4_interfaces
[4.752s] -- Up-to-date: /home/lyd/ROS2/chapter4_Service/install/chapt4_interfaces/include/chapt4_interfaces/chapt4_interfaces/srv
[4.752s] -- Up-to-date: /home/lyd/ROS2/chapter4_Service/install/chapt4_interfaces/include/chapt4_interfaces/chapt4_interfaces/srv/detail
[4.752s] -- Installing: /home/lyd/ROS2/chapter4_Service/install/chapt4_interfaces/include/chapt4_interfaces/chapt4_interfaces/srv/detail/patrol__rosidl_typesupport_introspection_cpp.hpp
[4.752s] -- Installing: /home/lyd/ROS2/chapter4_Service/install/chapt4_interfaces/include/chapt4_interfaces/chapt4_interfaces/srv/detail/face_detector__type_support.cpp
[4.752s] -- Installing: /home/lyd/ROS2/chapter4_Service/install/chapt4_interfaces/include/chapt4_interfaces/chapt4_interfaces/srv/detail/patrol__type_support.cpp
[4.753s] -- Installing: /home/lyd/ROS2/chapter4_Service/install/chapt4_interfaces/include/chapt4_interfaces/chapt4_interfaces/srv/detail/face_detector__rosidl_typesupport_introspection_cpp.hpp
[4.753s] -- Installing: /home/lyd/ROS2/chapter4_Service/install/chapt4_interfaces/lib/libchapt4_interfaces__rosidl_typesupport_introspection_cpp.so
[4.753s] -- Set runtime path of "/home/lyd/ROS2/chapter4_Service/install/chapt4_interfaces/lib/libchapt4_interfaces__rosidl_typesupport_introspection_cpp.so" to ""
[4.753s] -- Installing: /home/lyd/ROS2/chapter4_Service/install/chapt4_interfaces/lib/libchapt4_interfaces__rosidl_typesupport_cpp.so
[4.753s] -- Set runtime path of "/home/lyd/ROS2/chapter4_Service/install/chapt4_interfaces/lib/libchapt4_interfaces__rosidl_typesupport_cpp.so" to ""
[4.753s] -- Installing: /home/lyd/ROS2/chapter4_Service/install/chapt4_interfaces/share/chapt4_interfaces/environment/pythonpath.sh
[4.753s] -- Installing: /home/lyd/ROS2/chapter4_Service/install/chapt4_interfaces/share/chapt4_interfaces/environment/pythonpath.dsv
[4.753s] -- Installing: /home/lyd/ROS2/chapter4_Service/install/chapt4_interfaces/local/lib/python3.10/dist-packages/chapt4_interfaces-0.0.0-py3.10.egg-info
[4.754s] -- Installing: /home/lyd/ROS2/chapter4_Service/install/chapt4_interfaces/local/lib/python3.10/dist-packages/chapt4_interfaces-0.0.0-py3.10.egg-info/PKG-INFO
[4.754s] -- Installing: /home/lyd/ROS2/chapter4_Service/install/chapt4_interfaces/local/lib/python3.10/dist-packages/chapt4_interfaces-0.0.0-py3.10.egg-info/dependency_links.txt
[4.754s] -- Installing: /home/lyd/ROS2/chapter4_Service/install/chapt4_interfaces/local/lib/python3.10/dist-packages/chapt4_interfaces-0.0.0-py3.10.egg-info/top_level.txt
[4.754s] -- Installing: /home/lyd/ROS2/chapter4_Service/install/chapt4_interfaces/local/lib/python3.10/dist-packages/chapt4_interfaces-0.0.0-py3.10.egg-info/SOURCES.txt
[4.754s] -- Installing: /home/lyd/ROS2/chapter4_Service/install/chapt4_interfaces/local/lib/python3.10/dist-packages/chapt4_interfaces
[4.754s] -- Installing: /home/lyd/ROS2/chapter4_Service/install/chapt4_interfaces/local/lib/python3.10/dist-packages/chapt4_interfaces/chapt4_interfaces_s__rosidl_typesupport_c.cpython-310-x86_64-linux-gnu.so
[4.754s] -- Installing: /home/lyd/ROS2/chapter4_Service/install/chapt4_interfaces/local/lib/python3.10/dist-packages/chapt4_interfaces/srv
[4.754s] -- Installing: /home/lyd/ROS2/chapter4_Service/install/chapt4_interfaces/local/lib/python3.10/dist-packages/chapt4_interfaces/srv/_patrol.py
[4.754s] -- Installing: /home/lyd/ROS2/chapter4_Service/install/chapt4_interfaces/local/lib/python3.10/dist-packages/chapt4_interfaces/srv/_face_detector.py
[4.754s] -- Installing: /home/lyd/ROS2/chapter4_Service/install/chapt4_interfaces/local/lib/python3.10/dist-packages/chapt4_interfaces/srv/__init__.py
[4.754s] -- Installing: /home/lyd/ROS2/chapter4_Service/install/chapt4_interfaces/local/lib/python3.10/dist-packages/chapt4_interfaces/srv/_patrol_s.c
[4.754s] -- Installing: /home/lyd/ROS2/chapter4_Service/install/chapt4_interfaces/local/lib/python3.10/dist-packages/chapt4_interfaces/srv/_face_detector_s.c
[4.754s] -- Installing: /home/lyd/ROS2/chapter4_Service/install/chapt4_interfaces/local/lib/python3.10/dist-packages/chapt4_interfaces/_chapt4_interfaces_s.ep.rosidl_typesupport_fastrtps_c.c
[4.754s] -- Installing: /home/lyd/ROS2/chapter4_Service/install/chapt4_interfaces/local/lib/python3.10/dist-packages/chapt4_interfaces/chapt4_interfaces_s__rosidl_typesupport_introspection_c.cpython-310-x86_64-linux-gnu.so
[4.754s] -- Installing: /home/lyd/ROS2/chapter4_Service/install/chapt4_interfaces/local/lib/python3.10/dist-packages/chapt4_interfaces/_chapt4_interfaces_s.ep.rosidl_typesupport_introspection_c.c
[4.754s] -- Installing: /home/lyd/ROS2/chapter4_Service/install/chapt4_interfaces/local/lib/python3.10/dist-packages/chapt4_interfaces/__init__.py
[4.754s] -- Installing: /home/lyd/ROS2/chapter4_Service/install/chapt4_interfaces/local/lib/python3.10/dist-packages/chapt4_interfaces/libchapt4_interfaces__rosidl_generator_py.so
[4.754s] -- Installing: /home/lyd/ROS2/chapter4_Service/install/chapt4_interfaces/local/lib/python3.10/dist-packages/chapt4_interfaces/chapt4_interfaces_s__rosidl_typesupport_fastrtps_c.cpython-310-x86_64-linux-gnu.so
[4.754s] -- Installing: /home/lyd/ROS2/chapter4_Service/install/chapt4_interfaces/local/lib/python3.10/dist-packages/chapt4_interfaces/_chapt4_interfaces_s.ep.rosidl_typesupport_c.c
[4.782s] Listing '/home/lyd/ROS2/chapter4_Service/install/chapt4_interfaces/local/lib/python3.10/dist-packages/chapt4_interfaces'...
[4.782s] Compiling '/home/lyd/ROS2/chapter4_Service/install/chapt4_interfaces/local/lib/python3.10/dist-packages/chapt4_interfaces/__init__.py'...
[4.782s] Listing '/home/lyd/ROS2/chapter4_Service/install/chapt4_interfaces/local/lib/python3.10/dist-packages/chapt4_interfaces/srv'...
[4.782s] Compiling '/home/lyd/ROS2/chapter4_Service/install/chapt4_interfaces/local/lib/python3.10/dist-packages/chapt4_interfaces/srv/__init__.py'...
[4.782s] Compiling '/home/lyd/ROS2/chapter4_Service/install/chapt4_interfaces/local/lib/python3.10/dist-packages/chapt4_interfaces/srv/_face_detector.py'...
[4.782s] Compiling '/home/lyd/ROS2/chapter4_Service/install/chapt4_interfaces/local/lib/python3.10/dist-packages/chapt4_interfaces/srv/_patrol.py'...
[4.785s] -- Installing: /home/lyd/ROS2/chapter4_Service/install/chapt4_interfaces/local/lib/python3.10/dist-packages/chapt4_interfaces/chapt4_interfaces_s__rosidl_typesupport_fastrtps_c.cpython-310-x86_64-linux-gnu.so
[4.785s] -- Set runtime path of "/home/lyd/ROS2/chapter4_Service/install/chapt4_interfaces/local/lib/python3.10/dist-packages/chapt4_interfaces/chapt4_interfaces_s__rosidl_typesupport_fastrtps_c.cpython-310-x86_64-linux-gnu.so" to ""
[4.786s] -- Installing: /home/lyd/ROS2/chapter4_Service/install/chapt4_interfaces/local/lib/python3.10/dist-packages/chapt4_interfaces/chapt4_interfaces_s__rosidl_typesupport_introspection_c.cpython-310-x86_64-linux-gnu.so
[4.786s] -- Set runtime path of "/home/lyd/ROS2/chapter4_Service/install/chapt4_interfaces/local/lib/python3.10/dist-packages/chapt4_interfaces/chapt4_interfaces_s__rosidl_typesupport_introspection_c.cpython-310-x86_64-linux-gnu.so" to ""
[4.786s] -- Installing: /home/lyd/ROS2/chapter4_Service/install/chapt4_interfaces/local/lib/python3.10/dist-packages/chapt4_interfaces/chapt4_interfaces_s__rosidl_typesupport_c.cpython-310-x86_64-linux-gnu.so
[4.787s] -- Set runtime path of "/home/lyd/ROS2/chapter4_Service/install/chapt4_interfaces/local/lib/python3.10/dist-packages/chapt4_interfaces/chapt4_interfaces_s__rosidl_typesupport_c.cpython-310-x86_64-linux-gnu.so" to ""
[4.787s] -- Installing: /home/lyd/ROS2/chapter4_Service/install/chapt4_interfaces/lib/libchapt4_interfaces__rosidl_generator_py.so
[4.787s] -- Set runtime path of "/home/lyd/ROS2/chapter4_Service/install/chapt4_interfaces/lib/libchapt4_interfaces__rosidl_generator_py.so" to ""
[4.788s] -- Installing: /home/lyd/ROS2/chapter4_Service/install/chapt4_interfaces/share/chapt4_interfaces/srv/FaceDetector.idl
[4.788s] -- Installing: /home/lyd/ROS2/chapter4_Service/install/chapt4_interfaces/share/chapt4_interfaces/srv/Patrol.idl
[4.788s] -- Installing: /home/lyd/ROS2/chapter4_Service/install/chapt4_interfaces/share/chapt4_interfaces/srv/FaceDetector.srv
[4.788s] -- Installing: /home/lyd/ROS2/chapter4_Service/install/chapt4_interfaces/share/chapt4_interfaces/srv/FaceDetector_Request.msg
[4.789s] -- Installing: /home/lyd/ROS2/chapter4_Service/install/chapt4_interfaces/share/chapt4_interfaces/srv/FaceDetector_Response.msg
[4.789s] -- Installing: /home/lyd/ROS2/chapter4_Service/install/chapt4_interfaces/share/chapt4_interfaces/srv/Patrol.srv
[4.789s] -- Installing: /home/lyd/ROS2/chapter4_Service/install/chapt4_interfaces/share/chapt4_interfaces/srv/Patrol_Request.msg
[4.789s] -- Installing: /home/lyd/ROS2/chapter4_Service/install/chapt4_interfaces/share/chapt4_interfaces/srv/Patrol_Response.msg
[4.790s] -- Installing: /home/lyd/ROS2/chapter4_Service/install/chapt4_interfaces/share/ament_index/resource_index/package_run_dependencies/chapt4_interfaces
[4.790s] -- Installing: /home/lyd/ROS2/chapter4_Service/install/chapt4_interfaces/share/ament_index/resource_index/parent_prefix_path/chapt4_interfaces
[4.790s] -- Installing: /home/lyd/ROS2/chapter4_Service/install/chapt4_interfaces/share/chapt4_interfaces/environment/ament_prefix_path.sh
[4.790s] -- Installing: /home/lyd/ROS2/chapter4_Service/install/chapt4_interfaces/share/chapt4_interfaces/environment/ament_prefix_path.dsv
[4.791s] -- Installing: /home/lyd/ROS2/chapter4_Service/install/chapt4_interfaces/share/chapt4_interfaces/environment/path.sh
[4.791s] -- Installing: /home/lyd/ROS2/chapter4_Service/install/chapt4_interfaces/share/chapt4_interfaces/environment/path.dsv
[4.791s] -- Installing: /home/lyd/ROS2/chapter4_Service/install/chapt4_interfaces/share/chapt4_interfaces/local_setup.bash
[4.791s] -- Installing: /home/lyd/ROS2/chapter4_Service/install/chapt4_interfaces/share/chapt4_interfaces/local_setup.sh
[4.791s] -- Installing: /home/lyd/ROS2/chapter4_Service/install/chapt4_interfaces/share/chapt4_interfaces/local_setup.zsh
[4.792s] -- Installing: /home/lyd/ROS2/chapter4_Service/install/chapt4_interfaces/share/chapt4_interfaces/local_setup.dsv
[4.792s] -- Installing: /home/lyd/ROS2/chapter4_Service/install/chapt4_interfaces/share/chapt4_interfaces/package.dsv
[4.792s] -- Installing: /home/lyd/ROS2/chapter4_Service/install/chapt4_interfaces/share/ament_index/resource_index/packages/chapt4_interfaces
[4.792s] -- Installing: /home/lyd/ROS2/chapter4_Service/install/chapt4_interfaces/share/chapt4_interfaces/cmake/export_chapt4_interfaces__rosidl_generator_cExport.cmake
[4.793s] -- Installing: /home/lyd/ROS2/chapter4_Service/install/chapt4_interfaces/share/chapt4_interfaces/cmake/export_chapt4_interfaces__rosidl_generator_cExport-noconfig.cmake
[4.793s] -- Installing: /home/lyd/ROS2/chapter4_Service/install/chapt4_interfaces/share/chapt4_interfaces/cmake/export_chapt4_interfaces__rosidl_typesupport_fastrtps_cExport.cmake
[4.793s] -- Installing: /home/lyd/ROS2/chapter4_Service/install/chapt4_interfaces/share/chapt4_interfaces/cmake/export_chapt4_interfaces__rosidl_typesupport_fastrtps_cExport-noconfig.cmake
[4.793s] -- Installing: /home/lyd/ROS2/chapter4_Service/install/chapt4_interfaces/share/chapt4_interfaces/cmake/chapt4_interfaces__rosidl_typesupport_introspection_cExport.cmake
[4.794s] -- Installing: /home/lyd/ROS2/chapter4_Service/install/chapt4_interfaces/share/chapt4_interfaces/cmake/chapt4_interfaces__rosidl_typesupport_introspection_cExport-noconfig.cmake
[4.794s] -- Installing: /home/lyd/ROS2/chapter4_Service/install/chapt4_interfaces/share/chapt4_interfaces/cmake/chapt4_interfaces__rosidl_typesupport_cExport.cmake
[4.794s] -- Installing: /home/lyd/ROS2/chapter4_Service/install/chapt4_interfaces/share/chapt4_interfaces/cmake/chapt4_interfaces__rosidl_typesupport_cExport-noconfig.cmake
[4.794s] -- Installing: /home/lyd/ROS2/chapter4_Service/install/chapt4_interfaces/share/chapt4_interfaces/cmake/export_chapt4_interfaces__rosidl_generator_cppExport.cmake
[4.795s] -- Installing: /home/lyd/ROS2/chapter4_Service/install/chapt4_interfaces/share/chapt4_interfaces/cmake/export_chapt4_interfaces__rosidl_typesupport_fastrtps_cppExport.cmake
[4.795s] -- Installing: /home/lyd/ROS2/chapter4_Service/install/chapt4_interfaces/share/chapt4_interfaces/cmake/export_chapt4_interfaces__rosidl_typesupport_fastrtps_cppExport-noconfig.cmake
[4.795s] -- Installing: /home/lyd/ROS2/chapter4_Service/install/chapt4_interfaces/share/chapt4_interfaces/cmake/chapt4_interfaces__rosidl_typesupport_introspection_cppExport.cmake
[4.795s] -- Installing: /home/lyd/ROS2/chapter4_Service/install/chapt4_interfaces/share/chapt4_interfaces/cmake/chapt4_interfaces__rosidl_typesupport_introspection_cppExport-noconfig.cmake
[4.796s] -- Installing: /home/lyd/ROS2/chapter4_Service/install/chapt4_interfaces/share/chapt4_interfaces/cmake/chapt4_interfaces__rosidl_typesupport_cppExport.cmake
[4.796s] -- Installing: /home/lyd/ROS2/chapter4_Service/install/chapt4_interfaces/share/chapt4_interfaces/cmake/chapt4_interfaces__rosidl_typesupport_cppExport-noconfig.cmake
[4.796s] -- Installing: /home/lyd/ROS2/chapter4_Service/install/chapt4_interfaces/share/chapt4_interfaces/cmake/export_chapt4_interfaces__rosidl_generator_pyExport.cmake
[4.796s] -- Installing: /home/lyd/ROS2/chapter4_Service/install/chapt4_interfaces/share/chapt4_interfaces/cmake/export_chapt4_interfaces__rosidl_generator_pyExport-noconfig.cmake
[4.797s] -- Installing: /home/lyd/ROS2/chapter4_Service/install/chapt4_interfaces/share/chapt4_interfaces/cmake/rosidl_cmake-extras.cmake
[4.797s] -- Installing: /home/lyd/ROS2/chapter4_Service/install/chapt4_interfaces/share/chapt4_interfaces/cmake/ament_cmake_export_dependencies-extras.cmake
[4.797s] -- Installing: /home/lyd/ROS2/chapter4_Service/install/chapt4_interfaces/share/chapt4_interfaces/cmake/ament_cmake_export_include_directories-extras.cmake
[4.797s] -- Installing: /home/lyd/ROS2/chapter4_Service/install/chapt4_interfaces/share/chapt4_interfaces/cmake/ament_cmake_export_libraries-extras.cmake
[4.797s] -- Installing: /home/lyd/ROS2/chapter4_Service/install/chapt4_interfaces/share/chapt4_interfaces/cmake/ament_cmake_export_targets-extras.cmake
[4.798s] -- Installing: /home/lyd/ROS2/chapter4_Service/install/chapt4_interfaces/share/chapt4_interfaces/cmake/rosidl_cmake_export_typesupport_targets-extras.cmake
[4.798s] -- Installing: /home/lyd/ROS2/chapter4_Service/install/chapt4_interfaces/share/chapt4_interfaces/cmake/rosidl_cmake_export_typesupport_libraries-extras.cmake
[4.798s] -- Installing: /home/lyd/ROS2/chapter4_Service/install/chapt4_interfaces/share/chapt4_interfaces/cmake/chapt4_interfacesConfig.cmake
[4.798s] -- Installing: /home/lyd/ROS2/chapter4_Service/install/chapt4_interfaces/share/chapt4_interfaces/cmake/chapt4_interfacesConfig-version.cmake
[4.800s] -- Installing: /home/lyd/ROS2/chapter4_Service/install/chapt4_interfaces/share/chapt4_interfaces/package.xml
[4.802s] Invoked command in '/home/lyd/ROS2/chapter4_Service/build/chapt4_interfaces' returned '0': CMAKE_PREFIX_PATH=/opt/ros/humble /usr/bin/cmake --install /home/lyd/ROS2/chapter4_Service/build/chapt4_interfaces
