[0.476s] Invoking command in '/home/lyd/ROS2/chapter4_Service/Service_ws/src/demo_python_service': CMAKE_PREFIX_PATH=/home/lyd/ROS2/chapter4_Service/Service_ws/install/chapt4_interfaces:/home/lyd/ROS2/chapter4_Service/Service_ws/install/demo_cpp_service:/home/lyd/ROS2/chapter4_Service/install/demo_cpp_service:/home/lyd/ROS2/chapter4_Service/install/chapt4_interfaces PYTHONPATH=/home/lyd/ROS2/chapter4_Service/Service_ws/build/demo_python_service/prefix_override:/usr/lib/python3/dist-packages/colcon_core/task/python/colcon_distutils_commands:/home/lyd/ROS2/chapter4_Service/Service_ws/install/demo_python_service/lib/python3.10/site-packages:${PYTHONPATH} /usr/bin/python3 -W ignore:setup.py install is deprecated -W ignore:easy_install command is deprecated setup.py egg_info --egg-base ../../build/demo_python_service build --build-base /home/lyd/ROS2/chapter4_Service/Service_ws/build/demo_python_service/build install --record /home/lyd/ROS2/chapter4_Service/Service_ws/build/demo_python_service/install.log --single-version-externally-managed install_data
[0.644s] running egg_info
[0.647s] writing ../../build/demo_python_service/demo_python_service.egg-info/PKG-INFO
[0.647s] writing dependency_links to ../../build/demo_python_service/demo_python_service.egg-info/dependency_links.txt
[0.647s] writing entry points to ../../build/demo_python_service/demo_python_service.egg-info/entry_points.txt
[0.647s] writing requirements to ../../build/demo_python_service/demo_python_service.egg-info/requires.txt
[0.647s] writing top-level names to ../../build/demo_python_service/demo_python_service.egg-info/top_level.txt
[0.647s] reading manifest file '../../build/demo_python_service/demo_python_service.egg-info/SOURCES.txt'
[0.647s] adding license file 'LICENSE'
[0.647s] writing manifest file '../../build/demo_python_service/demo_python_service.egg-info/SOURCES.txt'
[0.647s] running build
[0.647s] running build_py
[0.648s] copying demo_python_service/face_detect_client_node.py -> /home/lyd/ROS2/chapter4_Service/Service_ws/build/demo_python_service/build/lib/demo_python_service
[0.648s] running install
[0.648s] running install_lib
[0.648s] copying /home/lyd/ROS2/chapter4_Service/Service_ws/build/demo_python_service/build/lib/demo_python_service/face_detect_client_node.py -> /home/lyd/ROS2/chapter4_Service/Service_ws/install/demo_python_service/lib/python3.10/site-packages/demo_python_service
[0.649s] byte-compiling /home/lyd/ROS2/chapter4_Service/Service_ws/install/demo_python_service/lib/python3.10/site-packages/demo_python_service/face_detect_client_node.py to face_detect_client_node.cpython-310.pyc
[0.650s] running install_data
[0.650s] running install_egg_info
[0.651s] removing '/home/lyd/ROS2/chapter4_Service/Service_ws/install/demo_python_service/lib/python3.10/site-packages/demo_python_service-0.0.0-py3.10.egg-info' (and everything under it)
[0.653s] Copying ../../build/demo_python_service/demo_python_service.egg-info to /home/lyd/ROS2/chapter4_Service/Service_ws/install/demo_python_service/lib/python3.10/site-packages/demo_python_service-0.0.0-py3.10.egg-info
[0.653s] running install_scripts
[0.672s] Installing face_detect_client_node script to /home/lyd/ROS2/chapter4_Service/Service_ws/install/demo_python_service/lib/demo_python_service
[0.672s] Installing face_detect_node script to /home/lyd/ROS2/chapter4_Service/Service_ws/install/demo_python_service/lib/demo_python_service
[0.672s] Installing learn_face_detect script to /home/lyd/ROS2/chapter4_Service/Service_ws/install/demo_python_service/lib/demo_python_service
[0.673s] writing list of installed files to '/home/lyd/ROS2/chapter4_Service/Service_ws/build/demo_python_service/install.log'
[0.699s] Invoked command in '/home/lyd/ROS2/chapter4_Service/Service_ws/src/demo_python_service' returned '0': CMAKE_PREFIX_PATH=/home/lyd/ROS2/chapter4_Service/Service_ws/install/chapt4_interfaces:/home/lyd/ROS2/chapter4_Service/Service_ws/install/demo_cpp_service:/home/lyd/ROS2/chapter4_Service/install/demo_cpp_service:/home/lyd/ROS2/chapter4_Service/install/chapt4_interfaces PYTHONPATH=/home/lyd/ROS2/chapter4_Service/Service_ws/build/demo_python_service/prefix_override:/usr/lib/python3/dist-packages/colcon_core/task/python/colcon_distutils_commands:/home/lyd/ROS2/chapter4_Service/Service_ws/install/demo_python_service/lib/python3.10/site-packages:${PYTHONPATH} /usr/bin/python3 -W ignore:setup.py install is deprecated -W ignore:easy_install command is deprecated setup.py egg_info --egg-base ../../build/demo_python_service build --build-base /home/lyd/ROS2/chapter4_Service/Service_ws/build/demo_python_service/build install --record /home/lyd/ROS2/chapter4_Service/Service_ws/build/demo_python_service/install.log --single-version-externally-managed install_data
