[0.543s] Invoking command in '/home/lyd/ROS2/chapter5_Tools/chapt5_ws/src/demo_python_tf': PYTHONPATH=/home/lyd/ROS2/chapter5_Tools/build/demo_python_tf/prefix_override:/usr/lib/python3/dist-packages/colcon_core/task/python/colcon_distutils_commands:/home/lyd/ROS2/chapter5_Tools/install/demo_python_tf/lib/python3.10/site-packages:${PYTHONPATH} /usr/bin/python3 -W ignore:setup.py install is deprecated -W ignore:easy_install command is deprecated setup.py egg_info --egg-base ../../../build/demo_python_tf build --build-base /home/lyd/ROS2/chapter5_Tools/build/demo_python_tf/build install --record /home/lyd/ROS2/chapter5_Tools/build/demo_python_tf/install.log --single-version-externally-managed install_data
[0.759s] running egg_info
[0.759s] writing ../../../build/demo_python_tf/demo_python_tf.egg-info/PKG-INFO
[0.759s] writing dependency_links to ../../../build/demo_python_tf/demo_python_tf.egg-info/dependency_links.txt
[0.759s] writing entry points to ../../../build/demo_python_tf/demo_python_tf.egg-info/entry_points.txt
[0.760s] writing requirements to ../../../build/demo_python_tf/demo_python_tf.egg-info/requires.txt
[0.760s] writing top-level names to ../../../build/demo_python_tf/demo_python_tf.egg-info/top_level.txt
[0.762s] reading manifest file '../../../build/demo_python_tf/demo_python_tf.egg-info/SOURCES.txt'
[0.762s] adding license file 'LICENSE'
[0.762s] writing manifest file '../../../build/demo_python_tf/demo_python_tf.egg-info/SOURCES.txt'
[0.765s] running build
[0.765s] running build_py
[0.765s] running install
[0.765s] running install_lib
[0.765s] running install_data
[0.765s] running install_egg_info
[0.768s] removing '/home/lyd/ROS2/chapter5_Tools/install/demo_python_tf/lib/python3.10/site-packages/demo_python_tf-0.0.0-py3.10.egg-info' (and everything under it)
[0.768s] Copying ../../../build/demo_python_tf/demo_python_tf.egg-info to /home/lyd/ROS2/chapter5_Tools/install/demo_python_tf/lib/python3.10/site-packages/demo_python_tf-0.0.0-py3.10.egg-info
[0.769s] running install_scripts
[0.788s] Installing dynamic_tf_broadcaster script to /home/lyd/ROS2/chapter5_Tools/install/demo_python_tf/lib/demo_python_tf
[0.788s] Installing static_tf_broadcaster script to /home/lyd/ROS2/chapter5_Tools/install/demo_python_tf/lib/demo_python_tf
[0.788s] Installing tf_listener script to /home/lyd/ROS2/chapter5_Tools/install/demo_python_tf/lib/demo_python_tf
[0.788s] writing list of installed files to '/home/lyd/ROS2/chapter5_Tools/build/demo_python_tf/install.log'
[0.813s] Invoked command in '/home/lyd/ROS2/chapter5_Tools/chapt5_ws/src/demo_python_tf' returned '0': PYTHONPATH=/home/lyd/ROS2/chapter5_Tools/build/demo_python_tf/prefix_override:/usr/lib/python3/dist-packages/colcon_core/task/python/colcon_distutils_commands:/home/lyd/ROS2/chapter5_Tools/install/demo_python_tf/lib/python3.10/site-packages:${PYTHONPATH} /usr/bin/python3 -W ignore:setup.py install is deprecated -W ignore:easy_install command is deprecated setup.py egg_info --egg-base ../../../build/demo_python_tf build --build-base /home/lyd/ROS2/chapter5_Tools/build/demo_python_tf/build install --record /home/lyd/ROS2/chapter5_Tools/build/demo_python_tf/install.log --single-version-externally-managed install_data
