[0.079s] DEBUG:colcon:Command line arguments: ['/usr/bin/colcon', 'build']
[0.079s] DEBUG:colcon:Parsed command line arguments: Namespace(log_base=None, log_level=None, verb_name='build', build_base='build', install_base='install', merge_install=False, symlink_install=False, test_result_base=None, continue_on_error=False, executor='parallel', parallel_workers=4, event_handlers=None, ignore_user_meta=False, metas=['./colcon.meta'], base_paths=['.'], packages_ignore=None, packages_ignore_regex=None, paths=None, packages_up_to=None, packages_up_to_regex=None, packages_above=None, packages_above_and_dependencies=None, packages_above_depth=None, packages_select_by_dep=None, packages_skip_by_dep=None, packages_skip_up_to=None, packages_select_build_failed=False, packages_skip_build_finished=False, packages_select_test_failures=False, packages_skip_test_passed=False, packages_select=None, packages_skip=None, packages_select_regex=None, packages_skip_regex=None, packages_start=None, packages_end=None, allow_overriding=[], cmake_args=None, cmake_target=None, cmake_target_skip_unavailable=False, cmake_clean_cache=False, cmake_clean_first=False, cmake_force_configure=False, ament_cmake_args=None, catkin_cmake_args=None, catkin_skip_building_tests=False, verb_parser=<colcon_defaults.argument_parser.defaults.DefaultArgumentsDecorator object at 0x7926f4d2b670>, verb_extension=<colcon_core.verb.build.BuildVerb object at 0x7926f4e64910>, main=<bound method BuildVerb.main of <colcon_core.verb.build.BuildVerb object at 0x7926f4e64910>>)
[0.191s] Level 1:colcon.colcon_core.package_discovery:discover_packages(colcon_meta) check parameters
[0.191s] Level 1:colcon.colcon_core.package_discovery:discover_packages(recursive) check parameters
[0.191s] Level 1:colcon.colcon_core.package_discovery:discover_packages(ignore) check parameters
[0.191s] Level 1:colcon.colcon_core.package_discovery:discover_packages(path) check parameters
[0.191s] Level 1:colcon.colcon_core.package_discovery:discover_packages(colcon_meta) discover
[0.191s] Level 1:colcon.colcon_core.package_discovery:discover_packages(recursive) discover
[0.191s] INFO:colcon.colcon_core.package_discovery:Crawling recursively for packages in '/home/lyd/ROS2/chapter4_Service'
[0.191s] Level 1:colcon.colcon_core.package_identification:_identify(.) by extensions ['ignore', 'ignore_ament_install']
[0.191s] Level 1:colcon.colcon_core.package_identification:_identify(.) by extension 'ignore'
[0.191s] Level 1:colcon.colcon_core.package_identification:_identify(.) by extension 'ignore_ament_install'
[0.191s] Level 1:colcon.colcon_core.package_identification:_identify(.) by extensions ['colcon_pkg']
[0.191s] Level 1:colcon.colcon_core.package_identification:_identify(.) by extension 'colcon_pkg'
[0.191s] Level 1:colcon.colcon_core.package_identification:_identify(.) by extensions ['colcon_meta']
[0.191s] Level 1:colcon.colcon_core.package_identification:_identify(.) by extension 'colcon_meta'
[0.191s] Level 1:colcon.colcon_core.package_identification:_identify(.) by extensions ['ros']
[0.191s] Level 1:colcon.colcon_core.package_identification:_identify(.) by extension 'ros'
[0.201s] Level 1:colcon.colcon_core.package_identification:_identify(.) by extensions ['cmake', 'python']
[0.201s] Level 1:colcon.colcon_core.package_identification:_identify(.) by extension 'cmake'
[0.201s] Level 1:colcon.colcon_core.package_identification:_identify(.) by extension 'python'
[0.201s] Level 1:colcon.colcon_core.package_identification:_identify(.) by extensions ['python_setup_py']
[0.201s] Level 1:colcon.colcon_core.package_identification:_identify(.) by extension 'python_setup_py'
[0.201s] Level 1:colcon.colcon_core.package_identification:_identify(Service_ws) by extensions ['ignore', 'ignore_ament_install']
[0.201s] Level 1:colcon.colcon_core.package_identification:_identify(Service_ws) by extension 'ignore'
[0.201s] Level 1:colcon.colcon_core.package_identification:_identify(Service_ws) by extension 'ignore_ament_install'
[0.201s] Level 1:colcon.colcon_core.package_identification:_identify(Service_ws) by extensions ['colcon_pkg']
[0.201s] Level 1:colcon.colcon_core.package_identification:_identify(Service_ws) by extension 'colcon_pkg'
[0.201s] Level 1:colcon.colcon_core.package_identification:_identify(Service_ws) by extensions ['colcon_meta']
[0.201s] Level 1:colcon.colcon_core.package_identification:_identify(Service_ws) by extension 'colcon_meta'
[0.201s] Level 1:colcon.colcon_core.package_identification:_identify(Service_ws) by extensions ['ros']
[0.201s] Level 1:colcon.colcon_core.package_identification:_identify(Service_ws) by extension 'ros'
[0.201s] Level 1:colcon.colcon_core.package_identification:_identify(Service_ws) by extensions ['cmake', 'python']
[0.201s] Level 1:colcon.colcon_core.package_identification:_identify(Service_ws) by extension 'cmake'
[0.201s] Level 1:colcon.colcon_core.package_identification:_identify(Service_ws) by extension 'python'
[0.201s] Level 1:colcon.colcon_core.package_identification:_identify(Service_ws) by extensions ['python_setup_py']
[0.201s] Level 1:colcon.colcon_core.package_identification:_identify(Service_ws) by extension 'python_setup_py'
[0.201s] Level 1:colcon.colcon_core.package_identification:_identify(Service_ws/build) by extensions ['ignore', 'ignore_ament_install']
[0.202s] Level 1:colcon.colcon_core.package_identification:_identify(Service_ws/build) by extension 'ignore'
[0.202s] Level 1:colcon.colcon_core.package_identification:_identify(Service_ws/build) ignored
[0.202s] Level 1:colcon.colcon_core.package_identification:_identify(Service_ws/install) by extensions ['ignore', 'ignore_ament_install']
[0.202s] Level 1:colcon.colcon_core.package_identification:_identify(Service_ws/install) by extension 'ignore'
[0.202s] Level 1:colcon.colcon_core.package_identification:_identify(Service_ws/install) ignored
[0.202s] Level 1:colcon.colcon_core.package_identification:_identify(Service_ws/log) by extensions ['ignore', 'ignore_ament_install']
[0.202s] Level 1:colcon.colcon_core.package_identification:_identify(Service_ws/log) by extension 'ignore'
[0.202s] Level 1:colcon.colcon_core.package_identification:_identify(Service_ws/log) ignored
[0.202s] Level 1:colcon.colcon_core.package_identification:_identify(Service_ws/src) by extensions ['ignore', 'ignore_ament_install']
[0.202s] Level 1:colcon.colcon_core.package_identification:_identify(Service_ws/src) by extension 'ignore'
[0.202s] Level 1:colcon.colcon_core.package_identification:_identify(Service_ws/src) by extension 'ignore_ament_install'
[0.202s] Level 1:colcon.colcon_core.package_identification:_identify(Service_ws/src) by extensions ['colcon_pkg']
[0.202s] Level 1:colcon.colcon_core.package_identification:_identify(Service_ws/src) by extension 'colcon_pkg'
[0.202s] Level 1:colcon.colcon_core.package_identification:_identify(Service_ws/src) by extensions ['colcon_meta']
[0.202s] Level 1:colcon.colcon_core.package_identification:_identify(Service_ws/src) by extension 'colcon_meta'
[0.202s] Level 1:colcon.colcon_core.package_identification:_identify(Service_ws/src) by extensions ['ros']
[0.202s] Level 1:colcon.colcon_core.package_identification:_identify(Service_ws/src) by extension 'ros'
[0.202s] Level 1:colcon.colcon_core.package_identification:_identify(Service_ws/src) by extensions ['cmake', 'python']
[0.202s] Level 1:colcon.colcon_core.package_identification:_identify(Service_ws/src) by extension 'cmake'
[0.202s] Level 1:colcon.colcon_core.package_identification:_identify(Service_ws/src) by extension 'python'
[0.202s] Level 1:colcon.colcon_core.package_identification:_identify(Service_ws/src) by extensions ['python_setup_py']
[0.202s] Level 1:colcon.colcon_core.package_identification:_identify(Service_ws/src) by extension 'python_setup_py'
[0.202s] Level 1:colcon.colcon_core.package_identification:_identify(Service_ws/src/chapt4_interfaces) by extensions ['ignore', 'ignore_ament_install']
[0.203s] Level 1:colcon.colcon_core.package_identification:_identify(Service_ws/src/chapt4_interfaces) by extension 'ignore'
[0.203s] Level 1:colcon.colcon_core.package_identification:_identify(Service_ws/src/chapt4_interfaces) by extension 'ignore_ament_install'
[0.203s] Level 1:colcon.colcon_core.package_identification:_identify(Service_ws/src/chapt4_interfaces) by extensions ['colcon_pkg']
[0.203s] Level 1:colcon.colcon_core.package_identification:_identify(Service_ws/src/chapt4_interfaces) by extension 'colcon_pkg'
[0.203s] Level 1:colcon.colcon_core.package_identification:_identify(Service_ws/src/chapt4_interfaces) by extensions ['colcon_meta']
[0.203s] Level 1:colcon.colcon_core.package_identification:_identify(Service_ws/src/chapt4_interfaces) by extension 'colcon_meta'
[0.203s] Level 1:colcon.colcon_core.package_identification:_identify(Service_ws/src/chapt4_interfaces) by extensions ['ros']
[0.203s] Level 1:colcon.colcon_core.package_identification:_identify(Service_ws/src/chapt4_interfaces) by extension 'ros'
[0.205s] DEBUG:colcon.colcon_core.package_identification:Package 'Service_ws/src/chapt4_interfaces' with type 'ros.ament_cmake' and name 'chapt4_interfaces'
[0.205s] Level 1:colcon.colcon_core.package_identification:_identify(Service_ws/src/demo_cpp_service) by extensions ['ignore', 'ignore_ament_install']
[0.205s] Level 1:colcon.colcon_core.package_identification:_identify(Service_ws/src/demo_cpp_service) by extension 'ignore'
[0.205s] Level 1:colcon.colcon_core.package_identification:_identify(Service_ws/src/demo_cpp_service) by extension 'ignore_ament_install'
[0.205s] Level 1:colcon.colcon_core.package_identification:_identify(Service_ws/src/demo_cpp_service) by extensions ['colcon_pkg']
[0.205s] Level 1:colcon.colcon_core.package_identification:_identify(Service_ws/src/demo_cpp_service) by extension 'colcon_pkg'
[0.205s] Level 1:colcon.colcon_core.package_identification:_identify(Service_ws/src/demo_cpp_service) by extensions ['colcon_meta']
[0.205s] Level 1:colcon.colcon_core.package_identification:_identify(Service_ws/src/demo_cpp_service) by extension 'colcon_meta'
[0.205s] Level 1:colcon.colcon_core.package_identification:_identify(Service_ws/src/demo_cpp_service) by extensions ['ros']
[0.205s] Level 1:colcon.colcon_core.package_identification:_identify(Service_ws/src/demo_cpp_service) by extension 'ros'
[0.206s] DEBUG:colcon.colcon_core.package_identification:Package 'Service_ws/src/demo_cpp_service' with type 'ros.ament_cmake' and name 'demo_cpp_service'
[0.206s] Level 1:colcon.colcon_core.package_identification:_identify(Service_ws/src/demo_python_service) by extensions ['ignore', 'ignore_ament_install']
[0.206s] Level 1:colcon.colcon_core.package_identification:_identify(Service_ws/src/demo_python_service) by extension 'ignore'
[0.206s] Level 1:colcon.colcon_core.package_identification:_identify(Service_ws/src/demo_python_service) by extension 'ignore_ament_install'
[0.206s] Level 1:colcon.colcon_core.package_identification:_identify(Service_ws/src/demo_python_service) by extensions ['colcon_pkg']
[0.206s] Level 1:colcon.colcon_core.package_identification:_identify(Service_ws/src/demo_python_service) by extension 'colcon_pkg'
[0.206s] Level 1:colcon.colcon_core.package_identification:_identify(Service_ws/src/demo_python_service) by extensions ['colcon_meta']
[0.206s] Level 1:colcon.colcon_core.package_identification:_identify(Service_ws/src/demo_python_service) by extension 'colcon_meta'
[0.206s] Level 1:colcon.colcon_core.package_identification:_identify(Service_ws/src/demo_python_service) by extensions ['ros']
[0.206s] Level 1:colcon.colcon_core.package_identification:_identify(Service_ws/src/demo_python_service) by extension 'ros'
[0.207s] DEBUG:colcon.colcon_core.package_identification:Package 'Service_ws/src/demo_python_service' with type 'ros.ament_python' and name 'demo_python_service'
[0.207s] Level 1:colcon.colcon_core.package_identification:_identify(build) by extensions ['ignore', 'ignore_ament_install']
[0.207s] Level 1:colcon.colcon_core.package_identification:_identify(build) by extension 'ignore'
[0.207s] Level 1:colcon.colcon_core.package_identification:_identify(build) ignored
[0.207s] Level 1:colcon.colcon_core.package_identification:_identify(install) by extensions ['ignore', 'ignore_ament_install']
[0.207s] Level 1:colcon.colcon_core.package_identification:_identify(install) by extension 'ignore'
[0.207s] Level 1:colcon.colcon_core.package_identification:_identify(install) ignored
[0.207s] Level 1:colcon.colcon_core.package_identification:_identify(log) by extensions ['ignore', 'ignore_ament_install']
[0.207s] Level 1:colcon.colcon_core.package_identification:_identify(log) by extension 'ignore'
[0.207s] Level 1:colcon.colcon_core.package_identification:_identify(log) ignored
[0.207s] Level 1:colcon.colcon_core.package_discovery:discover_packages(recursive) using defaults
[0.207s] Level 1:colcon.colcon_core.package_discovery:discover_packages(ignore) discover
[0.207s] Level 1:colcon.colcon_core.package_discovery:discover_packages(ignore) using defaults
[0.207s] Level 1:colcon.colcon_core.package_discovery:discover_packages(path) discover
[0.207s] Level 1:colcon.colcon_core.package_discovery:discover_packages(path) using defaults
[0.223s] Level 1:colcon.colcon_core.package_discovery:discover_packages(prefix_path) check parameters
[0.223s] Level 1:colcon.colcon_core.package_discovery:discover_packages(prefix_path) discover
[0.224s] DEBUG:colcon.colcon_installed_package_information.package_discovery:Found 3 installed packages in /home/lyd/ROS2/chapter4_Service/install
[0.226s] DEBUG:colcon.colcon_installed_package_information.package_discovery:Found 271 installed packages in /opt/ros/humble
[0.227s] Level 1:colcon.colcon_core.package_discovery:discover_packages(prefix_path) using defaults
[0.261s] Level 5:colcon.colcon_core.verb:set package 'chapt4_interfaces' build argument 'cmake_args' from command line to 'None'
[0.261s] Level 5:colcon.colcon_core.verb:set package 'chapt4_interfaces' build argument 'cmake_target' from command line to 'None'
[0.261s] Level 5:colcon.colcon_core.verb:set package 'chapt4_interfaces' build argument 'cmake_target_skip_unavailable' from command line to 'False'
[0.261s] Level 5:colcon.colcon_core.verb:set package 'chapt4_interfaces' build argument 'cmake_clean_cache' from command line to 'False'
[0.261s] Level 5:colcon.colcon_core.verb:set package 'chapt4_interfaces' build argument 'cmake_clean_first' from command line to 'False'
[0.261s] Level 5:colcon.colcon_core.verb:set package 'chapt4_interfaces' build argument 'cmake_force_configure' from command line to 'False'
[0.261s] Level 5:colcon.colcon_core.verb:set package 'chapt4_interfaces' build argument 'ament_cmake_args' from command line to 'None'
[0.261s] Level 5:colcon.colcon_core.verb:set package 'chapt4_interfaces' build argument 'catkin_cmake_args' from command line to 'None'
[0.261s] Level 5:colcon.colcon_core.verb:set package 'chapt4_interfaces' build argument 'catkin_skip_building_tests' from command line to 'False'
[0.261s] DEBUG:colcon.colcon_core.verb:Building package 'chapt4_interfaces' with the following arguments: {'ament_cmake_args': None, 'build_base': '/home/lyd/ROS2/chapter4_Service/build/chapt4_interfaces', 'catkin_cmake_args': None, 'catkin_skip_building_tests': False, 'cmake_args': None, 'cmake_clean_cache': False, 'cmake_clean_first': False, 'cmake_force_configure': False, 'cmake_target': None, 'cmake_target_skip_unavailable': False, 'install_base': '/home/lyd/ROS2/chapter4_Service/install/chapt4_interfaces', 'merge_install': False, 'path': '/home/lyd/ROS2/chapter4_Service/Service_ws/src/chapt4_interfaces', 'symlink_install': False, 'test_result_base': None}
[0.261s] Level 5:colcon.colcon_core.verb:set package 'demo_cpp_service' build argument 'cmake_args' from command line to 'None'
[0.262s] Level 5:colcon.colcon_core.verb:set package 'demo_cpp_service' build argument 'cmake_target' from command line to 'None'
[0.262s] Level 5:colcon.colcon_core.verb:set package 'demo_cpp_service' build argument 'cmake_target_skip_unavailable' from command line to 'False'
[0.262s] Level 5:colcon.colcon_core.verb:set package 'demo_cpp_service' build argument 'cmake_clean_cache' from command line to 'False'
[0.262s] Level 5:colcon.colcon_core.verb:set package 'demo_cpp_service' build argument 'cmake_clean_first' from command line to 'False'
[0.262s] Level 5:colcon.colcon_core.verb:set package 'demo_cpp_service' build argument 'cmake_force_configure' from command line to 'False'
[0.262s] Level 5:colcon.colcon_core.verb:set package 'demo_cpp_service' build argument 'ament_cmake_args' from command line to 'None'
[0.262s] Level 5:colcon.colcon_core.verb:set package 'demo_cpp_service' build argument 'catkin_cmake_args' from command line to 'None'
[0.262s] Level 5:colcon.colcon_core.verb:set package 'demo_cpp_service' build argument 'catkin_skip_building_tests' from command line to 'False'
[0.262s] DEBUG:colcon.colcon_core.verb:Building package 'demo_cpp_service' with the following arguments: {'ament_cmake_args': None, 'build_base': '/home/lyd/ROS2/chapter4_Service/build/demo_cpp_service', 'catkin_cmake_args': None, 'catkin_skip_building_tests': False, 'cmake_args': None, 'cmake_clean_cache': False, 'cmake_clean_first': False, 'cmake_force_configure': False, 'cmake_target': None, 'cmake_target_skip_unavailable': False, 'install_base': '/home/lyd/ROS2/chapter4_Service/install/demo_cpp_service', 'merge_install': False, 'path': '/home/lyd/ROS2/chapter4_Service/Service_ws/src/demo_cpp_service', 'symlink_install': False, 'test_result_base': None}
[0.262s] Level 5:colcon.colcon_core.verb:set package 'demo_python_service' build argument 'cmake_args' from command line to 'None'
[0.262s] Level 5:colcon.colcon_core.verb:set package 'demo_python_service' build argument 'cmake_target' from command line to 'None'
[0.262s] Level 5:colcon.colcon_core.verb:set package 'demo_python_service' build argument 'cmake_target_skip_unavailable' from command line to 'False'
[0.262s] Level 5:colcon.colcon_core.verb:set package 'demo_python_service' build argument 'cmake_clean_cache' from command line to 'False'
[0.262s] Level 5:colcon.colcon_core.verb:set package 'demo_python_service' build argument 'cmake_clean_first' from command line to 'False'
[0.262s] Level 5:colcon.colcon_core.verb:set package 'demo_python_service' build argument 'cmake_force_configure' from command line to 'False'
[0.262s] Level 5:colcon.colcon_core.verb:set package 'demo_python_service' build argument 'ament_cmake_args' from command line to 'None'
[0.262s] Level 5:colcon.colcon_core.verb:set package 'demo_python_service' build argument 'catkin_cmake_args' from command line to 'None'
[0.262s] Level 5:colcon.colcon_core.verb:set package 'demo_python_service' build argument 'catkin_skip_building_tests' from command line to 'False'
[0.262s] DEBUG:colcon.colcon_core.verb:Building package 'demo_python_service' with the following arguments: {'ament_cmake_args': None, 'build_base': '/home/lyd/ROS2/chapter4_Service/build/demo_python_service', 'catkin_cmake_args': None, 'catkin_skip_building_tests': False, 'cmake_args': None, 'cmake_clean_cache': False, 'cmake_clean_first': False, 'cmake_force_configure': False, 'cmake_target': None, 'cmake_target_skip_unavailable': False, 'install_base': '/home/lyd/ROS2/chapter4_Service/install/demo_python_service', 'merge_install': False, 'path': '/home/lyd/ROS2/chapter4_Service/Service_ws/src/demo_python_service', 'symlink_install': False, 'test_result_base': None}
[0.262s] INFO:colcon.colcon_core.executor:Executing jobs using 'parallel' executor
[0.263s] DEBUG:colcon.colcon_parallel_executor.executor.parallel:run_until_complete
[0.263s] INFO:colcon.colcon_ros.task.ament_cmake.build:Building ROS package in '/home/lyd/ROS2/chapter4_Service/Service_ws/src/chapt4_interfaces' with build type 'ament_cmake'
[0.263s] INFO:colcon.colcon_cmake.task.cmake.build:Building CMake package in '/home/lyd/ROS2/chapter4_Service/Service_ws/src/chapt4_interfaces'
[0.265s] INFO:colcon.colcon_core.plugin_system:Skipping extension 'colcon_core.shell.bat': Not used on non-Windows systems
[0.265s] INFO:colcon.colcon_core.shell:Skip shell extension 'powershell' for command environment: Not usable outside of PowerShell
[0.265s] DEBUG:colcon.colcon_core.shell:Skip shell extension 'dsv' for command environment
[0.273s] DEBUG:colcon.colcon_core.event_handler.log_command:Invoking command in '/home/lyd/ROS2/chapter4_Service/build/chapt4_interfaces': CMAKE_PREFIX_PATH=${CMAKE_PREFIX_PATH}:/home/lyd/ROS2/chapter4_Service/install/demo_python_service:/opt/ros/humble /usr/bin/cmake --build /home/lyd/ROS2/chapter4_Service/build/chapt4_interfaces -- -j4 -l4
[0.610s] DEBUG:colcon.colcon_core.event_handler.log_command:Invoked command in '/home/lyd/ROS2/chapter4_Service/build/chapt4_interfaces' returned '0': CMAKE_PREFIX_PATH=${CMAKE_PREFIX_PATH}:/home/lyd/ROS2/chapter4_Service/install/demo_python_service:/opt/ros/humble /usr/bin/cmake --build /home/lyd/ROS2/chapter4_Service/build/chapt4_interfaces -- -j4 -l4
[0.620s] DEBUG:colcon.colcon_core.event_handler.log_command:Invoking command in '/home/lyd/ROS2/chapter4_Service/build/chapt4_interfaces': CMAKE_PREFIX_PATH=${CMAKE_PREFIX_PATH}:/home/lyd/ROS2/chapter4_Service/install/demo_python_service:/opt/ros/humble /usr/bin/cmake --install /home/lyd/ROS2/chapter4_Service/build/chapt4_interfaces
[0.670s] Level 1:colcon.colcon_core.environment:create_environment_scripts_only(chapt4_interfaces)
[0.672s] DEBUG:colcon.colcon_core.event_handler.log_command:Invoked command in '/home/lyd/ROS2/chapter4_Service/build/chapt4_interfaces' returned '0': CMAKE_PREFIX_PATH=${CMAKE_PREFIX_PATH}:/home/lyd/ROS2/chapter4_Service/install/demo_python_service:/opt/ros/humble /usr/bin/cmake --install /home/lyd/ROS2/chapter4_Service/build/chapt4_interfaces
[0.673s] Level 1:colcon.colcon_core.environment:checking '/home/lyd/ROS2/chapter4_Service/install/chapt4_interfaces' for CMake module files
[0.674s] Level 1:colcon.colcon_core.environment:checking '/home/lyd/ROS2/chapter4_Service/install/chapt4_interfaces' for CMake config files
[0.674s] Level 1:colcon.colcon_core.shell:create_environment_hook('chapt4_interfaces', 'cmake_prefix_path')
[0.674s] INFO:colcon.colcon_core.shell:Creating environment hook '/home/lyd/ROS2/chapter4_Service/install/chapt4_interfaces/share/chapt4_interfaces/hook/cmake_prefix_path.ps1'
[0.675s] INFO:colcon.colcon_core.shell:Creating environment descriptor '/home/lyd/ROS2/chapter4_Service/install/chapt4_interfaces/share/chapt4_interfaces/hook/cmake_prefix_path.dsv'
[0.676s] INFO:colcon.colcon_core.shell:Creating environment hook '/home/lyd/ROS2/chapter4_Service/install/chapt4_interfaces/share/chapt4_interfaces/hook/cmake_prefix_path.sh'
[0.679s] Level 1:colcon.colcon_core.environment:checking '/home/lyd/ROS2/chapter4_Service/install/chapt4_interfaces/lib'
[0.680s] Level 1:colcon.colcon_core.shell:create_environment_hook('chapt4_interfaces', 'ld_library_path_lib')
[0.680s] INFO:colcon.colcon_core.shell:Creating environment hook '/home/lyd/ROS2/chapter4_Service/install/chapt4_interfaces/share/chapt4_interfaces/hook/ld_library_path_lib.ps1'
[0.680s] INFO:colcon.colcon_core.shell:Creating environment descriptor '/home/lyd/ROS2/chapter4_Service/install/chapt4_interfaces/share/chapt4_interfaces/hook/ld_library_path_lib.dsv'
[0.681s] INFO:colcon.colcon_core.shell:Creating environment hook '/home/lyd/ROS2/chapter4_Service/install/chapt4_interfaces/share/chapt4_interfaces/hook/ld_library_path_lib.sh'
[0.681s] Level 1:colcon.colcon_core.environment:checking '/home/lyd/ROS2/chapter4_Service/install/chapt4_interfaces/bin'
[0.681s] Level 1:colcon.colcon_core.environment:checking '/home/lyd/ROS2/chapter4_Service/install/chapt4_interfaces/lib/pkgconfig/chapt4_interfaces.pc'
[0.681s] Level 1:colcon.colcon_core.environment:checking '/home/lyd/ROS2/chapter4_Service/install/chapt4_interfaces/lib/python3.10/site-packages'
[0.682s] Level 1:colcon.colcon_core.environment:checking '/home/lyd/ROS2/chapter4_Service/install/chapt4_interfaces/bin'
[0.682s] INFO:colcon.colcon_core.shell:Creating package script '/home/lyd/ROS2/chapter4_Service/install/chapt4_interfaces/share/chapt4_interfaces/package.ps1'
[0.682s] INFO:colcon.colcon_core.shell:Creating package descriptor '/home/lyd/ROS2/chapter4_Service/install/chapt4_interfaces/share/chapt4_interfaces/package.dsv'
[0.683s] INFO:colcon.colcon_core.shell:Creating package script '/home/lyd/ROS2/chapter4_Service/install/chapt4_interfaces/share/chapt4_interfaces/package.sh'
[0.684s] INFO:colcon.colcon_core.shell:Creating package script '/home/lyd/ROS2/chapter4_Service/install/chapt4_interfaces/share/chapt4_interfaces/package.bash'
[0.685s] INFO:colcon.colcon_core.shell:Creating package script '/home/lyd/ROS2/chapter4_Service/install/chapt4_interfaces/share/chapt4_interfaces/package.zsh'
[0.685s] Level 1:colcon.colcon_core.environment:create_file_with_runtime_dependencies(/home/lyd/ROS2/chapter4_Service/install/chapt4_interfaces/share/colcon-core/packages/chapt4_interfaces)
[0.686s] Level 1:colcon.colcon_core.environment:create_environment_scripts_only(chapt4_interfaces)
[0.686s] Level 1:colcon.colcon_core.environment:checking '/home/lyd/ROS2/chapter4_Service/install/chapt4_interfaces' for CMake module files
[0.687s] Level 1:colcon.colcon_core.environment:checking '/home/lyd/ROS2/chapter4_Service/install/chapt4_interfaces' for CMake config files
[0.687s] Level 1:colcon.colcon_core.shell:create_environment_hook('chapt4_interfaces', 'cmake_prefix_path')
[0.687s] INFO:colcon.colcon_core.shell:Creating environment hook '/home/lyd/ROS2/chapter4_Service/install/chapt4_interfaces/share/chapt4_interfaces/hook/cmake_prefix_path.ps1'
[0.687s] INFO:colcon.colcon_core.shell:Creating environment descriptor '/home/lyd/ROS2/chapter4_Service/install/chapt4_interfaces/share/chapt4_interfaces/hook/cmake_prefix_path.dsv'
[0.688s] INFO:colcon.colcon_core.shell:Creating environment hook '/home/lyd/ROS2/chapter4_Service/install/chapt4_interfaces/share/chapt4_interfaces/hook/cmake_prefix_path.sh'
[0.688s] Level 1:colcon.colcon_core.environment:checking '/home/lyd/ROS2/chapter4_Service/install/chapt4_interfaces/lib'
[0.688s] Level 1:colcon.colcon_core.shell:create_environment_hook('chapt4_interfaces', 'ld_library_path_lib')
[0.688s] INFO:colcon.colcon_core.shell:Creating environment hook '/home/lyd/ROS2/chapter4_Service/install/chapt4_interfaces/share/chapt4_interfaces/hook/ld_library_path_lib.ps1'
[0.689s] INFO:colcon.colcon_core.shell:Creating environment descriptor '/home/lyd/ROS2/chapter4_Service/install/chapt4_interfaces/share/chapt4_interfaces/hook/ld_library_path_lib.dsv'
[0.690s] INFO:colcon.colcon_core.shell:Creating environment hook '/home/lyd/ROS2/chapter4_Service/install/chapt4_interfaces/share/chapt4_interfaces/hook/ld_library_path_lib.sh'
[0.690s] Level 1:colcon.colcon_core.environment:checking '/home/lyd/ROS2/chapter4_Service/install/chapt4_interfaces/bin'
[0.690s] Level 1:colcon.colcon_core.environment:checking '/home/lyd/ROS2/chapter4_Service/install/chapt4_interfaces/lib/pkgconfig/chapt4_interfaces.pc'
[0.690s] Level 1:colcon.colcon_core.environment:checking '/home/lyd/ROS2/chapter4_Service/install/chapt4_interfaces/lib/python3.10/site-packages'
[0.690s] Level 1:colcon.colcon_core.environment:checking '/home/lyd/ROS2/chapter4_Service/install/chapt4_interfaces/bin'
[0.691s] INFO:colcon.colcon_core.shell:Creating package script '/home/lyd/ROS2/chapter4_Service/install/chapt4_interfaces/share/chapt4_interfaces/package.ps1'
[0.691s] INFO:colcon.colcon_core.shell:Creating package descriptor '/home/lyd/ROS2/chapter4_Service/install/chapt4_interfaces/share/chapt4_interfaces/package.dsv'
[0.693s] INFO:colcon.colcon_core.shell:Creating package script '/home/lyd/ROS2/chapter4_Service/install/chapt4_interfaces/share/chapt4_interfaces/package.sh'
[0.695s] INFO:colcon.colcon_core.shell:Creating package script '/home/lyd/ROS2/chapter4_Service/install/chapt4_interfaces/share/chapt4_interfaces/package.bash'
[0.696s] INFO:colcon.colcon_core.shell:Creating package script '/home/lyd/ROS2/chapter4_Service/install/chapt4_interfaces/share/chapt4_interfaces/package.zsh'
[0.696s] Level 1:colcon.colcon_core.environment:create_file_with_runtime_dependencies(/home/lyd/ROS2/chapter4_Service/install/chapt4_interfaces/share/colcon-core/packages/chapt4_interfaces)
[0.696s] INFO:colcon.colcon_ros.task.ament_cmake.build:Building ROS package in '/home/lyd/ROS2/chapter4_Service/Service_ws/src/demo_cpp_service' with build type 'ament_cmake'
[0.697s] INFO:colcon.colcon_cmake.task.cmake.build:Building CMake package in '/home/lyd/ROS2/chapter4_Service/Service_ws/src/demo_cpp_service'
[0.697s] INFO:colcon.colcon_core.shell:Skip shell extension 'powershell' for command environment: Not usable outside of PowerShell
[0.697s] DEBUG:colcon.colcon_core.shell:Skip shell extension 'dsv' for command environment
[0.701s] INFO:colcon.colcon_ros.task.ament_python.build:Building ROS package in '/home/lyd/ROS2/chapter4_Service/Service_ws/src/demo_python_service' with build type 'ament_python'
[0.701s] Level 1:colcon.colcon_core.shell:create_environment_hook('demo_python_service', 'ament_prefix_path')
[0.701s] INFO:colcon.colcon_core.shell:Creating environment hook '/home/lyd/ROS2/chapter4_Service/install/demo_python_service/share/demo_python_service/hook/ament_prefix_path.ps1'
[0.701s] INFO:colcon.colcon_core.shell:Creating environment descriptor '/home/lyd/ROS2/chapter4_Service/install/demo_python_service/share/demo_python_service/hook/ament_prefix_path.dsv'
[0.702s] INFO:colcon.colcon_core.shell:Creating environment hook '/home/lyd/ROS2/chapter4_Service/install/demo_python_service/share/demo_python_service/hook/ament_prefix_path.sh'
[0.703s] INFO:colcon.colcon_core.shell:Skip shell extension 'powershell' for command environment: Not usable outside of PowerShell
[0.703s] DEBUG:colcon.colcon_core.shell:Skip shell extension 'dsv' for command environment
[0.719s] DEBUG:colcon.colcon_core.event_handler.log_command:Invoking command in '/home/lyd/ROS2/chapter4_Service/build/demo_cpp_service': CMAKE_PREFIX_PATH=/home/lyd/ROS2/chapter4_Service/install/chapt4_interfaces:/home/lyd/ROS2/chapter4_Service/install/demo_cpp_service:/home/lyd/ROS2/chapter4_Service/install/demo_python_service:/opt/ros/humble /usr/bin/cmake --build /home/lyd/ROS2/chapter4_Service/build/demo_cpp_service -- -j4 -l4
[1.009s] INFO:colcon.colcon_core.task.python.build:Building Python package in '/home/lyd/ROS2/chapter4_Service/Service_ws/src/demo_python_service'
[1.010s] INFO:colcon.colcon_core.shell:Skip shell extension 'powershell' for command environment: Not usable outside of PowerShell
[1.010s] DEBUG:colcon.colcon_core.shell:Skip shell extension 'dsv' for command environment
[1.294s] DEBUG:colcon.colcon_core.event_handler.log_command:Invoking command in '/home/lyd/ROS2/chapter4_Service/Service_ws/src/demo_python_service': CMAKE_PREFIX_PATH=/home/lyd/ROS2/chapter4_Service/install/chapt4_interfaces:/home/lyd/ROS2/chapter4_Service/install/demo_cpp_service PYTHONPATH=/home/lyd/ROS2/chapter4_Service/build/demo_python_service/prefix_override:/usr/lib/python3/dist-packages/colcon_core/task/python/colcon_distutils_commands:/home/lyd/ROS2/chapter4_Service/install/demo_python_service/lib/python3.10/site-packages:${PYTHONPATH} /usr/bin/python3 -W ignore:setup.py install is deprecated -W ignore:easy_install command is deprecated setup.py egg_info --egg-base ../../../build/demo_python_service build --build-base /home/lyd/ROS2/chapter4_Service/build/demo_python_service/build install --record /home/lyd/ROS2/chapter4_Service/build/demo_python_service/install.log --single-version-externally-managed install_data
[1.522s] Level 1:colcon.colcon_core.environment:checking '/home/lyd/ROS2/chapter4_Service/install/demo_python_service' for CMake module files
[1.523s] Level 1:colcon.colcon_core.environment:checking '/home/lyd/ROS2/chapter4_Service/install/demo_python_service' for CMake config files
[1.523s] Level 1:colcon.colcon_core.environment:checking '/home/lyd/ROS2/chapter4_Service/install/demo_python_service/lib'
[1.523s] Level 1:colcon.colcon_core.environment:checking '/home/lyd/ROS2/chapter4_Service/install/demo_python_service/bin'
[1.523s] Level 1:colcon.colcon_core.environment:checking '/home/lyd/ROS2/chapter4_Service/install/demo_python_service/lib/pkgconfig/demo_python_service.pc'
[1.523s] Level 1:colcon.colcon_core.environment:checking '/home/lyd/ROS2/chapter4_Service/install/demo_python_service/lib/python3.10/site-packages'
[1.523s] Level 1:colcon.colcon_core.shell:create_environment_hook('demo_python_service', 'pythonpath')
[1.524s] INFO:colcon.colcon_core.shell:Creating environment hook '/home/lyd/ROS2/chapter4_Service/install/demo_python_service/share/demo_python_service/hook/pythonpath.ps1'
[1.524s] INFO:colcon.colcon_core.shell:Creating environment descriptor '/home/lyd/ROS2/chapter4_Service/install/demo_python_service/share/demo_python_service/hook/pythonpath.dsv'
[1.528s] DEBUG:colcon.colcon_core.event_handler.log_command:Invoked command in '/home/lyd/ROS2/chapter4_Service/Service_ws/src/demo_python_service' returned '0': CMAKE_PREFIX_PATH=/home/lyd/ROS2/chapter4_Service/install/chapt4_interfaces:/home/lyd/ROS2/chapter4_Service/install/demo_cpp_service PYTHONPATH=/home/lyd/ROS2/chapter4_Service/build/demo_python_service/prefix_override:/usr/lib/python3/dist-packages/colcon_core/task/python/colcon_distutils_commands:/home/lyd/ROS2/chapter4_Service/install/demo_python_service/lib/python3.10/site-packages:${PYTHONPATH} /usr/bin/python3 -W ignore:setup.py install is deprecated -W ignore:easy_install command is deprecated setup.py egg_info --egg-base ../../../build/demo_python_service build --build-base /home/lyd/ROS2/chapter4_Service/build/demo_python_service/build install --record /home/lyd/ROS2/chapter4_Service/build/demo_python_service/install.log --single-version-externally-managed install_data
[1.528s] INFO:colcon.colcon_core.shell:Creating environment hook '/home/lyd/ROS2/chapter4_Service/install/demo_python_service/share/demo_python_service/hook/pythonpath.sh'
[1.528s] Level 1:colcon.colcon_core.environment:checking '/home/lyd/ROS2/chapter4_Service/install/demo_python_service/bin'
[1.529s] Level 1:colcon.colcon_core.environment:create_environment_scripts_only(demo_python_service)
[1.529s] INFO:colcon.colcon_core.shell:Creating package script '/home/lyd/ROS2/chapter4_Service/install/demo_python_service/share/demo_python_service/package.ps1'
[1.529s] INFO:colcon.colcon_core.shell:Creating package descriptor '/home/lyd/ROS2/chapter4_Service/install/demo_python_service/share/demo_python_service/package.dsv'
[1.530s] INFO:colcon.colcon_core.shell:Creating package script '/home/lyd/ROS2/chapter4_Service/install/demo_python_service/share/demo_python_service/package.sh'
[1.530s] INFO:colcon.colcon_core.shell:Creating package script '/home/lyd/ROS2/chapter4_Service/install/demo_python_service/share/demo_python_service/package.bash'
[1.532s] INFO:colcon.colcon_core.shell:Creating package script '/home/lyd/ROS2/chapter4_Service/install/demo_python_service/share/demo_python_service/package.zsh'
[1.534s] Level 1:colcon.colcon_core.environment:create_file_with_runtime_dependencies(/home/lyd/ROS2/chapter4_Service/install/demo_python_service/share/colcon-core/packages/demo_python_service)
[4.675s] DEBUG:colcon.colcon_core.event_handler.log_command:Invoked command in '/home/lyd/ROS2/chapter4_Service/build/demo_cpp_service' returned '0': CMAKE_PREFIX_PATH=/home/lyd/ROS2/chapter4_Service/install/chapt4_interfaces:/home/lyd/ROS2/chapter4_Service/install/demo_cpp_service:/home/lyd/ROS2/chapter4_Service/install/demo_python_service:/opt/ros/humble /usr/bin/cmake --build /home/lyd/ROS2/chapter4_Service/build/demo_cpp_service -- -j4 -l4
[4.676s] DEBUG:colcon.colcon_core.event_handler.log_command:Invoking command in '/home/lyd/ROS2/chapter4_Service/build/demo_cpp_service': CMAKE_PREFIX_PATH=/home/lyd/ROS2/chapter4_Service/install/chapt4_interfaces:/home/lyd/ROS2/chapter4_Service/install/demo_cpp_service:/home/lyd/ROS2/chapter4_Service/install/demo_python_service:/opt/ros/humble /usr/bin/cmake --install /home/lyd/ROS2/chapter4_Service/build/demo_cpp_service
[4.693s] Level 1:colcon.colcon_core.environment:create_environment_scripts_only(demo_cpp_service)
[4.694s] Level 1:colcon.colcon_core.environment:checking '/home/lyd/ROS2/chapter4_Service/install/demo_cpp_service' for CMake module files
[4.694s] Level 1:colcon.colcon_core.environment:checking '/home/lyd/ROS2/chapter4_Service/install/demo_cpp_service' for CMake config files
[4.695s] Level 1:colcon.colcon_core.shell:create_environment_hook('demo_cpp_service', 'cmake_prefix_path')
[4.695s] INFO:colcon.colcon_core.shell:Creating environment hook '/home/lyd/ROS2/chapter4_Service/install/demo_cpp_service/share/demo_cpp_service/hook/cmake_prefix_path.ps1'
[4.695s] INFO:colcon.colcon_core.shell:Creating environment descriptor '/home/lyd/ROS2/chapter4_Service/install/demo_cpp_service/share/demo_cpp_service/hook/cmake_prefix_path.dsv'
[4.696s] INFO:colcon.colcon_core.shell:Creating environment hook '/home/lyd/ROS2/chapter4_Service/install/demo_cpp_service/share/demo_cpp_service/hook/cmake_prefix_path.sh'
[4.694s] DEBUG:colcon.colcon_core.event_handler.log_command:Invoked command in '/home/lyd/ROS2/chapter4_Service/build/demo_cpp_service' returned '0': CMAKE_PREFIX_PATH=/home/lyd/ROS2/chapter4_Service/install/chapt4_interfaces:/home/lyd/ROS2/chapter4_Service/install/demo_cpp_service:/home/lyd/ROS2/chapter4_Service/install/demo_python_service:/opt/ros/humble /usr/bin/cmake --install /home/lyd/ROS2/chapter4_Service/build/demo_cpp_service
[4.699s] Level 1:colcon.colcon_core.environment:checking '/home/lyd/ROS2/chapter4_Service/install/demo_cpp_service/lib'
[4.699s] Level 1:colcon.colcon_core.environment:checking '/home/lyd/ROS2/chapter4_Service/install/demo_cpp_service/bin'
[4.699s] Level 1:colcon.colcon_core.environment:checking '/home/lyd/ROS2/chapter4_Service/install/demo_cpp_service/lib/pkgconfig/demo_cpp_service.pc'
[4.699s] Level 1:colcon.colcon_core.environment:checking '/home/lyd/ROS2/chapter4_Service/install/demo_cpp_service/lib/python3.10/site-packages'
[4.699s] Level 1:colcon.colcon_core.environment:checking '/home/lyd/ROS2/chapter4_Service/install/demo_cpp_service/bin'
[4.700s] INFO:colcon.colcon_core.shell:Creating package script '/home/lyd/ROS2/chapter4_Service/install/demo_cpp_service/share/demo_cpp_service/package.ps1'
[4.704s] INFO:colcon.colcon_core.shell:Creating package descriptor '/home/lyd/ROS2/chapter4_Service/install/demo_cpp_service/share/demo_cpp_service/package.dsv'
[4.704s] INFO:colcon.colcon_core.shell:Creating package script '/home/lyd/ROS2/chapter4_Service/install/demo_cpp_service/share/demo_cpp_service/package.sh'
[4.705s] INFO:colcon.colcon_core.shell:Creating package script '/home/lyd/ROS2/chapter4_Service/install/demo_cpp_service/share/demo_cpp_service/package.bash'
[4.705s] INFO:colcon.colcon_core.shell:Creating package script '/home/lyd/ROS2/chapter4_Service/install/demo_cpp_service/share/demo_cpp_service/package.zsh'
[4.705s] Level 1:colcon.colcon_core.environment:create_file_with_runtime_dependencies(/home/lyd/ROS2/chapter4_Service/install/demo_cpp_service/share/colcon-core/packages/demo_cpp_service)
[4.706s] Level 1:colcon.colcon_core.environment:create_environment_scripts_only(demo_cpp_service)
[4.706s] Level 1:colcon.colcon_core.environment:checking '/home/lyd/ROS2/chapter4_Service/install/demo_cpp_service' for CMake module files
[4.706s] Level 1:colcon.colcon_core.environment:checking '/home/lyd/ROS2/chapter4_Service/install/demo_cpp_service' for CMake config files
[4.706s] Level 1:colcon.colcon_core.shell:create_environment_hook('demo_cpp_service', 'cmake_prefix_path')
[4.707s] INFO:colcon.colcon_core.shell:Creating environment hook '/home/lyd/ROS2/chapter4_Service/install/demo_cpp_service/share/demo_cpp_service/hook/cmake_prefix_path.ps1'
[4.707s] INFO:colcon.colcon_core.shell:Creating environment descriptor '/home/lyd/ROS2/chapter4_Service/install/demo_cpp_service/share/demo_cpp_service/hook/cmake_prefix_path.dsv'
[4.707s] INFO:colcon.colcon_core.shell:Creating environment hook '/home/lyd/ROS2/chapter4_Service/install/demo_cpp_service/share/demo_cpp_service/hook/cmake_prefix_path.sh'
[4.708s] Level 1:colcon.colcon_core.environment:checking '/home/lyd/ROS2/chapter4_Service/install/demo_cpp_service/lib'
[4.708s] Level 1:colcon.colcon_core.environment:checking '/home/lyd/ROS2/chapter4_Service/install/demo_cpp_service/bin'
[4.708s] Level 1:colcon.colcon_core.environment:checking '/home/lyd/ROS2/chapter4_Service/install/demo_cpp_service/lib/pkgconfig/demo_cpp_service.pc'
[4.708s] Level 1:colcon.colcon_core.environment:checking '/home/lyd/ROS2/chapter4_Service/install/demo_cpp_service/lib/python3.10/site-packages'
[4.708s] Level 1:colcon.colcon_core.environment:checking '/home/lyd/ROS2/chapter4_Service/install/demo_cpp_service/bin'
[4.708s] INFO:colcon.colcon_core.shell:Creating package script '/home/lyd/ROS2/chapter4_Service/install/demo_cpp_service/share/demo_cpp_service/package.ps1'
[4.709s] INFO:colcon.colcon_core.shell:Creating package descriptor '/home/lyd/ROS2/chapter4_Service/install/demo_cpp_service/share/demo_cpp_service/package.dsv'
[4.709s] INFO:colcon.colcon_core.shell:Creating package script '/home/lyd/ROS2/chapter4_Service/install/demo_cpp_service/share/demo_cpp_service/package.sh'
[4.710s] INFO:colcon.colcon_core.shell:Creating package script '/home/lyd/ROS2/chapter4_Service/install/demo_cpp_service/share/demo_cpp_service/package.bash'
[4.710s] INFO:colcon.colcon_core.shell:Creating package script '/home/lyd/ROS2/chapter4_Service/install/demo_cpp_service/share/demo_cpp_service/package.zsh'
[4.710s] Level 1:colcon.colcon_core.environment:create_file_with_runtime_dependencies(/home/lyd/ROS2/chapter4_Service/install/demo_cpp_service/share/colcon-core/packages/demo_cpp_service)
[4.711s] DEBUG:colcon.colcon_parallel_executor.executor.parallel:closing loop
[4.711s] DEBUG:colcon.colcon_parallel_executor.executor.parallel:loop closed
[4.711s] DEBUG:colcon.colcon_parallel_executor.executor.parallel:run_until_complete finished with '0'
[4.711s] DEBUG:colcon.colcon_core.event_reactor:joining thread
[4.721s] INFO:colcon.colcon_core.plugin_system:Skipping extension 'colcon_notification.desktop_notification.terminal_notifier': Not used on non-Darwin systems
[4.721s] INFO:colcon.colcon_core.plugin_system:Skipping extension 'colcon_notification.desktop_notification.win32': Not used on non-Windows systems
[4.721s] INFO:colcon.colcon_notification.desktop_notification:Sending desktop notification using 'notify2'
[4.735s] DEBUG:colcon.colcon_core.event_reactor:joined thread
[4.735s] INFO:colcon.colcon_core.shell:Creating prefix script '/home/lyd/ROS2/chapter4_Service/install/local_setup.ps1'
[4.736s] INFO:colcon.colcon_core.shell:Creating prefix util module '/home/lyd/ROS2/chapter4_Service/install/_local_setup_util_ps1.py'
[4.738s] INFO:colcon.colcon_core.shell:Creating prefix chain script '/home/lyd/ROS2/chapter4_Service/install/setup.ps1'
[4.740s] INFO:colcon.colcon_core.shell:Creating prefix script '/home/lyd/ROS2/chapter4_Service/install/local_setup.sh'
[4.741s] INFO:colcon.colcon_core.shell:Creating prefix util module '/home/lyd/ROS2/chapter4_Service/install/_local_setup_util_sh.py'
[4.741s] INFO:colcon.colcon_core.shell:Creating prefix chain script '/home/lyd/ROS2/chapter4_Service/install/setup.sh'
[4.743s] INFO:colcon.colcon_core.shell:Creating prefix script '/home/lyd/ROS2/chapter4_Service/install/local_setup.bash'
[4.743s] INFO:colcon.colcon_core.shell:Creating prefix chain script '/home/lyd/ROS2/chapter4_Service/install/setup.bash'
[4.745s] INFO:colcon.colcon_core.shell:Creating prefix script '/home/lyd/ROS2/chapter4_Service/install/local_setup.zsh'
[4.745s] INFO:colcon.colcon_core.shell:Creating prefix chain script '/home/lyd/ROS2/chapter4_Service/install/setup.zsh'
