[0.013s] Invoking command in '/home/lyd/ROS2/chapter2_Node/build/demo_cpp_pkg': CMAKE_PREFIX_PATH=${CMAKE_PREFIX_PATH}:/home/lyd/ROS2/chapter2_Node/install/demo_python_pkg:/opt/ros/humble /usr/bin/cmake --build /home/lyd/ROS2/chapter2_Node/build/demo_cpp_pkg -- -j4 -l4
[0.035s] -- Found ament_cmake: 1.3.11 (/opt/ros/humble/share/ament_cmake/cmake)
[0.131s] -- Found rclcpp: 16.0.12 (/opt/ros/humble/share/rclcpp/cmake)
[0.147s] -- Found rosidl_generator_c: 3.1.6 (/opt/ros/humble/share/rosidl_generator_c/cmake)
[0.149s] -- Found rosidl_adapter: 3.1.6 (/opt/ros/humble/share/rosidl_adapter/cmake)
[0.153s] -- Found rosidl_generator_cpp: 3.1.6 (/opt/ros/humble/share/rosidl_generator_cpp/cmake)
[0.162s] -- Using all available rosidl_typesupport_c: rosidl_typesupport_fastrtps_c;rosidl_typesupport_introspection_c
[0.174s] -- Using all available rosidl_typesupport_cpp: rosidl_typesupport_fastrtps_cpp;rosidl_typesupport_introspection_cpp
[0.195s] -- Found rmw_implementation_cmake: 6.1.2 (/opt/ros/humble/share/rmw_implementation_cmake/cmake)
[0.196s] -- Found rmw_fastrtps_cpp: 6.2.7 (/opt/ros/humble/share/rmw_fastrtps_cpp/cmake)
[0.264s] -- Using RMW implementation 'rmw_fastrtps_cpp' as default
[0.296s] [31mCMake Error at CMakeLists.txt:27 (install):
[0.296s]   install TARGETS given target "lib/demo_cpp_pkg" which does not exist.
[0.296s] 
[0.296s] [0m
[0.296s] -- Found ament_lint_auto: 0.12.12 (/opt/ros/humble/share/ament_lint_auto/cmake)
[0.356s] -- Added test 'cppcheck' to perform static code analysis on C / C++ code
[0.356s] -- Configured cppcheck include dirs: 
[0.357s] -- Configured cppcheck exclude dirs and/or files: 
[0.357s] -- Added test 'lint_cmake' to check CMake code style
[0.365s] -- Added test 'uncrustify' to check C / C++ code style
[0.365s] -- Configured uncrustify additional arguments: 
[0.366s] -- Added test 'xmllint' to check XML markup files
[0.366s] -- Configuring incomplete, errors occurred!
[0.366s] See also "/home/lyd/ROS2/chapter2_Node/build/demo_cpp_pkg/CMakeFiles/CMakeOutput.log".
[0.369s] gmake: *** [Makefile:267：cmake_check_build_system] 错误 1
[0.370s] Invoked command in '/home/lyd/ROS2/chapter2_Node/build/demo_cpp_pkg' returned '2': CMAKE_PREFIX_PATH=${CMAKE_PREFIX_PATH}:/home/lyd/ROS2/chapter2_Node/install/demo_python_pkg:/opt/ros/humble /usr/bin/cmake --build /home/lyd/ROS2/chapter2_Node/build/demo_cpp_pkg -- -j4 -l4
