/home/lyd/ROS2/chapter5_Tools/chapt5_ws/install/demo_python_tf/lib/python3.10/site-packages/demo_python_tf/tf_listener.py
/home/lyd/ROS2/chapter5_Tools/chapt5_ws/install/demo_python_tf/lib/python3.10/site-packages/demo_python_tf/__init__.py
/home/lyd/ROS2/chapter5_Tools/chapt5_ws/install/demo_python_tf/lib/python3.10/site-packages/demo_python_tf/dynamic_tf_broadcaster.py
/home/lyd/ROS2/chapter5_Tools/chapt5_ws/install/demo_python_tf/lib/python3.10/site-packages/demo_python_tf/static_tf_broadcaster.py
/home/lyd/ROS2/chapter5_Tools/chapt5_ws/install/demo_python_tf/lib/python3.10/site-packages/demo_python_tf/__pycache__/tf_listener.cpython-310.pyc
/home/lyd/ROS2/chapter5_Tools/chapt5_ws/install/demo_python_tf/lib/python3.10/site-packages/demo_python_tf/__pycache__/__init__.cpython-310.pyc
/home/lyd/ROS2/chapter5_Tools/chapt5_ws/install/demo_python_tf/lib/python3.10/site-packages/demo_python_tf/__pycache__/dynamic_tf_broadcaster.cpython-310.pyc
/home/lyd/ROS2/chapter5_Tools/chapt5_ws/install/demo_python_tf/lib/python3.10/site-packages/demo_python_tf/__pycache__/static_tf_broadcaster.cpython-310.pyc
/home/lyd/ROS2/chapter5_Tools/chapt5_ws/install/demo_python_tf/share/ament_index/resource_index/packages/demo_python_tf
/home/lyd/ROS2/chapter5_Tools/chapt5_ws/install/demo_python_tf/share/demo_python_tf/package.xml
/home/lyd/ROS2/chapter5_Tools/chapt5_ws/install/demo_python_tf/lib/python3.10/site-packages/demo_python_tf-0.0.0-py3.10.egg-info/entry_points.txt
/home/lyd/ROS2/chapter5_Tools/chapt5_ws/install/demo_python_tf/lib/python3.10/site-packages/demo_python_tf-0.0.0-py3.10.egg-info/zip-safe
/home/lyd/ROS2/chapter5_Tools/chapt5_ws/install/demo_python_tf/lib/python3.10/site-packages/demo_python_tf-0.0.0-py3.10.egg-info/PKG-INFO
/home/lyd/ROS2/chapter5_Tools/chapt5_ws/install/demo_python_tf/lib/python3.10/site-packages/demo_python_tf-0.0.0-py3.10.egg-info/dependency_links.txt
/home/lyd/ROS2/chapter5_Tools/chapt5_ws/install/demo_python_tf/lib/python3.10/site-packages/demo_python_tf-0.0.0-py3.10.egg-info/requires.txt
/home/lyd/ROS2/chapter5_Tools/chapt5_ws/install/demo_python_tf/lib/python3.10/site-packages/demo_python_tf-0.0.0-py3.10.egg-info/top_level.txt
/home/lyd/ROS2/chapter5_Tools/chapt5_ws/install/demo_python_tf/lib/python3.10/site-packages/demo_python_tf-0.0.0-py3.10.egg-info/SOURCES.txt
/home/lyd/ROS2/chapter5_Tools/chapt5_ws/install/demo_python_tf/lib/demo_python_tf/dynamic_tf_broadcaster
/home/lyd/ROS2/chapter5_Tools/chapt5_ws/install/demo_python_tf/lib/demo_python_tf/static_tf_broadcaster
/home/lyd/ROS2/chapter5_Tools/chapt5_ws/install/demo_python_tf/lib/demo_python_tf/tf_listener
