[0.012s] Invoking command in '/home/lyd/ROS2/chapter2_Node/build/demo_cpp_pkg': CMAKE_PREFIX_PATH=${CMAKE_PREFIX_PATH}:/home/lyd/ROS2/chapter2_Node/install/demo_python_pkg:/opt/ros/humble /usr/bin/cmake --build /home/lyd/ROS2/chapter2_Node/build/demo_cpp_pkg -- -j4 -l4
[0.043s] -- Found ament_cmake: 1.3.11 (/opt/ros/humble/share/ament_cmake/cmake)
[0.149s] -- Found rclcpp: 16.0.12 (/opt/ros/humble/share/rclcpp/cmake)
[0.169s] -- Found rosidl_generator_c: 3.1.6 (/opt/ros/humble/share/rosidl_generator_c/cmake)
[0.173s] -- Found rosidl_adapter: 3.1.6 (/opt/ros/humble/share/rosidl_adapter/cmake)
[0.179s] -- Found rosidl_generator_cpp: 3.1.6 (/opt/ros/humble/share/rosidl_generator_cpp/cmake)
[0.187s] -- Using all available rosidl_typesupport_c: rosidl_typesupport_fastrtps_c;rosidl_typesupport_introspection_c
[0.193s] -- Using all available rosidl_typesupport_cpp: rosidl_typesupport_fastrtps_cpp;rosidl_typesupport_introspection_cpp
[0.221s] -- Found rmw_implementation_cmake: 6.1.2 (/opt/ros/humble/share/rmw_implementation_cmake/cmake)
[0.223s] -- Found rmw_fastrtps_cpp: 6.2.7 (/opt/ros/humble/share/rmw_fastrtps_cpp/cmake)
[0.301s] -- Using RMW implementation 'rmw_fastrtps_cpp' as default
[0.344s] -- Found ament_lint_auto: 0.12.12 (/opt/ros/humble/share/ament_lint_auto/cmake)
[0.401s] -- Added test 'cppcheck' to perform static code analysis on C / C++ code
[0.401s] -- Configured cppcheck include dirs: 
[0.401s] -- Configured cppcheck exclude dirs and/or files: 
[0.403s] -- Added test 'lint_cmake' to check CMake code style
[0.406s] -- Added test 'uncrustify' to check C / C++ code style
[0.406s] -- Configured uncrustify additional arguments: 
[0.407s] -- Added test 'xmllint' to check XML markup files
[0.407s] -- Configuring done
[0.423s] -- Generating done
[0.426s] -- Build files have been written to: /home/lyd/ROS2/chapter2_Node/build/demo_cpp_pkg
[0.447s] [35m[1mConsolidate compiler generated dependencies of target cpp_node[0m
[0.465s] [ 50%] [32m[1mLinking CXX executable cpp_node[0m
[0.547s] [100%] Built target cpp_node
[0.566s] Invoked command in '/home/lyd/ROS2/chapter2_Node/build/demo_cpp_pkg' returned '0': CMAKE_PREFIX_PATH=${CMAKE_PREFIX_PATH}:/home/lyd/ROS2/chapter2_Node/install/demo_python_pkg:/opt/ros/humble /usr/bin/cmake --build /home/lyd/ROS2/chapter2_Node/build/demo_cpp_pkg -- -j4 -l4
[0.573s] Invoking command in '/home/lyd/ROS2/chapter2_Node/build/demo_cpp_pkg': CMAKE_PREFIX_PATH=${CMAKE_PREFIX_PATH}:/home/lyd/ROS2/chapter2_Node/install/demo_python_pkg:/opt/ros/humble /usr/bin/cmake --install /home/lyd/ROS2/chapter2_Node/build/demo_cpp_pkg
[0.580s] -- Install configuration: ""
[0.580s] -- Installing: /home/lyd/ROS2/chapter2_Node/install/demo_cpp_pkg/lib/demo_cpp_pkg/cpp_node
[0.581s] -- Set runtime path of "/home/lyd/ROS2/chapter2_Node/install/demo_cpp_pkg/lib/demo_cpp_pkg/cpp_node" to ""
[0.581s] -- Up-to-date: /home/lyd/ROS2/chapter2_Node/install/demo_cpp_pkg/share/ament_index/resource_index/package_run_dependencies/demo_cpp_pkg
[0.581s] -- Installing: /home/lyd/ROS2/chapter2_Node/install/demo_cpp_pkg/share/ament_index/resource_index/parent_prefix_path/demo_cpp_pkg
[0.581s] -- Up-to-date: /home/lyd/ROS2/chapter2_Node/install/demo_cpp_pkg/share/demo_cpp_pkg/environment/ament_prefix_path.sh
[0.581s] -- Installing: /home/lyd/ROS2/chapter2_Node/install/demo_cpp_pkg/share/demo_cpp_pkg/environment/ament_prefix_path.dsv
[0.582s] -- Up-to-date: /home/lyd/ROS2/chapter2_Node/install/demo_cpp_pkg/share/demo_cpp_pkg/environment/path.sh
[0.582s] -- Installing: /home/lyd/ROS2/chapter2_Node/install/demo_cpp_pkg/share/demo_cpp_pkg/environment/path.dsv
[0.582s] -- Up-to-date: /home/lyd/ROS2/chapter2_Node/install/demo_cpp_pkg/share/demo_cpp_pkg/local_setup.bash
[0.582s] -- Up-to-date: /home/lyd/ROS2/chapter2_Node/install/demo_cpp_pkg/share/demo_cpp_pkg/local_setup.sh
[0.582s] -- Up-to-date: /home/lyd/ROS2/chapter2_Node/install/demo_cpp_pkg/share/demo_cpp_pkg/local_setup.zsh
[0.582s] -- Installing: /home/lyd/ROS2/chapter2_Node/install/demo_cpp_pkg/share/demo_cpp_pkg/local_setup.dsv
[0.582s] -- Installing: /home/lyd/ROS2/chapter2_Node/install/demo_cpp_pkg/share/demo_cpp_pkg/package.dsv
[0.582s] -- Up-to-date: /home/lyd/ROS2/chapter2_Node/install/demo_cpp_pkg/share/ament_index/resource_index/packages/demo_cpp_pkg
[0.582s] -- Up-to-date: /home/lyd/ROS2/chapter2_Node/install/demo_cpp_pkg/share/demo_cpp_pkg/cmake/demo_cpp_pkgConfig.cmake
[0.582s] -- Up-to-date: /home/lyd/ROS2/chapter2_Node/install/demo_cpp_pkg/share/demo_cpp_pkg/cmake/demo_cpp_pkgConfig-version.cmake
[0.582s] -- Up-to-date: /home/lyd/ROS2/chapter2_Node/install/demo_cpp_pkg/share/demo_cpp_pkg/package.xml
[0.583s] Invoked command in '/home/lyd/ROS2/chapter2_Node/build/demo_cpp_pkg' returned '0': CMAKE_PREFIX_PATH=${CMAKE_PREFIX_PATH}:/home/lyd/ROS2/chapter2_Node/install/demo_python_pkg:/opt/ros/humble /usr/bin/cmake --install /home/lyd/ROS2/chapter2_Node/build/demo_cpp_pkg
