[0.024s] Invoking command in '/home/lyd/ROS2/chapter3_Topic/topic_practice_ws/build/status_display': AMENT_PREFIX_PATH=/home/lyd/ROS2/chapter3_Topic/topic_practice_ws/install/status_interfaces:${AMENT_PREFIX_PATH} CMAKE_PREFIX_PATH=/home/lyd/ROS2/chapter3_Topic/topic_practice_ws/install/status_interfaces:/opt/ros/humble LD_LIBRARY_PATH=/home/lyd/ROS2/chapter3_Topic/topic_practice_ws/install/status_interfaces/lib:${LD_LIBRARY_PATH} PYTHONPATH=/home/lyd/ROS2/chapter3_Topic/topic_practice_ws/install/status_interfaces/local/lib/python3.10/dist-packages:${PYTHONPATH} /usr/bin/cmake --build /home/lyd/ROS2/chapter3_Topic/topic_practice_ws/build/status_display -- -j4 -l4
[0.099s] [ 50%] Built target hello_qt
[0.107s] [100%] Built target sys_status_display
[0.231s] Invoked command in '/home/lyd/ROS2/chapter3_Topic/topic_practice_ws/build/status_display' returned '0': AMENT_PREFIX_PATH=/home/lyd/ROS2/chapter3_Topic/topic_practice_ws/install/status_interfaces:${AMENT_PREFIX_PATH} CMAKE_PREFIX_PATH=/home/lyd/ROS2/chapter3_Topic/topic_practice_ws/install/status_interfaces:/opt/ros/humble LD_LIBRARY_PATH=/home/lyd/ROS2/chapter3_Topic/topic_practice_ws/install/status_interfaces/lib:${LD_LIBRARY_PATH} PYTHONPATH=/home/lyd/ROS2/chapter3_Topic/topic_practice_ws/install/status_interfaces/local/lib/python3.10/dist-packages:${PYTHONPATH} /usr/bin/cmake --build /home/lyd/ROS2/chapter3_Topic/topic_practice_ws/build/status_display -- -j4 -l4
[0.238s] Invoking command in '/home/lyd/ROS2/chapter3_Topic/topic_practice_ws/build/status_display': AMENT_PREFIX_PATH=/home/lyd/ROS2/chapter3_Topic/topic_practice_ws/install/status_interfaces:${AMENT_PREFIX_PATH} CMAKE_PREFIX_PATH=/home/lyd/ROS2/chapter3_Topic/topic_practice_ws/install/status_interfaces:/opt/ros/humble LD_LIBRARY_PATH=/home/lyd/ROS2/chapter3_Topic/topic_practice_ws/install/status_interfaces/lib:${LD_LIBRARY_PATH} PYTHONPATH=/home/lyd/ROS2/chapter3_Topic/topic_practice_ws/install/status_interfaces/local/lib/python3.10/dist-packages:${PYTHONPATH} /usr/bin/cmake --install /home/lyd/ROS2/chapter3_Topic/topic_practice_ws/build/status_display
[0.249s] -- Install configuration: ""
[0.249s] -- Up-to-date: /home/lyd/ROS2/chapter3_Topic/topic_practice_ws/install/status_display/lib/status_display/hello_qt
[0.249s] -- Up-to-date: /home/lyd/ROS2/chapter3_Topic/topic_practice_ws/install/status_display/lib/status_display/sys_status_display
[0.249s] -- Up-to-date: /home/lyd/ROS2/chapter3_Topic/topic_practice_ws/install/status_display/share/ament_index/resource_index/package_run_dependencies/status_display
[0.249s] -- Up-to-date: /home/lyd/ROS2/chapter3_Topic/topic_practice_ws/install/status_display/share/ament_index/resource_index/parent_prefix_path/status_display
[0.249s] -- Up-to-date: /home/lyd/ROS2/chapter3_Topic/topic_practice_ws/install/status_display/share/status_display/environment/ament_prefix_path.sh
[0.249s] -- Up-to-date: /home/lyd/ROS2/chapter3_Topic/topic_practice_ws/install/status_display/share/status_display/environment/ament_prefix_path.dsv
[0.249s] -- Up-to-date: /home/lyd/ROS2/chapter3_Topic/topic_practice_ws/install/status_display/share/status_display/environment/path.sh
[0.249s] -- Up-to-date: /home/lyd/ROS2/chapter3_Topic/topic_practice_ws/install/status_display/share/status_display/environment/path.dsv
[0.249s] -- Up-to-date: /home/lyd/ROS2/chapter3_Topic/topic_practice_ws/install/status_display/share/status_display/local_setup.bash
[0.249s] -- Up-to-date: /home/lyd/ROS2/chapter3_Topic/topic_practice_ws/install/status_display/share/status_display/local_setup.sh
[0.249s] -- Up-to-date: /home/lyd/ROS2/chapter3_Topic/topic_practice_ws/install/status_display/share/status_display/local_setup.zsh
[0.249s] -- Up-to-date: /home/lyd/ROS2/chapter3_Topic/topic_practice_ws/install/status_display/share/status_display/local_setup.dsv
[0.249s] -- Installing: /home/lyd/ROS2/chapter3_Topic/topic_practice_ws/install/status_display/share/status_display/package.dsv
[0.251s] -- Up-to-date: /home/lyd/ROS2/chapter3_Topic/topic_practice_ws/install/status_display/share/ament_index/resource_index/packages/status_display
[0.251s] -- Up-to-date: /home/lyd/ROS2/chapter3_Topic/topic_practice_ws/install/status_display/share/status_display/cmake/status_displayConfig.cmake
[0.251s] -- Up-to-date: /home/lyd/ROS2/chapter3_Topic/topic_practice_ws/install/status_display/share/status_display/cmake/status_displayConfig-version.cmake
[0.251s] -- Up-to-date: /home/lyd/ROS2/chapter3_Topic/topic_practice_ws/install/status_display/share/status_display/package.xml
[0.259s] Invoked command in '/home/lyd/ROS2/chapter3_Topic/topic_practice_ws/build/status_display' returned '0': AMENT_PREFIX_PATH=/home/lyd/ROS2/chapter3_Topic/topic_practice_ws/install/status_interfaces:${AMENT_PREFIX_PATH} CMAKE_PREFIX_PATH=/home/lyd/ROS2/chapter3_Topic/topic_practice_ws/install/status_interfaces:/opt/ros/humble LD_LIBRARY_PATH=/home/lyd/ROS2/chapter3_Topic/topic_practice_ws/install/status_interfaces/lib:${LD_LIBRARY_PATH} PYTHONPATH=/home/lyd/ROS2/chapter3_Topic/topic_practice_ws/install/status_interfaces/local/lib/python3.10/dist-packages:${PYTHONPATH} /usr/bin/cmake --install /home/lyd/ROS2/chapter3_Topic/topic_practice_ws/build/status_display
