[0.034s] Invoking command in '/home/lyd/ROS2/chapter4_Service/build/demo_cpp_service': CMAKE_PREFIX_PATH=/home/lyd/ROS2/chapter4_Service/install/chapt4_interfaces:/home/lyd/ROS2/chapter4_Service/install/demo_cpp_service:/home/lyd/ROS2/chapter4_Service/install/demo_python_service:/opt/ros/humble /usr/bin/cmake --build /home/lyd/ROS2/chapter4_Service/build/demo_cpp_service -- -j4 -l4
[0.104s] [35m[1mConsolidate compiler generated dependencies of target turtle_control[0m
[0.146s] [ 25%] [32mBuilding CXX object CMakeFiles/turtle_control.dir/src/turtle_control.cpp.o[0m
[0.150s] [ 75%] Built target patrol_client
[8.957s] [100%] [32m[1mLinking CXX executable turtle_control[0m
[9.333s] [100%] Built target turtle_control
[9.348s] Invoked command in '/home/lyd/ROS2/chapter4_Service/build/demo_cpp_service' returned '0': CMAKE_PREFIX_PATH=/home/lyd/ROS2/chapter4_Service/install/chapt4_interfaces:/home/lyd/ROS2/chapter4_Service/install/demo_cpp_service:/home/lyd/ROS2/chapter4_Service/install/demo_python_service:/opt/ros/humble /usr/bin/cmake --build /home/lyd/ROS2/chapter4_Service/build/demo_cpp_service -- -j4 -l4
[9.348s] Invoking command in '/home/lyd/ROS2/chapter4_Service/build/demo_cpp_service': CMAKE_PREFIX_PATH=/home/lyd/ROS2/chapter4_Service/install/chapt4_interfaces:/home/lyd/ROS2/chapter4_Service/install/demo_cpp_service:/home/lyd/ROS2/chapter4_Service/install/demo_python_service:/opt/ros/humble /usr/bin/cmake --install /home/lyd/ROS2/chapter4_Service/build/demo_cpp_service
[9.354s] -- Install configuration: ""
[9.355s] -- Installing: /home/lyd/ROS2/chapter4_Service/install/demo_cpp_service/lib/demo_cpp_service/turtle_control
[9.357s] -- Set runtime path of "/home/lyd/ROS2/chapter4_Service/install/demo_cpp_service/lib/demo_cpp_service/turtle_control" to ""
[9.357s] -- Up-to-date: /home/lyd/ROS2/chapter4_Service/install/demo_cpp_service/lib/demo_cpp_service/patrol_client
[9.357s] -- Up-to-date: /home/lyd/ROS2/chapter4_Service/install/demo_cpp_service/share/demo_cpp_service/launch
[9.357s] -- Up-to-date: /home/lyd/ROS2/chapter4_Service/install/demo_cpp_service/share/demo_cpp_service/launch/demo.launch.py
[9.357s] -- Up-to-date: /home/lyd/ROS2/chapter4_Service/install/demo_cpp_service/share/ament_index/resource_index/package_run_dependencies/demo_cpp_service
[9.357s] -- Up-to-date: /home/lyd/ROS2/chapter4_Service/install/demo_cpp_service/share/ament_index/resource_index/parent_prefix_path/demo_cpp_service
[9.357s] -- Up-to-date: /home/lyd/ROS2/chapter4_Service/install/demo_cpp_service/share/demo_cpp_service/environment/ament_prefix_path.sh
[9.358s] -- Up-to-date: /home/lyd/ROS2/chapter4_Service/install/demo_cpp_service/share/demo_cpp_service/environment/ament_prefix_path.dsv
[9.358s] -- Up-to-date: /home/lyd/ROS2/chapter4_Service/install/demo_cpp_service/share/demo_cpp_service/environment/path.sh
[9.358s] -- Up-to-date: /home/lyd/ROS2/chapter4_Service/install/demo_cpp_service/share/demo_cpp_service/environment/path.dsv
[9.358s] -- Up-to-date: /home/lyd/ROS2/chapter4_Service/install/demo_cpp_service/share/demo_cpp_service/local_setup.bash
[9.358s] -- Up-to-date: /home/lyd/ROS2/chapter4_Service/install/demo_cpp_service/share/demo_cpp_service/local_setup.sh
[9.358s] -- Up-to-date: /home/lyd/ROS2/chapter4_Service/install/demo_cpp_service/share/demo_cpp_service/local_setup.zsh
[9.358s] -- Up-to-date: /home/lyd/ROS2/chapter4_Service/install/demo_cpp_service/share/demo_cpp_service/local_setup.dsv
[9.358s] -- Installing: /home/lyd/ROS2/chapter4_Service/install/demo_cpp_service/share/demo_cpp_service/package.dsv
[9.358s] -- Up-to-date: /home/lyd/ROS2/chapter4_Service/install/demo_cpp_service/share/ament_index/resource_index/packages/demo_cpp_service
[9.358s] -- Up-to-date: /home/lyd/ROS2/chapter4_Service/install/demo_cpp_service/share/demo_cpp_service/cmake/demo_cpp_serviceConfig.cmake
[9.358s] -- Up-to-date: /home/lyd/ROS2/chapter4_Service/install/demo_cpp_service/share/demo_cpp_service/cmake/demo_cpp_serviceConfig-version.cmake
[9.358s] -- Up-to-date: /home/lyd/ROS2/chapter4_Service/install/demo_cpp_service/share/demo_cpp_service/package.xml
[9.362s] Invoked command in '/home/lyd/ROS2/chapter4_Service/build/demo_cpp_service' returned '0': CMAKE_PREFIX_PATH=/home/lyd/ROS2/chapter4_Service/install/chapt4_interfaces:/home/lyd/ROS2/chapter4_Service/install/demo_cpp_service:/home/lyd/ROS2/chapter4_Service/install/demo_python_service:/opt/ros/humble /usr/bin/cmake --install /home/lyd/ROS2/chapter4_Service/build/demo_cpp_service
