[0.587s] Invoking command in '/home/lyd/ROS2/chapter3_Topic/Topic_ws/src/demo_python_topic': PYTHONPATH=/home/lyd/ROS2/chapter3_Topic/Topic_ws/build/demo_python_topic/prefix_override:/usr/lib/python3/dist-packages/colcon_core/task/python/colcon_distutils_commands:/home/lyd/ROS2/chapter3_Topic/Topic_ws/install/demo_python_topic/lib/python3.10/site-packages:${PYTHONPATH} /usr/bin/python3 -W ignore:setup.py install is deprecated -W ignore:easy_install command is deprecated setup.py egg_info --egg-base ../../build/demo_python_topic build --build-base /home/lyd/ROS2/chapter3_Topic/Topic_ws/build/demo_python_topic/build install --record /home/lyd/ROS2/chapter3_Topic/Topic_ws/build/demo_python_topic/install.log --single-version-externally-managed install_data
[0.835s] running egg_info
[0.835s] writing ../../build/demo_python_topic/demo_python_topic.egg-info/PKG-INFO
[0.836s] writing dependency_links to ../../build/demo_python_topic/demo_python_topic.egg-info/dependency_links.txt
[0.836s] writing entry points to ../../build/demo_python_topic/demo_python_topic.egg-info/entry_points.txt
[0.836s] writing requirements to ../../build/demo_python_topic/demo_python_topic.egg-info/requires.txt
[0.838s] writing top-level names to ../../build/demo_python_topic/demo_python_topic.egg-info/top_level.txt
[0.840s] reading manifest file '../../build/demo_python_topic/demo_python_topic.egg-info/SOURCES.txt'
[0.841s] adding license file 'LICENSE'
[0.841s] writing manifest file '../../build/demo_python_topic/demo_python_topic.egg-info/SOURCES.txt'
[0.841s] running build
[0.841s] running build_py
[0.842s] running install
[0.842s] running install_lib
[0.843s] running install_data
[0.843s] running install_egg_info
[0.844s] removing '/home/lyd/ROS2/chapter3_Topic/Topic_ws/install/demo_python_topic/lib/python3.10/site-packages/demo_python_topic-0.0.0-py3.10.egg-info' (and everything under it)
[0.847s] Copying ../../build/demo_python_topic/demo_python_topic.egg-info to /home/lyd/ROS2/chapter3_Topic/Topic_ws/install/demo_python_topic/lib/python3.10/site-packages/demo_python_topic-0.0.0-py3.10.egg-info
[0.847s] running install_scripts
[0.867s] Installing novel_pub_node script to /home/lyd/ROS2/chapter3_Topic/Topic_ws/install/demo_python_topic/lib/demo_python_topic
[0.867s] Installing novel_sub_node script to /home/lyd/ROS2/chapter3_Topic/Topic_ws/install/demo_python_topic/lib/demo_python_topic
[0.868s] writing list of installed files to '/home/lyd/ROS2/chapter3_Topic/Topic_ws/build/demo_python_topic/install.log'
[0.895s] Invoked command in '/home/lyd/ROS2/chapter3_Topic/Topic_ws/src/demo_python_topic' returned '0': PYTHONPATH=/home/lyd/ROS2/chapter3_Topic/Topic_ws/build/demo_python_topic/prefix_override:/usr/lib/python3/dist-packages/colcon_core/task/python/colcon_distutils_commands:/home/lyd/ROS2/chapter3_Topic/Topic_ws/install/demo_python_topic/lib/python3.10/site-packages:${PYTHONPATH} /usr/bin/python3 -W ignore:setup.py install is deprecated -W ignore:easy_install command is deprecated setup.py egg_info --egg-base ../../build/demo_python_topic build --build-base /home/lyd/ROS2/chapter3_Topic/Topic_ws/build/demo_python_topic/build install --record /home/lyd/ROS2/chapter3_Topic/Topic_ws/build/demo_python_topic/install.log --single-version-externally-managed install_data
