[0.472s] Invoking command in '/home/lyd/ROS2/chapter2_Node/chapter2_workspace/src/demo_python_pkg': PYTHONPATH=/home/lyd/ROS2/chapter2_Node/chapter2_workspace/build/demo_python_pkg/prefix_override:/usr/lib/python3/dist-packages/colcon_core/task/python/colcon_distutils_commands:/home/lyd/ROS2/chapter2_Node/chapter2_workspace/install/demo_python_pkg/lib/python3.10/site-packages:${PYTHONPATH} /usr/bin/python3 -W ignore:setup.py install is deprecated -W ignore:easy_install command is deprecated setup.py egg_info --egg-base ../../build/demo_python_pkg build --build-base /home/lyd/ROS2/chapter2_Node/chapter2_workspace/build/demo_python_pkg/build install --record /home/lyd/ROS2/chapter2_Node/chapter2_workspace/build/demo_python_pkg/install.log --single-version-externally-managed install_data
[0.659s] running egg_info
[0.659s] writing ../../build/demo_python_pkg/demo_python_pkg.egg-info/PKG-INFO
[0.660s] writing dependency_links to ../../build/demo_python_pkg/demo_python_pkg.egg-info/dependency_links.txt
[0.660s] writing entry points to ../../build/demo_python_pkg/demo_python_pkg.egg-info/entry_points.txt
[0.660s] writing requirements to ../../build/demo_python_pkg/demo_python_pkg.egg-info/requires.txt
[0.660s] writing top-level names to ../../build/demo_python_pkg/demo_python_pkg.egg-info/top_level.txt
[0.661s] reading manifest file '../../build/demo_python_pkg/demo_python_pkg.egg-info/SOURCES.txt'
[0.662s] adding license file 'LICENSE'
[0.662s] writing manifest file '../../build/demo_python_pkg/demo_python_pkg.egg-info/SOURCES.txt'
[0.662s] running build
[0.662s] running build_py
[0.662s] copying demo_python_pkg/thread_test.py -> /home/lyd/ROS2/chapter2_Node/chapter2_workspace/build/demo_python_pkg/build/lib/demo_python_pkg
[0.663s] running install
[0.663s] running install_lib
[0.663s] copying /home/lyd/ROS2/chapter2_Node/chapter2_workspace/build/demo_python_pkg/build/lib/demo_python_pkg/thread_test.py -> /home/lyd/ROS2/chapter2_Node/chapter2_workspace/install/demo_python_pkg/lib/python3.10/site-packages/demo_python_pkg
[0.664s] byte-compiling /home/lyd/ROS2/chapter2_Node/chapter2_workspace/install/demo_python_pkg/lib/python3.10/site-packages/demo_python_pkg/thread_test.py to thread_test.cpython-310.pyc
[0.664s] running install_data
[0.664s] running install_egg_info
[0.665s] removing '/home/lyd/ROS2/chapter2_Node/chapter2_workspace/install/demo_python_pkg/lib/python3.10/site-packages/demo_python_pkg-0.0.0-py3.10.egg-info' (and everything under it)
[0.667s] Copying ../../build/demo_python_pkg/demo_python_pkg.egg-info to /home/lyd/ROS2/chapter2_Node/chapter2_workspace/install/demo_python_pkg/lib/python3.10/site-packages/demo_python_pkg-0.0.0-py3.10.egg-info
[0.667s] running install_scripts
[0.683s] Installing class_node script to /home/lyd/ROS2/chapter2_Node/chapter2_workspace/install/demo_python_pkg/lib/demo_python_pkg
[0.684s] Installing inheritance_node script to /home/lyd/ROS2/chapter2_Node/chapter2_workspace/install/demo_python_pkg/lib/demo_python_pkg
[0.684s] Installing python_node script to /home/lyd/ROS2/chapter2_Node/chapter2_workspace/install/demo_python_pkg/lib/demo_python_pkg
[0.684s] Installing thread_test script to /home/lyd/ROS2/chapter2_Node/chapter2_workspace/install/demo_python_pkg/lib/demo_python_pkg
[0.684s] writing list of installed files to '/home/lyd/ROS2/chapter2_Node/chapter2_workspace/build/demo_python_pkg/install.log'
[0.702s] Invoked command in '/home/lyd/ROS2/chapter2_Node/chapter2_workspace/src/demo_python_pkg' returned '0': PYTHONPATH=/home/lyd/ROS2/chapter2_Node/chapter2_workspace/build/demo_python_pkg/prefix_override:/usr/lib/python3/dist-packages/colcon_core/task/python/colcon_distutils_commands:/home/lyd/ROS2/chapter2_Node/chapter2_workspace/install/demo_python_pkg/lib/python3.10/site-packages:${PYTHONPATH} /usr/bin/python3 -W ignore:setup.py install is deprecated -W ignore:easy_install command is deprecated setup.py egg_info --egg-base ../../build/demo_python_pkg build --build-base /home/lyd/ROS2/chapter2_Node/chapter2_workspace/build/demo_python_pkg/build install --record /home/lyd/ROS2/chapter2_Node/chapter2_workspace/build/demo_python_pkg/install.log --single-version-externally-managed install_data
