[0.022s] Invoking command in '/home/lyd/ROS2/chapter3_Topic/topic_practice_ws/build/status_display': CMAKE_PREFIX_PATH=/home/lyd/ROS2/chapter3_Topic/topic_practice_ws/install/status_interfaces:/home/lyd/ROS2/chapter3_Topic/topic_practice_ws/install/status_display:/home/lyd/ROS2/chapter3_Topic/topic_practice_ws/install/status_publisher:/opt/ros/humble /usr/bin/cmake --build /home/lyd/ROS2/chapter3_Topic/topic_practice_ws/build/status_display -- -j4 -l4
[0.102s] [35m[1mConsolidate compiler generated dependencies of target hello_qt[0m
[0.108s] [35m[1mConsolidate compiler generated dependencies of target sys_status_display[0m
[0.139s] [ 50%] Built target hello_qt
[0.143s] [100%] Built target sys_status_display
[0.323s] Invoked command in '/home/lyd/ROS2/chapter3_Topic/topic_practice_ws/build/status_display' returned '0': CMAKE_PREFIX_PATH=/home/lyd/ROS2/chapter3_Topic/topic_practice_ws/install/status_interfaces:/home/lyd/ROS2/chapter3_Topic/topic_practice_ws/install/status_display:/home/lyd/ROS2/chapter3_Topic/topic_practice_ws/install/status_publisher:/opt/ros/humble /usr/bin/cmake --build /home/lyd/ROS2/chapter3_Topic/topic_practice_ws/build/status_display -- -j4 -l4
[0.323s] Invoking command in '/home/lyd/ROS2/chapter3_Topic/topic_practice_ws/build/status_display': CMAKE_PREFIX_PATH=/home/lyd/ROS2/chapter3_Topic/topic_practice_ws/install/status_interfaces:/home/lyd/ROS2/chapter3_Topic/topic_practice_ws/install/status_display:/home/lyd/ROS2/chapter3_Topic/topic_practice_ws/install/status_publisher:/opt/ros/humble /usr/bin/cmake --install /home/lyd/ROS2/chapter3_Topic/topic_practice_ws/build/status_display
[0.330s] -- Install configuration: ""
[0.331s] -- Up-to-date: /home/lyd/ROS2/chapter3_Topic/topic_practice_ws/install/status_display/lib/status_display/hello_qt
[0.332s] -- Up-to-date: /home/lyd/ROS2/chapter3_Topic/topic_practice_ws/install/status_display/lib/status_display/sys_status_display
[0.332s] -- Up-to-date: /home/lyd/ROS2/chapter3_Topic/topic_practice_ws/install/status_display/share/ament_index/resource_index/package_run_dependencies/status_display
[0.332s] -- Up-to-date: /home/lyd/ROS2/chapter3_Topic/topic_practice_ws/install/status_display/share/ament_index/resource_index/parent_prefix_path/status_display
[0.332s] -- Up-to-date: /home/lyd/ROS2/chapter3_Topic/topic_practice_ws/install/status_display/share/status_display/environment/ament_prefix_path.sh
[0.332s] -- Up-to-date: /home/lyd/ROS2/chapter3_Topic/topic_practice_ws/install/status_display/share/status_display/environment/ament_prefix_path.dsv
[0.332s] -- Up-to-date: /home/lyd/ROS2/chapter3_Topic/topic_practice_ws/install/status_display/share/status_display/environment/path.sh
[0.332s] -- Up-to-date: /home/lyd/ROS2/chapter3_Topic/topic_practice_ws/install/status_display/share/status_display/environment/path.dsv
[0.332s] -- Up-to-date: /home/lyd/ROS2/chapter3_Topic/topic_practice_ws/install/status_display/share/status_display/local_setup.bash
[0.332s] -- Up-to-date: /home/lyd/ROS2/chapter3_Topic/topic_practice_ws/install/status_display/share/status_display/local_setup.sh
[0.332s] -- Up-to-date: /home/lyd/ROS2/chapter3_Topic/topic_practice_ws/install/status_display/share/status_display/local_setup.zsh
[0.332s] -- Up-to-date: /home/lyd/ROS2/chapter3_Topic/topic_practice_ws/install/status_display/share/status_display/local_setup.dsv
[0.332s] -- Installing: /home/lyd/ROS2/chapter3_Topic/topic_practice_ws/install/status_display/share/status_display/package.dsv
[0.332s] -- Up-to-date: /home/lyd/ROS2/chapter3_Topic/topic_practice_ws/install/status_display/share/ament_index/resource_index/packages/status_display
[0.332s] -- Up-to-date: /home/lyd/ROS2/chapter3_Topic/topic_practice_ws/install/status_display/share/status_display/cmake/status_displayConfig.cmake
[0.332s] -- Up-to-date: /home/lyd/ROS2/chapter3_Topic/topic_practice_ws/install/status_display/share/status_display/cmake/status_displayConfig-version.cmake
[0.332s] -- Up-to-date: /home/lyd/ROS2/chapter3_Topic/topic_practice_ws/install/status_display/share/status_display/package.xml
[0.333s] Invoked command in '/home/lyd/ROS2/chapter3_Topic/topic_practice_ws/build/status_display' returned '0': CMAKE_PREFIX_PATH=/home/lyd/ROS2/chapter3_Topic/topic_practice_ws/install/status_interfaces:/home/lyd/ROS2/chapter3_Topic/topic_practice_ws/install/status_display:/home/lyd/ROS2/chapter3_Topic/topic_practice_ws/install/status_publisher:/opt/ros/humble /usr/bin/cmake --install /home/lyd/ROS2/chapter3_Topic/topic_practice_ws/build/status_display
