[0.010s] Invoking command in '/home/lyd/ROS2/chapter4_Service/Service_ws/build/chapt4_interfaces': CMAKE_PREFIX_PATH=/opt/ros/humble /usr/bin/cmake /home/lyd/ROS2/chapter4_Service/Service_ws/src/chapt4_interfaces -DCMAKE_INSTALL_PREFIX=/home/lyd/ROS2/chapter4_Service/Service_ws/install/chapt4_interfaces
[0.101s] -- The C compiler identification is GNU 11.4.0
[0.194s] -- The CXX compiler identification is GNU 11.4.0
[0.204s] -- Detecting C compiler ABI info
[0.281s] -- Detecting C compiler ABI info - done
[0.283s] -- Check for working C compiler: /usr/bin/cc - skipped
[0.283s] -- Detecting C compile features
[0.284s] -- Detecting C compile features - done
[0.288s] -- Detecting CXX compiler ABI info
[0.412s] -- Detecting CXX compiler ABI info - done
[0.420s] -- Check for working CXX compiler: /usr/bin/c++ - skipped
[0.420s] -- Detecting CXX compile features
[0.422s] -- Detecting CXX compile features - done
[0.433s] -- Found ament_cmake: 1.3.11 (/opt/ros/humble/share/ament_cmake/cmake)
[0.591s] -- Found Python3: /usr/bin/python3 (found version "3.10.12") found components: Interpreter 
[0.680s] -- Found rosidl_default_generators: 1.2.0 (/opt/ros/humble/share/rosidl_default_generators/cmake)
[0.687s] -- Using all available rosidl_typesupport_c: rosidl_typesupport_fastrtps_c;rosidl_typesupport_introspection_c
[0.697s] -- Found rosidl_adapter: 3.1.6 (/opt/ros/humble/share/rosidl_adapter/cmake)
[0.748s] -- Using all available rosidl_typesupport_cpp: rosidl_typesupport_fastrtps_cpp;rosidl_typesupport_introspection_cpp
[0.782s] -- Found sensor_msgs: 4.8.0 (/opt/ros/humble/share/sensor_msgs/cmake)
[1.102s] -- Found ament_cmake_ros: 0.10.0 (/opt/ros/humble/share/ament_cmake_ros/cmake)
[1.359s] -- Using all available rosidl_typesupport_c: rosidl_typesupport_fastrtps_c;rosidl_typesupport_introspection_c
[1.724s] -- Using all available rosidl_typesupport_cpp: rosidl_typesupport_fastrtps_cpp;rosidl_typesupport_introspection_cpp
[1.749s] -- Found PythonInterp: /usr/bin/python3 (found suitable version "3.10.12", minimum required is "3.6") 
[1.752s] -- Found python_cmake_module: 0.10.0 (/opt/ros/humble/share/python_cmake_module/cmake)
[1.777s] -- Found PythonLibs: /usr/lib/x86_64-linux-gnu/libpython3.10.so (found suitable version "3.10.12", minimum required is "3.5") 
[1.777s] -- Using PYTHON_EXECUTABLE: /usr/bin/python3
[1.777s] -- Using PYTHON_INCLUDE_DIRS: /usr/include/python3.10
[1.777s] -- Using PYTHON_LIBRARIES: /usr/lib/x86_64-linux-gnu/libpython3.10.so
[1.800s] -- Found PythonExtra: .so  
[1.861s] -- Found ament_lint_auto: 0.12.12 (/opt/ros/humble/share/ament_lint_auto/cmake)
[1.885s] -- Added test 'lint_cmake' to check CMake code style
[1.887s] -- Added test 'xmllint' to check XML markup files
[1.889s] -- Configuring done
[1.922s] -- Generating done
[1.935s] -- Build files have been written to: /home/lyd/ROS2/chapter4_Service/Service_ws/build/chapt4_interfaces
[1.945s] Invoked command in '/home/lyd/ROS2/chapter4_Service/Service_ws/build/chapt4_interfaces' returned '0': CMAKE_PREFIX_PATH=/opt/ros/humble /usr/bin/cmake /home/lyd/ROS2/chapter4_Service/Service_ws/src/chapt4_interfaces -DCMAKE_INSTALL_PREFIX=/home/lyd/ROS2/chapter4_Service/Service_ws/install/chapt4_interfaces
[1.948s] Invoking command in '/home/lyd/ROS2/chapter4_Service/Service_ws/build/chapt4_interfaces': CMAKE_PREFIX_PATH=/opt/ros/humble /usr/bin/cmake --build /home/lyd/ROS2/chapter4_Service/Service_ws/build/chapt4_interfaces -- -j4 -l4
[1.983s] [  2%] [34m[1mGenerating C code for ROS interfaces[0m
[1.993s] [  5%] [34m[1mGenerating C++ code for ROS interfaces[0m
[1.999s] [  5%] Built target ament_cmake_python_copy_chapt4_interfaces
[2.203s] running egg_info
[2.203s] creating chapt4_interfaces.egg-info
[2.203s] writing chapt4_interfaces.egg-info/PKG-INFO
[2.204s] writing dependency_links to chapt4_interfaces.egg-info/dependency_links.txt
[2.204s] writing top-level names to chapt4_interfaces.egg-info/top_level.txt
[2.204s] writing manifest file 'chapt4_interfaces.egg-info/SOURCES.txt'
[2.206s] reading manifest file 'chapt4_interfaces.egg-info/SOURCES.txt'
[2.208s] writing manifest file 'chapt4_interfaces.egg-info/SOURCES.txt'
[2.242s] [  5%] Built target ament_cmake_python_build_chapt4_interfaces_egg
[2.401s] [  7%] [32mBuilding C object CMakeFiles/chapt4_interfaces__rosidl_generator_c.dir/rosidl_generator_c/chapt4_interfaces/srv/detail/face_detector__functions.c.o[0m
[2.414s] [ 10%] [32mBuilding C object CMakeFiles/chapt4_interfaces__rosidl_generator_c.dir/rosidl_generator_c/chapt4_interfaces/srv/detail/patrol__functions.c.o[0m
[2.414s] [ 10%] Built target chapt4_interfaces__cpp
[2.427s] [ 12%] [34m[1mGenerating C++ type support dispatch for ROS interfaces[0m
[2.443s] [ 15%] [34m[1mGenerating C++ type support for eProsima Fast-RTPS[0m
[2.494s] [ 17%] [34m[1mGenerating C++ introspection for ROS interfaces[0m
[2.495s] [ 20%] [32m[1mLinking C shared library libchapt4_interfaces__rosidl_generator_c.so[0m
[2.543s] [ 20%] Built target chapt4_interfaces__rosidl_generator_c
[2.555s] [ 23%] [34m[1mGenerating C type support for eProsima Fast-RTPS[0m
[2.781s] [ 25%] [32mBuilding CXX object CMakeFiles/chapt4_interfaces__rosidl_typesupport_cpp.dir/rosidl_typesupport_cpp/chapt4_interfaces/srv/face_detector__type_support.cpp.o[0m
[2.912s] [ 28%] [32mBuilding CXX object CMakeFiles/chapt4_interfaces__rosidl_typesupport_fastrtps_cpp.dir/rosidl_typesupport_fastrtps_cpp/chapt4_interfaces/srv/detail/dds_fastrtps/face_detector__type_support.cpp.o[0m
[2.916s] [ 30%] [32mBuilding CXX object CMakeFiles/chapt4_interfaces__rosidl_typesupport_introspection_cpp.dir/rosidl_typesupport_introspection_cpp/chapt4_interfaces/srv/detail/face_detector__type_support.cpp.o[0m
[3.000s] [ 33%] [32mBuilding CXX object CMakeFiles/chapt4_interfaces__rosidl_typesupport_fastrtps_c.dir/rosidl_typesupport_fastrtps_c/chapt4_interfaces/srv/detail/face_detector__type_support_c.cpp.o[0m
[3.093s] [ 35%] [32mBuilding CXX object CMakeFiles/chapt4_interfaces__rosidl_typesupport_cpp.dir/rosidl_typesupport_cpp/chapt4_interfaces/srv/patrol__type_support.cpp.o[0m
[3.320s] [ 38%] [32m[1mLinking CXX shared library libchapt4_interfaces__rosidl_typesupport_cpp.so[0m
[3.332s] [ 41%] [32mBuilding CXX object CMakeFiles/chapt4_interfaces__rosidl_typesupport_fastrtps_c.dir/rosidl_typesupport_fastrtps_c/chapt4_interfaces/srv/detail/patrol__type_support_c.cpp.o[0m
[3.379s] [ 43%] [32mBuilding CXX object CMakeFiles/chapt4_interfaces__rosidl_typesupport_introspection_cpp.dir/rosidl_typesupport_introspection_cpp/chapt4_interfaces/srv/detail/patrol__type_support.cpp.o[0m
[3.379s] [ 43%] Built target chapt4_interfaces__rosidl_typesupport_cpp
[3.389s] [ 46%] [34m[1mGenerating C introspection for ROS interfaces[0m
[3.410s] [ 48%] [32mBuilding CXX object CMakeFiles/chapt4_interfaces__rosidl_typesupport_fastrtps_cpp.dir/rosidl_typesupport_fastrtps_cpp/chapt4_interfaces/srv/detail/dds_fastrtps/patrol__type_support.cpp.o[0m
[3.663s] [ 51%] [32m[1mLinking CXX shared library libchapt4_interfaces__rosidl_typesupport_fastrtps_c.so[0m
[3.744s] [ 53%] [32m[1mLinking CXX shared library libchapt4_interfaces__rosidl_typesupport_introspection_cpp.so[0m
[3.777s] [ 53%] Built target chapt4_interfaces__rosidl_typesupport_fastrtps_c
[3.811s] [ 56%] [34m[1mGenerating C type support dispatch for ROS interfaces[0m
[3.831s] [ 58%] [32m[1mLinking CXX shared library libchapt4_interfaces__rosidl_typesupport_fastrtps_cpp.so[0m
[3.865s] [ 58%] Built target chapt4_interfaces__rosidl_typesupport_introspection_cpp
[3.873s] [ 61%] [32mBuilding C object CMakeFiles/chapt4_interfaces__rosidl_typesupport_introspection_c.dir/rosidl_typesupport_introspection_c/chapt4_interfaces/srv/detail/face_detector__type_support.c.o[0m
[3.889s] [ 64%] [32mBuilding C object CMakeFiles/chapt4_interfaces__rosidl_typesupport_introspection_c.dir/rosidl_typesupport_introspection_c/chapt4_interfaces/srv/detail/patrol__type_support.c.o[0m
[3.942s] [ 66%] [32m[1mLinking C shared library libchapt4_interfaces__rosidl_typesupport_introspection_c.so[0m
[3.952s] [ 66%] Built target chapt4_interfaces__rosidl_typesupport_fastrtps_cpp
[3.998s] [ 66%] Built target chapt4_interfaces__rosidl_typesupport_introspection_c
[4.134s] [ 69%] [32mBuilding CXX object CMakeFiles/chapt4_interfaces__rosidl_typesupport_c.dir/rosidl_typesupport_c/chapt4_interfaces/srv/face_detector__type_support.cpp.o[0m
[4.134s] [ 71%] [32mBuilding CXX object CMakeFiles/chapt4_interfaces__rosidl_typesupport_c.dir/rosidl_typesupport_c/chapt4_interfaces/srv/patrol__type_support.cpp.o[0m
[4.169s] [ 74%] [32m[1mLinking CXX shared library libchapt4_interfaces__rosidl_typesupport_c.so[0m
[4.215s] [ 74%] Built target chapt4_interfaces__rosidl_typesupport_c
[4.234s] [ 74%] Built target chapt4_interfaces
[4.256s] [ 76%] [34m[1mGenerating Python code for ROS interfaces[0m
[4.858s] [ 76%] Built target chapt4_interfaces__py
[4.887s] [ 82%] [32mBuilding C object CMakeFiles/chapt4_interfaces__rosidl_generator_py.dir/rosidl_generator_py/chapt4_interfaces/srv/_patrol_s.c.o[0m
[4.887s] [ 82%] [32mBuilding C object CMakeFiles/chapt4_interfaces__rosidl_generator_py.dir/rosidl_generator_py/chapt4_interfaces/srv/_face_detector_s.c.o[0m
[5.038s] [ 84%] [32m[1mLinking C shared library rosidl_generator_py/chapt4_interfaces/libchapt4_interfaces__rosidl_generator_py.so[0m
[5.088s] [ 84%] Built target chapt4_interfaces__rosidl_generator_py
[5.111s] [ 87%] [32mBuilding C object CMakeFiles/chapt4_interfaces__rosidl_typesupport_introspection_c__pyext.dir/rosidl_generator_py/chapt4_interfaces/_chapt4_interfaces_s.ep.rosidl_typesupport_introspection_c.c.o[0m
[5.112s] [ 89%] [32mBuilding C object CMakeFiles/chapt4_interfaces__rosidl_typesupport_c__pyext.dir/rosidl_generator_py/chapt4_interfaces/_chapt4_interfaces_s.ep.rosidl_typesupport_c.c.o[0m
[5.112s] [ 92%] [32mBuilding C object CMakeFiles/chapt4_interfaces__rosidl_typesupport_fastrtps_c__pyext.dir/rosidl_generator_py/chapt4_interfaces/_chapt4_interfaces_s.ep.rosidl_typesupport_fastrtps_c.c.o[0m
[5.219s] [ 94%] [32m[1mLinking C shared library rosidl_generator_py/chapt4_interfaces/chapt4_interfaces_s__rosidl_typesupport_introspection_c.cpython-310-x86_64-linux-gnu.so[0m
[5.221s] [ 97%] [32m[1mLinking C shared library rosidl_generator_py/chapt4_interfaces/chapt4_interfaces_s__rosidl_typesupport_c.cpython-310-x86_64-linux-gnu.so[0m
[5.224s] [100%] [32m[1mLinking C shared library rosidl_generator_py/chapt4_interfaces/chapt4_interfaces_s__rosidl_typesupport_fastrtps_c.cpython-310-x86_64-linux-gnu.so[0m
[5.267s] [100%] Built target chapt4_interfaces__rosidl_typesupport_introspection_c__pyext
[5.267s] [100%] Built target chapt4_interfaces__rosidl_typesupport_c__pyext
[5.272s] [100%] Built target chapt4_interfaces__rosidl_typesupport_fastrtps_c__pyext
[5.291s] Invoked command in '/home/lyd/ROS2/chapter4_Service/Service_ws/build/chapt4_interfaces' returned '0': CMAKE_PREFIX_PATH=/opt/ros/humble /usr/bin/cmake --build /home/lyd/ROS2/chapter4_Service/Service_ws/build/chapt4_interfaces -- -j4 -l4
[5.299s] Invoking command in '/home/lyd/ROS2/chapter4_Service/Service_ws/build/chapt4_interfaces': CMAKE_PREFIX_PATH=/opt/ros/humble /usr/bin/cmake --install /home/lyd/ROS2/chapter4_Service/Service_ws/build/chapt4_interfaces
[5.307s] -- Install configuration: ""
[5.307s] -- Installing: /home/lyd/ROS2/chapter4_Service/Service_ws/install/chapt4_interfaces/share/ament_index/resource_index/rosidl_interfaces/chapt4_interfaces
[5.307s] -- Installing: /home/lyd/ROS2/chapter4_Service/Service_ws/install/chapt4_interfaces/include/chapt4_interfaces/chapt4_interfaces
[5.307s] -- Installing: /home/lyd/ROS2/chapter4_Service/Service_ws/install/chapt4_interfaces/include/chapt4_interfaces/chapt4_interfaces/srv
[5.307s] -- Installing: /home/lyd/ROS2/chapter4_Service/Service_ws/install/chapt4_interfaces/include/chapt4_interfaces/chapt4_interfaces/srv/detail
[5.307s] -- Installing: /home/lyd/ROS2/chapter4_Service/Service_ws/install/chapt4_interfaces/include/chapt4_interfaces/chapt4_interfaces/srv/detail/face_detector__functions.c
[5.307s] -- Installing: /home/lyd/ROS2/chapter4_Service/Service_ws/install/chapt4_interfaces/include/chapt4_interfaces/chapt4_interfaces/srv/detail/face_detector__struct.h
[5.308s] -- Installing: /home/lyd/ROS2/chapter4_Service/Service_ws/install/chapt4_interfaces/include/chapt4_interfaces/chapt4_interfaces/srv/detail/patrol__type_support.h
[5.308s] -- Installing: /home/lyd/ROS2/chapter4_Service/Service_ws/install/chapt4_interfaces/include/chapt4_interfaces/chapt4_interfaces/srv/detail/patrol__struct.h
[5.308s] -- Installing: /home/lyd/ROS2/chapter4_Service/Service_ws/install/chapt4_interfaces/include/chapt4_interfaces/chapt4_interfaces/srv/detail/face_detector__type_support.h
[5.308s] -- Installing: /home/lyd/ROS2/chapter4_Service/Service_ws/install/chapt4_interfaces/include/chapt4_interfaces/chapt4_interfaces/srv/detail/patrol__functions.h
[5.308s] -- Installing: /home/lyd/ROS2/chapter4_Service/Service_ws/install/chapt4_interfaces/include/chapt4_interfaces/chapt4_interfaces/srv/detail/face_detector__functions.h
[5.308s] -- Installing: /home/lyd/ROS2/chapter4_Service/Service_ws/install/chapt4_interfaces/include/chapt4_interfaces/chapt4_interfaces/srv/detail/patrol__functions.c
[5.308s] -- Installing: /home/lyd/ROS2/chapter4_Service/Service_ws/install/chapt4_interfaces/include/chapt4_interfaces/chapt4_interfaces/srv/face_detector.h
[5.308s] -- Installing: /home/lyd/ROS2/chapter4_Service/Service_ws/install/chapt4_interfaces/include/chapt4_interfaces/chapt4_interfaces/srv/patrol.h
[5.308s] -- Installing: /home/lyd/ROS2/chapter4_Service/Service_ws/install/chapt4_interfaces/include/chapt4_interfaces/chapt4_interfaces/msg
[5.308s] -- Installing: /home/lyd/ROS2/chapter4_Service/Service_ws/install/chapt4_interfaces/include/chapt4_interfaces/chapt4_interfaces/msg/rosidl_generator_c__visibility_control.h
[5.308s] -- Installing: /home/lyd/ROS2/chapter4_Service/Service_ws/install/chapt4_interfaces/share/chapt4_interfaces/environment/library_path.sh
[5.308s] -- Installing: /home/lyd/ROS2/chapter4_Service/Service_ws/install/chapt4_interfaces/share/chapt4_interfaces/environment/library_path.dsv
[5.308s] -- Installing: /home/lyd/ROS2/chapter4_Service/Service_ws/install/chapt4_interfaces/lib/libchapt4_interfaces__rosidl_generator_c.so
[5.309s] -- Set runtime path of "/home/lyd/ROS2/chapter4_Service/Service_ws/install/chapt4_interfaces/lib/libchapt4_interfaces__rosidl_generator_c.so" to ""
[5.309s] -- Up-to-date: /home/lyd/ROS2/chapter4_Service/Service_ws/install/chapt4_interfaces/include/chapt4_interfaces/chapt4_interfaces
[5.309s] -- Up-to-date: /home/lyd/ROS2/chapter4_Service/Service_ws/install/chapt4_interfaces/include/chapt4_interfaces/chapt4_interfaces/srv
[5.309s] -- Up-to-date: /home/lyd/ROS2/chapter4_Service/Service_ws/install/chapt4_interfaces/include/chapt4_interfaces/chapt4_interfaces/srv/detail
[5.309s] -- Installing: /home/lyd/ROS2/chapter4_Service/Service_ws/install/chapt4_interfaces/include/chapt4_interfaces/chapt4_interfaces/srv/detail/face_detector__rosidl_typesupport_fastrtps_c.h
[5.309s] -- Installing: /home/lyd/ROS2/chapter4_Service/Service_ws/install/chapt4_interfaces/include/chapt4_interfaces/chapt4_interfaces/srv/detail/patrol__rosidl_typesupport_fastrtps_c.h
[5.309s] -- Up-to-date: /home/lyd/ROS2/chapter4_Service/Service_ws/install/chapt4_interfaces/include/chapt4_interfaces/chapt4_interfaces/msg
[5.309s] -- Installing: /home/lyd/ROS2/chapter4_Service/Service_ws/install/chapt4_interfaces/include/chapt4_interfaces/chapt4_interfaces/msg/rosidl_typesupport_fastrtps_c__visibility_control.h
[5.309s] -- Installing: /home/lyd/ROS2/chapter4_Service/Service_ws/install/chapt4_interfaces/lib/libchapt4_interfaces__rosidl_typesupport_fastrtps_c.so
[5.309s] -- Set runtime path of "/home/lyd/ROS2/chapter4_Service/Service_ws/install/chapt4_interfaces/lib/libchapt4_interfaces__rosidl_typesupport_fastrtps_c.so" to ""
[5.309s] -- Up-to-date: /home/lyd/ROS2/chapter4_Service/Service_ws/install/chapt4_interfaces/include/chapt4_interfaces/chapt4_interfaces
[5.309s] -- Up-to-date: /home/lyd/ROS2/chapter4_Service/Service_ws/install/chapt4_interfaces/include/chapt4_interfaces/chapt4_interfaces/srv
[5.309s] -- Up-to-date: /home/lyd/ROS2/chapter4_Service/Service_ws/install/chapt4_interfaces/include/chapt4_interfaces/chapt4_interfaces/srv/detail
[5.309s] -- Installing: /home/lyd/ROS2/chapter4_Service/Service_ws/install/chapt4_interfaces/include/chapt4_interfaces/chapt4_interfaces/srv/detail/patrol__rosidl_typesupport_introspection_c.h
[5.310s] -- Installing: /home/lyd/ROS2/chapter4_Service/Service_ws/install/chapt4_interfaces/include/chapt4_interfaces/chapt4_interfaces/srv/detail/face_detector__rosidl_typesupport_introspection_c.h
[5.310s] -- Installing: /home/lyd/ROS2/chapter4_Service/Service_ws/install/chapt4_interfaces/include/chapt4_interfaces/chapt4_interfaces/srv/detail/face_detector__type_support.c
[5.310s] -- Installing: /home/lyd/ROS2/chapter4_Service/Service_ws/install/chapt4_interfaces/include/chapt4_interfaces/chapt4_interfaces/srv/detail/patrol__type_support.c
[5.310s] -- Up-to-date: /home/lyd/ROS2/chapter4_Service/Service_ws/install/chapt4_interfaces/include/chapt4_interfaces/chapt4_interfaces/msg
[5.310s] -- Installing: /home/lyd/ROS2/chapter4_Service/Service_ws/install/chapt4_interfaces/include/chapt4_interfaces/chapt4_interfaces/msg/rosidl_typesupport_introspection_c__visibility_control.h
[5.310s] -- Installing: /home/lyd/ROS2/chapter4_Service/Service_ws/install/chapt4_interfaces/lib/libchapt4_interfaces__rosidl_typesupport_introspection_c.so
[5.310s] -- Set runtime path of "/home/lyd/ROS2/chapter4_Service/Service_ws/install/chapt4_interfaces/lib/libchapt4_interfaces__rosidl_typesupport_introspection_c.so" to ""
[5.311s] -- Installing: /home/lyd/ROS2/chapter4_Service/Service_ws/install/chapt4_interfaces/lib/libchapt4_interfaces__rosidl_typesupport_c.so
[5.311s] -- Set runtime path of "/home/lyd/ROS2/chapter4_Service/Service_ws/install/chapt4_interfaces/lib/libchapt4_interfaces__rosidl_typesupport_c.so" to ""
[5.311s] -- Up-to-date: /home/lyd/ROS2/chapter4_Service/Service_ws/install/chapt4_interfaces/include/chapt4_interfaces/chapt4_interfaces
[5.311s] -- Up-to-date: /home/lyd/ROS2/chapter4_Service/Service_ws/install/chapt4_interfaces/include/chapt4_interfaces/chapt4_interfaces/srv
[5.311s] -- Up-to-date: /home/lyd/ROS2/chapter4_Service/Service_ws/install/chapt4_interfaces/include/chapt4_interfaces/chapt4_interfaces/srv/detail
[5.311s] -- Installing: /home/lyd/ROS2/chapter4_Service/Service_ws/install/chapt4_interfaces/include/chapt4_interfaces/chapt4_interfaces/srv/detail/patrol__struct.hpp
[5.311s] -- Installing: /home/lyd/ROS2/chapter4_Service/Service_ws/install/chapt4_interfaces/include/chapt4_interfaces/chapt4_interfaces/srv/detail/face_detector__traits.hpp
[5.311s] -- Installing: /home/lyd/ROS2/chapter4_Service/Service_ws/install/chapt4_interfaces/include/chapt4_interfaces/chapt4_interfaces/srv/detail/patrol__traits.hpp
[5.311s] -- Installing: /home/lyd/ROS2/chapter4_Service/Service_ws/install/chapt4_interfaces/include/chapt4_interfaces/chapt4_interfaces/srv/detail/face_detector__struct.hpp
[5.311s] -- Installing: /home/lyd/ROS2/chapter4_Service/Service_ws/install/chapt4_interfaces/include/chapt4_interfaces/chapt4_interfaces/srv/detail/face_detector__builder.hpp
[5.311s] -- Installing: /home/lyd/ROS2/chapter4_Service/Service_ws/install/chapt4_interfaces/include/chapt4_interfaces/chapt4_interfaces/srv/detail/patrol__type_support.hpp
[5.311s] -- Installing: /home/lyd/ROS2/chapter4_Service/Service_ws/install/chapt4_interfaces/include/chapt4_interfaces/chapt4_interfaces/srv/detail/face_detector__type_support.hpp
[5.312s] -- Installing: /home/lyd/ROS2/chapter4_Service/Service_ws/install/chapt4_interfaces/include/chapt4_interfaces/chapt4_interfaces/srv/detail/patrol__builder.hpp
[5.312s] -- Installing: /home/lyd/ROS2/chapter4_Service/Service_ws/install/chapt4_interfaces/include/chapt4_interfaces/chapt4_interfaces/srv/face_detector.hpp
[5.312s] -- Installing: /home/lyd/ROS2/chapter4_Service/Service_ws/install/chapt4_interfaces/include/chapt4_interfaces/chapt4_interfaces/srv/patrol.hpp
[5.312s] -- Up-to-date: /home/lyd/ROS2/chapter4_Service/Service_ws/install/chapt4_interfaces/include/chapt4_interfaces/chapt4_interfaces/msg
[5.312s] -- Installing: /home/lyd/ROS2/chapter4_Service/Service_ws/install/chapt4_interfaces/include/chapt4_interfaces/chapt4_interfaces/msg/rosidl_generator_cpp__visibility_control.hpp
[5.312s] -- Up-to-date: /home/lyd/ROS2/chapter4_Service/Service_ws/install/chapt4_interfaces/include/chapt4_interfaces/chapt4_interfaces
[5.312s] -- Up-to-date: /home/lyd/ROS2/chapter4_Service/Service_ws/install/chapt4_interfaces/include/chapt4_interfaces/chapt4_interfaces/srv
[5.312s] -- Up-to-date: /home/lyd/ROS2/chapter4_Service/Service_ws/install/chapt4_interfaces/include/chapt4_interfaces/chapt4_interfaces/srv/detail
[5.312s] -- Installing: /home/lyd/ROS2/chapter4_Service/Service_ws/install/chapt4_interfaces/include/chapt4_interfaces/chapt4_interfaces/srv/detail/dds_fastrtps
[5.312s] -- Installing: /home/lyd/ROS2/chapter4_Service/Service_ws/install/chapt4_interfaces/include/chapt4_interfaces/chapt4_interfaces/srv/detail/patrol__rosidl_typesupport_fastrtps_cpp.hpp
[5.312s] -- Installing: /home/lyd/ROS2/chapter4_Service/Service_ws/install/chapt4_interfaces/include/chapt4_interfaces/chapt4_interfaces/srv/detail/face_detector__rosidl_typesupport_fastrtps_cpp.hpp
[5.312s] -- Up-to-date: /home/lyd/ROS2/chapter4_Service/Service_ws/install/chapt4_interfaces/include/chapt4_interfaces/chapt4_interfaces/msg
[5.312s] -- Installing: /home/lyd/ROS2/chapter4_Service/Service_ws/install/chapt4_interfaces/include/chapt4_interfaces/chapt4_interfaces/msg/rosidl_typesupport_fastrtps_cpp__visibility_control.h
[5.312s] -- Installing: /home/lyd/ROS2/chapter4_Service/Service_ws/install/chapt4_interfaces/lib/libchapt4_interfaces__rosidl_typesupport_fastrtps_cpp.so
[5.312s] -- Set runtime path of "/home/lyd/ROS2/chapter4_Service/Service_ws/install/chapt4_interfaces/lib/libchapt4_interfaces__rosidl_typesupport_fastrtps_cpp.so" to ""
[5.313s] -- Up-to-date: /home/lyd/ROS2/chapter4_Service/Service_ws/install/chapt4_interfaces/include/chapt4_interfaces/chapt4_interfaces
[5.313s] -- Up-to-date: /home/lyd/ROS2/chapter4_Service/Service_ws/install/chapt4_interfaces/include/chapt4_interfaces/chapt4_interfaces/srv
[5.313s] -- Up-to-date: /home/lyd/ROS2/chapter4_Service/Service_ws/install/chapt4_interfaces/include/chapt4_interfaces/chapt4_interfaces/srv/detail
[5.313s] -- Installing: /home/lyd/ROS2/chapter4_Service/Service_ws/install/chapt4_interfaces/include/chapt4_interfaces/chapt4_interfaces/srv/detail/patrol__rosidl_typesupport_introspection_cpp.hpp
[5.313s] -- Installing: /home/lyd/ROS2/chapter4_Service/Service_ws/install/chapt4_interfaces/include/chapt4_interfaces/chapt4_interfaces/srv/detail/face_detector__type_support.cpp
[5.313s] -- Installing: /home/lyd/ROS2/chapter4_Service/Service_ws/install/chapt4_interfaces/include/chapt4_interfaces/chapt4_interfaces/srv/detail/patrol__type_support.cpp
[5.313s] -- Installing: /home/lyd/ROS2/chapter4_Service/Service_ws/install/chapt4_interfaces/include/chapt4_interfaces/chapt4_interfaces/srv/detail/face_detector__rosidl_typesupport_introspection_cpp.hpp
[5.313s] -- Installing: /home/lyd/ROS2/chapter4_Service/Service_ws/install/chapt4_interfaces/lib/libchapt4_interfaces__rosidl_typesupport_introspection_cpp.so
[5.313s] -- Set runtime path of "/home/lyd/ROS2/chapter4_Service/Service_ws/install/chapt4_interfaces/lib/libchapt4_interfaces__rosidl_typesupport_introspection_cpp.so" to ""
[5.313s] -- Installing: /home/lyd/ROS2/chapter4_Service/Service_ws/install/chapt4_interfaces/lib/libchapt4_interfaces__rosidl_typesupport_cpp.so
[5.313s] -- Set runtime path of "/home/lyd/ROS2/chapter4_Service/Service_ws/install/chapt4_interfaces/lib/libchapt4_interfaces__rosidl_typesupport_cpp.so" to ""
[5.313s] -- Installing: /home/lyd/ROS2/chapter4_Service/Service_ws/install/chapt4_interfaces/share/chapt4_interfaces/environment/pythonpath.sh
[5.313s] -- Installing: /home/lyd/ROS2/chapter4_Service/Service_ws/install/chapt4_interfaces/share/chapt4_interfaces/environment/pythonpath.dsv
[5.313s] -- Installing: /home/lyd/ROS2/chapter4_Service/Service_ws/install/chapt4_interfaces/local/lib/python3.10/dist-packages/chapt4_interfaces-0.0.0-py3.10.egg-info
[5.315s] -- Installing: /home/lyd/ROS2/chapter4_Service/Service_ws/install/chapt4_interfaces/local/lib/python3.10/dist-packages/chapt4_interfaces-0.0.0-py3.10.egg-info/PKG-INFO
[5.315s] -- Installing: /home/lyd/ROS2/chapter4_Service/Service_ws/install/chapt4_interfaces/local/lib/python3.10/dist-packages/chapt4_interfaces-0.0.0-py3.10.egg-info/dependency_links.txt
[5.315s] -- Installing: /home/lyd/ROS2/chapter4_Service/Service_ws/install/chapt4_interfaces/local/lib/python3.10/dist-packages/chapt4_interfaces-0.0.0-py3.10.egg-info/top_level.txt
[5.315s] -- Installing: /home/lyd/ROS2/chapter4_Service/Service_ws/install/chapt4_interfaces/local/lib/python3.10/dist-packages/chapt4_interfaces-0.0.0-py3.10.egg-info/SOURCES.txt
[5.315s] -- Installing: /home/lyd/ROS2/chapter4_Service/Service_ws/install/chapt4_interfaces/local/lib/python3.10/dist-packages/chapt4_interfaces
[5.315s] -- Installing: /home/lyd/ROS2/chapter4_Service/Service_ws/install/chapt4_interfaces/local/lib/python3.10/dist-packages/chapt4_interfaces/chapt4_interfaces_s__rosidl_typesupport_c.cpython-310-x86_64-linux-gnu.so
[5.315s] -- Installing: /home/lyd/ROS2/chapter4_Service/Service_ws/install/chapt4_interfaces/local/lib/python3.10/dist-packages/chapt4_interfaces/srv
[5.315s] -- Installing: /home/lyd/ROS2/chapter4_Service/Service_ws/install/chapt4_interfaces/local/lib/python3.10/dist-packages/chapt4_interfaces/srv/_patrol.py
[5.315s] -- Installing: /home/lyd/ROS2/chapter4_Service/Service_ws/install/chapt4_interfaces/local/lib/python3.10/dist-packages/chapt4_interfaces/srv/_face_detector.py
[5.316s] -- Installing: /home/lyd/ROS2/chapter4_Service/Service_ws/install/chapt4_interfaces/local/lib/python3.10/dist-packages/chapt4_interfaces/srv/__init__.py
[5.316s] -- Installing: /home/lyd/ROS2/chapter4_Service/Service_ws/install/chapt4_interfaces/local/lib/python3.10/dist-packages/chapt4_interfaces/srv/_patrol_s.c
[5.316s] -- Installing: /home/lyd/ROS2/chapter4_Service/Service_ws/install/chapt4_interfaces/local/lib/python3.10/dist-packages/chapt4_interfaces/srv/_face_detector_s.c
[5.316s] -- Installing: /home/lyd/ROS2/chapter4_Service/Service_ws/install/chapt4_interfaces/local/lib/python3.10/dist-packages/chapt4_interfaces/_chapt4_interfaces_s.ep.rosidl_typesupport_fastrtps_c.c
[5.316s] -- Installing: /home/lyd/ROS2/chapter4_Service/Service_ws/install/chapt4_interfaces/local/lib/python3.10/dist-packages/chapt4_interfaces/chapt4_interfaces_s__rosidl_typesupport_introspection_c.cpython-310-x86_64-linux-gnu.so
[5.316s] -- Installing: /home/lyd/ROS2/chapter4_Service/Service_ws/install/chapt4_interfaces/local/lib/python3.10/dist-packages/chapt4_interfaces/_chapt4_interfaces_s.ep.rosidl_typesupport_introspection_c.c
[5.316s] -- Installing: /home/lyd/ROS2/chapter4_Service/Service_ws/install/chapt4_interfaces/local/lib/python3.10/dist-packages/chapt4_interfaces/__init__.py
[5.316s] -- Installing: /home/lyd/ROS2/chapter4_Service/Service_ws/install/chapt4_interfaces/local/lib/python3.10/dist-packages/chapt4_interfaces/libchapt4_interfaces__rosidl_generator_py.so
[5.316s] -- Installing: /home/lyd/ROS2/chapter4_Service/Service_ws/install/chapt4_interfaces/local/lib/python3.10/dist-packages/chapt4_interfaces/chapt4_interfaces_s__rosidl_typesupport_fastrtps_c.cpython-310-x86_64-linux-gnu.so
[5.316s] -- Installing: /home/lyd/ROS2/chapter4_Service/Service_ws/install/chapt4_interfaces/local/lib/python3.10/dist-packages/chapt4_interfaces/_chapt4_interfaces_s.ep.rosidl_typesupport_c.c
[5.346s] Listing '/home/lyd/ROS2/chapter4_Service/Service_ws/install/chapt4_interfaces/local/lib/python3.10/dist-packages/chapt4_interfaces'...
[5.346s] Compiling '/home/lyd/ROS2/chapter4_Service/Service_ws/install/chapt4_interfaces/local/lib/python3.10/dist-packages/chapt4_interfaces/__init__.py'...
[5.346s] Listing '/home/lyd/ROS2/chapter4_Service/Service_ws/install/chapt4_interfaces/local/lib/python3.10/dist-packages/chapt4_interfaces/srv'...
[5.346s] Compiling '/home/lyd/ROS2/chapter4_Service/Service_ws/install/chapt4_interfaces/local/lib/python3.10/dist-packages/chapt4_interfaces/srv/__init__.py'...
[5.346s] Compiling '/home/lyd/ROS2/chapter4_Service/Service_ws/install/chapt4_interfaces/local/lib/python3.10/dist-packages/chapt4_interfaces/srv/_face_detector.py'...
[5.347s] Compiling '/home/lyd/ROS2/chapter4_Service/Service_ws/install/chapt4_interfaces/local/lib/python3.10/dist-packages/chapt4_interfaces/srv/_patrol.py'...
[5.358s] -- Installing: /home/lyd/ROS2/chapter4_Service/Service_ws/install/chapt4_interfaces/local/lib/python3.10/dist-packages/chapt4_interfaces/chapt4_interfaces_s__rosidl_typesupport_fastrtps_c.cpython-310-x86_64-linux-gnu.so
[5.358s] -- Set runtime path of "/home/lyd/ROS2/chapter4_Service/Service_ws/install/chapt4_interfaces/local/lib/python3.10/dist-packages/chapt4_interfaces/chapt4_interfaces_s__rosidl_typesupport_fastrtps_c.cpython-310-x86_64-linux-gnu.so" to ""
[5.358s] -- Installing: /home/lyd/ROS2/chapter4_Service/Service_ws/install/chapt4_interfaces/local/lib/python3.10/dist-packages/chapt4_interfaces/chapt4_interfaces_s__rosidl_typesupport_introspection_c.cpython-310-x86_64-linux-gnu.so
[5.358s] -- Set runtime path of "/home/lyd/ROS2/chapter4_Service/Service_ws/install/chapt4_interfaces/local/lib/python3.10/dist-packages/chapt4_interfaces/chapt4_interfaces_s__rosidl_typesupport_introspection_c.cpython-310-x86_64-linux-gnu.so" to ""
[5.358s] -- Installing: /home/lyd/ROS2/chapter4_Service/Service_ws/install/chapt4_interfaces/local/lib/python3.10/dist-packages/chapt4_interfaces/chapt4_interfaces_s__rosidl_typesupport_c.cpython-310-x86_64-linux-gnu.so
[5.358s] -- Set runtime path of "/home/lyd/ROS2/chapter4_Service/Service_ws/install/chapt4_interfaces/local/lib/python3.10/dist-packages/chapt4_interfaces/chapt4_interfaces_s__rosidl_typesupport_c.cpython-310-x86_64-linux-gnu.so" to ""
[5.358s] -- Installing: /home/lyd/ROS2/chapter4_Service/Service_ws/install/chapt4_interfaces/lib/libchapt4_interfaces__rosidl_generator_py.so
[5.358s] -- Set runtime path of "/home/lyd/ROS2/chapter4_Service/Service_ws/install/chapt4_interfaces/lib/libchapt4_interfaces__rosidl_generator_py.so" to ""
[5.358s] -- Installing: /home/lyd/ROS2/chapter4_Service/Service_ws/install/chapt4_interfaces/share/chapt4_interfaces/srv/FaceDetector.idl
[5.358s] -- Installing: /home/lyd/ROS2/chapter4_Service/Service_ws/install/chapt4_interfaces/share/chapt4_interfaces/srv/Patrol.idl
[5.358s] -- Installing: /home/lyd/ROS2/chapter4_Service/Service_ws/install/chapt4_interfaces/share/chapt4_interfaces/srv/FaceDetector.srv
[5.358s] -- Installing: /home/lyd/ROS2/chapter4_Service/Service_ws/install/chapt4_interfaces/share/chapt4_interfaces/srv/FaceDetector_Request.msg
[5.358s] -- Installing: /home/lyd/ROS2/chapter4_Service/Service_ws/install/chapt4_interfaces/share/chapt4_interfaces/srv/FaceDetector_Response.msg
[5.358s] -- Installing: /home/lyd/ROS2/chapter4_Service/Service_ws/install/chapt4_interfaces/share/chapt4_interfaces/srv/Patrol.srv
[5.359s] -- Installing: /home/lyd/ROS2/chapter4_Service/Service_ws/install/chapt4_interfaces/share/chapt4_interfaces/srv/Patrol_Request.msg
[5.359s] -- Installing: /home/lyd/ROS2/chapter4_Service/Service_ws/install/chapt4_interfaces/share/chapt4_interfaces/srv/Patrol_Response.msg
[5.360s] -- Installing: /home/lyd/ROS2/chapter4_Service/Service_ws/install/chapt4_interfaces/share/ament_index/resource_index/package_run_dependencies/chapt4_interfaces
[5.361s] -- Installing: /home/lyd/ROS2/chapter4_Service/Service_ws/install/chapt4_interfaces/share/ament_index/resource_index/parent_prefix_path/chapt4_interfaces
[5.361s] -- Installing: /home/lyd/ROS2/chapter4_Service/Service_ws/install/chapt4_interfaces/share/chapt4_interfaces/environment/ament_prefix_path.sh
[5.361s] -- Installing: /home/lyd/ROS2/chapter4_Service/Service_ws/install/chapt4_interfaces/share/chapt4_interfaces/environment/ament_prefix_path.dsv
[5.361s] -- Installing: /home/lyd/ROS2/chapter4_Service/Service_ws/install/chapt4_interfaces/share/chapt4_interfaces/environment/path.sh
[5.361s] -- Installing: /home/lyd/ROS2/chapter4_Service/Service_ws/install/chapt4_interfaces/share/chapt4_interfaces/environment/path.dsv
[5.361s] -- Installing: /home/lyd/ROS2/chapter4_Service/Service_ws/install/chapt4_interfaces/share/chapt4_interfaces/local_setup.bash
[5.361s] -- Installing: /home/lyd/ROS2/chapter4_Service/Service_ws/install/chapt4_interfaces/share/chapt4_interfaces/local_setup.sh
[5.362s] -- Installing: /home/lyd/ROS2/chapter4_Service/Service_ws/install/chapt4_interfaces/share/chapt4_interfaces/local_setup.zsh
[5.362s] -- Installing: /home/lyd/ROS2/chapter4_Service/Service_ws/install/chapt4_interfaces/share/chapt4_interfaces/local_setup.dsv
[5.362s] -- Installing: /home/lyd/ROS2/chapter4_Service/Service_ws/install/chapt4_interfaces/share/chapt4_interfaces/package.dsv
[5.362s] -- Installing: /home/lyd/ROS2/chapter4_Service/Service_ws/install/chapt4_interfaces/share/ament_index/resource_index/packages/chapt4_interfaces
[5.362s] -- Installing: /home/lyd/ROS2/chapter4_Service/Service_ws/install/chapt4_interfaces/share/chapt4_interfaces/cmake/export_chapt4_interfaces__rosidl_generator_cExport.cmake
[5.362s] -- Installing: /home/lyd/ROS2/chapter4_Service/Service_ws/install/chapt4_interfaces/share/chapt4_interfaces/cmake/export_chapt4_interfaces__rosidl_generator_cExport-noconfig.cmake
[5.363s] -- Installing: /home/lyd/ROS2/chapter4_Service/Service_ws/install/chapt4_interfaces/share/chapt4_interfaces/cmake/export_chapt4_interfaces__rosidl_typesupport_fastrtps_cExport.cmake
[5.363s] -- Installing: /home/lyd/ROS2/chapter4_Service/Service_ws/install/chapt4_interfaces/share/chapt4_interfaces/cmake/export_chapt4_interfaces__rosidl_typesupport_fastrtps_cExport-noconfig.cmake
[5.365s] -- Installing: /home/lyd/ROS2/chapter4_Service/Service_ws/install/chapt4_interfaces/share/chapt4_interfaces/cmake/chapt4_interfaces__rosidl_typesupport_introspection_cExport.cmake
[5.365s] -- Installing: /home/lyd/ROS2/chapter4_Service/Service_ws/install/chapt4_interfaces/share/chapt4_interfaces/cmake/chapt4_interfaces__rosidl_typesupport_introspection_cExport-noconfig.cmake
[5.366s] -- Installing: /home/lyd/ROS2/chapter4_Service/Service_ws/install/chapt4_interfaces/share/chapt4_interfaces/cmake/chapt4_interfaces__rosidl_typesupport_cExport.cmake
[5.366s] -- Installing: /home/lyd/ROS2/chapter4_Service/Service_ws/install/chapt4_interfaces/share/chapt4_interfaces/cmake/chapt4_interfaces__rosidl_typesupport_cExport-noconfig.cmake
[5.366s] -- Installing: /home/lyd/ROS2/chapter4_Service/Service_ws/install/chapt4_interfaces/share/chapt4_interfaces/cmake/export_chapt4_interfaces__rosidl_generator_cppExport.cmake
[5.366s] -- Installing: /home/lyd/ROS2/chapter4_Service/Service_ws/install/chapt4_interfaces/share/chapt4_interfaces/cmake/export_chapt4_interfaces__rosidl_typesupport_fastrtps_cppExport.cmake
[5.366s] -- Installing: /home/lyd/ROS2/chapter4_Service/Service_ws/install/chapt4_interfaces/share/chapt4_interfaces/cmake/export_chapt4_interfaces__rosidl_typesupport_fastrtps_cppExport-noconfig.cmake
[5.366s] -- Installing: /home/lyd/ROS2/chapter4_Service/Service_ws/install/chapt4_interfaces/share/chapt4_interfaces/cmake/chapt4_interfaces__rosidl_typesupport_introspection_cppExport.cmake
[5.366s] -- Installing: /home/lyd/ROS2/chapter4_Service/Service_ws/install/chapt4_interfaces/share/chapt4_interfaces/cmake/chapt4_interfaces__rosidl_typesupport_introspection_cppExport-noconfig.cmake
[5.367s] -- Installing: /home/lyd/ROS2/chapter4_Service/Service_ws/install/chapt4_interfaces/share/chapt4_interfaces/cmake/chapt4_interfaces__rosidl_typesupport_cppExport.cmake
[5.371s] -- Installing: /home/lyd/ROS2/chapter4_Service/Service_ws/install/chapt4_interfaces/share/chapt4_interfaces/cmake/chapt4_interfaces__rosidl_typesupport_cppExport-noconfig.cmake
[5.371s] -- Installing: /home/lyd/ROS2/chapter4_Service/Service_ws/install/chapt4_interfaces/share/chapt4_interfaces/cmake/export_chapt4_interfaces__rosidl_generator_pyExport.cmake
[5.372s] -- Installing: /home/lyd/ROS2/chapter4_Service/Service_ws/install/chapt4_interfaces/share/chapt4_interfaces/cmake/export_chapt4_interfaces__rosidl_generator_pyExport-noconfig.cmake
[5.372s] -- Installing: /home/lyd/ROS2/chapter4_Service/Service_ws/install/chapt4_interfaces/share/chapt4_interfaces/cmake/rosidl_cmake-extras.cmake
[5.372s] -- Installing: /home/lyd/ROS2/chapter4_Service/Service_ws/install/chapt4_interfaces/share/chapt4_interfaces/cmake/ament_cmake_export_dependencies-extras.cmake
[5.372s] -- Installing: /home/lyd/ROS2/chapter4_Service/Service_ws/install/chapt4_interfaces/share/chapt4_interfaces/cmake/ament_cmake_export_include_directories-extras.cmake
[5.372s] -- Installing: /home/lyd/ROS2/chapter4_Service/Service_ws/install/chapt4_interfaces/share/chapt4_interfaces/cmake/ament_cmake_export_libraries-extras.cmake
[5.372s] -- Installing: /home/lyd/ROS2/chapter4_Service/Service_ws/install/chapt4_interfaces/share/chapt4_interfaces/cmake/ament_cmake_export_targets-extras.cmake
[5.372s] -- Installing: /home/lyd/ROS2/chapter4_Service/Service_ws/install/chapt4_interfaces/share/chapt4_interfaces/cmake/rosidl_cmake_export_typesupport_targets-extras.cmake
[5.372s] -- Installing: /home/lyd/ROS2/chapter4_Service/Service_ws/install/chapt4_interfaces/share/chapt4_interfaces/cmake/rosidl_cmake_export_typesupport_libraries-extras.cmake
[5.372s] -- Installing: /home/lyd/ROS2/chapter4_Service/Service_ws/install/chapt4_interfaces/share/chapt4_interfaces/cmake/chapt4_interfacesConfig.cmake
[5.372s] -- Installing: /home/lyd/ROS2/chapter4_Service/Service_ws/install/chapt4_interfaces/share/chapt4_interfaces/cmake/chapt4_interfacesConfig-version.cmake
[5.372s] -- Installing: /home/lyd/ROS2/chapter4_Service/Service_ws/install/chapt4_interfaces/share/chapt4_interfaces/package.xml
[5.374s] Invoked command in '/home/lyd/ROS2/chapter4_Service/Service_ws/build/chapt4_interfaces' returned '0': CMAKE_PREFIX_PATH=/opt/ros/humble /usr/bin/cmake --install /home/lyd/ROS2/chapter4_Service/Service_ws/build/chapt4_interfaces
