[0.018s] Invoking command in '/home/lyd/ROS2/chapter2_Node/chapter2_workspace/build/demo_cpp_pkg': CMAKE_PREFIX_PATH=/opt/ros/humble /usr/bin/cmake --build /home/lyd/ROS2/chapter2_Node/chapter2_workspace/build/demo_cpp_pkg -- -j4 -l4
[0.096s] -- Found ament_cmake: 1.3.11 (/opt/ros/humble/share/ament_cmake/cmake)
[0.270s] -- Found rclcpp: 16.0.12 (/opt/ros/humble/share/rclcpp/cmake)
[0.336s] -- Found rosidl_generator_c: 3.1.6 (/opt/ros/humble/share/rosidl_generator_c/cmake)
[0.341s] -- Found rosidl_adapter: 3.1.6 (/opt/ros/humble/share/rosidl_adapter/cmake)
[0.353s] -- Found rosidl_generator_cpp: 3.1.6 (/opt/ros/humble/share/rosidl_generator_cpp/cmake)
[0.369s] -- Using all available rosidl_typesupport_c: rosidl_typesupport_fastrtps_c;rosidl_typesupport_introspection_c
[0.389s] -- Using all available rosidl_typesupport_cpp: rosidl_typesupport_fastrtps_cpp;rosidl_typesupport_introspection_cpp
[0.453s] -- Found rmw_implementation_cmake: 6.1.2 (/opt/ros/humble/share/rmw_implementation_cmake/cmake)
[0.457s] -- Found rmw_fastrtps_cpp: 6.2.7 (/opt/ros/humble/share/rmw_fastrtps_cpp/cmake)
[0.575s] -- Using RMW implementation 'rmw_fastrtps_cpp' as default
[0.659s] -- Found ament_lint_auto: 0.12.12 (/opt/ros/humble/share/ament_lint_auto/cmake)
[0.751s] -- Added test 'cppcheck' to perform static code analysis on C / C++ code
[0.751s] -- Configured cppcheck include dirs: 
[0.751s] -- Configured cppcheck exclude dirs and/or files: 
[0.755s] -- Added test 'lint_cmake' to check CMake code style
[0.760s] -- Added test 'uncrustify' to check C / C++ code style
[0.760s] -- Configured uncrustify additional arguments: 
[0.761s] -- Added test 'xmllint' to check XML markup files
[0.765s] -- Configuring done
[0.781s] -- Generating done
[0.783s] -- Build files have been written to: /home/lyd/ROS2/chapter2_Node/chapter2_workspace/build/demo_cpp_pkg
[0.820s] [35m[1mConsolidate compiler generated dependencies of target cpp_node[0m
[0.824s] [ 25%] [32mBuilding CXX object CMakeFiles/person_node.dir/src/class_node.cpp.o[0m
[0.842s] [ 75%] Built target cpp_node
[2.781s] [01m[K/home/lyd/ROS2/chapter2_Node/chapter2_workspace/src/demo_cpp_pkg/src/class_node.cpp:[m[K In function ‘[01m[Kint main(int, char**)[m[K’:
[2.781s] [01m[K/home/lyd/ROS2/chapter2_Node/chapter2_workspace/src/demo_cpp_pkg/src/class_node.cpp:29:15:[m[K [01;31m[Kerror: [m[Kcannot bind non-const lvalue reference of type ‘[01m[Kstd::string&[m[K’ {aka ‘[01m[Kstd::__cxx11::basic_string<char>&[m[K’} to an rvalue of type ‘[01m[Kstd::string[m[K’ {aka ‘[01m[Kstd::__cxx11::basic_string<char>[m[K’}
[2.781s]    29 |     node->eat([01;31m[K"apple"[m[K);
[2.781s]       |               [01;31m[K^~~~~~~[m[K
[2.786s] In file included from [01m[K/usr/include/c++/11/string:55[m[K,
[2.786s]                  from [01m[K/usr/include/c++/11/stdexcept:39[m[K,
[2.786s]                  from [01m[K/usr/include/c++/11/system_error:41[m[K,
[2.786s]                  from [01m[K/usr/include/c++/11/mutex:42[m[K,
[2.786s]                  from [01m[K/usr/include/c++/11/future:38[m[K,
[2.786s]                  from [01m[K/opt/ros/humble/include/rclcpp/rclcpp/executors.hpp:18[m[K,
[2.786s]                  from [01m[K/opt/ros/humble/include/rclcpp/rclcpp/rclcpp.hpp:155[m[K,
[2.787s]                  from [01m[K/home/lyd/ROS2/chapter2_Node/chapter2_workspace/src/demo_cpp_pkg/src/class_node.cpp:1[m[K:
[2.787s] [01m[K/usr/include/c++/11/bits/basic_string.h:533:7:[m[K [01;36m[Knote: [m[K  after user-defined conversion: ‘[01m[Kstd::__cxx11::basic_string<_CharT, _Traits, _Alloc>::basic_string(const _CharT*, const _Alloc&) [with <template-parameter-2-1> = std::allocator<char>; _CharT = char; _Traits = std::char_traits<char>; _Alloc = std::allocator<char>][m[K’
[2.787s]   533 |       [01;36m[Kbasic_string[m[K(const _CharT* __s, const _Alloc& __a = _Alloc())
[2.787s]       |       [01;36m[K^~~~~~~~~~~~[m[K
[2.787s] [01m[K/home/lyd/ROS2/chapter2_Node/chapter2_workspace/src/demo_cpp_pkg/src/class_node.cpp:16:27:[m[K [01;36m[Knote: [m[K  initializing argument 1 of ‘[01m[Kvoid PersonNode::eat(std::string&)[m[K’
[2.787s]    16 |     void eat([01;36m[Kstd::string &food_name[m[K)
[2.787s]       |              [01;36m[K~~~~~~~~~~~~~^~~~~~~~~[m[K
[3.110s] In file included from [01m[K/usr/include/x86_64-linux-gnu/c++/11/bits/c++allocator.h:33[m[K,
[3.110s]                  from [01m[K/usr/include/c++/11/bits/allocator.h:46[m[K,
[3.110s]                  from [01m[K/usr/include/c++/11/memory:64[m[K,
[3.110s]                  from [01m[K/opt/ros/humble/include/rclcpp/rclcpp/rclcpp.hpp:153[m[K,
[3.110s]                  from [01m[K/home/lyd/ROS2/chapter2_Node/chapter2_workspace/src/demo_cpp_pkg/src/class_node.cpp:1[m[K:
[3.110s] /usr/include/c++/11/ext/new_allocator.h: In instantiation of ‘[01m[Kvoid __gnu_cxx::new_allocator<_Tp>::construct(_Up*, _Args&& ...) [with _Up = PersonNode; _Args = {const char (&)[12]}; _Tp = PersonNode][m[K’:
[3.110s] [01m[K/usr/include/c++/11/bits/alloc_traits.h:516:17:[m[K   required from ‘[01m[Kstatic void std::allocator_traits<std::allocator<_Tp1> >::construct(std::allocator_traits<std::allocator<_Tp1> >::allocator_type&, _Up*, _Args&& ...) [with _Up = PersonNode; _Args = {const char (&)[12]}; _Tp = PersonNode; std::allocator_traits<std::allocator<_Tp1> >::allocator_type = std::allocator<PersonNode>][m[K’
[3.110s] [01m[K/usr/include/c++/11/bits/shared_ptr_base.h:519:39:[m[K   required from ‘[01m[Kstd::_Sp_counted_ptr_inplace<_Tp, _Alloc, _Lp>::_Sp_counted_ptr_inplace(_Alloc, _Args&& ...) [with _Args = {const char (&)[12]}; _Tp = PersonNode; _Alloc = std::allocator<PersonNode>; __gnu_cxx::_Lock_policy _Lp = __gnu_cxx::_S_atomic][m[K’
[3.110s] [01m[K/usr/include/c++/11/bits/shared_ptr_base.h:650:16:[m[K   required from ‘[01m[Kstd::__shared_count<_Lp>::__shared_count(_Tp*&, std::_Sp_alloc_shared_tag<_Alloc>, _Args&& ...) [with _Tp = PersonNode; _Alloc = std::allocator<PersonNode>; _Args = {const char (&)[12]}; __gnu_cxx::_Lock_policy _Lp = __gnu_cxx::_S_atomic][m[K’
[3.110s] [01m[K/usr/include/c++/11/bits/shared_ptr_base.h:1342:14:[m[K   required from ‘[01m[Kstd::__shared_ptr<_Tp, _Lp>::__shared_ptr(std::_Sp_alloc_shared_tag<_Tp>, _Args&& ...) [with _Alloc = std::allocator<PersonNode>; _Args = {const char (&)[12]}; _Tp = PersonNode; __gnu_cxx::_Lock_policy _Lp = __gnu_cxx::_S_atomic][m[K’
[3.110s] [01m[K/usr/include/c++/11/bits/shared_ptr.h:409:59:[m[K   required from ‘[01m[Kstd::shared_ptr<_Tp>::shared_ptr(std::_Sp_alloc_shared_tag<_Tp>, _Args&& ...) [with _Alloc = std::allocator<PersonNode>; _Args = {const char (&)[12]}; _Tp = PersonNode][m[K’
[3.110s] [01m[K/usr/include/c++/11/bits/shared_ptr.h:862:14:[m[K   required from ‘[01m[Kstd::shared_ptr<_Tp> std::allocate_shared(const _Alloc&, _Args&& ...) [with _Tp = PersonNode; _Alloc = std::allocator<PersonNode>; _Args = {const char (&)[12]}][m[K’
[3.110s] [01m[K/usr/include/c++/11/bits/shared_ptr.h:878:39:[m[K   required from ‘[01m[Kstd::shared_ptr<_Tp> std::make_shared(_Args&& ...) [with _Tp = PersonNode; _Args = {const char (&)[12]}][m[K’
[3.110s] [01m[K/home/lyd/ROS2/chapter2_Node/chapter2_workspace/src/demo_cpp_pkg/src/class_node.cpp:27:45:[m[K   required from here
[3.110s] [01m[K/usr/include/c++/11/ext/new_allocator.h:162:11:[m[K [01;31m[Kerror: [m[Kno matching function for call to ‘[01m[KPersonNode::PersonNode(const char [12])[m[K’
[3.110s]   162 |         { [01;31m[K::new((void *)__p) _Up(std::forward<_Args>(__args)...)[m[K; }
[3.110s]       |           [01;31m[K^~~~~~~~~~~~~~~~~~~~~~~~~~~~~~~~~~~~~~~~~~~~~~~~~~~~~~[m[K
[3.111s] [01m[K/home/lyd/ROS2/chapter2_Node/chapter2_workspace/src/demo_cpp_pkg/src/class_node.cpp:10:5:[m[K [01;36m[Knote: [m[Kcandidate: ‘[01m[KPersonNode::PersonNode(const string&, const string&, const int&)[m[K’
[3.111s]    10 |     [01;36m[KPersonNode[m[K(const std::string &node_name, const std::string &name, const int &age) : Node(node_name) // 调用父类的构造函数
[3.111s]       |     [01;36m[K^~~~~~~~~~[m[K
[3.113s] [01m[K/home/lyd/ROS2/chapter2_Node/chapter2_workspace/src/demo_cpp_pkg/src/class_node.cpp:10:5:[m[K [01;36m[Knote: [m[K  candidate expects 3 arguments, 1 provided
[3.169s] gmake[2]: *** [CMakeFiles/person_node.dir/build.make:76：CMakeFiles/person_node.dir/src/class_node.cpp.o] 错误 1
[3.171s] gmake[1]: *** [CMakeFiles/Makefile2:165：CMakeFiles/person_node.dir/all] 错误 2
[3.171s] gmake: *** [Makefile:146：all] 错误 2
[3.173s] Invoked command in '/home/lyd/ROS2/chapter2_Node/chapter2_workspace/build/demo_cpp_pkg' returned '2': CMAKE_PREFIX_PATH=/opt/ros/humble /usr/bin/cmake --build /home/lyd/ROS2/chapter2_Node/chapter2_workspace/build/demo_cpp_pkg -- -j4 -l4
